#
# A fatal error has been detected by the Java Runtime Environment:
#
#  SIGSEGV (0xb) at pc=0x00007f56737f7c34, pid=11535, tid=0x00007f5656294700
#
# JRE version: Java(TM) SE Runtime Environment (8.0_201-b09) (build 1.8.0_201-b09)
# Java VM: Java HotSpot(TM) 64-Bit Server VM (25.201-b09 mixed mode linux-amd64 compressed oops)
# Problematic frame:
# V  [libjvm.so+0x8adc34]  MethodData::clean_method_data(BoolObjectClosure*)+0x14
#
# Failed to write core dump. Core dumps have been disabled. To enable core dumping, try "ulimit -c unlimited" before starting Java again
#
# If you would like to submit a bug report, please visit:
#   http://bugreport.java.com/bugreport/crash.jsp
#

---------------  T H R E A D  ---------------

Current thread (0x00007f566c1ce800):  VMThread [stack: 0x00007f5656195000,0x00007f5656295000] [id=11555]

siginfo: si_signo: 11 (SIGSEGV), si_code: 1 (SEGV_MAPERR), si_addr: 0x0000000000000100

Registers:
RAX=0x00007f564c3b9258, RBX=0x0000000000000011, RCX=0x0000000000000010, RDX=0x00007f564c3b9eb0
RSP=0x00007f5656293540, RBP=0x00007f5656293590, RSI=0x00007f5673f15d20, RDI=0x0000000000000008
R8 =0x0000000000000000, R9 =0x0000000000000000, R10=0x00007f56240008d0, R11=0x0000000000000000
R12=0x00000007c035dba8, R13=0x0000000000000008, R14=0x00007f5673f15d20, R15=0x00000007c035dba8
RIP=0x00007f56737f7c34, EFLAGS=0x0000000000010202, CSGSFS=0x002b000000000033, ERR=0x0000000000000004
  TRAPNO=0x000000000000000e

Top of Stack: (sp=0x00007f5656293540)
0x00007f5656293540:   0000000000000005 00007f5673f15d20
0x00007f5656293550:   00007f5673e3f960 00007f5673f15d20
0x00007f5656293560:   00007f5656293500 0000000000000011
0x00007f5656293570:   00000007c035dba8 00007f5673f15d20
0x00007f5656293580:   00007f5673f15d20 00000007c035dba8
0x00007f5656293590:   00007f56562935c0 00007f567358a1cb
0x00007f56562935a0:   0000000000000008 00007f567338c260
0x00007f56562935b0:   00007f5673a714c8 00000007c035d9c0
0x00007f56562935c0:   00007f5656293670 00007f56736f0881
0x00007f56562935d0:   00007f565d601080 00007f5656293610
0x00007f56562935e0:   0000000000000000 0000000000000000
0x00007f56562935f0:   0100000000000000 0000000000000318
0x00007f5656293600:   00007f5624001a60 0000000000000064
0x00007f5656293610:   0000000000000000 0000000000000000
0x00007f5656293620:   0000000000000000 0000000000000000
0x00007f5656293630:   0000000000000000 00007f5656293720
0x00007f5656293640:   00007f5656293670 00007f56562936c8
0x00007f5656293650:   0000000000000008 00007f5656293770
0x00007f5656293660:   0000000000000008 00007f5656293720
0x00007f5656293670:   00007f56562937d0 00007f56738cb04f
0x00007f5656293680:   00007f5656293740 00007f5673f15e40
0x00007f5656293690:   00007f5656293700 00007f560427af80
0x00007f56562936a0:   0000000000000000 00000000000003d8
0x00007f56562936b0:   000000000000016f 0000000000000002
0x00007f56562936c0:   00007f56562936e0 00007f567385827f
0x00007f56562936d0:   00007f5673e40908 00007f566c1ab0f0
0x00007f56562936e0:   00007f5673e40920 00007f56739cd800
0x00007f56562936f0:   00007f566c1ab0f0 00007f56737c8108
0x00007f5656293700:   00007f5673e41d00 0000000000000008
0x00007f5656293710:   00007f566c0aa620 00007f5600000008
0x00007f5656293720:   0000000000000000 00000000000003d8
0x00007f5656293730:   000000000000016f 0000000000000002 

Instructions: (pc=0x00007f56737f7c34)
0x00007f56737f7c14:   66 90 66 2e 0f 1f 84 00 00 00 00 00 55 48 89 e5
0x00007f56737f7c24:   41 57 41 56 41 55 41 54 49 89 fd 53 48 83 ec 28
0x00007f56737f7c34:   8b 97 f8 00 00 00 48 89 75 b8 85 d2 0f 8f 0a 01
0x00007f56737f7c44:   00 00 66 2e 0f 1f 84 00 00 00 00 00 49 63 85 fc 

Register to memory mapping:

RAX={method} {0x00007f564c3b9258} 'map' '(Ljava/util/function/Function;)Lorg/springframework/data/util/Streamable;' in 'org/springframework/data/domain/Page'
RBX=0x0000000000000011 is an unknown value
RCX=0x0000000000000010 is an unknown value
RDX=0x00007f564c3b9eb0 is pointing into metadata
RSP=0x00007f5656293540 is an unknown value
RBP=0x00007f5656293590 is an unknown value
RSI=0x00007f5673f15d20: <offset 0xfcbd20> in /usr/lib/jvm/java-8-oracle/jre/lib/amd64/server/libjvm.so at 0x00007f5672f4a000
RDI=0x0000000000000008 is an unknown value
R8 =0x0000000000000000 is an unknown value
R9 =0x0000000000000000 is an unknown value
R10=0x00007f56240008d0 is an unknown value
R11=0x0000000000000000 is an unknown value
R12=0x00000007c035dba8 is pointing into metadata
R13=0x0000000000000008 is an unknown value
R14=0x00007f5673f15d20: <offset 0xfcbd20> in /usr/lib/jvm/java-8-oracle/jre/lib/amd64/server/libjvm.so at 0x00007f5672f4a000
R15=0x00000007c035dba8 is pointing into metadata


Stack: [0x00007f5656195000,0x00007f5656295000],  sp=0x00007f5656293540,  free space=1017k
Native frames: (J=compiled Java code, j=interpreted, Vv=VM code, C=native code)
V  [libjvm.so+0x8adc34]  MethodData::clean_method_data(BoolObjectClosure*)+0x14
V  [libjvm.so+0x6401cb]  InstanceKlass::clean_weak_instanceklass_links(BoolObjectClosure*)+0x3b
V  [libjvm.so+0x7a6881]  Klass::clean_weak_klass_links(BoolObjectClosure*, bool)+0x281
V  [libjvm.so+0x98104f]  PSParallelCompact::marking_phase(ParCompactionManager*, bool, ParallelOldTracer*)+0x4cf
V  [libjvm.so+0x982380]  PSParallelCompact::invoke_no_policy(bool) [clone .part.118]+0x430
V  [libjvm.so+0x982c8e]  PSParallelCompact::invoke(bool)+0x7e
V  [libjvm.so+0x45cb73]  CollectedHeap::collect_as_vm_thread(GCCause::Cause)+0x153
V  [libjvm.so+0xad45b1]  VM_CollectForMetadataAllocation::doit()+0x161
V  [libjvm.so+0xada296]  VM_Operation::evaluate()+0x46
V  [libjvm.so+0xad85cd]  VMThread::evaluate_operation(VM_Operation*) [clone .constprop.44]+0xcd
V  [libjvm.so+0xad8bb3]  VMThread::loop()+0x3a3
V  [libjvm.so+0xad8f88]  VMThread::run()+0x78
V  [libjvm.so+0x90d922]  java_start(Thread*)+0x102

VM_Operation (0x00007f56545b1c60): CollectForMetadataAllocation, mode: safepoint, requested by thread 0x00007f55f4003800


---------------  P R O C E S S  ---------------

Java Threads: ( => current thread )
  0x00007f55dc001800 JavaThread "HikariPool-1 connection adder" daemon [_thread_blocked, id=11601, stack(0x00007f55e39fc000,0x00007f55e3afd000)]
  0x00007f55f8a76800 JavaThread "container-0" [_thread_blocked, id=11600, stack(0x00007f55e3afd000,0x00007f55e3bfe000)]
  0x00007f55d8002800 JavaThread "Catalina-utility-2" [_thread_blocked, id=11599, stack(0x00007f55e3bfe000,0x00007f55e3cff000)]
  0x00007f55f8a73800 JavaThread "Catalina-utility-1" [_thread_blocked, id=11598, stack(0x00007f55e3cff000,0x00007f55e3e00000)]
  0x00007f55f8a2e000 JavaThread "HikariPool-1 housekeeper" daemon [_thread_blocked, id=11597, stack(0x00007f564c4fc000,0x00007f564c5fd000)]
  0x00007f55f8998000 JavaThread "mysql-cj-abandoned-connection-cleanup" daemon [_thread_blocked, id=11594, stack(0x00007f564c7fd000,0x00007f564c8fe000)]
  0x00007f55f000c000 JavaThread "RMI Scheduler(0)" daemon [_thread_blocked, id=11587, stack(0x00007f564c8fe000,0x00007f564c9ff000)]
  0x00007f55fc001800 JavaThread "RMI TCP Connection(1)-127.0.0.1" daemon [_thread_in_native, id=11586, stack(0x00007f565401f000,0x00007f5654120000)]
  0x00007f5620001000 JavaThread "Attach Listener" daemon [_thread_blocked, id=11584, stack(0x00007f56543b6000,0x00007f56544b7000)]
  0x00007f55f4003800 JavaThread "restartedMain" [_thread_blocked, id=11579, stack(0x00007f56544b7000,0x00007f56545b8000)]
  0x00007f566c8a0000 JavaThread "Thread-1" [_thread_blocked, id=11578, stack(0x00007f56545b8000,0x00007f56546b9000)]
  0x00007f566c6da800 JavaThread "RMI TCP Accept-0" daemon [_thread_in_native, id=11574, stack(0x00007f5654a0c000,0x00007f5654b0d000)]
  0x00007f566c61f000 JavaThread "Service Thread" daemon [_thread_blocked, id=11573, stack(0x00007f5654f2d000,0x00007f565502e000)]
  0x00007f566c612000 JavaThread "C1 CompilerThread3" daemon [_thread_blocked, id=11572, stack(0x00007f5655247000,0x00007f5655347000)]
  0x00007f566c610000 JavaThread "C2 CompilerThread2" daemon [_thread_blocked, id=11571, stack(0x00007f5655348000,0x00007f5655448000)]
  0x00007f566c60e000 JavaThread "C2 CompilerThread1" daemon [_thread_blocked, id=11570, stack(0x00007f5655449000,0x00007f5655549000)]
  0x00007f566c60c000 JavaThread "C2 CompilerThread0" daemon [_thread_blocked, id=11569, stack(0x00007f565554a000,0x00007f565564a000)]
  0x00007f566c60a000 JavaThread "Monitor Ctrl-Break" daemon [_thread_in_native, id=11568, stack(0x00007f565564a000,0x00007f565574b000)]
  0x00007f566c20e000 JavaThread "Signal Dispatcher" daemon [_thread_blocked, id=11567, stack(0x00007f5655a82000,0x00007f5655b83000)]
  0x00007f566c1da800 JavaThread "Finalizer" daemon [_thread_blocked, id=11559, stack(0x00007f5655f92000,0x00007f5656093000)]
  0x00007f566c1d8000 JavaThread "Reference Handler" daemon [_thread_blocked, id=11557, stack(0x00007f5656093000,0x00007f5656194000)]
  0x00007f566c011000 JavaThread "main" [_thread_blocked, id=11537, stack(0x00007f5674a5d000,0x00007f5674b5d000)]

Other Threads:
=>0x00007f566c1ce800 VMThread [stack: 0x00007f5656195000,0x00007f5656295000] [id=11555]
  0x00007f566c6f1000 WatcherThread [stack: 0x00007f565490c000,0x00007f5654a0c000] [id=11575]

VM state:at safepoint (normal execution)

VM Mutex/Monitor currently owned by a thread:  ([mutex/lock_event])
[0x00007f566c006f60] Threads_lock - owner thread: 0x00007f566c1ce800
[0x00007f566c007460] Heap_lock - owner thread: 0x00007f55f4003800

heap address: 0x00000006c9000000, size: 3952 MB, Compressed Oops mode: Zero based, Oop shift amount: 3
Narrow klass base: 0x0000000000000000, Narrow klass shift: 3
Compressed class space size: 1073741824 Address: 0x00000007c0000000

Heap:
 PSYoungGen      total 267776K, used 10123K [0x000000076db00000, 0x0000000785e00000, 0x00000007c0000000)
  eden space 252928K, 0% used [0x000000076db00000,0x000000076db00000,0x000000077d200000)
  from space 14848K, 68% used [0x000000077e080000,0x000000077ea62e18,0x000000077ef00000)
  to   space 14848K, 0% used [0x000000077d200000,0x000000077d200000,0x000000077e080000)
 ParOldGen       total 109056K, used 13509K [0x00000006c9000000, 0x00000006cfa80000, 0x000000076db00000)
  object space 109056K, 12% used [0x00000006c9000000,0x00000006c9d316f0,0x00000006cfa80000)
 Metaspace       used 33553K, capacity 35422K, committed 35496K, reserved 1079296K
  class space    used 4450K, capacity 4819K, committed 4864K, reserved 1048576K

Card table byte_map: [0x00007f5670d84000,0x00007f567153d000] byte_map_base: 0x00007f566d73c000

Marking Bits: (ParMarkBitMap*) 0x00007f5673f15d80
 Begin Bits: [0x00007f5630480000, 0x00007f5634240000)
 End Bits:   [0x00007f5634240000, 0x00007f5638000000)

Polling page: 0x00007f5674b85000

CodeCache: size=245760Kb used=6148Kb max_used=6148Kb free=239611Kb
 bounds [0x00007f565d000000, 0x00007f565d610000, 0x00007f566c000000]
 total_blobs=3507 nmethods=3046 adapters=374
 compilation: enabled

Compilation events (10 events):
Event: 2,377 Thread 0x00007f566c612000 nmethod 3043 0x00007f565d600150 code [0x00007f565d6002a0, 0x00007f565d6003b0]
Event: 2,377 Thread 0x00007f566c612000 3042       1       com.mysql.cj.result.Field::getMysqlTypeId (5 bytes)
Event: 2,377 Thread 0x00007f566c612000 nmethod 3042 0x00007f565d600410 code [0x00007f565d600560, 0x00007f565d600670]
Event: 2,378 Thread 0x00007f566c612000 3044       1       java.net.AbstractPlainSocketImpl::getTimeout (5 bytes)
Event: 2,378 Thread 0x00007f566c612000 nmethod 3044 0x00007f565d6006d0 code [0x00007f565d600820, 0x00007f565d600930]
Event: 2,379 Thread 0x00007f566c612000 3045       1       java.util.Optional::ofNullable (15 bytes)
Event: 2,379 Thread 0x00007f566c612000 nmethod 3045 0x00007f565d600990 code [0x00007f565d600b00, 0x00007f565d600d28]
Event: 2,380 Thread 0x00007f566c612000 3046       1       com.mysql.cj.protocol.a.SimplePacketReader::readHeader (5 bytes)
Event: 2,380 Thread 0x00007f566c612000 nmethod 3046 0x00007f565d600e90 code [0x00007f565d601000, 0x00007f565d601128]
Event: 2,380 Thread 0x00007f566c612000 3047   !   1       com.mysql.cj.protocol.a.SimplePacketReader::readHeader (109 bytes)

GC Heap History (10 events):
Event: 1,104 GC heap after
Heap after GC invocations=3 (full 0):
 PSYoungGen      total 138240K, used 10235K [0x000000076db00000, 0x000000077e900000, 0x00000007c0000000)
  eden space 128000K, 0% used [0x000000076db00000,0x000000076db00000,0x0000000775800000)
  from space 10240K, 99% used [0x0000000775800000,0x00000007761fec68,0x0000000776200000)
  to   space 10240K, 0% used [0x000000077df00000,0x000000077df00000,0x000000077e900000)
 ParOldGen       total 169472K, used 224K [0x00000006c9000000, 0x00000006d3580000, 0x000000076db00000)
  object space 169472K, 0% used [0x00000006c9000000,0x00000006c90381c0,0x00000006d3580000)
 Metaspace       used 20493K, capacity 21184K, committed 21296K, reserved 1067008K
  class space    used 2742K, capacity 2935K, committed 2944K, reserved 1048576K
}
Event: 1,104 GC heap before
{Heap before GC invocations=4 (full 1):
 PSYoungGen      total 138240K, used 10235K [0x000000076db00000, 0x000000077e900000, 0x00000007c0000000)
  eden space 128000K, 0% used [0x000000076db00000,0x000000076db00000,0x0000000775800000)
  from space 10240K, 99% used [0x0000000775800000,0x00000007761fec68,0x0000000776200000)
  to   space 10240K, 0% used [0x000000077df00000,0x000000077df00000,0x000000077e900000)
 ParOldGen       total 169472K, used 224K [0x00000006c9000000, 0x00000006d3580000, 0x000000076db00000)
  object space 169472K, 0% used [0x00000006c9000000,0x00000006c90381c0,0x00000006d3580000)
 Metaspace       used 20493K, capacity 21184K, committed 21296K, reserved 1067008K
  class space    used 2742K, capacity 2935K, committed 2944K, reserved 1048576K
Event: 1,141 GC heap after
Heap after GC invocations=4 (full 1):
 PSYoungGen      total 138240K, used 0K [0x000000076db00000, 0x000000077e900000, 0x00000007c0000000)
  eden space 128000K, 0% used [0x000000076db00000,0x000000076db00000,0x0000000775800000)
  from space 10240K, 0% used [0x0000000775800000,0x0000000775800000,0x0000000776200000)
  to   space 10240K, 0% used [0x000000077df00000,0x000000077df00000,0x000000077e900000)
 ParOldGen       total 109056K, used 10038K [0x00000006c9000000, 0x00000006cfa80000, 0x000000076db00000)
  object space 109056K, 9% used [0x00000006c9000000,0x00000006c99cdb38,0x00000006cfa80000)
 Metaspace       used 20492K, capacity 21178K, committed 21296K, reserved 1067008K
  class space    used 2742K, capacity 2934K, committed 2944K, reserved 1048576K
}
Event: 1,594 GC heap before
{Heap before GC invocations=5 (full 1):
 PSYoungGen      total 138240K, used 128000K [0x000000076db00000, 0x000000077e900000, 0x00000007c0000000)
  eden space 128000K, 100% used [0x000000076db00000,0x0000000775800000,0x0000000775800000)
  from space 10240K, 0% used [0x0000000775800000,0x0000000775800000,0x0000000776200000)
  to   space 10240K, 0% used [0x000000077df00000,0x000000077df00000,0x000000077e900000)
 ParOldGen       total 109056K, used 10046K [0x00000006c9000000, 0x00000006cfa80000, 0x000000076db00000)
  object space 109056K, 9% used [0x00000006c9000000,0x00000006c99cfa10,0x00000006cfa80000)
 Metaspace       used 23699K, capacity 24818K, committed 25088K, reserved 1071104K
  class space    used 3233K, capacity 3479K, committed 3584K, reserved 1048576K
Event: 1,599 GC heap after
Heap after GC invocations=5 (full 1):
 PSYoungGen      total 188416K, used 6495K [0x000000076db00000, 0x000000077e580000, 0x00000007c0000000)
  eden space 181760K, 0% used [0x000000076db00000,0x000000076db00000,0x0000000778c80000)
  from space 6656K, 97% used [0x000000077df00000,0x000000077e557c80,0x000000077e580000)
  to   space 10240K, 0% used [0x000000077d180000,0x000000077d180000,0x000000077db80000)
 ParOldGen       total 109056K, used 10054K [0x00000006c9000000, 0x00000006cfa80000, 0x000000076db00000)
  object space 109056K, 9% used [0x00000006c9000000,0x00000006c99d1a10,0x00000006cfa80000)
 Metaspace       used 23699K, capacity 24818K, committed 25088K, reserved 1071104K
  class space    used 3233K, capacity 3479K, committed 3584K, reserved 1048576K
}
Event: 2,243 GC heap before
{Heap before GC invocations=6 (full 1):
 PSYoungGen      total 188416K, used 188255K [0x000000076db00000, 0x000000077e580000, 0x00000007c0000000)
  eden space 181760K, 100% used [0x000000076db00000,0x0000000778c80000,0x0000000778c80000)
  from space 6656K, 97% used [0x000000077df00000,0x000000077e557c80,0x000000077e580000)
  to   space 10240K, 0% used [0x000000077d180000,0x000000077d180000,0x000000077db80000)
 ParOldGen       total 109056K, used 10054K [0x00000006c9000000, 0x00000006cfa80000, 0x000000076db00000)
  object space 109056K, 9% used [0x00000006c9000000,0x00000006c99d1a10,0x00000006cfa80000)
 Metaspace       used 31560K, capacity 33382K, committed 33664K, reserved 1079296K
  class space    used 4260K, capacity 4639K, committed 4736K, reserved 1048576K
Event: 2,252 GC heap after
Heap after GC invocations=6 (full 1):
 PSYoungGen      total 262656K, used 10234K [0x000000076db00000, 0x000000077ef00000, 0x00000007c0000000)
  eden space 252416K, 0% used [0x000000076db00000,0x000000076db00000,0x000000077d180000)
  from space 10240K, 99% used [0x000000077d180000,0x000000077db7ea78,0x000000077db80000)
  to   space 14848K, 0% used [0x000000077e080000,0x000000077e080000,0x000000077ef00000)
 ParOldGen       total 109056K, used 13501K [0x00000006c9000000, 0x00000006cfa80000, 0x000000076db00000)
  object space 109056K, 12% used [0x00000006c9000000,0x00000006c9d2f6f0,0x00000006cfa80000)
 Metaspace       used 31560K, capacity 33382K, committed 33664K, reserved 1079296K
  class space    used 4260K, capacity 4639K, committed 4736K, reserved 1048576K
}
Event: 2,380 GC heap before
{Heap before GC invocations=7 (full 1):
 PSYoungGen      total 262656K, used 32919K [0x000000076db00000, 0x000000077ef00000, 0x00000007c0000000)
  eden space 252416K, 8% used [0x000000076db00000,0x000000076f1272f8,0x000000077d180000)
  from space 10240K, 99% used [0x000000077d180000,0x000000077db7ea78,0x000000077db80000)
  to   space 14848K, 0% used [0x000000077e080000,0x000000077e080000,0x000000077ef00000)
 ParOldGen       total 109056K, used 13501K [0x00000006c9000000, 0x00000006cfa80000, 0x000000076db00000)
  object space 109056K, 12% used [0x00000006c9000000,0x00000006c9d2f6f0,0x00000006cfa80000)
 Metaspace       used 33553K, capacity 35422K, committed 35496K, reserved 1079296K
  class space    used 4450K, capacity 4819K, committed 4864K, reserved 1048576K
Event: 2,386 GC heap after
Heap after GC invocations=7 (full 1):
 PSYoungGen      total 267776K, used 10123K [0x000000076db00000, 0x0000000785e00000, 0x00000007c0000000)
  eden space 252928K, 0% used [0x000000076db00000,0x000000076db00000,0x000000077d200000)
  from space 14848K, 68% used [0x000000077e080000,0x000000077ea62e18,0x000000077ef00000)
  to   space 14848K, 0% used [0x000000077d200000,0x000000077d200000,0x000000077e080000)
 ParOldGen       total 109056K, used 13509K [0x00000006c9000000, 0x00000006cfa80000, 0x000000076db00000)
  object space 109056K, 12% used [0x00000006c9000000,0x00000006c9d316f0,0x00000006cfa80000)
 Metaspace       used 33553K, capacity 35422K, committed 35496K, reserved 1079296K
  class space    used 4450K, capacity 4819K, committed 4864K, reserved 1048576K
}
Event: 2,386 GC heap before
{Heap before GC invocations=8 (full 2):
 PSYoungGen      total 267776K, used 10123K [0x000000076db00000, 0x0000000785e00000, 0x00000007c0000000)
  eden space 252928K, 0% used [0x000000076db00000,0x000000076db00000,0x000000077d200000)
  from space 14848K, 68% used [0x000000077e080000,0x000000077ea62e18,0x000000077ef00000)
  to   space 14848K, 0% used [0x000000077d200000,0x000000077d200000,0x000000077e080000)
 ParOldGen       total 109056K, used 13509K [0x00000006c9000000, 0x00000006cfa80000, 0x000000076db00000)
  object space 109056K, 12% used [0x00000006c9000000,0x00000006c9d316f0,0x00000006cfa80000)
 Metaspace       used 33553K, capacity 35422K, committed 35496K, reserved 1079296K
  class space    used 4450K, capacity 4819K, committed 4864K, reserved 1048576K

Deoptimization events (0 events):
No events

Classes redefined (0 events):
No events

Internal exceptions (10 events):
Event: 2,158 Thread 0x00007f55f4003800 Exception <a 'java/lang/ArrayIndexOutOfBoundsException'> (0x0000000777dc8130) thrown at [/HUDSON/workspace/8-2-build-linux-amd64/jdk8u201/12317/hotspot/src/share/vm/runtime/sharedRuntime.cpp, line 605]
Event: 2,175 Thread 0x00007f55fc001800 Exception <a 'java/lang/reflect/InvocationTargetException'> (0x000000076e80f778) thrown at [/HUDSON/workspace/8-2-build-linux-amd64/jdk8u201/12317/hotspot/src/share/vm/runtime/reflection.cpp, line 1092]
Event: 2,278 Thread 0x00007f55f4003800 Exception <a 'java/lang/ArrayIndexOutOfBoundsException'> (0x000000076dd98e90) thrown at [/HUDSON/workspace/8-2-build-linux-amd64/jdk8u201/12317/hotspot/src/share/vm/runtime/sharedRuntime.cpp, line 605]
Event: 2,278 Thread 0x00007f55f4003800 Exception <a 'java/lang/ArrayIndexOutOfBoundsException'> (0x000000076dd9a6e8) thrown at [/HUDSON/workspace/8-2-build-linux-amd64/jdk8u201/12317/hotspot/src/share/vm/runtime/sharedRuntime.cpp, line 605]
Event: 2,303 Thread 0x00007f55f4003800 Exception <a 'java/io/FileNotFoundException'> (0x000000076e1a4a10) thrown at [/HUDSON/workspace/8-2-build-linux-amd64/jdk8u201/12317/hotspot/src/share/vm/prims/jni.cpp, line 709]
Event: 2,313 Thread 0x00007f55f4003800 Exception <a 'java/lang/ArrayIndexOutOfBoundsException'> (0x000000076e2a2260) thrown at [/HUDSON/workspace/8-2-build-linux-amd64/jdk8u201/12317/hotspot/src/share/vm/runtime/sharedRuntime.cpp, line 605]
Event: 2,316 Thread 0x00007f55f4003800 Exception <a 'java/lang/ArrayIndexOutOfBoundsException'> (0x000000076e2c6078) thrown at [/HUDSON/workspace/8-2-build-linux-amd64/jdk8u201/12317/hotspot/src/share/vm/runtime/sharedRuntime.cpp, line 605]
Event: 2,316 Thread 0x00007f55f4003800 Exception <a 'java/lang/ArrayIndexOutOfBoundsException'> (0x000000076e408540) thrown at [/HUDSON/workspace/8-2-build-linux-amd64/jdk8u201/12317/hotspot/src/share/vm/runtime/sharedRuntime.cpp, line 605]
Event: 2,323 Thread 0x00007f55f4003800 Exception <a 'java/lang/ArrayIndexOutOfBoundsException'> (0x000000076e46e360) thrown at [/HUDSON/workspace/8-2-build-linux-amd64/jdk8u201/12317/hotspot/src/share/vm/runtime/sharedRuntime.cpp, line 605]
Event: 2,323 Thread 0x00007f55f4003800 Exception <a 'java/lang/ArrayIndexOutOfBoundsException'> (0x000000076e46fd28) thrown at [/HUDSON/workspace/8-2-build-linux-amd64/jdk8u201/12317/hotspot/src/share/vm/runtime/sharedRuntime.cpp, line 605]

Events (10 events):
Event: 2,375 loading class org/hibernate/internal/CoreMessageLogger_$logger_pl_PL done
Event: 2,375 loading class org/hibernate/internal/CoreMessageLogger_$logger_pl
Event: 2,375 loading class org/hibernate/internal/CoreMessageLogger_$logger_pl done
Event: 2,375 loading class org/hibernate/internal/CoreMessageLogger_$logger
Event: 2,375 loading class org/hibernate/internal/CoreMessageLogger_$logger done
Event: 2,379 loading class org/hibernate/boot/registry/classloading/internal/ClassLoaderServiceImpl$1
Event: 2,379 loading class org/hibernate/boot/registry/classloading/internal/ClassLoaderServiceImpl$1 done
Event: 2,380 loading class org/hibernate/boot/registry/classloading/internal/AggregatedClassLoader
Event: 2,380 loading class org/hibernate/boot/registry/classloading/internal/AggregatedClassLoader done
Event: 2,380 Executing VM operation: CollectForMetadataAllocation


Dynamic libraries:
00400000-00401000 r-xp 00000000 08:02 15466874                           /usr/lib/jvm/java-8-oracle/bin/java
00600000-00601000 r--p 00000000 08:02 15466874                           /usr/lib/jvm/java-8-oracle/bin/java
00601000-00602000 rw-p 00001000 08:02 15466874                           /usr/lib/jvm/java-8-oracle/bin/java
00f23000-00f44000 rw-p 00000000 00:00 0                                  [heap]
6c9000000-6cfa80000 rw-p 00000000 00:00 0 
6cfa80000-76db00000 ---p 00000000 00:00 0 
76db00000-785e00000 rw-p 00000000 00:00 0 
785e00000-7c0000000 ---p 00000000 00:00 0 
7c0000000-7c04c0000 rw-p 00000000 00:00 0 
7c04c0000-800000000 ---p 00000000 00:00 0 
7f55c8000000-7f55c8021000 rw-p 00000000 00:00 0 
7f55c8021000-7f55cc000000 ---p 00000000 00:00 0 
7f55d0000000-7f55d0021000 rw-p 00000000 00:00 0 
7f55d0021000-7f55d4000000 ---p 00000000 00:00 0 
7f55d4000000-7f55d4021000 rw-p 00000000 00:00 0 
7f55d4021000-7f55d8000000 ---p 00000000 00:00 0 
7f55d8000000-7f55d8021000 rw-p 00000000 00:00 0 
7f55d8021000-7f55dc000000 ---p 00000000 00:00 0 
7f55dc000000-7f55dc021000 rw-p 00000000 00:00 0 
7f55dc021000-7f55e0000000 ---p 00000000 00:00 0 
7f55e39fc000-7f55e39ff000 ---p 00000000 00:00 0 
7f55e39ff000-7f55e3afd000 rw-p 00000000 00:00 0 
7f55e3afd000-7f55e3b00000 ---p 00000000 00:00 0 
7f55e3b00000-7f55e3bfe000 rw-p 00000000 00:00 0 
7f55e3bfe000-7f55e3c01000 ---p 00000000 00:00 0 
7f55e3c01000-7f55e3cff000 rw-p 00000000 00:00 0 
7f55e3cff000-7f55e3d02000 ---p 00000000 00:00 0 
7f55e3d02000-7f55e3fea000 rw-p 00000000 00:00 0 
7f55e3fea000-7f55e4000000 ---p 00000000 00:00 0 
7f55e4000000-7f55e4021000 rw-p 00000000 00:00 0 
7f55e4021000-7f55e8000000 ---p 00000000 00:00 0 
7f55e8000000-7f55e803e000 rw-p 00000000 00:00 0 
7f55e803e000-7f55ec000000 ---p 00000000 00:00 0 
7f55ec000000-7f55ec2b7000 rw-p 00000000 00:00 0 
7f55ec2b7000-7f55f0000000 ---p 00000000 00:00 0 
7f55f0000000-7f55f0021000 rw-p 00000000 00:00 0 
7f55f0021000-7f55f4000000 ---p 00000000 00:00 0 
7f55f4000000-7f55f4021000 rw-p 00000000 00:00 0 
7f55f4021000-7f55f8000000 ---p 00000000 00:00 0 
7f55f8000000-7f55f8b3b000 rw-p 00000000 00:00 0 
7f55f8b3b000-7f55fc000000 ---p 00000000 00:00 0 
7f55fc000000-7f55fc021000 rw-p 00000000 00:00 0 
7f55fc021000-7f5600000000 ---p 00000000 00:00 0 
7f5600000000-7f5600021000 rw-p 00000000 00:00 0 
7f5600021000-7f5604000000 ---p 00000000 00:00 0 
7f5604000000-7f56043b6000 rw-p 00000000 00:00 0 
7f56043b6000-7f5608000000 ---p 00000000 00:00 0 
7f5608000000-7f5608021000 rw-p 00000000 00:00 0 
7f5608021000-7f560c000000 ---p 00000000 00:00 0 
7f560c000000-7f560c021000 rw-p 00000000 00:00 0 
7f560c021000-7f5610000000 ---p 00000000 00:00 0 
7f5610000000-7f5610021000 rw-p 00000000 00:00 0 
7f5610021000-7f5614000000 ---p 00000000 00:00 0 
7f5614000000-7f561404f000 rw-p 00000000 00:00 0 
7f561404f000-7f5618000000 ---p 00000000 00:00 0 
7f5618000000-7f5618067000 rw-p 00000000 00:00 0 
7f5618067000-7f561c000000 ---p 00000000 00:00 0 
7f561c000000-7f561c021000 rw-p 00000000 00:00 0 
7f561c021000-7f5620000000 ---p 00000000 00:00 0 
7f5620000000-7f5620021000 rw-p 00000000 00:00 0 
7f5620021000-7f5624000000 ---p 00000000 00:00 0 
7f5624000000-7f562429d000 rw-p 00000000 00:00 0 
7f562429d000-7f5628000000 ---p 00000000 00:00 0 
7f5628000000-7f5628021000 rw-p 00000000 00:00 0 
7f5628021000-7f562c000000 ---p 00000000 00:00 0 
7f562c000000-7f562c021000 rw-p 00000000 00:00 0 
7f562c021000-7f5630000000 ---p 00000000 00:00 0 
7f5630080000-7f5630280000 rw-p 00000000 00:00 0 
7f5630280000-7f5630480000 rw-p 00000000 00:00 0 
7f5630480000-7f5638000000 rw-p 00000000 00:00 0 
7f5638000000-7f5638021000 rw-p 00000000 00:00 0 
7f5638021000-7f563c000000 ---p 00000000 00:00 0 
7f563c000000-7f563c021000 rw-p 00000000 00:00 0 
7f563c021000-7f5640000000 ---p 00000000 00:00 0 
7f5640000000-7f5640021000 rw-p 00000000 00:00 0 
7f5640021000-7f5644000000 ---p 00000000 00:00 0 
7f5644000000-7f5644021000 rw-p 00000000 00:00 0 
7f5644021000-7f5648000000 ---p 00000000 00:00 0 
7f5648000000-7f5648021000 rw-p 00000000 00:00 0 
7f5648021000-7f564c000000 ---p 00000000 00:00 0 
7f564c0fc000-7f564c2fc000 rw-p 00000000 00:00 0 
7f564c2fc000-7f564c4fc000 rw-p 00000000 00:00 0 
7f564c4fc000-7f564c4ff000 ---p 00000000 00:00 0 
7f564c4ff000-7f564c7fd000 rw-p 00000000 00:00 0 
7f564c7fd000-7f564c800000 ---p 00000000 00:00 0 
7f564c800000-7f564c8fe000 rw-p 00000000 00:00 0 
7f564c8fe000-7f564c901000 ---p 00000000 00:00 0 
7f564c901000-7f564cbff000 rw-p 00000000 00:00 0 
7f564cbff000-7f564cdff000 rw-p 00000000 00:00 0 
7f564cdff000-7f564cfff000 rw-p 00000000 00:00 0 
7f564cfff000-7f5650000000 rw-p 00000000 00:00 0 
7f5650000000-7f5650021000 rw-p 00000000 00:00 0 
7f5650021000-7f5654000000 ---p 00000000 00:00 0 
7f5654017000-7f565401c000 r--s 002f9000 08:02 398620                     /usr/lib/jvm/java-8-oracle/jre/lib/charsets.jar
7f565401c000-7f565401f000 r--s 0001a000 08:02 398697                     /usr/lib/jvm/java-8-oracle/jre/lib/jce.jar
7f565401f000-7f5654022000 ---p 00000000 00:00 0 
7f5654022000-7f5654120000 rw-p 00000000 00:00 0 
7f5654120000-7f56541b6000 r--s 0110e000 08:02 398684                     /usr/lib/jvm/java-8-oracle/jre/lib/ext/jfxrt.jar
7f56541b6000-7f56543b6000 rw-p 00000000 00:00 0 
7f56543b6000-7f56543b9000 ---p 00000000 00:00 0 
7f56543b9000-7f56544b7000 rw-p 00000000 00:00 0 
7f56544b7000-7f56544ba000 ---p 00000000 00:00 0 
7f56544ba000-7f56545b8000 rw-p 00000000 00:00 0 
7f56545b8000-7f56545bb000 ---p 00000000 00:00 0 
7f56545bb000-7f56548b9000 rw-p 00000000 00:00 0 
7f56548b9000-7f56548c3000 r--s 00116000 08:02 398690                     /usr/lib/jvm/java-8-oracle/jre/lib/ext/localedata.jar
7f56548c3000-7f56548df000 r--s 00393000 08:02 398683                     /usr/lib/jvm/java-8-oracle/jre/lib/ext/cldrdata.jar
7f56548df000-7f56548e6000 r--s 00000000 08:02 140816                     /usr/lib/x86_64-linux-gnu/gconv/gconv-modules.cache
7f56548e6000-7f565490b000 r--p 00000000 08:02 789022                     /usr/share/locale-langpack/pl/LC_MESSAGES/libc.mo
7f565490b000-7f565490c000 ---p 00000000 00:00 0 
7f565490c000-7f5654a0c000 rw-p 00000000 00:00 0 
7f5654a0c000-7f5654a0f000 ---p 00000000 00:00 0 
7f5654a0f000-7f5654b0d000 rw-p 00000000 00:00 0 
7f5654b0d000-7f5654b11000 r--s 000a1000 08:02 398679                     /usr/lib/jvm/java-8-oracle/jre/lib/jsse.jar
7f5654b11000-7f5654b22000 r-xp 00000000 08:02 526091                     /usr/lib/jvm/java-8-oracle/jre/lib/amd64/libnio.so
7f5654b22000-7f5654d21000 ---p 00011000 08:02 526091                     /usr/lib/jvm/java-8-oracle/jre/lib/amd64/libnio.so
7f5654d21000-7f5654d22000 r--p 00010000 08:02 526091                     /usr/lib/jvm/java-8-oracle/jre/lib/amd64/libnio.so
7f5654d22000-7f5654d23000 rw-p 00011000 08:02 526091                     /usr/lib/jvm/java-8-oracle/jre/lib/amd64/libnio.so
7f5654d23000-7f5654d2c000 r-xp 00000000 08:02 526187                     /usr/lib/jvm/java-8-oracle/jre/lib/amd64/libmanagement.so
7f5654d2c000-7f5654f2b000 ---p 00009000 08:02 526187                     /usr/lib/jvm/java-8-oracle/jre/lib/amd64/libmanagement.so
7f5654f2b000-7f5654f2c000 r--p 00008000 08:02 526187                     /usr/lib/jvm/java-8-oracle/jre/lib/amd64/libmanagement.so
7f5654f2c000-7f5654f2d000 rw-p 00009000 08:02 526187                     /usr/lib/jvm/java-8-oracle/jre/lib/amd64/libmanagement.so
7f5654f2d000-7f5654f30000 ---p 00000000 00:00 0 
7f5654f30000-7f565502e000 rw-p 00000000 00:00 0 
7f565502e000-7f5655044000 r-xp 00000000 08:02 525933                     /usr/lib/jvm/java-8-oracle/jre/lib/amd64/libnet.so
7f5655044000-7f5655244000 ---p 00016000 08:02 525933                     /usr/lib/jvm/java-8-oracle/jre/lib/amd64/libnet.so
7f5655244000-7f5655245000 r--p 00016000 08:02 525933                     /usr/lib/jvm/java-8-oracle/jre/lib/amd64/libnet.so
7f5655245000-7f5655246000 rw-p 00017000 08:02 525933                     /usr/lib/jvm/java-8-oracle/jre/lib/amd64/libnet.so
7f5655246000-7f5655247000 ---p 00000000 00:00 0 
7f5655247000-7f565524a000 ---p 00000000 00:00 0 
7f565524a000-7f5655347000 rw-p 00000000 00:00 0 
7f5655347000-7f5655348000 ---p 00000000 00:00 0 
7f5655348000-7f565534b000 ---p 00000000 00:00 0 
7f565534b000-7f5655448000 rw-p 00000000 00:00 0 
7f5655448000-7f5655449000 ---p 00000000 00:00 0 
7f5655449000-7f565544c000 ---p 00000000 00:00 0 
7f565544c000-7f5655549000 rw-p 00000000 00:00 0 
7f5655549000-7f565554a000 ---p 00000000 00:00 0 
7f565554a000-7f565554d000 ---p 00000000 00:00 0 
7f565554d000-7f565564a000 rw-p 00000000 00:00 0 
7f565564a000-7f565564d000 ---p 00000000 00:00 0 
7f565564d000-7f565574b000 rw-p 00000000 00:00 0 
7f565574b000-7f565574d000 r--s 0001d000 07:0f 856                        /snap/intellij-idea-ultimate/242/lib/idea_rt.jar
7f565574d000-7f5655775000 r--s 0012c000 08:02 6818511                    /home/rafal/.m2/repository/org/springframework/boot/spring-boot-autoconfigure/2.2.3.RELEASE/spring-boot-autoconfigure-2.2.3.RELEASE.jar
7f5655775000-7f565578c000 r--s 000e8000 08:02 6818537                    /home/rafal/.m2/repository/org/springframework/boot/spring-boot/2.2.3.RELEASE/spring-boot-2.2.3.RELEASE.jar
7f565578c000-7f5655792000 r--s 00030000 08:02 5900992                    /home/rafal/.m2/repository/org/springframework/boot/spring-boot-devtools/2.2.2.RELEASE/spring-boot-devtools-2.2.2.RELEASE.jar
7f5655792000-7f56557ac000 r--s 0022d000 08:02 10749887                   /home/rafal/.m2/repository/mysql/mysql-connector-java/8.0.20/mysql-connector-java-8.0.20.jar
7f56557ac000-7f56557ae000 r--s 0000a000 08:02 7345456                    /home/rafal/.m2/repository/org/springframework/spring-aspects/5.2.3.RELEASE/spring-aspects-5.2.3.RELEASE.jar
7f56557ae000-7f56557b7000 r--s 00044000 08:02 6951845                    /home/rafal/.m2/repository/org/springframework/spring-tx/5.2.3.RELEASE/spring-tx-5.2.3.RELEASE.jar
7f56557b7000-7f56557bc000 r--s 0002d000 08:02 7217514                    /home/rafal/.m2/repository/org/springframework/spring-orm/5.2.3.RELEASE/spring-orm-5.2.3.RELEASE.jar
7f56557bc000-7f56557d5000 r--s 00110000 08:02 7217510                    /home/rafal/.m2/repository/org/springframework/data/spring-data-commons/2.2.4.RELEASE/spring-data-commons-2.2.4.RELEASE.jar
7f56557d5000-7f56557de000 r--s 00051000 08:02 7089019                    /home/rafal/.m2/repository/org/springframework/data/spring-data-jpa/2.2.4.RELEASE/spring-data-jpa-2.2.4.RELEASE.jar
7f56557de000-7f56557e3000 r--s 00049000 08:02 8783842                    /home/rafal/.m2/repository/com/sun/xml/fastinfoset/FastInfoset/1.2.16/FastInfoset-1.2.16.jar
7f56557e3000-7f56557e5000 r--s 00008000 08:02 8783840                    /home/rafal/.m2/repository/org/jvnet/staxex/stax-ex/1.8.1/stax-ex-1.8.1.jar
7f56557e5000-7f56557e7000 r--s 00005000 08:02 8783838                    /home/rafal/.m2/repository/com/sun/istack/istack-commons-runtime/3.0.8/istack-commons-runtime-3.0.8.jar
7f56557e7000-7f56557e9000 r--s 00010000 08:02 8783836                    /home/rafal/.m2/repository/org/glassfish/jaxb/txw2/2.3.2/txw2-2.3.2.jar
7f56557e9000-7f56557fe000 r--s 000e3000 08:02 8783834                    /home/rafal/.m2/repository/org/glassfish/jaxb/jaxb-runtime/2.3.2/jaxb-runtime-2.3.2.jar
7f56557fe000-7f5655801000 r--s 00010000 08:02 6953306                    /home/rafal/.m2/repository/org/hibernate/common/hibernate-commons-annotations/5.1.0.Final/hibernate-commons-annotations-5.1.0.Final.jar
7f5655801000-7f5655806000 r--s 0004b000 08:02 5374282                    /home/rafal/.m2/repository/org/dom4j/dom4j/2.1.1/dom4j-2.1.1.jar
7f5655806000-7f5655808000 r--s 0000f000 08:02 8783846                    /home/rafal/.m2/repository/com/fasterxml/classmate/1.5.1/classmate-1.5.1.jar
7f5655808000-7f565580b000 r--s 0002d000 08:02 6160835                    /home/rafal/.m2/repository/org/jboss/jandex/2.1.1.Final/jandex-2.1.1.Final.jar
7f565580b000-7f5655810000 r--s 00068000 08:02 3932658                    /home/rafal/.m2/repository/antlr/antlr/2.7.7/antlr-2.7.7.jar
7f5655810000-7f565581a000 r--s 000b4000 08:02 6953302                    /home/rafal/.m2/repository/org/javassist/javassist/3.24.0-GA/javassist-3.24.0-GA.jar
7f565581a000-7f565581c000 r--s 0000d000 08:02 6160881                    /home/rafal/.m2/repository/org/jboss/logging/jboss-logging/3.4.1.Final/jboss-logging-3.4.1.Final.jar
7f565581c000-7f56558a1000 r--s 0064f000 08:02 6951843                    /home/rafal/.m2/repository/org/hibernate/hibernate-core/5.4.10.Final/hibernate-core-5.4.10.Final.jar
7f56558a1000-7f56558a2000 r--s 00003000 08:02 6160827                    /home/rafal/.m2/repository/jakarta/transaction/jakarta.transaction-api/1.3.3/jakarta.transaction-api-1.3.3.jar
7f56558a2000-7f56558a8000 r--s 00023000 08:02 6160825                    /home/rafal/.m2/repository/jakarta/persistence/jakarta.persistence-api/2.2.3/jakarta.persistence-api-2.2.3.jar
7f56558a8000-7f56558aa000 r--s 00009000 08:02 6160897                    /home/rafal/.m2/repository/jakarta/activation/jakarta.activation-api/1.2.1/jakarta.activation-api-1.2.1.jar
7f56558aa000-7f56558b4000 r--s 0005a000 08:02 6818560                    /home/rafal/.m2/repository/org/springframework/spring-jdbc/5.2.3.RELEASE/spring-jdbc-5.2.3.RELEASE.jar
7f56558b4000-7f56558b7000 r--s 00023000 08:02 6818556                    /home/rafal/.m2/repository/com/zaxxer/HikariCP/3.4.2/HikariCP-3.4.2.jar
7f56558b7000-7f56558b8000 r--s 00000000 08:02 6689449                    /home/rafal/.m2/repository/org/springframework/boot/spring-boot-starter-jdbc/2.2.3.RELEASE/spring-boot-starter-jdbc-2.2.3.RELEASE.jar
7f56558b8000-7f56558d1000 r--s 001da000 08:02 6160847                    /home/rafal/.m2/repository/org/aspectj/aspectjweaver/1.9.5/aspectjweaver-1.9.5.jar
7f56558d1000-7f56558d2000 r--s 00000000 08:02 6689448                    /home/rafal/.m2/repository/org/springframework/boot/spring-boot-starter-aop/2.2.3.RELEASE/spring-boot-starter-aop-2.2.3.RELEASE.jar
7f56558d2000-7f56558d3000 r--s 00000000 08:02 6160811                    /home/rafal/.m2/repository/org/springframework/boot/spring-boot-starter-data-jpa/2.2.2.RELEASE/spring-boot-starter-data-jpa-2.2.2.RELEASE.jar
7f56558d3000-7f56558e6000 r--s 00201000 08:02 9702334                    /home/rafal/.m2/repository/com/h2database/h2/1.4.199/h2-1.4.199.jar
7f56558e6000-7f56558f5000 r--s 0007c000 08:02 9702230                    /home/rafal/.m2/repository/org/springframework/security/spring-security-web/5.2.1.RELEASE/spring-security-web-5.2.1.RELEASE.jar
7f56558f5000-7f5655901000 r--s 00061000 08:02 9702227                    /home/rafal/.m2/repository/org/springframework/security/spring-security-core/5.2.1.RELEASE/spring-security-core-5.2.1.RELEASE.jar
7f5655901000-7f565590f000 r--s 000c4000 08:02 9702231                    /home/rafal/.m2/repository/org/springframework/security/spring-security-config/5.2.1.RELEASE/spring-security-config-5.2.1.RELEASE.jar
7f565590f000-7f5655918000 r--s 00052000 08:02 6818505                    /home/rafal/.m2/repository/org/springframework/spring-aop/5.2.3.RELEASE/spring-aop-5.2.3.RELEASE.jar
7f5655918000-7f5655919000 r--s 00000000 08:02 9702225                    /home/rafal/.m2/repository/org/springframework/boot/spring-boot-starter-security/2.2.2.RELEASE/spring-boot-starter-security-2.2.2.RELEASE.jar
7f5655919000-7f565591a000 r--s 00005000 08:02 6818507                    /home/rafal/.m2/repository/org/springframework/spring-jcl/5.2.3.RELEASE/spring-jcl-5.2.3.RELEASE.jar
7f565591a000-7f5655935000 r--s 00144000 08:02 6818523                    /home/rafal/.m2/repository/org/springframework/spring-core/5.2.3.RELEASE/spring-core-5.2.3.RELEASE.jar
7f5655935000-7f565597d000 r--s 002e9000 08:02 8652300                    /home/rafal/.m2/repository/net/bytebuddy/byte-buddy/1.10.6/byte-buddy-1.10.6.jar
7f565597d000-7f5655981000 r--s 00019000 08:02 6160895                    /home/rafal/.m2/repository/jakarta/xml/bind/jakarta.xml.bind-api/2.3.2/jakarta.xml.bind-api-2.3.2.jar
7f5655981000-7f5655998000 r--s 00198000 08:02 4068001                    /home/rafal/.m2/repository/org/projectlombok/lombok/1.18.10/lombok-1.18.10.jar
7f5655998000-7f565599d000 r--s 00040000 08:02 6818532                    /home/rafal/.m2/repository/org/springframework/spring-expression/5.2.3.RELEASE/spring-expression-5.2.3.RELEASE.jar
7f565599d000-7f56559b9000 r--s 0010f000 08:02 6818508                    /home/rafal/.m2/repository/org/springframework/spring-context/5.2.3.RELEASE/spring-context-5.2.3.RELEASE.jar
7f56559b9000-7f56559cc000 r--s 000d5000 08:02 8390895                    /home/rafal/.m2/repository/org/springframework/spring-webmvc/5.2.3.RELEASE/spring-webmvc-5.2.3.RELEASE.jar
7f56559cc000-7f56559d9000 r--s 0009b000 08:02 6818536                    /home/rafal/.m2/repository/org/springframework/spring-beans/5.2.3.RELEASE/spring-beans-5.2.3.RELEASE.jar
7f56559d9000-7f56559f5000 r--s 00141000 08:02 6818522                    /home/rafal/.m2/repository/org/springframework/spring-web/5.2.3.RELEASE/spring-web-5.2.3.RELEASE.jar
7f56559f5000-7f5655a12000 r--s 000fe000 08:02 5515049                    /home/rafal/.m2/repository/org/hibernate/validator/hibernate-validator/6.0.18.Final/hibernate-validator-6.0.18.Final.jar
7f5655a12000-7f5655a17000 r--s 00012000 08:02 8271150                    /home/rafal/.m2/repository/jakarta/validation/jakarta.validation-api/2.0.2/jakarta.validation-api-2.0.2.jar
7f5655a17000-7f5655a18000 r--s 00000000 08:02 8134159                    /home/rafal/.m2/repository/org/springframework/boot/spring-boot-starter-validation/2.2.3.RELEASE/spring-boot-starter-validation-2.2.3.RELEASE.jar
7f5655a18000-7f5655a1d000 r--s 0003c000 08:02 7867308                    /home/rafal/.m2/repository/org/apache/tomcat/embed/tomcat-embed-websocket/9.0.30/tomcat-embed-websocket-9.0.30.jar
7f5655a1d000-7f5655a22000 r--s 0003a000 08:02 7607190                    /home/rafal/.m2/repository/org/apache/tomcat/embed/tomcat-embed-el/9.0.30/tomcat-embed-el-9.0.30.jar
7f5655a22000-7f5655a4c000 r--s 00301000 08:02 7481358                    /home/rafal/.m2/repository/org/apache/tomcat/embed/tomcat-embed-core/9.0.30/tomcat-embed-core-9.0.30.jar
7f5655a4c000-7f5655a4d000 r--s 00000000 08:02 7345450                    /home/rafal/.m2/repository/org/springframework/boot/spring-boot-starter-tomcat/2.2.3.RELEASE/spring-boot-starter-tomcat-2.2.3.RELEASE.jar
7f5655a4d000-7f5655a4f000 r--s 00001000 08:02 8785346                    /home/rafal/.m2/repository/com/fasterxml/jackson/module/jackson-module-parameter-names/2.10.2/jackson-module-parameter-names-2.10.2.jar
7f5655a4f000-7f5655a52000 r--s 00017000 08:02 7217500                    /home/rafal/.m2/repository/com/fasterxml/jackson/datatype/jackson-datatype-jsr310/2.10.2/jackson-datatype-jsr310-2.10.2.jar
7f5655a52000-7f5655a54000 r--s 00007000 08:02 7089009                    /home/rafal/.m2/repository/com/fasterxml/jackson/datatype/jackson-datatype-jdk8/2.10.2/jackson-datatype-jdk8-2.10.2.jar
7f5655a54000-7f5655a59000 r--s 00051000 08:02 6818524                    /home/rafal/.m2/repository/com/fasterxml/jackson/core/jackson-core/2.10.2/jackson-core-2.10.2.jar
7f5655a59000-7f5655a5c000 r--s 0000e000 08:02 6818527                    /home/rafal/.m2/repository/com/fasterxml/jackson/core/jackson-annotations/2.10.2/jackson-annotations-2.10.2.jar
7f5655a5c000-7f5655a71000 r--s 00142000 08:02 6818529                    /home/rafal/.m2/repository/com/fasterxml/jackson/core/jackson-databind/2.10.2/jackson-databind-2.10.2.jar
7f5655a71000-7f5655a72000 r--s 00000000 08:02 6818516                    /home/rafal/.m2/repository/org/springframework/boot/spring-boot-starter-json/2.2.3.RELEASE/spring-boot-starter-json-2.2.3.RELEASE.jar
7f5655a72000-7f5655a82000 r--s 000c5000 08:02 6160853                    /home/rafal/.m2/repository/org/thymeleaf/thymeleaf/3.0.11.RELEASE/thymeleaf-3.0.11.RELEASE.jar
7f5655a82000-7f5655a85000 ---p 00000000 00:00 0 
7f5655a85000-7f5655b83000 rw-p 00000000 00:00 0 
7f5655b83000-7f5655f92000 r--p 00000000 08:02 15337430                   /usr/lib/locale/locale-archive
7f5655f92000-7f5655f95000 ---p 00000000 00:00 0 
7f5655f95000-7f5656093000 rw-p 00000000 00:00 0 
7f5656093000-7f5656096000 ---p 00000000 00:00 0 
7f5656096000-7f5656194000 rw-p 00000000 00:00 0 
7f5656194000-7f5656195000 ---p 00000000 00:00 0 
7f5656195000-7f5657db0000 rw-p 00000000 00:00 0 
7f5657db0000-7f5657f8a000 r--s 03d6f000 08:02 398622                     /usr/lib/jvm/java-8-oracle/jre/lib/rt.jar
7f5657f8a000-7f5658000000 rw-p 00000000 00:00 0 
7f5658000000-7f5658021000 rw-p 00000000 00:00 0 
7f5658021000-7f565c000000 ---p 00000000 00:00 0 
7f565c000000-7f565c001000 r--s 00000000 08:02 6818517                    /home/rafal/.m2/repository/org/springframework/boot/spring-boot-starter-web/2.2.3.RELEASE/spring-boot-starter-web-2.2.3.RELEASE.jar
7f565c001000-7f565c003000 r--s 00009000 08:02 6818539                    /home/rafal/.m2/repository/org/slf4j/slf4j-api/1.7.30/slf4j-api-1.7.30.jar
7f565c003000-7f565c006000 r--s 00028000 08:02 6160857                    /home/rafal/.m2/repository/org/unbescape/unbescape/1.1.6.RELEASE/unbescape-1.1.6.RELEASE.jar
7f565c006000-7f565c00b000 r--s 00037000 08:02 6160855                    /home/rafal/.m2/repository/org/attoparser/attoparser/2.0.5.RELEASE/attoparser-2.0.5.RELEASE.jar
7f565c00b000-7f565c010000 r--s 00027000 08:02 6160851                    /home/rafal/.m2/repository/org/thymeleaf/thymeleaf-spring5/3.0.11.RELEASE/thymeleaf-spring5-3.0.11.RELEASE.jar
7f565c010000-7f565c017000 r--s 00044000 08:02 6160789                    /home/rafal/.m2/repository/org/yaml/snakeyaml/1.25/snakeyaml-1.25.jar
7f565c017000-7f565c022000 r--s 00069000 08:02 8783830                    /home/rafal/.m2/repository/ch/qos/logback/logback-core/1.2.3/logback-core-1.2.3.jar
7f565c022000-7f565c035000 r--s 00345000 08:02 398660                     /usr/lib/jvm/java-8-oracle/jre/lib/resources.jar
7f565c035000-7f565c048000 r--s 000d6000 08:02 398202                     /usr/lib/jvm/java-8-oracle/jre/lib/plugin.jar
7f565c048000-7f565d000000 rw-p 00000000 00:00 0 
7f565d000000-7f565d610000 rwxp 00000000 00:00 0 
7f565d610000-7f566c000000 ---p 00000000 00:00 0 
7f566c000000-7f566c941000 rw-p 00000000 00:00 0 
7f566c941000-7f5670000000 ---p 00000000 00:00 0 
7f5670000000-7f5670001000 r--s 00009000 08:02 6160859                    /home/rafal/.m2/repository/org/thymeleaf/extras/thymeleaf-extras-java8time/3.0.4.RELEASE/thymeleaf-extras-java8time-3.0.4.RELEASE.jar
7f5670001000-7f5670007000 r--s 0003e000 08:02 6035413                    /home/rafal/.m2/repository/org/apache/logging/log4j/log4j-api/2.12.1/log4j-api-2.12.1.jar
7f5670007000-7f5670056000 rw-p 00000000 00:00 0 
7f5670056000-7f5670057000 ---p 00000000 00:00 0 
7f5670057000-7f5670157000 rw-p 00000000 00:00 0 
7f5670157000-7f5670158000 ---p 00000000 00:00 0 
7f5670158000-7f5670258000 rw-p 00000000 00:00 0 
7f5670258000-7f5670259000 ---p 00000000 00:00 0 
7f5670259000-7f5670359000 rw-p 00000000 00:00 0 
7f5670359000-7f567035a000 ---p 00000000 00:00 0 
7f567035a000-7f567045a000 rw-p 00000000 00:00 0 
7f567045a000-7f567045b000 ---p 00000000 00:00 0 
7f567045b000-7f567055b000 rw-p 00000000 00:00 0 
7f567055b000-7f567055c000 ---p 00000000 00:00 0 
7f567055c000-7f567065c000 rw-p 00000000 00:00 0 
7f567065c000-7f567065d000 ---p 00000000 00:00 0 
7f567065d000-7f567075d000 rw-p 00000000 00:00 0 
7f567075d000-7f567075e000 ---p 00000000 00:00 0 
7f567075e000-7f5670894000 rw-p 00000000 00:00 0 
7f5670894000-7f5670d84000 ---p 00000000 00:00 0 
7f5670d84000-7f5670dba000 rw-p 00000000 00:00 0 
7f5670dba000-7f56712a9000 ---p 00000000 00:00 0 
7f56712a9000-7f567136b000 rw-p 00000000 00:00 0 
7f567136b000-7f567153c000 ---p 00000000 00:00 0 
7f567153c000-7f5671556000 rw-p 00000000 00:00 0 
7f5671556000-7f56718fd000 ---p 00000000 00:00 0 
7f56718fd000-7f5671918000 r-xp 00000000 08:02 525929                     /usr/lib/jvm/java-8-oracle/jre/lib/amd64/libzip.so
7f5671918000-7f5671b17000 ---p 0001b000 08:02 525929                     /usr/lib/jvm/java-8-oracle/jre/lib/amd64/libzip.so
7f5671b17000-7f5671b18000 r--p 0001a000 08:02 525929                     /usr/lib/jvm/java-8-oracle/jre/lib/amd64/libzip.so
7f5671b18000-7f5671b19000 rw-p 0001b000 08:02 525929                     /usr/lib/jvm/java-8-oracle/jre/lib/amd64/libzip.so
7f5671b19000-7f5671b24000 r-xp 00000000 08:02 4984909                    /lib/x86_64-linux-gnu/libnss_files-2.27.so
7f5671b24000-7f5671d23000 ---p 0000b000 08:02 4984909                    /lib/x86_64-linux-gnu/libnss_files-2.27.so
7f5671d23000-7f5671d24000 r--p 0000a000 08:02 4984909                    /lib/x86_64-linux-gnu/libnss_files-2.27.so
7f5671d24000-7f5671d25000 rw-p 0000b000 08:02 4984909                    /lib/x86_64-linux-gnu/libnss_files-2.27.so
7f5671d25000-7f5671d2b000 rw-p 00000000 00:00 0 
7f5671d2b000-7f5671d42000 r-xp 00000000 08:02 4984896                    /lib/x86_64-linux-gnu/libnsl-2.27.so
7f5671d42000-7f5671f41000 ---p 00017000 08:02 4984896                    /lib/x86_64-linux-gnu/libnsl-2.27.so
7f5671f41000-7f5671f42000 r--p 00016000 08:02 4984896                    /lib/x86_64-linux-gnu/libnsl-2.27.so
7f5671f42000-7f5671f43000 rw-p 00017000 08:02 4984896                    /lib/x86_64-linux-gnu/libnsl-2.27.so
7f5671f43000-7f5671f45000 rw-p 00000000 00:00 0 
7f5671f45000-7f5671f50000 r-xp 00000000 08:02 4984913                    /lib/x86_64-linux-gnu/libnss_nis-2.27.so
7f5671f50000-7f567214f000 ---p 0000b000 08:02 4984913                    /lib/x86_64-linux-gnu/libnss_nis-2.27.so
7f567214f000-7f5672150000 r--p 0000a000 08:02 4984913                    /lib/x86_64-linux-gnu/libnss_nis-2.27.so
7f5672150000-7f5672151000 rw-p 0000b000 08:02 4984913                    /lib/x86_64-linux-gnu/libnss_nis-2.27.so
7f5672151000-7f5672159000 r-xp 00000000 08:02 4984905                    /lib/x86_64-linux-gnu/libnss_compat-2.27.so
7f5672159000-7f5672359000 ---p 00008000 08:02 4984905                    /lib/x86_64-linux-gnu/libnss_compat-2.27.so
7f5672359000-7f567235a000 r--p 00008000 08:02 4984905                    /lib/x86_64-linux-gnu/libnss_compat-2.27.so
7f567235a000-7f567235b000 rw-p 00009000 08:02 4984905                    /lib/x86_64-linux-gnu/libnss_compat-2.27.so
7f567235b000-7f5672365000 r-xp 00000000 08:02 526093                     /usr/lib/jvm/java-8-oracle/jre/lib/amd64/libinstrument.so
7f5672365000-7f5672564000 ---p 0000a000 08:02 526093                     /usr/lib/jvm/java-8-oracle/jre/lib/amd64/libinstrument.so
7f5672564000-7f5672565000 r--p 00009000 08:02 526093                     /usr/lib/jvm/java-8-oracle/jre/lib/amd64/libinstrument.so
7f5672565000-7f5672566000 rw-p 0000a000 08:02 526093                     /usr/lib/jvm/java-8-oracle/jre/lib/amd64/libinstrument.so
7f5672566000-7f5672592000 r-xp 00000000 08:02 525923                     /usr/lib/jvm/java-8-oracle/jre/lib/amd64/libjava.so
7f5672592000-7f5672792000 ---p 0002c000 08:02 525923                     /usr/lib/jvm/java-8-oracle/jre/lib/amd64/libjava.so
7f5672792000-7f5672793000 r--p 0002c000 08:02 525923                     /usr/lib/jvm/java-8-oracle/jre/lib/amd64/libjava.so
7f5672793000-7f5672795000 rw-p 0002d000 08:02 525923                     /usr/lib/jvm/java-8-oracle/jre/lib/amd64/libjava.so
7f5672795000-7f56727a2000 r-xp 00000000 08:02 525928                     /usr/lib/jvm/java-8-oracle/jre/lib/amd64/libverify.so
7f56727a2000-7f56729a1000 ---p 0000d000 08:02 525928                     /usr/lib/jvm/java-8-oracle/jre/lib/amd64/libverify.so
7f56729a1000-7f56729a3000 r--p 0000c000 08:02 525928                     /usr/lib/jvm/java-8-oracle/jre/lib/amd64/libverify.so
7f56729a3000-7f56729a4000 rw-p 0000e000 08:02 525928                     /usr/lib/jvm/java-8-oracle/jre/lib/amd64/libverify.so
7f56729a4000-7f56729ab000 r-xp 00000000 08:02 4985546                    /lib/x86_64-linux-gnu/librt-2.27.so
7f56729ab000-7f5672baa000 ---p 00007000 08:02 4985546                    /lib/x86_64-linux-gnu/librt-2.27.so
7f5672baa000-7f5672bab000 r--p 00006000 08:02 4985546                    /lib/x86_64-linux-gnu/librt-2.27.so
7f5672bab000-7f5672bac000 rw-p 00007000 08:02 4985546                    /lib/x86_64-linux-gnu/librt-2.27.so
7f5672bac000-7f5672d49000 r-xp 00000000 08:02 4984888                    /lib/x86_64-linux-gnu/libm-2.27.so
7f5672d49000-7f5672f48000 ---p 0019d000 08:02 4984888                    /lib/x86_64-linux-gnu/libm-2.27.so
7f5672f48000-7f5672f49000 r--p 0019c000 08:02 4984888                    /lib/x86_64-linux-gnu/libm-2.27.so
7f5672f49000-7f5672f4a000 rw-p 0019d000 08:02 4984888                    /lib/x86_64-linux-gnu/libm-2.27.so
7f5672f4a000-7f5673c32000 r-xp 00000000 08:02 525905                     /usr/lib/jvm/java-8-oracle/jre/lib/amd64/server/libjvm.so
7f5673c32000-7f5673e31000 ---p 00ce8000 08:02 525905                     /usr/lib/jvm/java-8-oracle/jre/lib/amd64/server/libjvm.so
7f5673e31000-7f5673ec7000 r--p 00ce7000 08:02 525905                     /usr/lib/jvm/java-8-oracle/jre/lib/amd64/server/libjvm.so
7f5673ec7000-7f5673ef8000 rw-p 00d7d000 08:02 525905                     /usr/lib/jvm/java-8-oracle/jre/lib/amd64/server/libjvm.so
7f5673ef8000-7f5673f33000 rw-p 00000000 00:00 0 
7f5673f33000-7f567411a000 r-xp 00000000 08:02 4981327                    /lib/x86_64-linux-gnu/libc-2.27.so
7f567411a000-7f567431a000 ---p 001e7000 08:02 4981327                    /lib/x86_64-linux-gnu/libc-2.27.so
7f567431a000-7f567431e000 r--p 001e7000 08:02 4981327                    /lib/x86_64-linux-gnu/libc-2.27.so
7f567431e000-7f5674320000 rw-p 001eb000 08:02 4981327                    /lib/x86_64-linux-gnu/libc-2.27.so
7f5674320000-7f5674324000 rw-p 00000000 00:00 0 
7f5674324000-7f5674327000 r-xp 00000000 08:02 4981762                    /lib/x86_64-linux-gnu/libdl-2.27.so
7f5674327000-7f5674526000 ---p 00003000 08:02 4981762                    /lib/x86_64-linux-gnu/libdl-2.27.so
7f5674526000-7f5674527000 r--p 00002000 08:02 4981762                    /lib/x86_64-linux-gnu/libdl-2.27.so
7f5674527000-7f5674528000 rw-p 00003000 08:02 4981762                    /lib/x86_64-linux-gnu/libdl-2.27.so
7f5674528000-7f567453f000 r-xp 00000000 08:02 393646                     /usr/lib/jvm/java-8-oracle/lib/amd64/jli/libjli.so
7f567453f000-7f567473e000 ---p 00017000 08:02 393646                     /usr/lib/jvm/java-8-oracle/lib/amd64/jli/libjli.so
7f567473e000-7f567473f000 r--p 00016000 08:02 393646                     /usr/lib/jvm/java-8-oracle/lib/amd64/jli/libjli.so
7f567473f000-7f5674740000 rw-p 00017000 08:02 393646                     /usr/lib/jvm/java-8-oracle/lib/amd64/jli/libjli.so
7f5674740000-7f567475a000 r-xp 00000000 08:02 4985542                    /lib/x86_64-linux-gnu/libpthread-2.27.so
7f567475a000-7f5674959000 ---p 0001a000 08:02 4985542                    /lib/x86_64-linux-gnu/libpthread-2.27.so
7f5674959000-7f567495a000 r--p 00019000 08:02 4985542                    /lib/x86_64-linux-gnu/libpthread-2.27.so
7f567495a000-7f567495b000 rw-p 0001a000 08:02 4985542                    /lib/x86_64-linux-gnu/libpthread-2.27.so
7f567495b000-7f567495f000 rw-p 00000000 00:00 0 
7f567495f000-7f5674986000 r-xp 00000000 08:02 4981192                    /lib/x86_64-linux-gnu/ld-2.27.so
7f5674986000-7f5674988000 r--s 00005000 08:02 6160854                    /home/rafal/.m2/repository/jakarta/annotation/jakarta.annotation-api/1.3.5/jakarta.annotation-api-1.3.5.jar
7f5674988000-7f567498a000 r--s 00000000 08:02 6818513                    /home/rafal/.m2/repository/org/slf4j/jul-to-slf4j/1.7.30/jul-to-slf4j-1.7.30.jar
7f567498a000-7f567498c000 r--s 00003000 08:02 6034392                    /home/rafal/.m2/repository/org/apache/logging/log4j/log4j-to-slf4j/2.12.1/log4j-to-slf4j-2.12.1.jar
7f567498c000-7f5674992000 r--s 00041000 08:02 8783828                    /home/rafal/.m2/repository/ch/qos/logback/logback-classic/1.2.3/logback-classic-1.2.3.jar
7f5674992000-7f5674993000 r--s 00000000 08:02 6558930                    /home/rafal/.m2/repository/org/springframework/boot/spring-boot-starter-logging/2.2.3.RELEASE/spring-boot-starter-logging-2.2.3.RELEASE.jar
7f5674993000-7f5674994000 r--s 00000000 08:02 6818525                    /home/rafal/.m2/repository/org/springframework/boot/spring-boot-starter/2.2.3.RELEASE/spring-boot-starter-2.2.3.RELEASE.jar
7f5674994000-7f5674998000 r--s 000a1000 08:02 398679                     /usr/lib/jvm/java-8-oracle/jre/lib/jsse.jar
7f5674998000-7f56749b3000 r--s 0020c000 08:02 397131                     /usr/lib/jvm/java-8-oracle/jre/lib/deploy.jar
7f56749b3000-7f5674a5c000 rw-p 00000000 00:00 0 
7f5674a5c000-7f5674a5d000 ---p 00000000 00:00 0 
7f5674a5d000-7f5674a60000 ---p 00000000 00:00 0 
7f5674a60000-7f5674b61000 rw-p 00000000 00:00 0 
7f5674b61000-7f5674b62000 r--s 00000000 08:02 6818497                    /home/rafal/.m2/repository/org/springframework/boot/spring-boot-starter-thymeleaf/2.2.3.RELEASE/spring-boot-starter-thymeleaf-2.2.3.RELEASE.jar
7f5674b62000-7f5674b63000 r--s 00000000 08:02 397140                     /usr/lib/jvm/java-8-oracle/jre/lib/management-agent.jar
7f5674b63000-7f5674b65000 r--s 00007000 08:02 398699                     /usr/lib/jvm/java-8-oracle/jre/lib/jfxswt.jar
7f5674b65000-7f5674b6a000 r--s 00084000 08:02 397130                     /usr/lib/jvm/java-8-oracle/jre/lib/jfr.jar
7f5674b6a000-7f5674b6d000 r--s 0001a000 08:02 398697                     /usr/lib/jvm/java-8-oracle/jre/lib/jce.jar
7f5674b6d000-7f5674b77000 r--s 0006e000 08:02 397240                     /usr/lib/jvm/java-8-oracle/jre/lib/javaws.jar
7f5674b77000-7f5674b7c000 r--s 002f9000 08:02 398620                     /usr/lib/jvm/java-8-oracle/jre/lib/charsets.jar
7f5674b7c000-7f5674b84000 rw-s 00000000 08:02 2228321                    /tmp/hsperfdata_rafal/11535
7f5674b84000-7f5674b85000 rw-p 00000000 00:00 0 
7f5674b85000-7f5674b86000 ---p 00000000 00:00 0 
7f5674b86000-7f5674b87000 r--p 00027000 08:02 4981192                    /lib/x86_64-linux-gnu/ld-2.27.so
7f5674b87000-7f5674b88000 rw-p 00028000 08:02 4981192                    /lib/x86_64-linux-gnu/ld-2.27.so
7f5674b88000-7f5674b89000 rw-p 00000000 00:00 0 
7ffe6d412000-7ffe6d436000 rw-p 00000000 00:00 0                          [stack]
7ffe6d530000-7ffe6d533000 r--p 00000000 00:00 0                          [vvar]
7ffe6d533000-7ffe6d534000 r-xp 00000000 00:00 0                          [vdso]
ffffffffff600000-ffffffffff601000 --xp 00000000 00:00 0                  [vsyscall]

VM Arguments:
jvm_args: -XX:TieredStopAtLevel=1 -Xverify:none -Dspring.output.ansi.enabled=always -Dcom.sun.management.jmxremote -Dspring.jmx.enabled=true -Dspring.liveBeansView.mbeanDomain -Dspring.application.admin.enabled=true -javaagent:/snap/intellij-idea-ultimate/242/lib/idea_rt.jar=45453:/snap/intellij-idea-ultimate/242/bin -Dfile.encoding=UTF-8 
java_command: com.shop.demo.DemoApplication
java_class_path (initial): /usr/lib/jvm/java-8-oracle/jre/lib/charsets.jar:/usr/lib/jvm/java-8-oracle/jre/lib/deploy.jar:/usr/lib/jvm/java-8-oracle/jre/lib/ext/cldrdata.jar:/usr/lib/jvm/java-8-oracle/jre/lib/ext/dnsns.jar:/usr/lib/jvm/java-8-oracle/jre/lib/ext/jaccess.jar:/usr/lib/jvm/java-8-oracle/jre/lib/ext/jfxrt.jar:/usr/lib/jvm/java-8-oracle/jre/lib/ext/localedata.jar:/usr/lib/jvm/java-8-oracle/jre/lib/ext/nashorn.jar:/usr/lib/jvm/java-8-oracle/jre/lib/ext/sunec.jar:/usr/lib/jvm/java-8-oracle/jre/lib/ext/sunjce_provider.jar:/usr/lib/jvm/java-8-oracle/jre/lib/ext/sunpkcs11.jar:/usr/lib/jvm/java-8-oracle/jre/lib/ext/zipfs.jar:/usr/lib/jvm/java-8-oracle/jre/lib/javaws.jar:/usr/lib/jvm/java-8-oracle/jre/lib/jce.jar:/usr/lib/jvm/java-8-oracle/jre/lib/jfr.jar:/usr/lib/jvm/java-8-oracle/jre/lib/jfxswt.jar:/usr/lib/jvm/java-8-oracle/jre/lib/jsse.jar:/usr/lib/jvm/java-8-oracle/jre/lib/management-agent.jar:/usr/lib/jvm/java-8-oracle/jre/lib/plugin.jar:/usr/lib/jvm/java-8-oracle/jre/lib/resources.jar:/usr/lib/jvm/java-8-oracle/jre/lib/rt.jar:/home/rafal/Dokumenty/PROJEKTY JAVA/thymeleaf/demo/target/classes:/home/rafal/.m2/repository/org/springframework/boot/spring-boot-starter-thymeleaf/2.2.3.RELEASE/spring-boot-starter-thymeleaf-2.2.3.RELEASE.jar:/home/rafal/.m2/repository/org/springframework/boot/spring-boot-starter/2.2.3.RELEASE/spring-boot-starter-2.2.3.RELEASE.jar:/home/rafal/.m2/repository/org/springframework/boot/spring-boot-starter-logging/2.2.3.RELEASE/spring-boot-starter-logging-2.2.3.RELEASE.jar:/home/rafal/.m2/repository/ch/qos/logback/logback-classic/1.2.3/logback-classic-1.2.3.jar:/home/rafal/.m2/repository/ch/qos/logback/logback-core/1.2.3/logback-core-1.2.3.jar:/home/rafal/.m2/repository/org/apache/logging/log4j/log4j-to-slf4j/2.12.1/log4j-to-slf4j-2.12.1.jar:/home/rafal/.m2/repository/org/apache/logging/log4j/log4j-api/2.12.1/log4j-api-2.12.1.jar:/home/rafal/.m2/repository/org/slf4j/jul-to-slf4j/1.7.30/jul-to-slf4j-1.7.30.jar:/home/rafal/.m2/repository/
Launcher Type: SUN_STANDARD

Environment Variables:
JAVA_HOME=/usr/lib/jvm/java-8-oracle
PATH=/home/rafal/.local/bin:/usr/local/sbin:/usr/local/bin:/usr/sbin:/usr/bin:/sbin:/bin:/usr/games:/usr/local/games:/snap/bin:/usr/lib/jvm/java-8-oracle/bin:/usr/lib/jvm/java-8-oracle/db/bin:/usr/lib/jvm/java-8-oracle/jre/bin
USERNAME=rafal
SHELL=/bin/bash
DISPLAY=:0

Signal Handlers:
SIGSEGV: [libjvm.so+0xad3e60], sa_mask[0]=11111111011111111101111111111110, sa_flags=SA_RESTART|SA_SIGINFO
SIGBUS: [libjvm.so+0xad3e60], sa_mask[0]=11111111011111111101111111111110, sa_flags=SA_RESTART|SA_SIGINFO
SIGFPE: [libjvm.so+0x90b880], sa_mask[0]=11111111011111111101111111111110, sa_flags=SA_RESTART|SA_SIGINFO
SIGPIPE: [libjvm.so+0x90b880], sa_mask[0]=11111111011111111101111111111110, sa_flags=SA_RESTART|SA_SIGINFO
SIGXFSZ: [libjvm.so+0x90b880], sa_mask[0]=11111111011111111101111111111110, sa_flags=SA_RESTART|SA_SIGINFO
SIGILL: [libjvm.so+0x90b880], sa_mask[0]=11111111011111111101111111111110, sa_flags=SA_RESTART|SA_SIGINFO
SIGUSR1: SIG_DFL, sa_mask[0]=00000000000000000000000000000000, sa_flags=none
SIGUSR2: [libjvm.so+0x90b750], sa_mask[0]=00100000000000000000000000000000, sa_flags=SA_RESTART|SA_SIGINFO
SIGHUP: [libjvm.so+0x90bd70], sa_mask[0]=11111111011111111101111111111110, sa_flags=SA_RESTART|SA_SIGINFO
SIGINT: [libjvm.so+0x90bd70], sa_mask[0]=11111111011111111101111111111110, sa_flags=SA_RESTART|SA_SIGINFO
SIGTERM: [libjvm.so+0x90bd70], sa_mask[0]=11111111011111111101111111111110, sa_flags=SA_RESTART|SA_SIGINFO
SIGQUIT: [libjvm.so+0x90bd70], sa_mask[0]=11111111011111111101111111111110, sa_flags=SA_RESTART|SA_SIGINFO


---------------  S Y S T E M  ---------------

OS:DISTRIB_ID=Ubuntu
DISTRIB_RELEASE=18.04
DISTRIB_CODENAME=bionic
DISTRIB_DESCRIPTION="Ubuntu 18.04.5 LTS"

uname:Linux 5.4.0-42-generic #46~18.04.1-Ubuntu SMP Fri Jul 10 07:21:24 UTC 2020 x86_64
libc:glibc 2.27 NPTL 2.27 
rlimit: STACK 8192k, CORE 0k, NPROC 63034, NOFILE 1048576, AS infinity
load average:2,16 2,30 2,35

/proc/meminfo:
MemTotal:       16184656 kB
MemFree:         5261568 kB
MemAvailable:    9504796 kB
Buffers:          821232 kB
Cached:          4162976 kB
SwapCached:            0 kB
Active:          7171560 kB
Inactive:        2454852 kB
Active(anon):    5209296 kB
Inactive(anon):   226972 kB
Active(file):    1962264 kB
Inactive(file):  2227880 kB
Unevictable:      565528 kB
Mlocked:              48 kB
SwapTotal:       2097148 kB
SwapFree:        2097148 kB
Dirty:             17452 kB
Writeback:             0 kB
AnonPages:       5207868 kB
Mapped:           706540 kB
Shmem:            794068 kB
KReclaimable:     394648 kB
Slab:             526172 kB
SReclaimable:     394648 kB
SUnreclaim:       131524 kB
KernelStack:       24768 kB
PageTables:        97652 kB
NFS_Unstable:          0 kB
Bounce:                0 kB
WritebackTmp:          0 kB
CommitLimit:    10189476 kB
Committed_AS:   19479596 kB
VmallocTotal:   34359738367 kB
VmallocUsed:       47992 kB
VmallocChunk:          0 kB
Percpu:             3552 kB
HardwareCorrupted:     0 kB
AnonHugePages:         0 kB
ShmemHugePages:        0 kB
ShmemPmdMapped:        0 kB
FileHugePages:         0 kB
FilePmdMapped:         0 kB
CmaTotal:              0 kB
CmaFree:               0 kB
HugePages_Total:       0
HugePages_Free:        0
HugePages_Rsvd:        0
HugePages_Surp:        0
Hugepagesize:       2048 kB
Hugetlb:               0 kB
DirectMap4k:      418420 kB
DirectMap2M:    10901504 kB
DirectMap1G:     5242880 kB

container (cgroup) information:
container_type: cgroupv1
cpu_cpuset_cpus: 0-7
cpu_memory_nodes: 0
active_processor_count: 8
cpu_quota: -1
cpu_period: 100000
cpu_shares: -1
memory_limit_in_bytes: -1
memory_and_swap_limit_in_bytes: -2
memory_soft_limit_in_bytes: -1
memory_usage_in_bytes: 10436878336
memory_max_usage_in_bytes: 0


CPU:total 8 (initial active 8) (4 cores per cpu, 2 threads per core) family 6 model 142 stepping 10, cmov, cx8, fxsr, mmx, sse, sse2, sse3, ssse3, sse4.1, sse4.2, popcnt, avx, avx2, aes, clmul, erms, 3dnowpref, lzcnt, ht, tsc, tscinvbit, bmi1, bmi2, adx

/proc/cpuinfo:
processor	: 0
vendor_id	: GenuineIntel
cpu family	: 6
model		: 142
model name	: Intel(R) Core(TM) i5-8250U CPU @ 1.60GHz
stepping	: 10
microcode	: 0xd6
cpu MHz		: 2698.586
cache size	: 6144 KB
physical id	: 0
siblings	: 8
core id		: 0
cpu cores	: 4
apicid		: 0
initial apicid	: 0
fpu		: yes
fpu_exception	: yes
cpuid level	: 22
wp		: yes
flags		: fpu vme de pse tsc msr pae mce cx8 apic sep mtrr pge mca cmov pat pse36 clflush dts acpi mmx fxsr sse sse2 ss ht tm pbe syscall nx pdpe1gb rdtscp lm constant_tsc art arch_perfmon pebs bts rep_good nopl xtopology nonstop_tsc cpuid aperfmperf pni pclmulqdq dtes64 monitor ds_cpl vmx est tm2 ssse3 sdbg fma cx16 xtpr pdcm pcid sse4_1 sse4_2 x2apic movbe popcnt tsc_deadline_timer aes xsave avx f16c rdrand lahf_lm abm 3dnowprefetch cpuid_fault epb invpcid_single pti ssbd ibrs ibpb stibp tpr_shadow vnmi flexpriority ept vpid ept_ad fsgsbase tsc_adjust bmi1 avx2 smep bmi2 erms invpcid mpx rdseed adx smap clflushopt intel_pt xsaveopt xsavec xgetbv1 xsaves dtherm ida arat pln pts hwp hwp_notify hwp_act_window hwp_epp md_clear flush_l1d
bugs		: cpu_meltdown spectre_v1 spectre_v2 spec_store_bypass l1tf mds swapgs itlb_multihit srbds
bogomips	: 3600.00
clflush size	: 64
cache_alignment	: 64
address sizes	: 39 bits physical, 48 bits virtual
power management:

processor	: 1
vendor_id	: GenuineIntel
cpu family	: 6
model		: 142
model name	: Intel(R) Core(TM) i5-8250U CPU @ 1.60GHz
stepping	: 10
microcode	: 0xd6
cpu MHz		: 2647.208
cache size	: 6144 KB
physical id	: 0
siblings	: 8
core id		: 1
cpu cores	: 4
apicid		: 2
initial apicid	: 2
fpu		: yes
fpu_exception	: yes
cpuid level	: 22
wp		: yes
flags		: fpu vme de pse tsc msr pae mce cx8 apic sep mtrr pge mca cmov pat pse36 clflush dts acpi mmx fxsr sse sse2 ss ht tm pbe syscall nx pdpe1gb rdtscp lm constant_tsc art arch_perfmon pebs bts rep_good nopl xtopology nonstop_tsc cpuid aperfmperf pni pclmulqdq dtes64 monitor ds_cpl vmx est tm2 ssse3 sdbg fma cx16 xtpr pdcm pcid sse4_1 sse4_2 x2apic movbe popcnt tsc_deadline_timer aes xsave avx f16c rdrand lahf_lm abm 3dnowprefetch cpuid_fault epb invpcid_single pti ssbd ibrs ibpb stibp tpr_shadow vnmi flexpriority ept vpid ept_ad fsgsbase tsc_adjust bmi1 avx2 smep bmi2 erms invpcid mpx rdseed adx smap clflushopt intel_pt xsaveopt xsavec xgetbv1 xsaves dtherm ida arat pln pts hwp hwp_notify hwp_act_window hwp_epp md_clear flush_l1d
bugs		: cpu_meltdown spectre_v1 spectre_v2 spec_store_bypass l1tf mds swapgs itlb_multihit srbds
bogomips	: 3600.00
clflush size	: 64
cache_alignment	: 64
address sizes	: 39 bits physical, 48 bits virtual
power management:

processor	: 2
vendor_id	: GenuineIntel
cpu family	: 6
model		: 142
model name	: Intel(R) Core(TM) i5-8250U CPU @ 1.60GHz
stepping	: 10
microcode	: 0xd6
cpu MHz		: 2692.140
cache size	: 6144 KB
physical id	: 0
siblings	: 8
core id		: 2
cpu cores	: 4
apicid		: 4
initial apicid	: 4
fpu		: yes
fpu_exception	: yes
cpuid level	: 22
wp		: yes
flags		: fpu vme de pse tsc msr pae mce cx8 apic sep mtrr pge mca cmov pat pse36 clflush dts acpi mmx fxsr sse sse2 ss ht tm pbe syscall nx pdpe1gb rdtscp lm constant_tsc art arch_perfmon pebs bts rep_good nopl xtopology nonstop_tsc cpuid aperfmperf pni pclmulqdq dtes64 monitor ds_cpl vmx est tm2 ssse3 sdbg fma cx16 xtpr pdcm pcid sse4_1 sse4_2 x2apic movbe popcnt tsc_deadline_timer aes xsave avx f16c rdrand lahf_lm abm 3dnowprefetch cpuid_fault epb invpcid_single pti ssbd ibrs ibpb stibp tpr_shadow vnmi flexpriority ept vpid ept_ad fsgsbase tsc_adjust bmi1 avx2 smep bmi2 erms invpcid mpx rdseed adx smap clflushopt intel_pt xsaveopt xsavec xgetbv1 xsaves dtherm ida arat pln pts hwp hwp_notify hwp_act_window hwp_epp md_clear flush_l1d
bugs		: cpu_meltdown spectre_v1 spectre_v2 spec_store_bypass l1tf mds swapgs itlb_multihit srbds
bogomips	: 3600.00
clflush size	: 64
cache_alignment	: 64
address sizes	: 39 bits physical, 48 bits virtual
power management:

processor	: 3
vendor_id	: GenuineIntel
cpu family	: 6
model		: 142
model name	: Intel(R) Core(TM) i5-8250U CPU @ 1.60GHz
stepping	: 10
microcode	: 0xd6
cpu MHz		: 2541.569
cache size	: 6144 KB
physical id	: 0
siblings	: 8
core id		: 3
cpu cores	: 4
apicid		: 6
initial apicid	: 6
fpu		: yes
fpu_exception	: yes
cpuid level	: 22
wp		: yes
flags		: fpu vme de pse tsc msr pae mce cx8 apic sep mtrr pge mca cmov pat pse36 clflush dts acpi mmx fxsr sse sse2 ss ht tm pbe syscall nx pdpe1gb rdtscp lm constant_tsc art arch_perfmon pebs bts rep_good nopl xtopology nonstop_tsc cpuid aperfmperf pni pclmulqdq dtes64 monitor ds_cpl vmx est tm2 ssse3 sdbg fma cx16 xtpr pdcm pcid sse4_1 sse4_2 x2apic movbe popcnt tsc_deadline_timer aes xsave avx f16c rdrand lahf_lm abm 3dnowprefetch cpuid_fault epb invpcid_single pti ssbd ibrs ibpb stibp tpr_shadow vnmi flexpriority ept vpid ept_ad fsgsbase tsc_adjust bmi1 avx2 smep bmi2 erms invpcid mpx rdseed adx smap clflushopt intel_pt xsaveopt xsavec xgetbv1 xsaves dtherm ida arat pln pts hwp hwp_notify hwp_act_window hwp_epp md_clear flush_l1d
bugs		: cpu_meltdown spectre_v1 spectre_v2 spec_store_bypass l1tf mds swapgs itlb_multihit srbds
bogomips	: 3600.00
clflush size	: 64
cache_alignment	: 64
address sizes	: 39 bits physical, 48 bits virtual
power management:

processor	: 4
vendor_id	: GenuineIntel
cpu family	: 6
model		: 142
model name	: Intel(R) Core(TM) i5-8250U CPU @ 1.60GHz
stepping	: 10
microcode	: 0xd6
cpu MHz		: 2699.426
cache size	: 6144 KB
physical id	: 0
siblings	: 8
core id		: 0
cpu cores	: 4
apicid		: 1
initial apicid	: 1
fpu		: yes
fpu_exception	: yes
cpuid level	: 22
wp		: yes
flags		: fpu vme de pse tsc msr pae mce cx8 apic sep mtrr pge mca cmov pat pse36 clflush dts acpi mmx fxsr sse sse2 ss ht tm pbe syscall nx pdpe1gb rdtscp lm constant_tsc art arch_perfmon pebs bts rep_good nopl xtopology nonstop_tsc cpuid aperfmperf pni pclmulqdq dtes64 monitor ds_cpl vmx est tm2 ssse3 sdbg fma cx16 xtpr pdcm pcid sse4_1 sse4_2 x2apic movbe popcnt tsc_deadline_timer aes xsave avx f16c rdrand lahf_lm abm 3dnowprefetch cpuid_fault epb invpcid_single pti ssbd ibrs ibpb stibp tpr_shadow vnmi flexpriority ept vpid ept_ad fsgsbase tsc_adjust bmi1 avx2 smep bmi2 erms invpcid mpx rdseed adx smap clflushopt intel_pt xsaveopt xsavec xgetbv1 xsaves dtherm ida arat pln pts hwp hwp_notify hwp_act_window hwp_epp md_clear flush_l1d
bugs		: cpu_meltdown spectre_v1 spectre_v2 spec_store_bypass l1tf mds swapgs itlb_multihit srbds
bogomips	: 3600.00
clflush size	: 64
cache_alignment	: 64
address sizes	: 39 bits physical, 48 bits virtual
power management:

processor	: 5
vendor_id	: GenuineIntel
cpu family	: 6
model		: 142
model name	: Intel(R) Core(TM) i5-8250U CPU @ 1.60GHz
stepping	: 10
microcode	: 0xd6
cpu MHz		: 2646.047
cache size	: 6144 KB
physical id	: 0
siblings	: 8
core id		: 1
cpu cores	: 4
apicid		: 3
initial apicid	: 3
fpu		: yes
fpu_exception	: yes
cpuid level	: 22
wp		: yes
flags		: fpu vme de pse tsc msr pae mce cx8 apic sep mtrr pge mca cmov pat pse36 clflush dts acpi mmx fxsr sse sse2 ss ht tm pbe syscall nx pdpe1gb rdtscp lm constant_tsc art arch_perfmon pebs bts rep_good nopl xtopology nonstop_tsc cpuid aperfmperf pni pclmulqdq dtes64 monitor ds_cpl vmx est tm2 ssse3 sdbg fma cx16 xtpr pdcm pcid sse4_1 sse4_2 x2apic movbe popcnt tsc_deadline_timer aes xsave avx f16c rdrand lahf_lm abm 3dnowprefetch cpuid_fault epb invpcid_single pti ssbd ibrs ibpb stibp tpr_shadow vnmi flexpriority ept vpid ept_ad fsgsbase tsc_adjust bmi1 avx2 smep bmi2 erms invpcid mpx rdseed adx smap clflushopt intel_pt xsaveopt xsavec xgetbv1 xsaves dtherm ida arat pln pts hwp hwp_notify hwp_act_window hwp_epp md_clear flush_l1d
bugs		: cpu_meltdown spectre_v1 spectre_v2 spec_store_bypass l1tf mds swapgs itlb_multihit srbds
bogomips	: 3600.00
clflush size	: 64
cache_alignment	: 64
address sizes	: 39 bits physical, 48 bits virtual
power management:

processor	: 6
vendor_id	: GenuineIntel
cpu family	: 6
model		: 142
model name	: Intel(R) Core(TM) i5-8250U CPU @ 1.60GHz
stepping	: 10
microcode	: 0xd6
cpu MHz		: 2669.343
cache size	: 6144 KB
physical id	: 0
siblings	: 8
core id		: 2
cpu cores	: 4
apicid		: 5
initial apicid	: 5
fpu		: yes
fpu_exception	: yes
cpuid level	: 22
wp		: yes
flags		: fpu vme de pse tsc msr pae mce cx8 apic sep mtrr pge mca cmov pat pse36 clflush dts acpi mmx fxsr sse sse2 ss ht tm pbe syscall nx pdpe1gb rdtscp lm constant_tsc art arch_perfmon pebs bts rep_good nopl xtopology nonstop_tsc cpuid aperfmperf pni pclmulqdq dtes64 monitor ds_cpl vmx est tm2 ssse3 sdbg fma cx16 xtpr pdcm pcid sse4_1 sse4_2 x2apic movbe popcnt tsc_deadline_timer aes xsave avx f16c rdrand lahf_lm abm 3dnowprefetch cpuid_fault epb invpcid_single pti ssbd ibrs ibpb stibp tpr_shadow vnmi flexpriority ept vpid ept_ad fsgsbase tsc_adjust bmi1 avx2 smep bmi2 erms invpcid mpx rdseed adx smap clflushopt intel_pt xsaveopt xsavec xgetbv1 xsaves dtherm ida arat pln pts hwp hwp_notify hwp_act_window hwp_epp md_clear flush_l1d
bugs		: cpu_meltdown spectre_v1 spectre_v2 spec_store_bypass l1tf mds swapgs itlb_multihit srbds
bogomips	: 3600.00
clflush size	: 64
cache_alignment	: 64
address sizes	: 39 bits physical, 48 bits virtual
power management:

processor	: 7
vendor_id	: GenuineIntel
cpu family	: 6
model		: 142
model name	: Intel(R) Core(TM) i5-8250U CPU @ 1.60GHz
stepping	: 10
microcode	: 0xd6
cpu MHz		: 2644.129
cache size	: 6144 KB
physical id	: 0
siblings	: 8
core id		: 3
cpu cores	: 4
apicid		: 7
initial apicid	: 7
fpu		: yes
fpu_exception	: yes
cpuid level	: 22
wp		: yes
flags		: fpu vme de pse tsc msr pae mce cx8 apic sep mtrr pge mca cmov pat pse36 clflush dts acpi mmx fxsr sse sse2 ss ht tm pbe syscall nx pdpe1gb rdtscp lm constant_tsc art arch_perfmon pebs bts rep_good nopl xtopology nonstop_tsc cpuid aperfmperf pni pclmulqdq dtes64 monitor ds_cpl vmx est tm2 ssse3 sdbg fma cx16 xtpr pdcm pcid sse4_1 sse4_2 x2apic movbe popcnt tsc_deadline_timer aes xsave avx f16c rdrand lahf_lm abm 3dnowprefetch cpuid_fault epb invpcid_single pti ssbd ibrs ibpb stibp tpr_shadow vnmi flexpriority ept vpid ept_ad fsgsbase tsc_adjust bmi1 avx2 smep bmi2 erms invpcid mpx rdseed adx smap clflushopt intel_pt xsaveopt xsavec xgetbv1 xsaves dtherm ida arat pln pts hwp hwp_notify hwp_act_window hwp_epp md_clear flush_l1d
bugs		: cpu_meltdown spectre_v1 spectre_v2 spec_store_bypass l1tf mds swapgs itlb_multihit srbds
bogomips	: 3600.00
clflush size	: 64
cache_alignment	: 64
address sizes	: 39 bits physical, 48 bits virtual
power management:



Memory: 4k page, physical 16184656k(5261064k free), swap 2097148k(2097148k free)

vm_info: Java HotSpot(TM) 64-Bit Server VM (25.201-b09) for linux-amd64 JRE (1.8.0_201-b09), built on Dec 15 2018 11:35:59 by "java_re" with gcc 7.3.0

time: Sun Aug 23 13:33:38 2020
timezone: CEST
elapsed time: 2 seconds (0d 0h 0m 2s)

