#
# A fatal error has been detected by the Java Runtime Environment:
#
#  SIGSEGV (0xb) at pc=0x00000007c0007fb0, pid=15327, tid=0x00007f727c644700
#
# JRE version: Java(TM) SE Runtime Environment (8.0_201-b09) (build 1.8.0_201-b09)
# Java VM: Java HotSpot(TM) 64-Bit Server VM (25.201-b09 mixed mode linux-amd64 compressed oops)
# Problematic frame:
# C  0x00000007c0007fb0
#
# Failed to write core dump. Core dumps have been disabled. To enable core dumping, try "ulimit -c unlimited" before starting Java again
#
# If you would like to submit a bug report, please visit:
#   http://bugreport.java.com/bugreport/crash.jsp
#

---------------  T H R E A D  ---------------

Current thread (0x00007f728c02c000):  GCTaskThread [stack: 0x00007f727c545000,0x00007f727c645000] [id=15340]

siginfo: si_signo: 11 (SIGSEGV), si_code: 2 (SEGV_ACCERR), si_addr: 0x00000007c0007fb0

Registers:
RAX=0x00000006c93560a8, RBX=0x00007f728c10ab00, RCX=0x0000000000000003, RDX=0x000000077d003ce8
RSP=0x00007f727c643bd8, RBP=0x00007f727c643ca0, RSI=0x00007f728c10ab00, RDI=0x00000007c001f800
R8 =0x00007f729306cd80, R9 =0x000000077d004b0c, R10=0x0000000000000001, R11=0x0000000000000001
R12=0x00007f7293068f8c, R13=0x00007f728c02c000, R14=0x0000000000000000, R15=0x00007f728c10ab00
RIP=0x00000007c0007fb0, EFLAGS=0x0000000000010206, CSGSFS=0x002b000000000033, ERR=0x0000000000000015
  TRAPNO=0x000000000000000e

Top of Stack: (sp=0x00007f727c643bd8)
0x00007f727c643bd8:   00007f7292a15f8f 00007f727c643c40
0x00007f727c643be8:   00000006c900cca0 00007f728c10ab10
0x00007f727c643bf8:   0000000000000004 00007f727c643c70
0x00007f727c643c08:   00007f7292a1eec7 00007f728c1cb780
0x00007f727c643c18:   000000077d003ce8 000000000000005f
0x00007f727c643c28:   00007f728c02d350 00007f728c02d328
0x00007f727c643c38:   00007f7200000000 0000000000000001
0x00007f727c643c48:   20018140cd786700 00007f727c643cd0
0x00007f727c643c58:   00007f7293083a58 00007f7293083a58
0x00007f727c643c68:   0000000000000000 00007f727c643ca0
0x00007f727c643c78:   00007f727c643cd0 00007f728c05c900
0x00007f727c643c88:   00007f728c02c000 0000000000000000
0x00007f727c643c98:   00007f728c10ab00 00007f727c643da0
0x00007f727c643ca8:   00007f72929f813a 00007f727c643d00
0x00007f727c643cb8:   00007f729296c579 00007f728c1cb7e8
0x00007f727c643cc8:   00007f728c026680 00007f7292f97920
0x00007f727c643cd8:   00007f728c026600 00007f728c10ab00
0x00007f727c643ce8:   0000000000000001 00007f7292f97950
0x00007f727c643cf8:   000000018c02c000 00007f727c643cd0
0x00007f727c643d08:   00007f728c02ef7c 0000000000000010
0x00007f727c643d18:   00007f728c02ef50 00007f727c643d60
0x00007f727c643d28:   00007f728c02ef28 00007f728c026660
0x00007f727c643d38:   00007f728c026730 00007f728c026710
0x00007f727c643d48:   00007f729296e03b 00007f728c0265e0
0x00007f727c643d58:   00007f728c0265e0 00007f727c643da0
0x00007f727c643d68:   00007f7292662926 00007f727c643da0
0x00007f727c643d78:   0000000000000001 00007f728c05c900
0x00007f727c643d88:   00007f728c02c000 0000000000000000
0x00007f727c643d98:   00007f729305e188 00007f727c643eb0
0x00007f727c643da8:   00007f7292664666 00000000000003d8
0x00007f727c643db8:   00007f728c02c7c0 00007f728c02cbe8
0x00007f727c643dc8:   00007f728c02c810 00007f727c643e40 

Instructions: (pc=0x00000007c0007fb0)
0x00000007c0007f90:   50 2a 08 53 72 7f 00 00 00 00 00 00 00 00 00 00
0x00000007c0007fa0:   00 00 00 00 00 00 00 00 1c 00 00 00 05 00 00 00
0x00000007c0007fb0:   d0 64 01 93 72 7f 00 00 18 00 00 00 30 00 00 00
0x00000007c0007fc0:   50 a5 b0 93 72 7f 00 00 40 19 00 c0 07 00 00 00 

Register to memory mapping:

RAX=0x00000006c93560a8 is an oop
java.lang.Class 
 - klass: 'java/lang/Class'
RBX=0x00007f728c10ab00 is an unknown value
RCX=0x0000000000000003 is an unknown value
RDX=0x000000077d003ce8 is an oop

[error occurred during error reporting (printing register info), id 0xb]

Stack: [0x00007f727c545000,0x00007f727c645000],  sp=0x00007f727c643bd8,  free space=1018k
Native frames: (J=compiled Java code, j=interpreted, Vv=VM code, C=native code)
C  0x00000007c0007fb0
V  [libjvm.so+0x95713a]  MarkFromRootsTask::do_it(GCTaskManager*, unsigned int)+0x18a
V  [libjvm.so+0x5c3666]  GCTaskThread::run()+0x1b6
V  [libjvm.so+0x90d922]  java_start(Thread*)+0x102


---------------  P R O C E S S  ---------------

Java Threads: ( => current thread )
  0x00007f721c002800 JavaThread "RMI TCP Connection(2)-127.0.0.1" daemon [_thread_in_native, id=15421, stack(0x00007f72289fb000,0x00007f7228afc000)]
  0x00007f728c011000 JavaThread "DestroyJavaVM" [_thread_blocked, id=15328, stack(0x00007f7293bb4000,0x00007f7293cb4000)]
  0x00007f72192eb000 JavaThread "http-nio-8080-Acceptor" daemon [_thread_in_native, id=15417, stack(0x00007f72109e8000,0x00007f7210ae9000)]
  0x00007f72192e9000 JavaThread "http-nio-8080-ClientPoller" daemon [_thread_in_native, id=15416, stack(0x00007f7210ae9000,0x00007f7210bea000)]
  0x00007f72192e7000 JavaThread "http-nio-8080-exec-10" daemon [_thread_blocked, id=15415, stack(0x00007f7210bea000,0x00007f7210ceb000)]
  0x00007f72192e5000 JavaThread "http-nio-8080-exec-9" daemon [_thread_blocked, id=15414, stack(0x00007f7210ceb000,0x00007f7210dec000)]
  0x00007f72192e3000 JavaThread "http-nio-8080-exec-8" daemon [_thread_blocked, id=15413, stack(0x00007f7210dec000,0x00007f7210eed000)]
  0x00007f72192e1000 JavaThread "http-nio-8080-exec-7" daemon [_thread_blocked, id=15412, stack(0x00007f7210eed000,0x00007f7210fee000)]
  0x00007f72192df000 JavaThread "http-nio-8080-exec-6" daemon [_thread_blocked, id=15411, stack(0x00007f7210fee000,0x00007f72110ef000)]
  0x00007f72192dd000 JavaThread "http-nio-8080-exec-5" daemon [_thread_blocked, id=15410, stack(0x00007f72110ef000,0x00007f72111f0000)]
  0x00007f72192db000 JavaThread "http-nio-8080-exec-4" daemon [_thread_blocked, id=15409, stack(0x00007f72111f0000,0x00007f72112f1000)]
  0x00007f72192d9800 JavaThread "http-nio-8080-exec-3" daemon [_thread_blocked, id=15408, stack(0x00007f72112f1000,0x00007f72113f2000)]
  0x00007f72192d8000 JavaThread "http-nio-8080-exec-2" daemon [_thread_blocked, id=15407, stack(0x00007f72113f2000,0x00007f72114f3000)]
  0x00007f72192d6000 JavaThread "http-nio-8080-exec-1" daemon [_thread_blocked, id=15406, stack(0x00007f72114f3000,0x00007f72115f4000)]
  0x00007f72192d5000 JavaThread "http-nio-8080-BlockPoller" daemon [_thread_in_native, id=15405, stack(0x00007f72115f4000,0x00007f72116f5000)]
  0x00007f72192ae800 JavaThread "File Watcher" daemon [_thread_blocked, id=15404, stack(0x00007f7211cf5000,0x00007f7211df6000)]
  0x00007f7218f42000 JavaThread "Live Reload Server" daemon [_thread_in_native, id=15399, stack(0x00007f72129f6000,0x00007f7212af7000)]
  0x00007f7218a2b800 JavaThread "container-0" [_thread_blocked, id=15390, stack(0x00007f7212bf8000,0x00007f7212cf9000)]
  0x00007f71f0002800 JavaThread "Catalina-utility-2" [_thread_blocked, id=15389, stack(0x00007f7212cf9000,0x00007f7212dfa000)]
  0x00007f7218a29000 JavaThread "Catalina-utility-1" [_thread_blocked, id=15388, stack(0x00007f7212dfa000,0x00007f7212efb000)]
  0x00007f72189ea800 JavaThread "HikariPool-1 housekeeper" daemon [_thread_blocked, id=15387, stack(0x00007f7212efb000,0x00007f7212ffc000)]
  0x00007f7218956800 JavaThread "mysql-cj-abandoned-connection-cleanup" daemon [_thread_blocked, id=15386, stack(0x00007f72139fc000,0x00007f7213afd000)]
  0x00007f720c309000 JavaThread "RMI Scheduler(0)" daemon [_thread_blocked, id=15381, stack(0x00007f7213afd000,0x00007f7213bfe000)]
  0x00007f721c001800 JavaThread "RMI TCP Connection(1)-127.0.0.1" daemon [_thread_in_native, id=15380, stack(0x00007f72288fa000,0x00007f72289fb000)]
  0x00007f723c002800 JavaThread "Attach Listener" daemon [_thread_blocked, id=15378, stack(0x00007f7213dfe000,0x00007f7213eff000)]
  0x00007f723c001000 JavaThread "Attach Listener" daemon [_thread_blocked, id=15377, stack(0x00007f7213eff000,0x00007f7214000000)]
  0x00007f728c6f6800 JavaThread "RMI TCP Accept-0" daemon [_thread_in_native, id=15365, stack(0x00007f7228efe000,0x00007f7228fff000)]
  0x00007f728c629800 JavaThread "Service Thread" daemon [_thread_blocked, id=15364, stack(0x00007f7250504000,0x00007f7250605000)]
  0x00007f728c612800 JavaThread "C1 CompilerThread3" daemon [_thread_blocked, id=15363, stack(0x00007f725081e000,0x00007f725091e000)]
  0x00007f728c610000 JavaThread "C2 CompilerThread2" daemon [_thread_blocked, id=15362, stack(0x00007f725091f000,0x00007f7250a1f000)]
  0x00007f728c60e000 JavaThread "C2 CompilerThread1" daemon [_thread_blocked, id=15361, stack(0x00007f7250a20000,0x00007f7250b20000)]
  0x00007f728c60c000 JavaThread "C2 CompilerThread0" daemon [_thread_blocked, id=15360, stack(0x00007f7250b21000,0x00007f7250c21000)]
  0x00007f728c60a000 JavaThread "Monitor Ctrl-Break" daemon [_thread_in_native, id=15359, stack(0x00007f7250c21000,0x00007f7250d22000)]
  0x00007f728c20e000 JavaThread "Signal Dispatcher" daemon [_thread_blocked, id=15358, stack(0x00007f7250f1c000,0x00007f725101d000)]
  0x00007f728c1da800 JavaThread "Finalizer" daemon [_thread_blocked, id=15349, stack(0x00007f725142c000,0x00007f725152d000)]
  0x00007f728c1d8000 JavaThread "Reference Handler" daemon [_thread_blocked, id=15348, stack(0x00007f725152d000,0x00007f725162e000)]

Other Threads:
  0x00007f728c1ce800 VMThread [stack: 0x00007f725162f000,0x00007f725172f000] [id=15346]
  0x00007f728c70d000 WatcherThread [stack: 0x00007f7228dfe000,0x00007f7228efe000] [id=15366]

=>0x00007f728c02c000 (exited) GCTaskThread [stack: 0x00007f727c545000,0x00007f727c645000] [id=15340]

VM state:at safepoint (normal execution)

VM Mutex/Monitor currently owned by a thread:  ([mutex/lock_event])
[0x00007f728c006f60] Threads_lock - owner thread: 0x00007f728c1ce800
[0x00007f728c007460] Heap_lock - owner thread: 0x00007f72192d6000

heap address: 0x00000006c9000000, size: 3952 MB, Compressed Oops mode: Zero based, Oop shift amount: 3
Narrow klass base: 0x0000000000000000, Narrow klass shift: 3
Compressed class space size: 1073741824 Address: 0x00000007c0000000

Heap:
 PSYoungGen      total 265216K, used 13307K [0x000000076db00000, 0x0000000782980000, 0x00000007c0000000)
  eden space 244736K, 0% used [0x000000076db00000,0x000000076db00000,0x000000077ca00000)
  from space 20480K, 64% used [0x000000077ca00000,0x000000077d6fedf8,0x000000077de00000)
  to   space 20480K, 0% used [0x0000000781580000,0x0000000781580000,0x0000000782980000)
 ParOldGen       total 195072K, used 32739K [0x00000006c9000000, 0x00000006d4e80000, 0x000000076db00000)
  object space 195072K, 16% used [0x00000006c9000000,0x00000006caff8e50,0x00000006d4e80000)
 Metaspace       used 55988K, capacity 59068K, committed 59136K, reserved 1099776K
  class space    used 7898K, capacity 8437K, committed 8448K, reserved 1048576K

Card table byte_map: [0x00007f727c847000,0x00007f727d000000] byte_map_base: 0x00007f72791ff000

Marking Bits: (ParMarkBitMap*) 0x00007f729306cd80
 Begin Bits: [0x00007f7260480000, 0x00007f7264240000)
 End Bits:   [0x00007f7264240000, 0x00007f7268000000)

Polling page: 0x00007f7293cdc000

CodeCache: size=245760Kb used=8537Kb max_used=8537Kb free=237222Kb
 bounds [0x00007f727d000000, 0x00007f727d860000, 0x00007f728c000000]
 total_blobs=5053 nmethods=4489 adapters=476
 compilation: enabled

Compilation events (10 events):
Event: 12,483 Thread 0x00007f728c612800 4485       1       com.mysql.cj.MysqlCharset::getMatchingJavaEncoding (39 bytes)
Event: 12,483 Thread 0x00007f728c612800 nmethod 4485 0x00007f727d854d50 code [0x00007f727d854ee0, 0x00007f727d8550e8]
Event: 12,483 Thread 0x00007f728c612800 4486       1       com.mysql.cj.conf.AbstractRuntimeProperty::getInitialValue (5 bytes)
Event: 12,483 Thread 0x00007f728c612800 nmethod 4486 0x00007f727d8551d0 code [0x00007f727d855320, 0x00007f727d855430]
Event: 12,489 Thread 0x00007f728c612800 4487   !   1       com.sun.proxy.$Proxy14::annotation (29 bytes)
Event: 12,490 Thread 0x00007f728c612800 nmethod 4487 0x00007f727d855490 code [0x00007f727d855620, 0x00007f727d855858]
Event: 12,492 Thread 0x00007f728c612800 4488       1       java.util.regex.Pattern$CharProperty::study (29 bytes)
Event: 12,492 Thread 0x00007f728c612800 nmethod 4488 0x00007f727d855990 code [0x00007f727d855b00, 0x00007f727d855c48]
Event: 12,495 Thread 0x00007f728c612800 4489       1       java.util.HashSet::add (20 bytes)
Event: 12,495 Thread 0x00007f728c612800 nmethod 4489 0x00007f727d856310 code [0x00007f727d856480, 0x00007f727d8565e8]

GC Heap History (10 events):
Event: 1,647 GC heap after
Heap after GC invocations=5 (full 1):
 PSYoungGen      total 184832K, used 8960K [0x000000076db00000, 0x000000077e800000, 0x00000007c0000000)
  eden space 175616K, 0% used [0x000000076db00000,0x000000076db00000,0x0000000778680000)
  from space 9216K, 97% used [0x000000077df00000,0x000000077e7c0098,0x000000077e800000)
  to   space 10240K, 0% used [0x000000077d400000,0x000000077d400000,0x000000077de00000)
 ParOldGen       total 113152K, used 10245K [0x00000006c9000000, 0x00000006cfe80000, 0x000000076db00000)
  object space 113152K, 9% used [0x00000006c9000000,0x00000006c9a016c0,0x00000006cfe80000)
 Metaspace       used 25532K, capacity 26768K, committed 26880K, reserved 1073152K
  class space    used 3500K, capacity 3776K, committed 3840K, reserved 1048576K
}
Event: 2,224 GC heap before
{Heap before GC invocations=6 (full 1):
 PSYoungGen      total 184832K, used 177802K [0x000000076db00000, 0x000000077e800000, 0x00000007c0000000)
  eden space 175616K, 96% used [0x000000076db00000,0x0000000777fe2788,0x0000000778680000)
  from space 9216K, 97% used [0x000000077df00000,0x000000077e7c0098,0x000000077e800000)
  to   space 10240K, 0% used [0x000000077d400000,0x000000077d400000,0x000000077de00000)
 ParOldGen       total 113152K, used 10245K [0x00000006c9000000, 0x00000006cfe80000, 0x000000076db00000)
  object space 113152K, 9% used [0x00000006c9000000,0x00000006c9a016c0,0x00000006cfe80000)
 Metaspace       used 33548K, capacity 35446K, committed 35496K, reserved 1079296K
  class space    used 4461K, capacity 4833K, committed 4864K, reserved 1048576K
Event: 2,235 GC heap after
Heap after GC invocations=6 (full 1):
 PSYoungGen      total 249344K, used 10227K [0x000000076db00000, 0x000000077e380000, 0x00000007c0000000)
  eden space 239104K, 0% used [0x000000076db00000,0x000000076db00000,0x000000077c480000)
  from space 10240K, 99% used [0x000000077d400000,0x000000077ddfcdf8,0x000000077de00000)
  to   space 5632K, 0% used [0x000000077de00000,0x000000077de00000,0x000000077e380000)
 ParOldGen       total 113152K, used 14537K [0x00000006c9000000, 0x00000006cfe80000, 0x000000076db00000)
  object space 113152K, 12% used [0x00000006c9000000,0x00000006c9e32460,0x00000006cfe80000)
 Metaspace       used 33548K, capacity 35446K, committed 35496K, reserved 1079296K
  class space    used 4461K, capacity 4833K, committed 4864K, reserved 1048576K
}
Event: 2,235 GC heap before
{Heap before GC invocations=7 (full 2):
 PSYoungGen      total 249344K, used 10227K [0x000000076db00000, 0x000000077e380000, 0x00000007c0000000)
  eden space 239104K, 0% used [0x000000076db00000,0x000000076db00000,0x000000077c480000)
  from space 10240K, 99% used [0x000000077d400000,0x000000077ddfcdf8,0x000000077de00000)
  to   space 5632K, 0% used [0x000000077de00000,0x000000077de00000,0x000000077e380000)
 ParOldGen       total 113152K, used 14537K [0x00000006c9000000, 0x00000006cfe80000, 0x000000076db00000)
  object space 113152K, 12% used [0x00000006c9000000,0x00000006c9e32460,0x00000006cfe80000)
 Metaspace       used 33548K, capacity 35446K, committed 35496K, reserved 1079296K
  class space    used 4461K, capacity 4833K, committed 4864K, reserved 1048576K
Event: 2,301 GC heap after
Heap after GC invocations=7 (full 2):
 PSYoungGen      total 249344K, used 0K [0x000000076db00000, 0x000000077e380000, 0x00000007c0000000)
  eden space 239104K, 0% used [0x000000076db00000,0x000000076db00000,0x000000077c480000)
  from space 10240K, 0% used [0x000000077d400000,0x000000077d400000,0x000000077de00000)
  to   space 5632K, 0% used [0x000000077de00000,0x000000077de00000,0x000000077e380000)
 ParOldGen       total 195072K, used 19109K [0x00000006c9000000, 0x00000006d4e80000, 0x000000076db00000)
  object space 195072K, 9% used [0x00000006c9000000,0x00000006ca2a9588,0x00000006d4e80000)
 Metaspace       used 33548K, capacity 35446K, committed 35496K, reserved 1079296K
  class space    used 4461K, capacity 4833K, committed 4864K, reserved 1048576K
}
Event: 3,594 GC heap before
{Heap before GC invocations=8 (full 2):
 PSYoungGen      total 249344K, used 239104K [0x000000076db00000, 0x000000077e380000, 0x00000007c0000000)
  eden space 239104K, 100% used [0x000000076db00000,0x000000077c480000,0x000000077c480000)
  from space 10240K, 0% used [0x000000077d400000,0x000000077d400000,0x000000077de00000)
  to   space 5632K, 0% used [0x000000077de00000,0x000000077de00000,0x000000077e380000)
 ParOldGen       total 195072K, used 19109K [0x00000006c9000000, 0x00000006d4e80000, 0x000000076db00000)
  object space 195072K, 9% used [0x00000006c9000000,0x00000006ca2a9588,0x00000006d4e80000)
 Metaspace       used 50525K, capacity 53204K, committed 53504K, reserved 1095680K
  class space    used 7125K, capacity 7617K, committed 7680K, reserved 1048576K
Event: 3,606 GC heap after
Heap after GC invocations=8 (full 2):
 PSYoungGen      total 250368K, used 5624K [0x000000076db00000, 0x0000000782f00000, 0x00000007c0000000)
  eden space 244736K, 0% used [0x000000076db00000,0x000000076db00000,0x000000077ca00000)
  from space 5632K, 99% used [0x000000077de00000,0x000000077e37e070,0x000000077e380000)
  to   space 20480K, 0% used [0x000000077ca00000,0x000000077ca00000,0x000000077de00000)
 ParOldGen       total 195072K, used 32731K [0x00000006c9000000, 0x00000006d4e80000, 0x000000076db00000)
  object space 195072K, 16% used [0x00000006c9000000,0x00000006caff6e50,0x00000006d4e80000)
 Metaspace       used 50525K, capacity 53204K, committed 53504K, reserved 1095680K
  class space    used 7125K, capacity 7617K, committed 7680K, reserved 1048576K
}
Event: 12,499 GC heap before
{Heap before GC invocations=9 (full 2):
 PSYoungGen      total 250368K, used 98546K [0x000000076db00000, 0x0000000782f00000, 0x00000007c0000000)
  eden space 244736K, 37% used [0x000000076db00000,0x00000007735beb88,0x000000077ca00000)
  from space 5632K, 99% used [0x000000077de00000,0x000000077e37e070,0x000000077e380000)
  to   space 20480K, 0% used [0x000000077ca00000,0x000000077ca00000,0x000000077de00000)
 ParOldGen       total 195072K, used 32731K [0x00000006c9000000, 0x00000006d4e80000, 0x000000076db00000)
  object space 195072K, 16% used [0x00000006c9000000,0x00000006caff6e50,0x00000006d4e80000)
 Metaspace       used 55988K, capacity 59068K, committed 59136K, reserved 1099776K
  class space    used 7898K, capacity 8437K, committed 8448K, reserved 1048576K
Event: 12,509 GC heap after
Heap after GC invocations=9 (full 2):
 PSYoungGen      total 265216K, used 13307K [0x000000076db00000, 0x0000000782980000, 0x00000007c0000000)
  eden space 244736K, 0% used [0x000000076db00000,0x000000076db00000,0x000000077ca00000)
  from space 20480K, 64% used [0x000000077ca00000,0x000000077d6fedf8,0x000000077de00000)
  to   space 20480K, 0% used [0x0000000781580000,0x0000000781580000,0x0000000782980000)
 ParOldGen       total 195072K, used 32739K [0x00000006c9000000, 0x00000006d4e80000, 0x000000076db00000)
  object space 195072K, 16% used [0x00000006c9000000,0x00000006caff8e50,0x00000006d4e80000)
 Metaspace       used 55988K, capacity 59068K, committed 59136K, reserved 1099776K
  class space    used 7898K, capacity 8437K, committed 8448K, reserved 1048576K
}
Event: 12,509 GC heap before
{Heap before GC invocations=10 (full 3):
 PSYoungGen      total 265216K, used 13307K [0x000000076db00000, 0x0000000782980000, 0x00000007c0000000)
  eden space 244736K, 0% used [0x000000076db00000,0x000000076db00000,0x000000077ca00000)
  from space 20480K, 64% used [0x000000077ca00000,0x000000077d6fedf8,0x000000077de00000)
  to   space 20480K, 0% used [0x0000000781580000,0x0000000781580000,0x0000000782980000)
 ParOldGen       total 195072K, used 32739K [0x00000006c9000000, 0x00000006d4e80000, 0x000000076db00000)
  object space 195072K, 16% used [0x00000006c9000000,0x00000006caff8e50,0x00000006d4e80000)
 Metaspace       used 55988K, capacity 59068K, committed 59136K, reserved 1099776K
  class space    used 7898K, capacity 8437K, committed 8448K, reserved 1048576K

Deoptimization events (0 events):
No events

Classes redefined (0 events):
No events

Internal exceptions (10 events):
Event: 3,788 Thread 0x00007f7214003800 Exception <a 'java/lang/ArrayIndexOutOfBoundsException'> (0x000000076fc471d0) thrown at [/HUDSON/workspace/8-2-build-linux-amd64/jdk8u201/12317/hotspot/src/share/vm/runtime/sharedRuntime.cpp, line 605]
Event: 3,788 Thread 0x00007f7214003800 Exception <a 'java/lang/ArrayIndexOutOfBoundsException'> (0x000000076fc482f0) thrown at [/HUDSON/workspace/8-2-build-linux-amd64/jdk8u201/12317/hotspot/src/share/vm/runtime/sharedRuntime.cpp, line 605]
Event: 3,814 Thread 0x00007f7214003800 Exception <a 'java/lang/IncompatibleClassChangeError': Found class java.lang.Object, but interface was expected> (0x000000076ff1db90) thrown at [/HUDSON/workspace/8-2-build-linux-amd64/jdk8u201/12317/hotspot/src/share/vm/interpreter/linkResolver.cpp, line
Event: 3,857 Thread 0x00007f7214003800 Exception <a 'java/lang/ArrayIndexOutOfBoundsException'> (0x0000000770573a10) thrown at [/HUDSON/workspace/8-2-build-linux-amd64/jdk8u201/12317/hotspot/src/share/vm/runtime/sharedRuntime.cpp, line 605]
Event: 3,859 Thread 0x00007f7214003800 Exception <a 'java/lang/ArrayIndexOutOfBoundsException'> (0x00000007705904e0) thrown at [/HUDSON/workspace/8-2-build-linux-amd64/jdk8u201/12317/hotspot/src/share/vm/runtime/sharedRuntime.cpp, line 605]
Event: 3,860 Thread 0x00007f7214003800 Exception <a 'java/lang/ArrayIndexOutOfBoundsException'> (0x0000000770594760) thrown at [/HUDSON/workspace/8-2-build-linux-amd64/jdk8u201/12317/hotspot/src/share/vm/runtime/sharedRuntime.cpp, line 605]
Event: 3,888 Thread 0x00007f7214003800 Exception <a 'java/lang/ArrayIndexOutOfBoundsException'> (0x0000000770a0f410) thrown at [/HUDSON/workspace/8-2-build-linux-amd64/jdk8u201/12317/hotspot/src/share/vm/runtime/sharedRuntime.cpp, line 605]
Event: 12,441 Thread 0x00007f72192d6000 Exception <a 'java/lang/NoSuchMethodError': java.lang.Object.lambda$mapIfAllPresent$6(Ljava/util/Optional;Ljava/util/function/BiFunction;Ljava/lang/Object;)Ljava/util/Optional;> (0x0000000772f1aa38) thrown at [/HUDSON/workspace/8-2-build-linux-amd64/jdk8u
Event: 12,441 Thread 0x00007f72192d6000 Exception <a 'java/lang/NoSuchMethodError': java.lang.Object.lambda$null$5(Ljava/util/function/BiFunction;Ljava/lang/Object;Ljava/lang/Object;)Ljava/lang/Object;> (0x0000000772f1f6c8) thrown at [/HUDSON/workspace/8-2-build-linux-amd64/jdk8u201/12317/hotsp
Event: 12,484 Thread 0x00007f72192d6000 Exception <a 'java/lang/ArrayIndexOutOfBoundsException'> (0x00000007734649e8) thrown at [/HUDSON/workspace/8-2-build-linux-amd64/jdk8u201/12317/hotspot/src/share/vm/runtime/sharedRuntime.cpp, line 605]

Events (10 events):
Event: 12,497 loading class com/fasterxml/jackson/databind/introspect/AnnotationCollector$EmptyCollector done
Event: 12,497 loading class com/fasterxml/jackson/databind/introspect/POJOPropertiesCollector
Event: 12,497 loading class com/fasterxml/jackson/databind/introspect/POJOPropertiesCollector done
Event: 12,498 loading class com/fasterxml/jackson/annotation/JsonAutoDetect
Event: 12,498 loading class com/fasterxml/jackson/annotation/JsonAutoDetect done
Event: 12,498 loading class com/fasterxml/jackson/annotation/JsonIdentityInfo
Event: 12,498 loading class com/fasterxml/jackson/annotation/JsonIdentityInfo done
Event: 12,499 loading class com/fasterxml/jackson/databind/JsonSerializer$None
Event: 12,499 loading class com/fasterxml/jackson/databind/JsonSerializer$None done
Event: 12,499 Executing VM operation: CollectForMetadataAllocation


Dynamic libraries:
00400000-00401000 r-xp 00000000 08:02 15466874                           /usr/lib/jvm/java-8-oracle/bin/java
00600000-00601000 r--p 00000000 08:02 15466874                           /usr/lib/jvm/java-8-oracle/bin/java
00601000-00602000 rw-p 00001000 08:02 15466874                           /usr/lib/jvm/java-8-oracle/bin/java
01c52000-01c73000 rw-p 00000000 00:00 0                                  [heap]
6c9000000-6d4e80000 rw-p 00000000 00:00 0 
6d4e80000-76db00000 ---p 00000000 00:00 0 
76db00000-782980000 rw-p 00000000 00:00 0 
782980000-7c0000000 ---p 00000000 00:00 0 
7c0000000-7c0840000 rw-p 00000000 00:00 0 
7c0840000-800000000 ---p 00000000 00:00 0 
7f71a8000000-7f71a8021000 rw-p 00000000 00:00 0 
7f71a8021000-7f71ac000000 ---p 00000000 00:00 0 
7f71ac000000-7f71ac021000 rw-p 00000000 00:00 0 
7f71ac021000-7f71b0000000 ---p 00000000 00:00 0 
7f71b0000000-7f71b0021000 rw-p 00000000 00:00 0 
7f71b0021000-7f71b4000000 ---p 00000000 00:00 0 
7f71b4000000-7f71b4021000 rw-p 00000000 00:00 0 
7f71b4021000-7f71b8000000 ---p 00000000 00:00 0 
7f71b8000000-7f71b8021000 rw-p 00000000 00:00 0 
7f71b8021000-7f71bc000000 ---p 00000000 00:00 0 
7f71bc000000-7f71bc021000 rw-p 00000000 00:00 0 
7f71bc021000-7f71c0000000 ---p 00000000 00:00 0 
7f71c0000000-7f71c0021000 rw-p 00000000 00:00 0 
7f71c0021000-7f71c4000000 ---p 00000000 00:00 0 
7f71c4000000-7f71c4021000 rw-p 00000000 00:00 0 
7f71c4021000-7f71c8000000 ---p 00000000 00:00 0 
7f71c8000000-7f71c8021000 rw-p 00000000 00:00 0 
7f71c8021000-7f71cc000000 ---p 00000000 00:00 0 
7f71cc000000-7f71cc021000 rw-p 00000000 00:00 0 
7f71cc021000-7f71d0000000 ---p 00000000 00:00 0 
7f71d0000000-7f71d0021000 rw-p 00000000 00:00 0 
7f71d0021000-7f71d4000000 ---p 00000000 00:00 0 
7f71d4000000-7f71d4021000 rw-p 00000000 00:00 0 
7f71d4021000-7f71d8000000 ---p 00000000 00:00 0 
7f71d8000000-7f71d8021000 rw-p 00000000 00:00 0 
7f71d8021000-7f71dc000000 ---p 00000000 00:00 0 
7f71dc000000-7f71dc0df000 rw-p 00000000 00:00 0 
7f71dc0df000-7f71e0000000 ---p 00000000 00:00 0 
7f71e0000000-7f71e0021000 rw-p 00000000 00:00 0 
7f71e0021000-7f71e4000000 ---p 00000000 00:00 0 
7f71e4000000-7f71e4021000 rw-p 00000000 00:00 0 
7f71e4021000-7f71e8000000 ---p 00000000 00:00 0 
7f71e8000000-7f71e8021000 rw-p 00000000 00:00 0 
7f71e8021000-7f71ec000000 ---p 00000000 00:00 0 
7f71ec000000-7f71ec021000 rw-p 00000000 00:00 0 
7f71ec021000-7f71f0000000 ---p 00000000 00:00 0 
7f71f0000000-7f71f0021000 rw-p 00000000 00:00 0 
7f71f0021000-7f71f4000000 ---p 00000000 00:00 0 
7f71f4000000-7f71f4021000 rw-p 00000000 00:00 0 
7f71f4021000-7f71f8000000 ---p 00000000 00:00 0 
7f71f8000000-7f71f8021000 rw-p 00000000 00:00 0 
7f71f8021000-7f71fc000000 ---p 00000000 00:00 0 
7f71fc000000-7f71fc021000 rw-p 00000000 00:00 0 
7f71fc021000-7f7200000000 ---p 00000000 00:00 0 
7f7200000000-7f7200021000 rw-p 00000000 00:00 0 
7f7200021000-7f7204000000 ---p 00000000 00:00 0 
7f7204000000-7f7204021000 rw-p 00000000 00:00 0 
7f7204021000-7f7208000000 ---p 00000000 00:00 0 
7f7208000000-7f7208021000 rw-p 00000000 00:00 0 
7f7208021000-7f720c000000 ---p 00000000 00:00 0 
7f720c000000-7f720c361000 rw-p 00000000 00:00 0 
7f720c361000-7f7210000000 ---p 00000000 00:00 0 
7f72106e7000-7f7210867000 rw-p 00000000 00:00 0 
7f7210867000-7f72108ea000 ---p 00000000 00:00 0 
7f72108ea000-7f72109e8000 rw-p 00000000 00:00 0 
7f72109e8000-7f72109eb000 ---p 00000000 00:00 0 
7f72109eb000-7f7210ae9000 rw-p 00000000 00:00 0 
7f7210ae9000-7f7210aec000 ---p 00000000 00:00 0 
7f7210aec000-7f7210bea000 rw-p 00000000 00:00 0 
7f7210bea000-7f7210bed000 ---p 00000000 00:00 0 
7f7210bed000-7f7210ceb000 rw-p 00000000 00:00 0 
7f7210ceb000-7f7210cee000 ---p 00000000 00:00 0 
7f7210cee000-7f7210dec000 rw-p 00000000 00:00 0 
7f7210dec000-7f7210def000 ---p 00000000 00:00 0 
7f7210def000-7f7210eed000 rw-p 00000000 00:00 0 
7f7210eed000-7f7210ef0000 ---p 00000000 00:00 0 
7f7210ef0000-7f7210fee000 rw-p 00000000 00:00 0 
7f7210fee000-7f7210ff1000 ---p 00000000 00:00 0 
7f7210ff1000-7f72110ef000 rw-p 00000000 00:00 0 
7f72110ef000-7f72110f2000 ---p 00000000 00:00 0 
7f72110f2000-7f72111f0000 rw-p 00000000 00:00 0 
7f72111f0000-7f72111f3000 ---p 00000000 00:00 0 
7f72111f3000-7f72112f1000 rw-p 00000000 00:00 0 
7f72112f1000-7f72112f4000 ---p 00000000 00:00 0 
7f72112f4000-7f72113f2000 rw-p 00000000 00:00 0 
7f72113f2000-7f72113f5000 ---p 00000000 00:00 0 
7f72113f5000-7f72114f3000 rw-p 00000000 00:00 0 
7f72114f3000-7f72114f6000 ---p 00000000 00:00 0 
7f72114f6000-7f72115f4000 rw-p 00000000 00:00 0 
7f72115f4000-7f72115f7000 ---p 00000000 00:00 0 
7f72115f7000-7f72118f5000 rw-p 00000000 00:00 0 
7f72118f5000-7f7211af5000 rw-p 00000000 00:00 0 
7f7211af5000-7f7211cf5000 rw-p 00000000 00:00 0 
7f7211cf5000-7f7211cf8000 ---p 00000000 00:00 0 
7f7211cf8000-7f7211ff6000 rw-p 00000000 00:00 0 
7f7211ff6000-7f72121f6000 rw-p 00000000 00:00 0 
7f72121f6000-7f72123f6000 rw-p 00000000 00:00 0 
7f72123f6000-7f72125f6000 rw-p 00000000 00:00 0 
7f72125f6000-7f72127f6000 rw-p 00000000 00:00 0 
7f72127f6000-7f72129f6000 rw-p 00000000 00:00 0 
7f72129f6000-7f72129f9000 ---p 00000000 00:00 0 
7f72129f9000-7f7212af7000 rw-p 00000000 00:00 0 
7f7212af7000-7f7212afa000 ---p 00000000 00:00 0 
7f7212afa000-7f7212bf8000 rw-p 00000000 00:00 0 
7f7212bf8000-7f7212bfb000 ---p 00000000 00:00 0 
7f7212bfb000-7f7212cf9000 rw-p 00000000 00:00 0 
7f7212cf9000-7f7212cfc000 ---p 00000000 00:00 0 
7f7212cfc000-7f7212dfa000 rw-p 00000000 00:00 0 
7f7212dfa000-7f7212dfd000 ---p 00000000 00:00 0 
7f7212dfd000-7f7212efb000 rw-p 00000000 00:00 0 
7f7212efb000-7f7212efe000 ---p 00000000 00:00 0 
7f7212efe000-7f72131fc000 rw-p 00000000 00:00 0 
7f72131fc000-7f72133fc000 rw-p 00000000 00:00 0 
7f72133fc000-7f72135fc000 rw-p 00000000 00:00 0 
7f72135fc000-7f72137fc000 rw-p 00000000 00:00 0 
7f72137fc000-7f72139fc000 rw-p 00000000 00:00 0 
7f72139fc000-7f72139ff000 ---p 00000000 00:00 0 
7f72139ff000-7f7213afd000 rw-p 00000000 00:00 0 
7f7213afd000-7f7213b00000 ---p 00000000 00:00 0 
7f7213b00000-7f7213dfe000 rw-p 00000000 00:00 0 
7f7213dfe000-7f7213e01000 ---p 00000000 00:00 0 
7f7213e01000-7f7213eff000 rw-p 00000000 00:00 0 
7f7213eff000-7f7213f02000 ---p 00000000 00:00 0 
7f7213f02000-7f7214000000 rw-p 00000000 00:00 0 
7f7214000000-7f7214021000 rw-p 00000000 00:00 0 
7f7214021000-7f7218000000 ---p 00000000 00:00 0 
7f7218000000-7f721930f000 rw-p 00000000 00:00 0 
7f721930f000-7f721c000000 ---p 00000000 00:00 0 
7f721c000000-7f721c021000 rw-p 00000000 00:00 0 
7f721c021000-7f7220000000 ---p 00000000 00:00 0 
7f7220000000-7f7220021000 rw-p 00000000 00:00 0 
7f7220021000-7f7224000000 ---p 00000000 00:00 0 
7f7224000000-7f7224021000 rw-p 00000000 00:00 0 
7f7224021000-7f7228000000 ---p 00000000 00:00 0 
7f7228064000-7f7228264000 rw-p 00000000 00:00 0 
7f7228264000-7f7228464000 rw-p 00000000 00:00 0 
7f7228464000-7f7228664000 rw-p 00000000 00:00 0 
7f7228664000-7f72286fa000 r--s 0110e000 08:02 398684                     /usr/lib/jvm/java-8-oracle/jre/lib/ext/jfxrt.jar
7f72286fa000-7f72288fa000 rw-p 00000000 00:00 0 
7f72288fa000-7f72288fd000 ---p 00000000 00:00 0 
7f72288fd000-7f72289fb000 rw-p 00000000 00:00 0 
7f72289fb000-7f72289fe000 ---p 00000000 00:00 0 
7f72289fe000-7f7228afc000 rw-p 00000000 00:00 0 
7f7228afc000-7f7228aff000 ---p 00000000 00:00 0 
7f7228aff000-7f7228dfd000 rw-p 00000000 00:00 0 
7f7228dfd000-7f7228dfe000 ---p 00000000 00:00 0 
7f7228dfe000-7f7228efe000 rw-p 00000000 00:00 0 
7f7228efe000-7f7228f01000 ---p 00000000 00:00 0 
7f7228f01000-7f722c000000 rw-p 00000000 00:00 0 
7f722c000000-7f722c021000 rw-p 00000000 00:00 0 
7f722c021000-7f7230000000 ---p 00000000 00:00 0 
7f7230000000-7f7230435000 rw-p 00000000 00:00 0 
7f7230435000-7f7234000000 ---p 00000000 00:00 0 
7f7234000000-7f723404e000 rw-p 00000000 00:00 0 
7f723404e000-7f7238000000 ---p 00000000 00:00 0 
7f7238000000-7f7238021000 rw-p 00000000 00:00 0 
7f7238021000-7f723c000000 ---p 00000000 00:00 0 
7f723c000000-7f723c021000 rw-p 00000000 00:00 0 
7f723c021000-7f7240000000 ---p 00000000 00:00 0 
7f7240000000-7f7240043000 rw-p 00000000 00:00 0 
7f7240043000-7f7244000000 ---p 00000000 00:00 0 
7f7244000000-7f7244021000 rw-p 00000000 00:00 0 
7f7244021000-7f7248000000 ---p 00000000 00:00 0 
7f7248000000-7f7248021000 rw-p 00000000 00:00 0 
7f7248021000-7f724c000000 ---p 00000000 00:00 0 
7f724c000000-7f724c021000 rw-p 00000000 00:00 0 
7f724c021000-7f7250000000 ---p 00000000 00:00 0 
7f725008a000-7f725008f000 r--s 002f9000 08:02 398620                     /usr/lib/jvm/java-8-oracle/jre/lib/charsets.jar
7f725008f000-7f7250092000 r--s 0001a000 08:02 398697                     /usr/lib/jvm/java-8-oracle/jre/lib/jce.jar
7f7250092000-7f725009c000 r--s 00116000 08:02 398690                     /usr/lib/jvm/java-8-oracle/jre/lib/ext/localedata.jar
7f725009c000-7f72500b8000 r--s 00393000 08:02 398683                     /usr/lib/jvm/java-8-oracle/jre/lib/ext/cldrdata.jar
7f72500b8000-7f72500bf000 r--s 00000000 08:02 140816                     /usr/lib/x86_64-linux-gnu/gconv/gconv-modules.cache
7f72500bf000-7f72500e4000 r--p 00000000 08:02 789022                     /usr/share/locale-langpack/pl/LC_MESSAGES/libc.mo
7f72500e4000-7f72500e8000 r--s 000a1000 08:02 398679                     /usr/lib/jvm/java-8-oracle/jre/lib/jsse.jar
7f72500e8000-7f72500f9000 r-xp 00000000 08:02 526091                     /usr/lib/jvm/java-8-oracle/jre/lib/amd64/libnio.so
7f72500f9000-7f72502f8000 ---p 00011000 08:02 526091                     /usr/lib/jvm/java-8-oracle/jre/lib/amd64/libnio.so
7f72502f8000-7f72502f9000 r--p 00010000 08:02 526091                     /usr/lib/jvm/java-8-oracle/jre/lib/amd64/libnio.so
7f72502f9000-7f72502fa000 rw-p 00011000 08:02 526091                     /usr/lib/jvm/java-8-oracle/jre/lib/amd64/libnio.so
7f72502fa000-7f7250303000 r-xp 00000000 08:02 526187                     /usr/lib/jvm/java-8-oracle/jre/lib/amd64/libmanagement.so
7f7250303000-7f7250502000 ---p 00009000 08:02 526187                     /usr/lib/jvm/java-8-oracle/jre/lib/amd64/libmanagement.so
7f7250502000-7f7250503000 r--p 00008000 08:02 526187                     /usr/lib/jvm/java-8-oracle/jre/lib/amd64/libmanagement.so
7f7250503000-7f7250504000 rw-p 00009000 08:02 526187                     /usr/lib/jvm/java-8-oracle/jre/lib/amd64/libmanagement.so
7f7250504000-7f7250507000 ---p 00000000 00:00 0 
7f7250507000-7f7250605000 rw-p 00000000 00:00 0 
7f7250605000-7f725061b000 r-xp 00000000 08:02 525933                     /usr/lib/jvm/java-8-oracle/jre/lib/amd64/libnet.so
7f725061b000-7f725081b000 ---p 00016000 08:02 525933                     /usr/lib/jvm/java-8-oracle/jre/lib/amd64/libnet.so
7f725081b000-7f725081c000 r--p 00016000 08:02 525933                     /usr/lib/jvm/java-8-oracle/jre/lib/amd64/libnet.so
7f725081c000-7f725081d000 rw-p 00017000 08:02 525933                     /usr/lib/jvm/java-8-oracle/jre/lib/amd64/libnet.so
7f725081d000-7f725081e000 ---p 00000000 00:00 0 
7f725081e000-7f7250821000 ---p 00000000 00:00 0 
7f7250821000-7f725091e000 rw-p 00000000 00:00 0 
7f725091e000-7f725091f000 ---p 00000000 00:00 0 
7f725091f000-7f7250922000 ---p 00000000 00:00 0 
7f7250922000-7f7250a1f000 rw-p 00000000 00:00 0 
7f7250a1f000-7f7250a20000 ---p 00000000 00:00 0 
7f7250a20000-7f7250a23000 ---p 00000000 00:00 0 
7f7250a23000-7f7250b20000 rw-p 00000000 00:00 0 
7f7250b20000-7f7250b21000 ---p 00000000 00:00 0 
7f7250b21000-7f7250b24000 ---p 00000000 00:00 0 
7f7250b24000-7f7250c21000 rw-p 00000000 00:00 0 
7f7250c21000-7f7250c24000 ---p 00000000 00:00 0 
7f7250c24000-7f7250d22000 rw-p 00000000 00:00 0 
7f7250d22000-7f7250d24000 r--s 0001d000 07:2d 856                        /snap/intellij-idea-ultimate/242/lib/idea_rt.jar
7f7250d24000-7f7250d4c000 r--s 0012c000 08:02 6818511                    /home/rafal/.m2/repository/org/springframework/boot/spring-boot-autoconfigure/2.2.3.RELEASE/spring-boot-autoconfigure-2.2.3.RELEASE.jar
7f7250d4c000-7f7250d63000 r--s 000e8000 08:02 6818537                    /home/rafal/.m2/repository/org/springframework/boot/spring-boot/2.2.3.RELEASE/spring-boot-2.2.3.RELEASE.jar
7f7250d63000-7f7250d69000 r--s 00030000 08:02 5900992                    /home/rafal/.m2/repository/org/springframework/boot/spring-boot-devtools/2.2.2.RELEASE/spring-boot-devtools-2.2.2.RELEASE.jar
7f7250d69000-7f7250d83000 r--s 0022d000 08:02 10749887                   /home/rafal/.m2/repository/mysql/mysql-connector-java/8.0.20/mysql-connector-java-8.0.20.jar
7f7250d83000-7f7250d85000 r--s 0000a000 08:02 7345456                    /home/rafal/.m2/repository/org/springframework/spring-aspects/5.2.3.RELEASE/spring-aspects-5.2.3.RELEASE.jar
7f7250d85000-7f7250d8e000 r--s 00044000 08:02 6951845                    /home/rafal/.m2/repository/org/springframework/spring-tx/5.2.3.RELEASE/spring-tx-5.2.3.RELEASE.jar
7f7250d8e000-7f7250d93000 r--s 0002d000 08:02 7217514                    /home/rafal/.m2/repository/org/springframework/spring-orm/5.2.3.RELEASE/spring-orm-5.2.3.RELEASE.jar
7f7250d93000-7f7250dac000 r--s 00110000 08:02 7217510                    /home/rafal/.m2/repository/org/springframework/data/spring-data-commons/2.2.4.RELEASE/spring-data-commons-2.2.4.RELEASE.jar
7f7250dac000-7f7250db5000 r--s 00051000 08:02 7089019                    /home/rafal/.m2/repository/org/springframework/data/spring-data-jpa/2.2.4.RELEASE/spring-data-jpa-2.2.4.RELEASE.jar
7f7250db5000-7f7250dba000 r--s 00049000 08:02 8783842                    /home/rafal/.m2/repository/com/sun/xml/fastinfoset/FastInfoset/1.2.16/FastInfoset-1.2.16.jar
7f7250dba000-7f7250dbc000 r--s 00008000 08:02 8783840                    /home/rafal/.m2/repository/org/jvnet/staxex/stax-ex/1.8.1/stax-ex-1.8.1.jar
7f7250dbc000-7f7250dbe000 r--s 00005000 08:02 8783838                    /home/rafal/.m2/repository/com/sun/istack/istack-commons-runtime/3.0.8/istack-commons-runtime-3.0.8.jar
7f7250dbe000-7f7250dc0000 r--s 00010000 08:02 8783836                    /home/rafal/.m2/repository/org/glassfish/jaxb/txw2/2.3.2/txw2-2.3.2.jar
7f7250dc0000-7f7250dd5000 r--s 000e3000 08:02 8783834                    /home/rafal/.m2/repository/org/glassfish/jaxb/jaxb-runtime/2.3.2/jaxb-runtime-2.3.2.jar
7f7250dd5000-7f7250dd8000 r--s 00010000 08:02 6953306                    /home/rafal/.m2/repository/org/hibernate/common/hibernate-commons-annotations/5.1.0.Final/hibernate-commons-annotations-5.1.0.Final.jar
7f7250dd8000-7f7250ddd000 r--s 0004b000 08:02 5374282                    /home/rafal/.m2/repository/org/dom4j/dom4j/2.1.1/dom4j-2.1.1.jar
7f7250ddd000-7f7250ddf000 r--s 0000f000 08:02 8783846                    /home/rafal/.m2/repository/com/fasterxml/classmate/1.5.1/classmate-1.5.1.jar
7f7250ddf000-7f7250de2000 r--s 0002d000 08:02 6160835                    /home/rafal/.m2/repository/org/jboss/jandex/2.1.1.Final/jandex-2.1.1.Final.jar
7f7250de2000-7f7250de7000 r--s 00068000 08:02 3932658                    /home/rafal/.m2/repository/antlr/antlr/2.7.7/antlr-2.7.7.jar
7f7250de7000-7f7250df1000 r--s 000b4000 08:02 6953302                    /home/rafal/.m2/repository/org/javassist/javassist/3.24.0-GA/javassist-3.24.0-GA.jar
7f7250df1000-7f7250df3000 r--s 0000d000 08:02 6160881                    /home/rafal/.m2/repository/org/jboss/logging/jboss-logging/3.4.1.Final/jboss-logging-3.4.1.Final.jar
7f7250df3000-7f7250e78000 r--s 0064f000 08:02 6951843                    /home/rafal/.m2/repository/org/hibernate/hibernate-core/5.4.10.Final/hibernate-core-5.4.10.Final.jar
7f7250e78000-7f7250e7e000 r--s 00023000 08:02 6160825                    /home/rafal/.m2/repository/jakarta/persistence/jakarta.persistence-api/2.2.3/jakarta.persistence-api-2.2.3.jar
7f7250e7e000-7f7250e80000 r--s 00009000 08:02 6160897                    /home/rafal/.m2/repository/jakarta/activation/jakarta.activation-api/1.2.1/jakarta.activation-api-1.2.1.jar
7f7250e80000-7f7250e8a000 r--s 0005a000 08:02 6818560                    /home/rafal/.m2/repository/org/springframework/spring-jdbc/5.2.3.RELEASE/spring-jdbc-5.2.3.RELEASE.jar
7f7250e8a000-7f7250e8d000 r--s 00023000 08:02 6818556                    /home/rafal/.m2/repository/com/zaxxer/HikariCP/3.4.2/HikariCP-3.4.2.jar
7f7250e8d000-7f7250ea6000 r--s 001da000 08:02 6160847                    /home/rafal/.m2/repository/org/aspectj/aspectjweaver/1.9.5/aspectjweaver-1.9.5.jar
7f7250ea6000-7f7250eb9000 r--s 00201000 08:02 9702334                    /home/rafal/.m2/repository/com/h2database/h2/1.4.199/h2-1.4.199.jar
7f7250eb9000-7f7250ec8000 r--s 0007c000 08:02 9702230                    /home/rafal/.m2/repository/org/springframework/security/spring-security-web/5.2.1.RELEASE/spring-security-web-5.2.1.RELEASE.jar
7f7250ec8000-7f7250ed4000 r--s 00061000 08:02 9702227                    /home/rafal/.m2/repository/org/springframework/security/spring-security-core/5.2.1.RELEASE/spring-security-core-5.2.1.RELEASE.jar
7f7250ed4000-7f7250f1c000 r--s 002e9000 08:02 8652300                    /home/rafal/.m2/repository/net/bytebuddy/byte-buddy/1.10.6/byte-buddy-1.10.6.jar
7f7250f1c000-7f7250f1f000 ---p 00000000 00:00 0 
7f7250f1f000-7f725101d000 rw-p 00000000 00:00 0 
7f725101d000-7f725142c000 r--p 00000000 08:02 15337430                   /usr/lib/locale/locale-archive
7f725142c000-7f725142f000 ---p 00000000 00:00 0 
7f725142f000-7f725152d000 rw-p 00000000 00:00 0 
7f725152d000-7f7251530000 ---p 00000000 00:00 0 
7f7251530000-7f725162e000 rw-p 00000000 00:00 0 
7f725162e000-7f725162f000 ---p 00000000 00:00 0 
7f725162f000-7f7254000000 rw-p 00000000 00:00 0 
7f7254000000-7f7254021000 rw-p 00000000 00:00 0 
7f7254021000-7f7258000000 ---p 00000000 00:00 0 
7f7258000000-7f7258021000 rw-p 00000000 00:00 0 
7f7258021000-7f725c000000 ---p 00000000 00:00 0 
7f725c000000-7f725c021000 rw-p 00000000 00:00 0 
7f725c021000-7f7260000000 ---p 00000000 00:00 0 
7f7260000000-7f7260001000 r--s 00003000 08:02 6160827                    /home/rafal/.m2/repository/jakarta/transaction/jakarta.transaction-api/1.3.3/jakarta.transaction-api-1.3.3.jar
7f7260001000-7f7260002000 r--s 00000000 08:02 6689449                    /home/rafal/.m2/repository/org/springframework/boot/spring-boot-starter-jdbc/2.2.3.RELEASE/spring-boot-starter-jdbc-2.2.3.RELEASE.jar
7f7260002000-7f7260003000 r--s 00000000 08:02 6689448                    /home/rafal/.m2/repository/org/springframework/boot/spring-boot-starter-aop/2.2.3.RELEASE/spring-boot-starter-aop-2.2.3.RELEASE.jar
7f7260003000-7f7260011000 r--s 000c4000 08:02 9702231                    /home/rafal/.m2/repository/org/springframework/security/spring-security-config/5.2.1.RELEASE/spring-security-config-5.2.1.RELEASE.jar
7f7260011000-7f726001a000 r--s 00052000 08:02 6818505                    /home/rafal/.m2/repository/org/springframework/spring-aop/5.2.3.RELEASE/spring-aop-5.2.3.RELEASE.jar
7f726001a000-7f7260035000 r--s 00144000 08:02 6818523                    /home/rafal/.m2/repository/org/springframework/spring-core/5.2.3.RELEASE/spring-core-5.2.3.RELEASE.jar
7f7260035000-7f726004c000 r--s 00198000 08:02 4068001                    /home/rafal/.m2/repository/org/projectlombok/lombok/1.18.10/lombok-1.18.10.jar
7f726004c000-7f7260068000 r--s 0010f000 08:02 6818508                    /home/rafal/.m2/repository/org/springframework/spring-context/5.2.3.RELEASE/spring-context-5.2.3.RELEASE.jar
7f7260068000-7f726007b000 r--s 000d5000 08:02 8390895                    /home/rafal/.m2/repository/org/springframework/spring-webmvc/5.2.3.RELEASE/spring-webmvc-5.2.3.RELEASE.jar
7f726007b000-7f7260088000 r--s 0009b000 08:02 6818536                    /home/rafal/.m2/repository/org/springframework/spring-beans/5.2.3.RELEASE/spring-beans-5.2.3.RELEASE.jar
7f7260088000-7f72600a4000 r--s 00141000 08:02 6818522                    /home/rafal/.m2/repository/org/springframework/spring-web/5.2.3.RELEASE/spring-web-5.2.3.RELEASE.jar
7f72600a4000-7f72602a6000 rw-p 00000000 00:00 0 
7f72602a6000-7f7260480000 r--s 03d6f000 08:02 398622                     /usr/lib/jvm/java-8-oracle/jre/lib/rt.jar
7f7260480000-7f7268000000 rw-p 00000000 00:00 0 
7f7268000000-7f7268021000 rw-p 00000000 00:00 0 
7f7268021000-7f726c000000 ---p 00000000 00:00 0 
7f726c000000-7f726c021000 rw-p 00000000 00:00 0 
7f726c021000-7f7270000000 ---p 00000000 00:00 0 
7f7270000000-7f7270021000 rw-p 00000000 00:00 0 
7f7270021000-7f7274000000 ---p 00000000 00:00 0 
7f7274000000-7f727429c000 rw-p 00000000 00:00 0 
7f727429c000-7f7278000000 ---p 00000000 00:00 0 
7f7278000000-7f7278021000 rw-p 00000000 00:00 0 
7f7278021000-7f727c000000 ---p 00000000 00:00 0 
7f727c000000-7f727c001000 r--s 00000000 08:02 6160811                    /home/rafal/.m2/repository/org/springframework/boot/spring-boot-starter-data-jpa/2.2.2.RELEASE/spring-boot-starter-data-jpa-2.2.2.RELEASE.jar
7f727c001000-7f727c002000 r--s 00000000 08:02 9702225                    /home/rafal/.m2/repository/org/springframework/boot/spring-boot-starter-security/2.2.2.RELEASE/spring-boot-starter-security-2.2.2.RELEASE.jar
7f727c002000-7f727c003000 r--s 00005000 08:02 6818507                    /home/rafal/.m2/repository/org/springframework/spring-jcl/5.2.3.RELEASE/spring-jcl-5.2.3.RELEASE.jar
7f727c003000-7f727c007000 r--s 00019000 08:02 6160895                    /home/rafal/.m2/repository/jakarta/xml/bind/jakarta.xml.bind-api/2.3.2/jakarta.xml.bind-api-2.3.2.jar
7f727c007000-7f727c00c000 r--s 00040000 08:02 6818532                    /home/rafal/.m2/repository/org/springframework/spring-expression/5.2.3.RELEASE/spring-expression-5.2.3.RELEASE.jar
7f727c00c000-7f727c029000 r--s 000fe000 08:02 5515049                    /home/rafal/.m2/repository/org/hibernate/validator/hibernate-validator/6.0.18.Final/hibernate-validator-6.0.18.Final.jar
7f727c029000-7f727c02e000 r--s 00012000 08:02 8271150                    /home/rafal/.m2/repository/jakarta/validation/jakarta.validation-api/2.0.2/jakarta.validation-api-2.0.2.jar
7f727c02e000-7f727c02f000 r--s 00000000 08:02 8134159                    /home/rafal/.m2/repository/org/springframework/boot/spring-boot-starter-validation/2.2.3.RELEASE/spring-boot-starter-validation-2.2.3.RELEASE.jar
7f727c02f000-7f727c034000 r--s 0003c000 08:02 7867308                    /home/rafal/.m2/repository/org/apache/tomcat/embed/tomcat-embed-websocket/9.0.30/tomcat-embed-websocket-9.0.30.jar
7f727c034000-7f727c039000 r--s 0003a000 08:02 7607190                    /home/rafal/.m2/repository/org/apache/tomcat/embed/tomcat-embed-el/9.0.30/tomcat-embed-el-9.0.30.jar
7f727c039000-7f727c063000 r--s 00301000 08:02 7481358                    /home/rafal/.m2/repository/org/apache/tomcat/embed/tomcat-embed-core/9.0.30/tomcat-embed-core-9.0.30.jar
7f727c063000-7f727c064000 r--s 00000000 08:02 7345450                    /home/rafal/.m2/repository/org/springframework/boot/spring-boot-starter-tomcat/2.2.3.RELEASE/spring-boot-starter-tomcat-2.2.3.RELEASE.jar
7f727c064000-7f727c066000 r--s 00001000 08:02 8785346                    /home/rafal/.m2/repository/com/fasterxml/jackson/module/jackson-module-parameter-names/2.10.2/jackson-module-parameter-names-2.10.2.jar
7f727c066000-7f727c069000 r--s 00017000 08:02 7217500                    /home/rafal/.m2/repository/com/fasterxml/jackson/datatype/jackson-datatype-jsr310/2.10.2/jackson-datatype-jsr310-2.10.2.jar
7f727c069000-7f727c06b000 r--s 00007000 08:02 7089009                    /home/rafal/.m2/repository/com/fasterxml/jackson/datatype/jackson-datatype-jdk8/2.10.2/jackson-datatype-jdk8-2.10.2.jar
7f727c06b000-7f727c070000 r--s 00051000 08:02 6818524                    /home/rafal/.m2/repository/com/fasterxml/jackson/core/jackson-core/2.10.2/jackson-core-2.10.2.jar
7f727c070000-7f727c073000 r--s 0000e000 08:02 6818527                    /home/rafal/.m2/repository/com/fasterxml/jackson/core/jackson-annotations/2.10.2/jackson-annotations-2.10.2.jar
7f727c073000-7f727c088000 r--s 00142000 08:02 6818529                    /home/rafal/.m2/repository/com/fasterxml/jackson/core/jackson-databind/2.10.2/jackson-databind-2.10.2.jar
7f727c088000-7f727c089000 r--s 00000000 08:02 6818516                    /home/rafal/.m2/repository/org/springframework/boot/spring-boot-starter-json/2.2.3.RELEASE/spring-boot-starter-json-2.2.3.RELEASE.jar
7f727c089000-7f727c08a000 r--s 00000000 08:02 6818517                    /home/rafal/.m2/repository/org/springframework/boot/spring-boot-starter-web/2.2.3.RELEASE/spring-boot-starter-web-2.2.3.RELEASE.jar
7f727c08a000-7f727c08b000 r--s 00009000 08:02 6160859                    /home/rafal/.m2/repository/org/thymeleaf/extras/thymeleaf-extras-java8time/3.0.4.RELEASE/thymeleaf-extras-java8time-3.0.4.RELEASE.jar
7f727c08b000-7f727c08d000 r--s 00009000 08:02 6818539                    /home/rafal/.m2/repository/org/slf4j/slf4j-api/1.7.30/slf4j-api-1.7.30.jar
7f727c08d000-7f727c090000 r--s 00028000 08:02 6160857                    /home/rafal/.m2/repository/org/unbescape/unbescape/1.1.6.RELEASE/unbescape-1.1.6.RELEASE.jar
7f727c090000-7f727c095000 r--s 00037000 08:02 6160855                    /home/rafal/.m2/repository/org/attoparser/attoparser/2.0.5.RELEASE/attoparser-2.0.5.RELEASE.jar
7f727c095000-7f727c0a5000 r--s 000c5000 08:02 6160853                    /home/rafal/.m2/repository/org/thymeleaf/thymeleaf/3.0.11.RELEASE/thymeleaf-3.0.11.RELEASE.jar
7f727c0a5000-7f727c0aa000 r--s 00027000 08:02 6160851                    /home/rafal/.m2/repository/org/thymeleaf/thymeleaf-spring5/3.0.11.RELEASE/thymeleaf-spring5-3.0.11.RELEASE.jar
7f727c0aa000-7f727c0b1000 r--s 00044000 08:02 6160789                    /home/rafal/.m2/repository/org/yaml/snakeyaml/1.25/snakeyaml-1.25.jar
7f727c0b1000-7f727c0b7000 r--s 0003e000 08:02 6035413                    /home/rafal/.m2/repository/org/apache/logging/log4j/log4j-api/2.12.1/log4j-api-2.12.1.jar
7f727c0b7000-7f727c0ca000 r--s 00345000 08:02 398660                     /usr/lib/jvm/java-8-oracle/jre/lib/resources.jar
7f727c0ca000-7f727c140000 rw-p 00000000 00:00 0 
7f727c140000-7f727c141000 ---p 00000000 00:00 0 
7f727c141000-7f727c241000 rw-p 00000000 00:00 0 
7f727c241000-7f727c242000 ---p 00000000 00:00 0 
7f727c242000-7f727c342000 rw-p 00000000 00:00 0 
7f727c342000-7f727c343000 ---p 00000000 00:00 0 
7f727c343000-7f727c443000 rw-p 00000000 00:00 0 
7f727c443000-7f727c444000 ---p 00000000 00:00 0 
7f727c444000-7f727c544000 rw-p 00000000 00:00 0 
7f727c544000-7f727c545000 ---p 00000000 00:00 0 
7f727c545000-7f727c645000 rw-p 00000000 00:00 0 
7f727c645000-7f727c646000 ---p 00000000 00:00 0 
7f727c646000-7f727c746000 rw-p 00000000 00:00 0 
7f727c746000-7f727c747000 ---p 00000000 00:00 0 
7f727c747000-7f727c8a7000 rw-p 00000000 00:00 0 
7f727c8a7000-7f727cd6c000 ---p 00000000 00:00 0 
7f727cd6c000-7f727ce14000 rw-p 00000000 00:00 0 
7f727ce14000-7f727cfff000 ---p 00000000 00:00 0 
7f727cfff000-7f727d000000 rw-p 00000000 00:00 0 
7f727d000000-7f727d860000 rwxp 00000000 00:00 0 
7f727d860000-7f728c000000 ---p 00000000 00:00 0 
7f728c000000-7f728c955000 rw-p 00000000 00:00 0 
7f728c955000-7f7290000000 ---p 00000000 00:00 0 
7f7290000000-7f729000b000 r--s 00069000 08:02 8783830                    /home/rafal/.m2/repository/ch/qos/logback/logback-core/1.2.3/logback-core-1.2.3.jar
7f729000b000-7f729001e000 r--s 000d6000 08:02 398202                     /usr/lib/jvm/java-8-oracle/jre/lib/plugin.jar
7f729001e000-7f729006d000 rw-p 00000000 00:00 0 
7f729006d000-7f729006e000 ---p 00000000 00:00 0 
7f729006e000-7f72901ce000 rw-p 00000000 00:00 0 
7f72901ce000-7f7290694000 ---p 00000000 00:00 0 
7f7290694000-7f72906b6000 rw-p 00000000 00:00 0 
7f72906b6000-7f7290a54000 ---p 00000000 00:00 0 
7f7290a54000-7f7290a6f000 r-xp 00000000 08:02 525929                     /usr/lib/jvm/java-8-oracle/jre/lib/amd64/libzip.so
7f7290a6f000-7f7290c6e000 ---p 0001b000 08:02 525929                     /usr/lib/jvm/java-8-oracle/jre/lib/amd64/libzip.so
7f7290c6e000-7f7290c6f000 r--p 0001a000 08:02 525929                     /usr/lib/jvm/java-8-oracle/jre/lib/amd64/libzip.so
7f7290c6f000-7f7290c70000 rw-p 0001b000 08:02 525929                     /usr/lib/jvm/java-8-oracle/jre/lib/amd64/libzip.so
7f7290c70000-7f7290c7b000 r-xp 00000000 08:02 4984909                    /lib/x86_64-linux-gnu/libnss_files-2.27.so
7f7290c7b000-7f7290e7a000 ---p 0000b000 08:02 4984909                    /lib/x86_64-linux-gnu/libnss_files-2.27.so
7f7290e7a000-7f7290e7b000 r--p 0000a000 08:02 4984909                    /lib/x86_64-linux-gnu/libnss_files-2.27.so
7f7290e7b000-7f7290e7c000 rw-p 0000b000 08:02 4984909                    /lib/x86_64-linux-gnu/libnss_files-2.27.so
7f7290e7c000-7f7290e82000 rw-p 00000000 00:00 0 
7f7290e82000-7f7290e99000 r-xp 00000000 08:02 4984896                    /lib/x86_64-linux-gnu/libnsl-2.27.so
7f7290e99000-7f7291098000 ---p 00017000 08:02 4984896                    /lib/x86_64-linux-gnu/libnsl-2.27.so
7f7291098000-7f7291099000 r--p 00016000 08:02 4984896                    /lib/x86_64-linux-gnu/libnsl-2.27.so
7f7291099000-7f729109a000 rw-p 00017000 08:02 4984896                    /lib/x86_64-linux-gnu/libnsl-2.27.so
7f729109a000-7f729109c000 rw-p 00000000 00:00 0 
7f729109c000-7f72910a7000 r-xp 00000000 08:02 4984913                    /lib/x86_64-linux-gnu/libnss_nis-2.27.so
7f72910a7000-7f72912a6000 ---p 0000b000 08:02 4984913                    /lib/x86_64-linux-gnu/libnss_nis-2.27.so
7f72912a6000-7f72912a7000 r--p 0000a000 08:02 4984913                    /lib/x86_64-linux-gnu/libnss_nis-2.27.so
7f72912a7000-7f72912a8000 rw-p 0000b000 08:02 4984913                    /lib/x86_64-linux-gnu/libnss_nis-2.27.so
7f72912a8000-7f72912b0000 r-xp 00000000 08:02 4984905                    /lib/x86_64-linux-gnu/libnss_compat-2.27.so
7f72912b0000-7f72914b0000 ---p 00008000 08:02 4984905                    /lib/x86_64-linux-gnu/libnss_compat-2.27.so
7f72914b0000-7f72914b1000 r--p 00008000 08:02 4984905                    /lib/x86_64-linux-gnu/libnss_compat-2.27.so
7f72914b1000-7f72914b2000 rw-p 00009000 08:02 4984905                    /lib/x86_64-linux-gnu/libnss_compat-2.27.so
7f72914b2000-7f72914bc000 r-xp 00000000 08:02 526093                     /usr/lib/jvm/java-8-oracle/jre/lib/amd64/libinstrument.so
7f72914bc000-7f72916bb000 ---p 0000a000 08:02 526093                     /usr/lib/jvm/java-8-oracle/jre/lib/amd64/libinstrument.so
7f72916bb000-7f72916bc000 r--p 00009000 08:02 526093                     /usr/lib/jvm/java-8-oracle/jre/lib/amd64/libinstrument.so
7f72916bc000-7f72916bd000 rw-p 0000a000 08:02 526093                     /usr/lib/jvm/java-8-oracle/jre/lib/amd64/libinstrument.so
7f72916bd000-7f72916e9000 r-xp 00000000 08:02 525923                     /usr/lib/jvm/java-8-oracle/jre/lib/amd64/libjava.so
7f72916e9000-7f72918e9000 ---p 0002c000 08:02 525923                     /usr/lib/jvm/java-8-oracle/jre/lib/amd64/libjava.so
7f72918e9000-7f72918ea000 r--p 0002c000 08:02 525923                     /usr/lib/jvm/java-8-oracle/jre/lib/amd64/libjava.so
7f72918ea000-7f72918ec000 rw-p 0002d000 08:02 525923                     /usr/lib/jvm/java-8-oracle/jre/lib/amd64/libjava.so
7f72918ec000-7f72918f9000 r-xp 00000000 08:02 525928                     /usr/lib/jvm/java-8-oracle/jre/lib/amd64/libverify.so
7f72918f9000-7f7291af8000 ---p 0000d000 08:02 525928                     /usr/lib/jvm/java-8-oracle/jre/lib/amd64/libverify.so
7f7291af8000-7f7291afa000 r--p 0000c000 08:02 525928                     /usr/lib/jvm/java-8-oracle/jre/lib/amd64/libverify.so
7f7291afa000-7f7291afb000 rw-p 0000e000 08:02 525928                     /usr/lib/jvm/java-8-oracle/jre/lib/amd64/libverify.so
7f7291afb000-7f7291b02000 r-xp 00000000 08:02 4985546                    /lib/x86_64-linux-gnu/librt-2.27.so
7f7291b02000-7f7291d01000 ---p 00007000 08:02 4985546                    /lib/x86_64-linux-gnu/librt-2.27.so
7f7291d01000-7f7291d02000 r--p 00006000 08:02 4985546                    /lib/x86_64-linux-gnu/librt-2.27.so
7f7291d02000-7f7291d03000 rw-p 00007000 08:02 4985546                    /lib/x86_64-linux-gnu/librt-2.27.so
7f7291d03000-7f7291ea0000 r-xp 00000000 08:02 4984888                    /lib/x86_64-linux-gnu/libm-2.27.so
7f7291ea0000-7f729209f000 ---p 0019d000 08:02 4984888                    /lib/x86_64-linux-gnu/libm-2.27.so
7f729209f000-7f72920a0000 r--p 0019c000 08:02 4984888                    /lib/x86_64-linux-gnu/libm-2.27.so
7f72920a0000-7f72920a1000 rw-p 0019d000 08:02 4984888                    /lib/x86_64-linux-gnu/libm-2.27.so
7f72920a1000-7f7292d89000 r-xp 00000000 08:02 525905                     /usr/lib/jvm/java-8-oracle/jre/lib/amd64/server/libjvm.so
7f7292d89000-7f7292f88000 ---p 00ce8000 08:02 525905                     /usr/lib/jvm/java-8-oracle/jre/lib/amd64/server/libjvm.so
7f7292f88000-7f729301e000 r--p 00ce7000 08:02 525905                     /usr/lib/jvm/java-8-oracle/jre/lib/amd64/server/libjvm.so
7f729301e000-7f729304f000 rw-p 00d7d000 08:02 525905                     /usr/lib/jvm/java-8-oracle/jre/lib/amd64/server/libjvm.so
7f729304f000-7f729308a000 rw-p 00000000 00:00 0 
7f729308a000-7f7293271000 r-xp 00000000 08:02 4981327                    /lib/x86_64-linux-gnu/libc-2.27.so
7f7293271000-7f7293471000 ---p 001e7000 08:02 4981327                    /lib/x86_64-linux-gnu/libc-2.27.so
7f7293471000-7f7293475000 r--p 001e7000 08:02 4981327                    /lib/x86_64-linux-gnu/libc-2.27.so
7f7293475000-7f7293477000 rw-p 001eb000 08:02 4981327                    /lib/x86_64-linux-gnu/libc-2.27.so
7f7293477000-7f729347b000 rw-p 00000000 00:00 0 
7f729347b000-7f729347e000 r-xp 00000000 08:02 4981762                    /lib/x86_64-linux-gnu/libdl-2.27.so
7f729347e000-7f729367d000 ---p 00003000 08:02 4981762                    /lib/x86_64-linux-gnu/libdl-2.27.so
7f729367d000-7f729367e000 r--p 00002000 08:02 4981762                    /lib/x86_64-linux-gnu/libdl-2.27.so
7f729367e000-7f729367f000 rw-p 00003000 08:02 4981762                    /lib/x86_64-linux-gnu/libdl-2.27.so
7f729367f000-7f7293696000 r-xp 00000000 08:02 393646                     /usr/lib/jvm/java-8-oracle/lib/amd64/jli/libjli.so
7f7293696000-7f7293895000 ---p 00017000 08:02 393646                     /usr/lib/jvm/java-8-oracle/lib/amd64/jli/libjli.so
7f7293895000-7f7293896000 r--p 00016000 08:02 393646                     /usr/lib/jvm/java-8-oracle/lib/amd64/jli/libjli.so
7f7293896000-7f7293897000 rw-p 00017000 08:02 393646                     /usr/lib/jvm/java-8-oracle/lib/amd64/jli/libjli.so
7f7293897000-7f72938b1000 r-xp 00000000 08:02 4985542                    /lib/x86_64-linux-gnu/libpthread-2.27.so
7f72938b1000-7f7293ab0000 ---p 0001a000 08:02 4985542                    /lib/x86_64-linux-gnu/libpthread-2.27.so
7f7293ab0000-7f7293ab1000 r--p 00019000 08:02 4985542                    /lib/x86_64-linux-gnu/libpthread-2.27.so
7f7293ab1000-7f7293ab2000 rw-p 0001a000 08:02 4985542                    /lib/x86_64-linux-gnu/libpthread-2.27.so
7f7293ab2000-7f7293ab6000 rw-p 00000000 00:00 0 
7f7293ab6000-7f7293add000 r-xp 00000000 08:02 4981192                    /lib/x86_64-linux-gnu/ld-2.27.so
7f7293add000-7f7293adf000 r--s 00005000 08:02 6160854                    /home/rafal/.m2/repository/jakarta/annotation/jakarta.annotation-api/1.3.5/jakarta.annotation-api-1.3.5.jar
7f7293adf000-7f7293ae1000 r--s 00000000 08:02 6818513                    /home/rafal/.m2/repository/org/slf4j/jul-to-slf4j/1.7.30/jul-to-slf4j-1.7.30.jar
7f7293ae1000-7f7293ae3000 r--s 00003000 08:02 6034392                    /home/rafal/.m2/repository/org/apache/logging/log4j/log4j-to-slf4j/2.12.1/log4j-to-slf4j-2.12.1.jar
7f7293ae3000-7f7293ae9000 r--s 00041000 08:02 8783828                    /home/rafal/.m2/repository/ch/qos/logback/logback-classic/1.2.3/logback-classic-1.2.3.jar
7f7293ae9000-7f7293aea000 r--s 00000000 08:02 6558930                    /home/rafal/.m2/repository/org/springframework/boot/spring-boot-starter-logging/2.2.3.RELEASE/spring-boot-starter-logging-2.2.3.RELEASE.jar
7f7293aea000-7f7293aeb000 r--s 00000000 08:02 6818525                    /home/rafal/.m2/repository/org/springframework/boot/spring-boot-starter/2.2.3.RELEASE/spring-boot-starter-2.2.3.RELEASE.jar
7f7293aeb000-7f7293aef000 r--s 000a1000 08:02 398679                     /usr/lib/jvm/java-8-oracle/jre/lib/jsse.jar
7f7293aef000-7f7293b0a000 r--s 0020c000 08:02 397131                     /usr/lib/jvm/java-8-oracle/jre/lib/deploy.jar
7f7293b0a000-7f7293bb3000 rw-p 00000000 00:00 0 
7f7293bb3000-7f7293bb4000 ---p 00000000 00:00 0 
7f7293bb4000-7f7293bb7000 ---p 00000000 00:00 0 
7f7293bb7000-7f7293cb8000 rw-p 00000000 00:00 0 
7f7293cb8000-7f7293cb9000 r--s 00000000 08:02 6818497                    /home/rafal/.m2/repository/org/springframework/boot/spring-boot-starter-thymeleaf/2.2.3.RELEASE/spring-boot-starter-thymeleaf-2.2.3.RELEASE.jar
7f7293cb9000-7f7293cba000 r--s 00000000 08:02 397140                     /usr/lib/jvm/java-8-oracle/jre/lib/management-agent.jar
7f7293cba000-7f7293cbc000 r--s 00007000 08:02 398699                     /usr/lib/jvm/java-8-oracle/jre/lib/jfxswt.jar
7f7293cbc000-7f7293cc1000 r--s 00084000 08:02 397130                     /usr/lib/jvm/java-8-oracle/jre/lib/jfr.jar
7f7293cc1000-7f7293cc4000 r--s 0001a000 08:02 398697                     /usr/lib/jvm/java-8-oracle/jre/lib/jce.jar
7f7293cc4000-7f7293cce000 r--s 0006e000 08:02 397240                     /usr/lib/jvm/java-8-oracle/jre/lib/javaws.jar
7f7293cce000-7f7293cd3000 r--s 002f9000 08:02 398620                     /usr/lib/jvm/java-8-oracle/jre/lib/charsets.jar
7f7293cd3000-7f7293cdb000 rw-s 00000000 08:02 2228304                    /tmp/hsperfdata_rafal/15327
7f7293cdb000-7f7293cdc000 rw-p 00000000 00:00 0 
7f7293cdc000-7f7293cdd000 ---p 00000000 00:00 0 
7f7293cdd000-7f7293cde000 r--p 00027000 08:02 4981192                    /lib/x86_64-linux-gnu/ld-2.27.so
7f7293cde000-7f7293cdf000 rw-p 00028000 08:02 4981192                    /lib/x86_64-linux-gnu/ld-2.27.so
7f7293cdf000-7f7293ce0000 rw-p 00000000 00:00 0 
7ffc16754000-7ffc16778000 rw-p 00000000 00:00 0                          [stack]
7ffc167b1000-7ffc167b4000 r--p 00000000 00:00 0                          [vvar]
7ffc167b4000-7ffc167b5000 r-xp 00000000 00:00 0                          [vdso]
ffffffffff600000-ffffffffff601000 --xp 00000000 00:00 0                  [vsyscall]

VM Arguments:
jvm_args: -XX:TieredStopAtLevel=1 -Xverify:none -Dspring.output.ansi.enabled=always -Dcom.sun.management.jmxremote -Dspring.jmx.enabled=true -Dspring.liveBeansView.mbeanDomain -Dspring.application.admin.enabled=true -javaagent:/snap/intellij-idea-ultimate/242/lib/idea_rt.jar=38871:/snap/intellij-idea-ultimate/242/bin -Dfile.encoding=UTF-8 
java_command: com.shop.demo.DemoApplication
java_class_path (initial): /usr/lib/jvm/java-8-oracle/jre/lib/charsets.jar:/usr/lib/jvm/java-8-oracle/jre/lib/deploy.jar:/usr/lib/jvm/java-8-oracle/jre/lib/ext/cldrdata.jar:/usr/lib/jvm/java-8-oracle/jre/lib/ext/dnsns.jar:/usr/lib/jvm/java-8-oracle/jre/lib/ext/jaccess.jar:/usr/lib/jvm/java-8-oracle/jre/lib/ext/jfxrt.jar:/usr/lib/jvm/java-8-oracle/jre/lib/ext/localedata.jar:/usr/lib/jvm/java-8-oracle/jre/lib/ext/nashorn.jar:/usr/lib/jvm/java-8-oracle/jre/lib/ext/sunec.jar:/usr/lib/jvm/java-8-oracle/jre/lib/ext/sunjce_provider.jar:/usr/lib/jvm/java-8-oracle/jre/lib/ext/sunpkcs11.jar:/usr/lib/jvm/java-8-oracle/jre/lib/ext/zipfs.jar:/usr/lib/jvm/java-8-oracle/jre/lib/javaws.jar:/usr/lib/jvm/java-8-oracle/jre/lib/jce.jar:/usr/lib/jvm/java-8-oracle/jre/lib/jfr.jar:/usr/lib/jvm/java-8-oracle/jre/lib/jfxswt.jar:/usr/lib/jvm/java-8-oracle/jre/lib/jsse.jar:/usr/lib/jvm/java-8-oracle/jre/lib/management-agent.jar:/usr/lib/jvm/java-8-oracle/jre/lib/plugin.jar:/usr/lib/jvm/java-8-oracle/jre/lib/resources.jar:/usr/lib/jvm/java-8-oracle/jre/lib/rt.jar:/home/rafal/Dokumenty/PROJEKTY JAVA/thymeleaf/demo/target/classes:/home/rafal/.m2/repository/org/springframework/boot/spring-boot-starter-thymeleaf/2.2.3.RELEASE/spring-boot-starter-thymeleaf-2.2.3.RELEASE.jar:/home/rafal/.m2/repository/org/springframework/boot/spring-boot-starter/2.2.3.RELEASE/spring-boot-starter-2.2.3.RELEASE.jar:/home/rafal/.m2/repository/org/springframework/boot/spring-boot-starter-logging/2.2.3.RELEASE/spring-boot-starter-logging-2.2.3.RELEASE.jar:/home/rafal/.m2/repository/ch/qos/logback/logback-classic/1.2.3/logback-classic-1.2.3.jar:/home/rafal/.m2/repository/ch/qos/logback/logback-core/1.2.3/logback-core-1.2.3.jar:/home/rafal/.m2/repository/org/apache/logging/log4j/log4j-to-slf4j/2.12.1/log4j-to-slf4j-2.12.1.jar:/home/rafal/.m2/repository/org/apache/logging/log4j/log4j-api/2.12.1/log4j-api-2.12.1.jar:/home/rafal/.m2/repository/org/slf4j/jul-to-slf4j/1.7.30/jul-to-slf4j-1.7.30.jar:/home/rafal/.m2/repository/
Launcher Type: SUN_STANDARD

Environment Variables:
JAVA_HOME=/usr/lib/jvm/java-8-oracle
PATH=/home/rafal/.local/bin:/usr/local/sbin:/usr/local/bin:/usr/sbin:/usr/bin:/sbin:/bin:/usr/games:/usr/local/games:/snap/bin:/usr/lib/jvm/java-8-oracle/bin:/usr/lib/jvm/java-8-oracle/db/bin:/usr/lib/jvm/java-8-oracle/jre/bin
USERNAME=rafal
SHELL=/bin/bash
DISPLAY=:0

Signal Handlers:
SIGSEGV: [libjvm.so+0xad3e60], sa_mask[0]=11111111011111111101111111111110, sa_flags=SA_RESTART|SA_SIGINFO
SIGBUS: [libjvm.so+0xad3e60], sa_mask[0]=11111111011111111101111111111110, sa_flags=SA_RESTART|SA_SIGINFO
SIGFPE: [libjvm.so+0x90b880], sa_mask[0]=11111111011111111101111111111110, sa_flags=SA_RESTART|SA_SIGINFO
SIGPIPE: [libjvm.so+0x90b880], sa_mask[0]=11111111011111111101111111111110, sa_flags=SA_RESTART|SA_SIGINFO
SIGXFSZ: [libjvm.so+0x90b880], sa_mask[0]=11111111011111111101111111111110, sa_flags=SA_RESTART|SA_SIGINFO
SIGILL: [libjvm.so+0x90b880], sa_mask[0]=11111111011111111101111111111110, sa_flags=SA_RESTART|SA_SIGINFO
SIGUSR1: SIG_DFL, sa_mask[0]=00000000000000000000000000000000, sa_flags=none
SIGUSR2: [libjvm.so+0x90b750], sa_mask[0]=00100000000000000000000000000000, sa_flags=SA_RESTART|SA_SIGINFO
SIGHUP: [libjvm.so+0x90bd70], sa_mask[0]=11111111011111111101111111111110, sa_flags=SA_RESTART|SA_SIGINFO
SIGINT: [libjvm.so+0x90bd70], sa_mask[0]=11111111011111111101111111111110, sa_flags=SA_RESTART|SA_SIGINFO
SIGTERM: [libjvm.so+0x90bd70], sa_mask[0]=11111111011111111101111111111110, sa_flags=SA_RESTART|SA_SIGINFO
SIGQUIT: [libjvm.so+0x90bd70], sa_mask[0]=11111111011111111101111111111110, sa_flags=SA_RESTART|SA_SIGINFO


---------------  S Y S T E M  ---------------

OS:DISTRIB_ID=Ubuntu
DISTRIB_RELEASE=18.04
DISTRIB_CODENAME=bionic
DISTRIB_DESCRIPTION="Ubuntu 18.04.5 LTS"

uname:Linux 5.4.0-42-generic #46~18.04.1-Ubuntu SMP Fri Jul 10 07:21:24 UTC 2020 x86_64
libc:glibc 2.27 NPTL 2.27 
rlimit: STACK 8192k, CORE 0k, NPROC 63034, NOFILE 1048576, AS infinity
load average:2,28 2,59 2,94

/proc/meminfo:
MemTotal:       16184668 kB
MemFree:         5301856 kB
MemAvailable:    8872864 kB
Buffers:          573624 kB
Cached:          4519752 kB
SwapCached:            0 kB
Active:          6600444 kB
Inactive:        3017324 kB
Active(anon):    5126760 kB
Inactive(anon):   905692 kB
Active(file):    1473684 kB
Inactive(file):  2111632 kB
Unevictable:      600776 kB
Mlocked:              72 kB
SwapTotal:       2097148 kB
SwapFree:        2097148 kB
Dirty:             14844 kB
Writeback:             0 kB
AnonPages:       5124944 kB
Mapped:          1266556 kB
Shmem:           1508064 kB
KReclaimable:     327116 kB
Slab:             458404 kB
SReclaimable:     327116 kB
SUnreclaim:       131288 kB
KernelStack:       25184 kB
PageTables:       101980 kB
NFS_Unstable:          0 kB
Bounce:                0 kB
WritebackTmp:          0 kB
CommitLimit:    10189480 kB
Committed_AS:   20102236 kB
VmallocTotal:   34359738367 kB
VmallocUsed:       48232 kB
VmallocChunk:          0 kB
Percpu:             3456 kB
HardwareCorrupted:     0 kB
AnonHugePages:         0 kB
ShmemHugePages:        0 kB
ShmemPmdMapped:        0 kB
FileHugePages:         0 kB
FilePmdMapped:         0 kB
CmaTotal:              0 kB
CmaFree:               0 kB
HugePages_Total:       0
HugePages_Free:        0
HugePages_Rsvd:        0
HugePages_Surp:        0
Hugepagesize:       2048 kB
Hugetlb:               0 kB
DirectMap4k:      404084 kB
DirectMap2M:    13012992 kB
DirectMap1G:     3145728 kB

container (cgroup) information:
container_type: cgroupv1
cpu_cpuset_cpus: 0-7
cpu_memory_nodes: 0
active_processor_count: 8
cpu_quota: -1
cpu_period: 100000
cpu_shares: -1
memory_limit_in_bytes: -1
memory_and_swap_limit_in_bytes: -2
memory_soft_limit_in_bytes: -1
memory_usage_in_bytes: 10464264192
memory_max_usage_in_bytes: 0


CPU:total 8 (initial active 8) (4 cores per cpu, 2 threads per core) family 6 model 142 stepping 10, cmov, cx8, fxsr, mmx, sse, sse2, sse3, ssse3, sse4.1, sse4.2, popcnt, avx, avx2, aes, clmul, erms, 3dnowpref, lzcnt, ht, tsc, tscinvbit, bmi1, bmi2, adx

/proc/cpuinfo:
processor	: 0
vendor_id	: GenuineIntel
cpu family	: 6
model		: 142
model name	: Intel(R) Core(TM) i5-8250U CPU @ 1.60GHz
stepping	: 10
microcode	: 0xd6
cpu MHz		: 2682.641
cache size	: 6144 KB
physical id	: 0
siblings	: 8
core id		: 0
cpu cores	: 4
apicid		: 0
initial apicid	: 0
fpu		: yes
fpu_exception	: yes
cpuid level	: 22
wp		: yes
flags		: fpu vme de pse tsc msr pae mce cx8 apic sep mtrr pge mca cmov pat pse36 clflush dts acpi mmx fxsr sse sse2 ss ht tm pbe syscall nx pdpe1gb rdtscp lm constant_tsc art arch_perfmon pebs bts rep_good nopl xtopology nonstop_tsc cpuid aperfmperf pni pclmulqdq dtes64 monitor ds_cpl vmx est tm2 ssse3 sdbg fma cx16 xtpr pdcm pcid sse4_1 sse4_2 x2apic movbe popcnt tsc_deadline_timer aes xsave avx f16c rdrand lahf_lm abm 3dnowprefetch cpuid_fault epb invpcid_single pti ssbd ibrs ibpb stibp tpr_shadow vnmi flexpriority ept vpid ept_ad fsgsbase tsc_adjust bmi1 avx2 smep bmi2 erms invpcid mpx rdseed adx smap clflushopt intel_pt xsaveopt xsavec xgetbv1 xsaves dtherm ida arat pln pts hwp hwp_notify hwp_act_window hwp_epp md_clear flush_l1d
bugs		: cpu_meltdown spectre_v1 spectre_v2 spec_store_bypass l1tf mds swapgs itlb_multihit srbds
bogomips	: 3600.00
clflush size	: 64
cache_alignment	: 64
address sizes	: 39 bits physical, 48 bits virtual
power management:

processor	: 1
vendor_id	: GenuineIntel
cpu family	: 6
model		: 142
model name	: Intel(R) Core(TM) i5-8250U CPU @ 1.60GHz
stepping	: 10
microcode	: 0xd6
cpu MHz		: 2760.345
cache size	: 6144 KB
physical id	: 0
siblings	: 8
core id		: 1
cpu cores	: 4
apicid		: 2
initial apicid	: 2
fpu		: yes
fpu_exception	: yes
cpuid level	: 22
wp		: yes
flags		: fpu vme de pse tsc msr pae mce cx8 apic sep mtrr pge mca cmov pat pse36 clflush dts acpi mmx fxsr sse sse2 ss ht tm pbe syscall nx pdpe1gb rdtscp lm constant_tsc art arch_perfmon pebs bts rep_good nopl xtopology nonstop_tsc cpuid aperfmperf pni pclmulqdq dtes64 monitor ds_cpl vmx est tm2 ssse3 sdbg fma cx16 xtpr pdcm pcid sse4_1 sse4_2 x2apic movbe popcnt tsc_deadline_timer aes xsave avx f16c rdrand lahf_lm abm 3dnowprefetch cpuid_fault epb invpcid_single pti ssbd ibrs ibpb stibp tpr_shadow vnmi flexpriority ept vpid ept_ad fsgsbase tsc_adjust bmi1 avx2 smep bmi2 erms invpcid mpx rdseed adx smap clflushopt intel_pt xsaveopt xsavec xgetbv1 xsaves dtherm ida arat pln pts hwp hwp_notify hwp_act_window hwp_epp md_clear flush_l1d
bugs		: cpu_meltdown spectre_v1 spectre_v2 spec_store_bypass l1tf mds swapgs itlb_multihit srbds
bogomips	: 3600.00
clflush size	: 64
cache_alignment	: 64
address sizes	: 39 bits physical, 48 bits virtual
power management:

processor	: 2
vendor_id	: GenuineIntel
cpu family	: 6
model		: 142
model name	: Intel(R) Core(TM) i5-8250U CPU @ 1.60GHz
stepping	: 10
microcode	: 0xd6
cpu MHz		: 2747.405
cache size	: 6144 KB
physical id	: 0
siblings	: 8
core id		: 2
cpu cores	: 4
apicid		: 4
initial apicid	: 4
fpu		: yes
fpu_exception	: yes
cpuid level	: 22
wp		: yes
flags		: fpu vme de pse tsc msr pae mce cx8 apic sep mtrr pge mca cmov pat pse36 clflush dts acpi mmx fxsr sse sse2 ss ht tm pbe syscall nx pdpe1gb rdtscp lm constant_tsc art arch_perfmon pebs bts rep_good nopl xtopology nonstop_tsc cpuid aperfmperf pni pclmulqdq dtes64 monitor ds_cpl vmx est tm2 ssse3 sdbg fma cx16 xtpr pdcm pcid sse4_1 sse4_2 x2apic movbe popcnt tsc_deadline_timer aes xsave avx f16c rdrand lahf_lm abm 3dnowprefetch cpuid_fault epb invpcid_single pti ssbd ibrs ibpb stibp tpr_shadow vnmi flexpriority ept vpid ept_ad fsgsbase tsc_adjust bmi1 avx2 smep bmi2 erms invpcid mpx rdseed adx smap clflushopt intel_pt xsaveopt xsavec xgetbv1 xsaves dtherm ida arat pln pts hwp hwp_notify hwp_act_window hwp_epp md_clear flush_l1d
bugs		: cpu_meltdown spectre_v1 spectre_v2 spec_store_bypass l1tf mds swapgs itlb_multihit srbds
bogomips	: 3600.00
clflush size	: 64
cache_alignment	: 64
address sizes	: 39 bits physical, 48 bits virtual
power management:

processor	: 3
vendor_id	: GenuineIntel
cpu family	: 6
model		: 142
model name	: Intel(R) Core(TM) i5-8250U CPU @ 1.60GHz
stepping	: 10
microcode	: 0xd6
cpu MHz		: 2761.221
cache size	: 6144 KB
physical id	: 0
siblings	: 8
core id		: 3
cpu cores	: 4
apicid		: 6
initial apicid	: 6
fpu		: yes
fpu_exception	: yes
cpuid level	: 22
wp		: yes
flags		: fpu vme de pse tsc msr pae mce cx8 apic sep mtrr pge mca cmov pat pse36 clflush dts acpi mmx fxsr sse sse2 ss ht tm pbe syscall nx pdpe1gb rdtscp lm constant_tsc art arch_perfmon pebs bts rep_good nopl xtopology nonstop_tsc cpuid aperfmperf pni pclmulqdq dtes64 monitor ds_cpl vmx est tm2 ssse3 sdbg fma cx16 xtpr pdcm pcid sse4_1 sse4_2 x2apic movbe popcnt tsc_deadline_timer aes xsave avx f16c rdrand lahf_lm abm 3dnowprefetch cpuid_fault epb invpcid_single pti ssbd ibrs ibpb stibp tpr_shadow vnmi flexpriority ept vpid ept_ad fsgsbase tsc_adjust bmi1 avx2 smep bmi2 erms invpcid mpx rdseed adx smap clflushopt intel_pt xsaveopt xsavec xgetbv1 xsaves dtherm ida arat pln pts hwp hwp_notify hwp_act_window hwp_epp md_clear flush_l1d
bugs		: cpu_meltdown spectre_v1 spectre_v2 spec_store_bypass l1tf mds swapgs itlb_multihit srbds
bogomips	: 3600.00
clflush size	: 64
cache_alignment	: 64
address sizes	: 39 bits physical, 48 bits virtual
power management:

processor	: 4
vendor_id	: GenuineIntel
cpu family	: 6
model		: 142
model name	: Intel(R) Core(TM) i5-8250U CPU @ 1.60GHz
stepping	: 10
microcode	: 0xd6
cpu MHz		: 2762.300
cache size	: 6144 KB
physical id	: 0
siblings	: 8
core id		: 0
cpu cores	: 4
apicid		: 1
initial apicid	: 1
fpu		: yes
fpu_exception	: yes
cpuid level	: 22
wp		: yes
flags		: fpu vme de pse tsc msr pae mce cx8 apic sep mtrr pge mca cmov pat pse36 clflush dts acpi mmx fxsr sse sse2 ss ht tm pbe syscall nx pdpe1gb rdtscp lm constant_tsc art arch_perfmon pebs bts rep_good nopl xtopology nonstop_tsc cpuid aperfmperf pni pclmulqdq dtes64 monitor ds_cpl vmx est tm2 ssse3 sdbg fma cx16 xtpr pdcm pcid sse4_1 sse4_2 x2apic movbe popcnt tsc_deadline_timer aes xsave avx f16c rdrand lahf_lm abm 3dnowprefetch cpuid_fault epb invpcid_single pti ssbd ibrs ibpb stibp tpr_shadow vnmi flexpriority ept vpid ept_ad fsgsbase tsc_adjust bmi1 avx2 smep bmi2 erms invpcid mpx rdseed adx smap clflushopt intel_pt xsaveopt xsavec xgetbv1 xsaves dtherm ida arat pln pts hwp hwp_notify hwp_act_window hwp_epp md_clear flush_l1d
bugs		: cpu_meltdown spectre_v1 spectre_v2 spec_store_bypass l1tf mds swapgs itlb_multihit srbds
bogomips	: 3600.00
clflush size	: 64
cache_alignment	: 64
address sizes	: 39 bits physical, 48 bits virtual
power management:

processor	: 5
vendor_id	: GenuineIntel
cpu family	: 6
model		: 142
model name	: Intel(R) Core(TM) i5-8250U CPU @ 1.60GHz
stepping	: 10
microcode	: 0xd6
cpu MHz		: 2763.301
cache size	: 6144 KB
physical id	: 0
siblings	: 8
core id		: 1
cpu cores	: 4
apicid		: 3
initial apicid	: 3
fpu		: yes
fpu_exception	: yes
cpuid level	: 22
wp		: yes
flags		: fpu vme de pse tsc msr pae mce cx8 apic sep mtrr pge mca cmov pat pse36 clflush dts acpi mmx fxsr sse sse2 ss ht tm pbe syscall nx pdpe1gb rdtscp lm constant_tsc art arch_perfmon pebs bts rep_good nopl xtopology nonstop_tsc cpuid aperfmperf pni pclmulqdq dtes64 monitor ds_cpl vmx est tm2 ssse3 sdbg fma cx16 xtpr pdcm pcid sse4_1 sse4_2 x2apic movbe popcnt tsc_deadline_timer aes xsave avx f16c rdrand lahf_lm abm 3dnowprefetch cpuid_fault epb invpcid_single pti ssbd ibrs ibpb stibp tpr_shadow vnmi flexpriority ept vpid ept_ad fsgsbase tsc_adjust bmi1 avx2 smep bmi2 erms invpcid mpx rdseed adx smap clflushopt intel_pt xsaveopt xsavec xgetbv1 xsaves dtherm ida arat pln pts hwp hwp_notify hwp_act_window hwp_epp md_clear flush_l1d
bugs		: cpu_meltdown spectre_v1 spectre_v2 spec_store_bypass l1tf mds swapgs itlb_multihit srbds
bogomips	: 3600.00
clflush size	: 64
cache_alignment	: 64
address sizes	: 39 bits physical, 48 bits virtual
power management:

processor	: 6
vendor_id	: GenuineIntel
cpu family	: 6
model		: 142
model name	: Intel(R) Core(TM) i5-8250U CPU @ 1.60GHz
stepping	: 10
microcode	: 0xd6
cpu MHz		: 2764.275
cache size	: 6144 KB
physical id	: 0
siblings	: 8
core id		: 2
cpu cores	: 4
apicid		: 5
initial apicid	: 5
fpu		: yes
fpu_exception	: yes
cpuid level	: 22
wp		: yes
flags		: fpu vme de pse tsc msr pae mce cx8 apic sep mtrr pge mca cmov pat pse36 clflush dts acpi mmx fxsr sse sse2 ss ht tm pbe syscall nx pdpe1gb rdtscp lm constant_tsc art arch_perfmon pebs bts rep_good nopl xtopology nonstop_tsc cpuid aperfmperf pni pclmulqdq dtes64 monitor ds_cpl vmx est tm2 ssse3 sdbg fma cx16 xtpr pdcm pcid sse4_1 sse4_2 x2apic movbe popcnt tsc_deadline_timer aes xsave avx f16c rdrand lahf_lm abm 3dnowprefetch cpuid_fault epb invpcid_single pti ssbd ibrs ibpb stibp tpr_shadow vnmi flexpriority ept vpid ept_ad fsgsbase tsc_adjust bmi1 avx2 smep bmi2 erms invpcid mpx rdseed adx smap clflushopt intel_pt xsaveopt xsavec xgetbv1 xsaves dtherm ida arat pln pts hwp hwp_notify hwp_act_window hwp_epp md_clear flush_l1d
bugs		: cpu_meltdown spectre_v1 spectre_v2 spec_store_bypass l1tf mds swapgs itlb_multihit srbds
bogomips	: 3600.00
clflush size	: 64
cache_alignment	: 64
address sizes	: 39 bits physical, 48 bits virtual
power management:

processor	: 7
vendor_id	: GenuineIntel
cpu family	: 6
model		: 142
model name	: Intel(R) Core(TM) i5-8250U CPU @ 1.60GHz
stepping	: 10
microcode	: 0xd6
cpu MHz		: 2765.250
cache size	: 6144 KB
physical id	: 0
siblings	: 8
core id		: 3
cpu cores	: 4
apicid		: 7
initial apicid	: 7
fpu		: yes
fpu_exception	: yes
cpuid level	: 22
wp		: yes
flags		: fpu vme de pse tsc msr pae mce cx8 apic sep mtrr pge mca cmov pat pse36 clflush dts acpi mmx fxsr sse sse2 ss ht tm pbe syscall nx pdpe1gb rdtscp lm constant_tsc art arch_perfmon pebs bts rep_good nopl xtopology nonstop_tsc cpuid aperfmperf pni pclmulqdq dtes64 monitor ds_cpl vmx est tm2 ssse3 sdbg fma cx16 xtpr pdcm pcid sse4_1 sse4_2 x2apic movbe popcnt tsc_deadline_timer aes xsave avx f16c rdrand lahf_lm abm 3dnowprefetch cpuid_fault epb invpcid_single pti ssbd ibrs ibpb stibp tpr_shadow vnmi flexpriority ept vpid ept_ad fsgsbase tsc_adjust bmi1 avx2 smep bmi2 erms invpcid mpx rdseed adx smap clflushopt intel_pt xsaveopt xsavec xgetbv1 xsaves dtherm ida arat pln pts hwp hwp_notify hwp_act_window hwp_epp md_clear flush_l1d
bugs		: cpu_meltdown spectre_v1 spectre_v2 spec_store_bypass l1tf mds swapgs itlb_multihit srbds
bogomips	: 3600.00
clflush size	: 64
cache_alignment	: 64
address sizes	: 39 bits physical, 48 bits virtual
power management:



Memory: 4k page, physical 16184668k(5301856k free), swap 2097148k(2097148k free)

vm_info: Java HotSpot(TM) 64-Bit Server VM (25.201-b09) for linux-amd64 JRE (1.8.0_201-b09), built on Dec 15 2018 11:35:59 by "java_re" with gcc 7.3.0

time: Mon Aug 24 13:45:05 2020
timezone: CEST
elapsed time: 12 seconds (0d 0h 0m 12s)

