#
# A fatal error has been detected by the Java Runtime Environment:
#
#  SIGSEGV (0xb) at pc=0x00007f024f0fa624, pid=12070, tid=0x00007f0238efe700
#
# JRE version: Java(TM) SE Runtime Environment (8.0_201-b09) (build 1.8.0_201-b09)
# Java VM: Java HotSpot(TM) 64-Bit Server VM (25.201-b09 mixed mode linux-amd64 compressed oops)
# Problematic frame:
# V  [libjvm.so+0x987624]  oopDesc* PSPromotionManager::copy_to_survivor_space<false>(oopDesc*)+0x204
#
# Failed to write core dump. Core dumps have been disabled. To enable core dumping, try "ulimit -c unlimited" before starting Java again
#
# If you would like to submit a bug report, please visit:
#   http://bugreport.java.com/bugreport/crash.jsp
#

---------------  T H R E A D  ---------------

Current thread (0x00007f0248028800):  GCTaskThread [stack: 0x00007f0238dff000,0x00007f0238eff000] [id=12083]

siginfo: si_signo: 11 (SIGSEGV), si_code: 1 (SEGV_MAPERR), si_addr: 0x000000000000000c

Registers:
RAX=0x000000000000000c, RBX=0x0000000778bc6df0, RCX=0x0000000000000003, RDX=0x00007f024f73f2b8
RSP=0x00007f0238efdbd0, RBP=0x00007f0238efdc60, RSI=0x0000000778bc6df0, RDI=0x00007f02481cb400
R8 =0x000000000000000c, R9 =0x000000077d0ea761, R10=0x00007f024f70bda0, R11=0x000000077d0ea730
R12=0x00007f02481cb400, R13=0x0000000000000000, R14=0x00007f02481cb468, R15=0x0000000000000003
RIP=0x00007f024f0fa624, EFLAGS=0x0000000000010206, CSGSFS=0x002b000000000033, ERR=0x0000000000000004
  TRAPNO=0x000000000000000e

Top of Stack: (sp=0x00007f0238efdbd0)
0x00007f0238efdbd0:   00007f0248029b64 00007f0238efdc00
0x00007f0238efdbe0:   0000008000000000 0000000000000020
0x00007f0238efdbf0:   00007f0200000004 0000000000000001
0x00007f0238efdc00:   000000077d0ea020 0000000000001000
0x00007f0238efdc10:   000000000000002a 0000000000000000
0x00007f0238efdc20:   000000000000004f 00007f0248029b50
0x00007f0238efdc30:   00007f0248029b28 00007f02481cb400
0x00007f0238efdc40:   000000077d0ea760 0000000000000000
0x00007f0238efdc50:   00007f02481cb468 00007f024f70bdb0
0x00007f0238efdc60:   00007f0238efdcb0 00007f024f0fa048
0x00007f0238efdc70:   00007f0238efdcb0 00007f024edbde8e
0x00007f0238efdc80:   00007f0248026660 00000006c966e400
0x00007f0238efdc90:   00007f0248016250 0000000000000240
0x00007f0238efdca0:   00007f024c5b0381 00007f024c5b0372
0x00007f0238efdcb0:   00007f0238efdd70 00007f024eb4439e
0x00007f0238efdcc0:   00007f0238efdd10 00007f024c5b0380
0x00007f0238efdcd0:   00007f024c5ad300 0000000000000300
0x00007f0238efdce0:   00007f024c5ad000 00007f02481cb400
0x00007f0238efdcf0:   00000006c966e420 00000006c9e16578
0x00007f0238efdd00:   00000006c9670000 00007f024c5b0300
0x00007f0238efdd10:   0000000000000400 00007f024c5b0300
0x00007f0238efdd20:   00007f024c5b40b3 00007f024c5b0000
0x00007f0238efdd30:   00007f024c5b0372 00007f0248016000
0x00007f0238efdd40:   00007f0248026710 00007f024805ca80
0x00007f0238efdd50:   00007f02481cb400 00007f0248028800
0x00007f0238efdd60:   0000000000000000 00007f024f730188
0x00007f0238efdd70:   00007f0238efdda0 00007f024f0fe139
0x00007f0238efdd80:   0000000000000008 00007f024f0fe101
0x00007f0238efdd90:   0000000000000001 00007f024805ca80
0x00007f0238efdda0:   00007f0238efdeb0 00007f024ed36666
0x00007f0238efddb0:   00000000000003d8 00007f0248028fc0
0x00007f0238efddc0:   00007f02480293e8 00007f0248029010 

Instructions: (pc=0x00007f024f0fa624)
0x00007f024f0fa604:   8b 45 98 89 c1 41 f6 c0 01 4c 63 f9 4c 89 c0 0f
0x00007f024f0fa614:   85 6f ff ff ff 48 83 e0 fd 48 8d 15 94 4c 64 00
0x00007f024f0fa624:   48 8b 00 48 c1 e8 03 83 e0 0f 3b 02 0f 82 68 ff
0x00007f024f0fa634:   ff ff 4e 8d 1c fd 00 00 00 00 4d 8b 6c 24 30 4b 

Register to memory mapping:

RAX=0x000000000000000c is an unknown value
RBX=0x0000000778bc6df0 is an oop
java.lang.String 
 - klass: 'java/lang/String'
RCX=0x0000000000000003 is an unknown value
RDX=0x00007f024f73f2b8: <offset 0xfcc2b8> in /usr/lib/jvm/java-8-oracle/jre/lib/amd64/server/libjvm.so at 0x00007f024e773000
RSP=0x00007f0238efdbd0 is an unknown value
RBP=0x00007f0238efdc60 is an unknown value
RSI=0x0000000778bc6df0 is an oop
java.lang.String 
 - klass: 'java/lang/String'
RDI=0x00007f02481cb400 is an unknown value
R8 =0x000000000000000c is an unknown value
R9 =0x000000077d0ea761 is an unknown value
R10=0x00007f024f70bda0: <offset 0xf98da0> in /usr/lib/jvm/java-8-oracle/jre/lib/amd64/server/libjvm.so at 0x00007f024e773000
R11=0x000000077d0ea730 is an oop

[error occurred during error reporting (printing register info), id 0xb]

Stack: [0x00007f0238dff000,0x00007f0238eff000],  sp=0x00007f0238efdbd0,  free space=1018k
Native frames: (J=compiled Java code, j=interpreted, Vv=VM code, C=native code)
V  [libjvm.so+0x987624]  oopDesc* PSPromotionManager::copy_to_survivor_space<false>(oopDesc*)+0x204
V  [libjvm.so+0x987048]  PSPromotionManager::drain_stacks_depth(bool)+0x768
V  [libjvm.so+0x3d139e]  CardTableExtension::scavenge_contents_parallel(ObjectStartArray*, MutableSpace*, HeapWord*, PSPromotionManager*, unsigned int, unsigned int)+0x88e
V  [libjvm.so+0x98b139]  OldToYoungRootsTask::do_it(GCTaskManager*, unsigned int)+0x49
V  [libjvm.so+0x5c3666]  GCTaskThread::run()+0x1b6
V  [libjvm.so+0x90d922]  java_start(Thread*)+0x102


---------------  P R O C E S S  ---------------

Java Threads: ( => current thread )
  0x00007f01d4f52000 JavaThread "Live Reload Server" daemon [_thread_in_native, id=12148, stack(0x00007f01be5fa000,0x00007f01be6fb000)]
  0x00007f01b4001000 JavaThread "HikariPool-1 connection adder" daemon [_thread_blocked, id=12140, stack(0x00007f01bf1fc000,0x00007f01bf2fd000)]
  0x00007f01d4a6d800 JavaThread "container-0" [_thread_blocked, id=12139, stack(0x00007f01bf2fd000,0x00007f01bf3fe000)]
  0x00007f01ac00c000 JavaThread "Catalina-utility-2" [_thread_blocked, id=12138, stack(0x00007f01bf3fe000,0x00007f01bf4ff000)]
  0x00007f01d4a6b800 JavaThread "Catalina-utility-1" [_thread_blocked, id=12137, stack(0x00007f01bf4ff000,0x00007f01bf600000)]
  0x00007f01d4a1e800 JavaThread "HikariPool-1 housekeeper" daemon [_thread_blocked, id=12134, stack(0x00007f01e4064000,0x00007f01e4165000)]
  0x00007f01d4988800 JavaThread "mysql-cj-abandoned-connection-cleanup" daemon [_thread_blocked, id=12133, stack(0x00007f01e4165000,0x00007f01e4266000)]
  0x00007f01c82de000 JavaThread "RMI Scheduler(0)" daemon [_thread_blocked, id=12127, stack(0x00007f01e4266000,0x00007f01e4367000)]
  0x00007f01d8001800 JavaThread "RMI TCP Connection(1)-127.0.0.1" daemon [_thread_in_native, id=12126, stack(0x00007f020c05f000,0x00007f020c160000)]
  0x00007f01f8002800 JavaThread "Attach Listener" daemon [_thread_blocked, id=12124, stack(0x00007f01e4567000,0x00007f01e4668000)]
  0x00007f01f8001000 JavaThread "Attach Listener" daemon [_thread_blocked, id=12123, stack(0x00007f01e4668000,0x00007f01e4769000)]
  0x00007f01d0003800 JavaThread "restartedMain" [_thread_blocked, id=12116, stack(0x00007f020c160000,0x00007f020c261000)]
  0x00007f02488e5000 JavaThread "Thread-1" [_thread_blocked, id=12115, stack(0x00007f020c261000,0x00007f020c362000)]
  0x00007f024870b000 JavaThread "RMI TCP Accept-0" daemon [_thread_in_native, id=12112, stack(0x00007f020c6b5000,0x00007f020c7b6000)]
  0x00007f0248629800 JavaThread "Service Thread" daemon [_thread_blocked, id=12111, stack(0x00007f020cbd6000,0x00007f020ccd7000)]
  0x00007f0248612800 JavaThread "C1 CompilerThread3" daemon [_thread_blocked, id=12110, stack(0x00007f020cef0000,0x00007f020cff0000)]
  0x00007f0248610000 JavaThread "C2 CompilerThread2" daemon [_thread_blocked, id=12109, stack(0x00007f020cff1000,0x00007f020d0f1000)]
  0x00007f024860e000 JavaThread "C2 CompilerThread1" daemon [_thread_blocked, id=12108, stack(0x00007f020d0f2000,0x00007f020d1f2000)]
  0x00007f024860c000 JavaThread "C2 CompilerThread0" daemon [_thread_blocked, id=12107, stack(0x00007f020d1f3000,0x00007f020d2f3000)]
  0x00007f024860a000 JavaThread "Monitor Ctrl-Break" daemon [_thread_in_native, id=12106, stack(0x00007f020d2f3000,0x00007f020d3f4000)]
  0x00007f024820e000 JavaThread "Signal Dispatcher" daemon [_thread_blocked, id=12105, stack(0x00007f020d6d4000,0x00007f020d7d5000)]
  0x00007f02481da800 JavaThread "Finalizer" daemon [_thread_blocked, id=12095, stack(0x00007f020dbe4000,0x00007f020dce5000)]
  0x00007f02481d8000 JavaThread "Reference Handler" daemon [_thread_blocked, id=12094, stack(0x00007f020dce5000,0x00007f020dde6000)]
  0x00007f0248011000 JavaThread "main" [_thread_blocked, id=12073, stack(0x00007f0250286000,0x00007f0250386000)]

Other Threads:
  0x00007f02481ce800 VMThread [stack: 0x00007f020dde7000,0x00007f020dee7000] [id=12091]
  0x00007f0248721000 WatcherThread [stack: 0x00007f020c5b5000,0x00007f020c6b5000] [id=12113]

=>0x00007f0248028800 (exited) GCTaskThread [stack: 0x00007f0238dff000,0x00007f0238eff000] [id=12083]

VM state:at safepoint (normal execution)

VM Mutex/Monitor currently owned by a thread:  ([mutex/lock_event])
[0x00007f0248006f60] Threads_lock - owner thread: 0x00007f02481ce800
[0x00007f0248007460] Heap_lock - owner thread: 0x00007f01d0003800

heap address: 0x00000006c9000000, size: 3952 MB, Compressed Oops mode: Zero based, Oop shift amount: 3
Narrow klass base: 0x0000000000000000, Narrow klass shift: 3
Compressed class space size: 1073741824 Address: 0x00000007c0000000

Heap:
 PSYoungGen      total 252416K, used 250880K [0x000000076db00000, 0x0000000782c80000, 0x00000007c0000000)
  eden space 250880K, 100% used [0x000000076db00000,0x000000077d000000,0x000000077d000000)
  from space 1536K, 0% used [0x000000077de00000,0x000000077de00000,0x000000077df80000)
  to   space 14336K, 41% used [0x000000077d000000,0x000000077d5d2080,0x000000077de00000)
 ParOldGen       total 178688K, used 14433K [0x00000006c9000000, 0x00000006d3e80000, 0x000000076db00000)
  object space 178688K, 8% used [0x00000006c9000000,0x00000006c9e18578,0x00000006d3e80000)
 Metaspace       used 51219K, capacity 53936K, committed 54144K, reserved 1095680K
  class space    used 7238K, capacity 7755K, committed 7808K, reserved 1048576K

Card table byte_map: [0x00007f024c5ad000,0x00007f024cd66000] byte_map_base: 0x00007f0248f65000

Marking Bits: (ParMarkBitMap*) 0x00007f024f73ed80
 Begin Bits: [0x00007f0214480000, 0x00007f0218240000)
 End Bits:   [0x00007f0218240000, 0x00007f021c000000)

Polling page: 0x00007f02503ae000

CodeCache: size=245760Kb used=7928Kb max_used=7928Kb free=237831Kb
 bounds [0x00007f0239000000, 0x00007f02397c0000, 0x00007f0248000000]
 total_blobs=4695 nmethods=4155 adapters=452
 compilation: enabled

Compilation events (10 events):
Event: 3,842 Thread 0x00007f0248612800 nmethod 4152 0x00007f02397bc690 code [0x00007f02397bc860, 0x00007f02397bcf88]
Event: 3,842 Thread 0x00007f0248612800 4151       1       org.springframework.beans.factory.support.AbstractBeanDefinition::getResolvedAutowireMode (59 bytes)
Event: 3,842 Thread 0x00007f0248612800 nmethod 4151 0x00007f02397bd390 code [0x00007f02397bd540, 0x00007f02397bd788]
Event: 3,844 Thread 0x00007f0248612800 4153       1       org.springframework.beans.factory.annotation.InjectionMetadata$1::inject (1 bytes)
Event: 3,844 Thread 0x00007f0248612800 nmethod 4153 0x00007f02397bd9d0 code [0x00007f02397bdb20, 0x00007f02397bdc30]
Event: 3,845 Thread 0x00007f0248612800 4154       1       org.springframework.aop.framework.AbstractAdvisingBeanPostProcessor::postProcessBeforeInitialization (2 bytes)
Event: 3,845 Thread 0x00007f0248612800 nmethod 4154 0x00007f02397bdc90 code [0x00007f02397bdde0, 0x00007f02397bdef0]
Event: 3,845 Thread 0x00007f0248612800 4155       1       org.springframework.aop.framework.autoproxy.AbstractAutoProxyCreator::postProcessAfterInstantiation (2 bytes)
Event: 3,845 Thread 0x00007f0248612800 nmethod 4155 0x00007f02397bdf50 code [0x00007f02397be0a0, 0x00007f02397be1b0]
Event: 3,848 Thread 0x00007f0248612800 4156   !   1       org.springframework.util.ClassUtils::isVisible (26 bytes)

GC Heap History (10 events):
Event: 1,100 GC heap after
Heap after GC invocations=4 (full 1):
 PSYoungGen      total 138240K, used 0K [0x000000076db00000, 0x000000077e900000, 0x00000007c0000000)
  eden space 128000K, 0% used [0x000000076db00000,0x000000076db00000,0x0000000775800000)
  from space 10240K, 0% used [0x0000000775800000,0x0000000775800000,0x0000000776200000)
  to   space 10240K, 0% used [0x000000077df00000,0x000000077df00000,0x000000077e900000)
 ParOldGen       total 119808K, used 10243K [0x00000006c9000000, 0x00000006d0500000, 0x000000076db00000)
  object space 119808K, 8% used [0x00000006c9000000,0x00000006c9a00ed8,0x00000006d0500000)
 Metaspace       used 20409K, capacity 21102K, committed 21296K, reserved 1067008K
  class space    used 2736K, capacity 2930K, committed 2944K, reserved 1048576K
}
Event: 1,657 GC heap before
{Heap before GC invocations=5 (full 1):
 PSYoungGen      total 138240K, used 128000K [0x000000076db00000, 0x000000077e900000, 0x00000007c0000000)
  eden space 128000K, 100% used [0x000000076db00000,0x0000000775800000,0x0000000775800000)
  from space 10240K, 0% used [0x0000000775800000,0x0000000775800000,0x0000000776200000)
  to   space 10240K, 0% used [0x000000077df00000,0x000000077df00000,0x000000077e900000)
 ParOldGen       total 119808K, used 10243K [0x00000006c9000000, 0x00000006d0500000, 0x000000076db00000)
  object space 119808K, 8% used [0x00000006c9000000,0x00000006c9a00ed8,0x00000006d0500000)
 Metaspace       used 25569K, capacity 26838K, committed 27136K, reserved 1073152K
  class space    used 3501K, capacity 3777K, committed 3840K, reserved 1048576K
Event: 1,664 GC heap after
Heap after GC invocations=5 (full 1):
 PSYoungGen      total 171520K, used 9017K [0x000000076db00000, 0x000000077e800000, 0x00000007c0000000)
  eden space 162304K, 0% used [0x000000076db00000,0x000000076db00000,0x0000000777980000)
  from space 9216K, 97% used [0x000000077df00000,0x000000077e7ce770,0x000000077e800000)
  to   space 10240K, 0% used [0x000000077d400000,0x000000077d400000,0x000000077de00000)
 ParOldGen       total 119808K, used 10251K [0x00000006c9000000, 0x00000006d0500000, 0x000000076db00000)
  object space 119808K, 8% used [0x00000006c9000000,0x00000006c9a02ed8,0x00000006d0500000)
 Metaspace       used 25569K, capacity 26838K, committed 27136K, reserved 1073152K
  class space    used 3501K, capacity 3777K, committed 3840K, reserved 1048576K
}
Event: 2,272 GC heap before
{Heap before GC invocations=6 (full 1):
 PSYoungGen      total 171520K, used 171321K [0x000000076db00000, 0x000000077e800000, 0x00000007c0000000)
  eden space 162304K, 100% used [0x000000076db00000,0x0000000777980000,0x0000000777980000)
  from space 9216K, 97% used [0x000000077df00000,0x000000077e7ce770,0x000000077e800000)
  to   space 10240K, 0% used [0x000000077d400000,0x000000077d400000,0x000000077de00000)
 ParOldGen       total 119808K, used 10251K [0x00000006c9000000, 0x00000006d0500000, 0x000000076db00000)
  object space 119808K, 8% used [0x00000006c9000000,0x00000006c9a02ed8,0x00000006d0500000)
 Metaspace       used 33077K, capacity 35050K, committed 35328K, reserved 1079296K
  class space    used 4432K, capacity 4831K, committed 4864K, reserved 1048576K
Event: 2,282 GC heap after
Heap after GC invocations=6 (full 1):
 PSYoungGen      total 214016K, used 10231K [0x000000076db00000, 0x000000077df80000, 0x00000007c0000000)
  eden space 203776K, 0% used [0x000000076db00000,0x000000076db00000,0x000000077a200000)
  from space 10240K, 99% used [0x000000077d400000,0x000000077ddfdfb0,0x000000077de00000)
  to   space 1536K, 0% used [0x000000077de00000,0x000000077de00000,0x000000077df80000)
 ParOldGen       total 119808K, used 13732K [0x00000006c9000000, 0x00000006d0500000, 0x000000076db00000)
  object space 119808K, 11% used [0x00000006c9000000,0x00000006c9d69140,0x00000006d0500000)
 Metaspace       used 33077K, capacity 35050K, committed 35328K, reserved 1079296K
  class space    used 4432K, capacity 4831K, committed 4864K, reserved 1048576K
}
Event: 2,304 GC heap before
{Heap before GC invocations=7 (full 1):
 PSYoungGen      total 214016K, used 17592K [0x000000076db00000, 0x000000077df80000, 0x00000007c0000000)
  eden space 203776K, 3% used [0x000000076db00000,0x000000076e2302a0,0x000000077a200000)
  from space 10240K, 99% used [0x000000077d400000,0x000000077ddfdfb0,0x000000077de00000)
  to   space 1536K, 0% used [0x000000077de00000,0x000000077de00000,0x000000077df80000)
 ParOldGen       total 119808K, used 13732K [0x00000006c9000000, 0x00000006d0500000, 0x000000076db00000)
  object space 119808K, 11% used [0x00000006c9000000,0x00000006c9d69140,0x00000006d0500000)
 Metaspace       used 33554K, capacity 35446K, committed 35496K, reserved 1079296K
  class space    used 4461K, capacity 4833K, committed 4864K, reserved 1048576K
Event: 2,311 GC heap after
Heap after GC invocations=7 (full 1):
 PSYoungGen      total 252416K, used 1504K [0x000000076db00000, 0x0000000782c80000, 0x00000007c0000000)
  eden space 250880K, 0% used [0x000000076db00000,0x000000076db00000,0x000000077d000000)
  from space 1536K, 97% used [0x000000077de00000,0x000000077df78010,0x000000077df80000)
  to   space 14336K, 0% used [0x000000077d000000,0x000000077d000000,0x000000077de00000)
 ParOldGen       total 119808K, used 21762K [0x00000006c9000000, 0x00000006d0500000, 0x000000076db00000)
  object space 119808K, 18% used [0x00000006c9000000,0x00000006ca540b38,0x00000006d0500000)
 Metaspace       used 33554K, capacity 35446K, committed 35496K, reserved 1079296K
  class space    used 4461K, capacity 4833K, committed 4864K, reserved 1048576K
}
Event: 2,311 GC heap before
{Heap before GC invocations=8 (full 2):
 PSYoungGen      total 252416K, used 1504K [0x000000076db00000, 0x0000000782c80000, 0x00000007c0000000)
  eden space 250880K, 0% used [0x000000076db00000,0x000000076db00000,0x000000077d000000)
  from space 1536K, 97% used [0x000000077de00000,0x000000077df78010,0x000000077df80000)
  to   space 14336K, 0% used [0x000000077d000000,0x000000077d000000,0x000000077de00000)
 ParOldGen       total 119808K, used 21762K [0x00000006c9000000, 0x00000006d0500000, 0x000000076db00000)
  object space 119808K, 18% used [0x00000006c9000000,0x00000006ca540b38,0x00000006d0500000)
 Metaspace       used 33554K, capacity 35446K, committed 35496K, reserved 1079296K
  class space    used 4461K, capacity 4833K, committed 4864K, reserved 1048576K
Event: 2,379 GC heap after
Heap after GC invocations=8 (full 2):
 PSYoungGen      total 252416K, used 0K [0x000000076db00000, 0x0000000782c80000, 0x00000007c0000000)
  eden space 250880K, 0% used [0x000000076db00000,0x000000076db00000,0x000000077d000000)
  from space 1536K, 0% used [0x000000077de00000,0x000000077de00000,0x000000077df80000)
  to   space 14336K, 0% used [0x000000077d000000,0x000000077d000000,0x000000077de00000)
 ParOldGen       total 178688K, used 14425K [0x00000006c9000000, 0x00000006d3e80000, 0x000000076db00000)
  object space 178688K, 8% used [0x00000006c9000000,0x00000006c9e16578,0x00000006d3e80000)
 Metaspace       used 33554K, capacity 35446K, committed 35496K, reserved 1079296K
  class space    used 4461K, capacity 4833K, committed 4864K, reserved 1048576K
}
Event: 3,848 GC heap before
{Heap before GC invocations=9 (full 2):
 PSYoungGen      total 252416K, used 250880K [0x000000076db00000, 0x0000000782c80000, 0x00000007c0000000)
  eden space 250880K, 100% used [0x000000076db00000,0x000000077d000000,0x000000077d000000)
  from space 1536K, 0% used [0x000000077de00000,0x000000077de00000,0x000000077df80000)
  to   space 14336K, 0% used [0x000000077d000000,0x000000077d000000,0x000000077de00000)
 ParOldGen       total 178688K, used 14425K [0x00000006c9000000, 0x00000006d3e80000, 0x000000076db00000)
  object space 178688K, 8% used [0x00000006c9000000,0x00000006c9e16578,0x00000006d3e80000)
 Metaspace       used 51219K, capacity 53936K, committed 54144K, reserved 1095680K
  class space    used 7238K, capacity 7755K, committed 7808K, reserved 1048576K

Deoptimization events (0 events):
No events

Classes redefined (0 events):
No events

Internal exceptions (10 events):
Event: 3,770 Thread 0x00007f01d0003800 Exception <a 'java/lang/ClassNotFoundException': org/springframework/security/config/annotation/web/configuration/WebSecurityConfigurationCustomizer> (0x000000077c2ca258) thrown at [/HUDSON/workspace/8-2-build-linux-amd64/jdk8u201/12317/hotspot/src/share/
Event: 3,770 Thread 0x00007f01d0003800 Exception <a 'java/lang/ArrayIndexOutOfBoundsException'> (0x000000077c2ce720) thrown at [/HUDSON/workspace/8-2-build-linux-amd64/jdk8u201/12317/hotspot/src/share/vm/runtime/sharedRuntime.cpp, line 605]
Event: 3,770 Thread 0x00007f01d0003800 Exception <a 'java/lang/ArrayIndexOutOfBoundsException'> (0x000000077c2d2a10) thrown at [/HUDSON/workspace/8-2-build-linux-amd64/jdk8u201/12317/hotspot/src/share/vm/runtime/sharedRuntime.cpp, line 605]
Event: 3,770 Thread 0x00007f01d0003800 Exception <a 'java/lang/ClassNotFoundException': org/springframework/context/annotation/ImportAwareCustomizer> (0x000000077c2f41a8) thrown at [/HUDSON/workspace/8-2-build-linux-amd64/jdk8u201/12317/hotspot/src/share/vm/classfile/systemDictionary.cpp, line
Event: 3,771 Thread 0x00007f01d0003800 Exception <a 'java/lang/ClassNotFoundException': org/springframework/beans/factory/AwareCustomizer> (0x000000077c30c058) thrown at [/HUDSON/workspace/8-2-build-linux-amd64/jdk8u201/12317/hotspot/src/share/vm/classfile/systemDictionary.cpp, line 210]
Event: 3,771 Thread 0x00007f01d0003800 Exception <a 'java/lang/ClassNotFoundException': org/springframework/beans/factory/BeanClassLoaderAwareCustomizer> (0x000000077c327cc8) thrown at [/HUDSON/workspace/8-2-build-linux-amd64/jdk8u201/12317/hotspot/src/share/vm/classfile/systemDictionary.cpp, 
Event: 3,771 Thread 0x00007f01d0003800 Exception <a 'java/lang/ClassNotFoundException': org/springframework/beans/factory/AwareCustomizer> (0x000000077c33fa30) thrown at [/HUDSON/workspace/8-2-build-linux-amd64/jdk8u201/12317/hotspot/src/share/vm/classfile/systemDictionary.cpp, line 210]
Event: 3,772 Thread 0x00007f01d0003800 Exception <a 'java/lang/ArrayIndexOutOfBoundsException'> (0x000000077c346820) thrown at [/HUDSON/workspace/8-2-build-linux-amd64/jdk8u201/12317/hotspot/src/share/vm/runtime/sharedRuntime.cpp, line 605]
Event: 3,782 Thread 0x00007f01d0003800 Exception <a 'java/lang/ArrayIndexOutOfBoundsException'> (0x000000077c4c1d18) thrown at [/HUDSON/workspace/8-2-build-linux-amd64/jdk8u201/12317/hotspot/src/share/vm/runtime/sharedRuntime.cpp, line 605]
Event: 3,800 Thread 0x00007f01d0003800 Exception <a 'java/lang/ArrayIndexOutOfBoundsException'> (0x000000077c7b54e8) thrown at [/HUDSON/workspace/8-2-build-linux-amd64/jdk8u201/12317/hotspot/src/share/vm/runtime/sharedRuntime.cpp, line 605]

Events (10 events):
Event: 3,846 loading class org/springframework/security/web/util/ThrowableAnalyzer done
Event: 3,847 loading class org/springframework/security/web/util/ThrowableCauseExtractor
Event: 3,847 loading class org/springframework/security/web/util/ThrowableCauseExtractor done
Event: 3,847 loading class org/springframework/security/web/util/ThrowableCauseExtractor
Event: 3,847 loading class org/springframework/security/web/util/ThrowableCauseExtractor done
Event: 3,847 loading class org/springframework/security/web/util/ThrowableCauseExtractor
Event: 3,847 loading class org/springframework/security/web/util/ThrowableCauseExtractor done
Event: 3,847 loading class org/springframework/security/web/util/ThrowableCauseExtractor
Event: 3,847 loading class org/springframework/security/web/util/ThrowableCauseExtractor done
Event: 3,848 Executing VM operation: ParallelGCFailedAllocation


Dynamic libraries:
00400000-00401000 r-xp 00000000 08:02 15466874                           /usr/lib/jvm/java-8-oracle/bin/java
00600000-00601000 r--p 00000000 08:02 15466874                           /usr/lib/jvm/java-8-oracle/bin/java
00601000-00602000 rw-p 00001000 08:02 15466874                           /usr/lib/jvm/java-8-oracle/bin/java
00dfa000-00e1b000 rw-p 00000000 00:00 0                                  [heap]
6c9000000-6d3e80000 rw-p 00000000 00:00 0 
6d3e80000-76db00000 ---p 00000000 00:00 0 
76db00000-782c80000 rw-p 00000000 00:00 0 
782c80000-7c0000000 ---p 00000000 00:00 0 
7c0000000-7c07a0000 rw-p 00000000 00:00 0 
7c07a0000-800000000 ---p 00000000 00:00 0 
7f019c000000-7f019c021000 rw-p 00000000 00:00 0 
7f019c021000-7f01a0000000 ---p 00000000 00:00 0 
7f01a0000000-7f01a0021000 rw-p 00000000 00:00 0 
7f01a0021000-7f01a4000000 ---p 00000000 00:00 0 
7f01a4000000-7f01a4021000 rw-p 00000000 00:00 0 
7f01a4021000-7f01a8000000 ---p 00000000 00:00 0 
7f01a8000000-7f01a8021000 rw-p 00000000 00:00 0 
7f01a8021000-7f01ac000000 ---p 00000000 00:00 0 
7f01ac000000-7f01ac021000 rw-p 00000000 00:00 0 
7f01ac021000-7f01b0000000 ---p 00000000 00:00 0 
7f01b0000000-7f01b0021000 rw-p 00000000 00:00 0 
7f01b0021000-7f01b4000000 ---p 00000000 00:00 0 
7f01b4000000-7f01b4021000 rw-p 00000000 00:00 0 
7f01b4021000-7f01b8000000 ---p 00000000 00:00 0 
7f01b8000000-7f01b8021000 rw-p 00000000 00:00 0 
7f01b8021000-7f01bc000000 ---p 00000000 00:00 0 
7f01bdffa000-7f01be13a000 rw-p 00000000 00:00 0 
7f01be13a000-7f01be1fa000 ---p 00000000 00:00 0 
7f01be1fa000-7f01be3fa000 rw-p 00000000 00:00 0 
7f01be3fa000-7f01be5fa000 rw-p 00000000 00:00 0 
7f01be5fa000-7f01be5fd000 ---p 00000000 00:00 0 
7f01be5fd000-7f01be8fb000 rw-p 00000000 00:00 0 
7f01be8fb000-7f01beafb000 rw-p 00000000 00:00 0 
7f01beafb000-7f01beafe000 ---p 00000000 00:00 0 
7f01beafe000-7f01bedfc000 rw-p 00000000 00:00 0 
7f01bedfc000-7f01beffc000 rw-p 00000000 00:00 0 
7f01beffc000-7f01bf1fc000 rw-p 00000000 00:00 0 
7f01bf1fc000-7f01bf1ff000 ---p 00000000 00:00 0 
7f01bf1ff000-7f01bf2fd000 rw-p 00000000 00:00 0 
7f01bf2fd000-7f01bf300000 ---p 00000000 00:00 0 
7f01bf300000-7f01bf3fe000 rw-p 00000000 00:00 0 
7f01bf3fe000-7f01bf401000 ---p 00000000 00:00 0 
7f01bf401000-7f01bf4ff000 rw-p 00000000 00:00 0 
7f01bf4ff000-7f01bf502000 ---p 00000000 00:00 0 
7f01bf502000-7f01bf800000 rw-p 00000000 00:00 0 
7f01bf800000-7f01bfa00000 rw-p 00000000 00:00 0 
7f01bfa00000-7f01bfc00000 rw-p 00000000 00:00 0 
7f01bfc00000-7f01bfe00000 rw-p 00000000 00:00 0 
7f01bfe00000-7f01c0000000 rw-p 00000000 00:00 0 
7f01c0000000-7f01c0021000 rw-p 00000000 00:00 0 
7f01c0021000-7f01c4000000 ---p 00000000 00:00 0 
7f01c4000000-7f01c4021000 rw-p 00000000 00:00 0 
7f01c4021000-7f01c8000000 ---p 00000000 00:00 0 
7f01c8000000-7f01c82fa000 rw-p 00000000 00:00 0 
7f01c82fa000-7f01cc000000 ---p 00000000 00:00 0 
7f01cc000000-7f01cc021000 rw-p 00000000 00:00 0 
7f01cc021000-7f01d0000000 ---p 00000000 00:00 0 
7f01d0000000-7f01d0021000 rw-p 00000000 00:00 0 
7f01d0021000-7f01d4000000 ---p 00000000 00:00 0 
7f01d4000000-7f01d5217000 rw-p 00000000 00:00 0 
7f01d5217000-7f01d8000000 ---p 00000000 00:00 0 
7f01d8000000-7f01d8021000 rw-p 00000000 00:00 0 
7f01d8021000-7f01dc000000 ---p 00000000 00:00 0 
7f01dc000000-7f01dc021000 rw-p 00000000 00:00 0 
7f01dc021000-7f01e0000000 ---p 00000000 00:00 0 
7f01e0000000-7f01e0021000 rw-p 00000000 00:00 0 
7f01e0021000-7f01e4000000 ---p 00000000 00:00 0 
7f01e4064000-7f01e4067000 ---p 00000000 00:00 0 
7f01e4067000-7f01e4165000 rw-p 00000000 00:00 0 
7f01e4165000-7f01e4168000 ---p 00000000 00:00 0 
7f01e4168000-7f01e4266000 rw-p 00000000 00:00 0 
7f01e4266000-7f01e4269000 ---p 00000000 00:00 0 
7f01e4269000-7f01e4567000 rw-p 00000000 00:00 0 
7f01e4567000-7f01e456a000 ---p 00000000 00:00 0 
7f01e456a000-7f01e4668000 rw-p 00000000 00:00 0 
7f01e4668000-7f01e466b000 ---p 00000000 00:00 0 
7f01e466b000-7f01e4969000 rw-p 00000000 00:00 0 
7f01e4969000-7f01e4b69000 rw-p 00000000 00:00 0 
7f01e4b69000-7f01e4d69000 rw-p 00000000 00:00 0 
7f01e4d69000-7f01e4dff000 r--s 0110e000 08:02 398684                     /usr/lib/jvm/java-8-oracle/jre/lib/ext/jfxrt.jar
7f01e4dff000-7f01e4fff000 rw-p 00000000 00:00 0 
7f01e4fff000-7f01e8000000 rw-p 00000000 00:00 0 
7f01e8000000-7f01e8021000 rw-p 00000000 00:00 0 
7f01e8021000-7f01ec000000 ---p 00000000 00:00 0 
7f01ec000000-7f01ec437000 rw-p 00000000 00:00 0 
7f01ec437000-7f01f0000000 ---p 00000000 00:00 0 
7f01f0000000-7f01f003e000 rw-p 00000000 00:00 0 
7f01f003e000-7f01f4000000 ---p 00000000 00:00 0 
7f01f4000000-7f01f4021000 rw-p 00000000 00:00 0 
7f01f4021000-7f01f8000000 ---p 00000000 00:00 0 
7f01f8000000-7f01f8021000 rw-p 00000000 00:00 0 
7f01f8021000-7f01fc000000 ---p 00000000 00:00 0 
7f01fc000000-7f01fc05b000 rw-p 00000000 00:00 0 
7f01fc05b000-7f0200000000 ---p 00000000 00:00 0 
7f0200000000-7f0200021000 rw-p 00000000 00:00 0 
7f0200021000-7f0204000000 ---p 00000000 00:00 0 
7f0204000000-7f0204021000 rw-p 00000000 00:00 0 
7f0204021000-7f0208000000 ---p 00000000 00:00 0 
7f0208000000-7f0208021000 rw-p 00000000 00:00 0 
7f0208021000-7f020c000000 ---p 00000000 00:00 0 
7f020c057000-7f020c05c000 r--s 002f9000 08:02 398620                     /usr/lib/jvm/java-8-oracle/jre/lib/charsets.jar
7f020c05c000-7f020c05f000 r--s 0001a000 08:02 398697                     /usr/lib/jvm/java-8-oracle/jre/lib/jce.jar
7f020c05f000-7f020c062000 ---p 00000000 00:00 0 
7f020c062000-7f020c160000 rw-p 00000000 00:00 0 
7f020c160000-7f020c163000 ---p 00000000 00:00 0 
7f020c163000-7f020c261000 rw-p 00000000 00:00 0 
7f020c261000-7f020c264000 ---p 00000000 00:00 0 
7f020c264000-7f020c562000 rw-p 00000000 00:00 0 
7f020c562000-7f020c56c000 r--s 00116000 08:02 398690                     /usr/lib/jvm/java-8-oracle/jre/lib/ext/localedata.jar
7f020c56c000-7f020c588000 r--s 00393000 08:02 398683                     /usr/lib/jvm/java-8-oracle/jre/lib/ext/cldrdata.jar
7f020c588000-7f020c58f000 r--s 00000000 08:02 140816                     /usr/lib/x86_64-linux-gnu/gconv/gconv-modules.cache
7f020c58f000-7f020c5b4000 r--p 00000000 08:02 789022                     /usr/share/locale-langpack/pl/LC_MESSAGES/libc.mo
7f020c5b4000-7f020c5b5000 ---p 00000000 00:00 0 
7f020c5b5000-7f020c6b5000 rw-p 00000000 00:00 0 
7f020c6b5000-7f020c6b8000 ---p 00000000 00:00 0 
7f020c6b8000-7f020c7b6000 rw-p 00000000 00:00 0 
7f020c7b6000-7f020c7ba000 r--s 000a1000 08:02 398679                     /usr/lib/jvm/java-8-oracle/jre/lib/jsse.jar
7f020c7ba000-7f020c7cb000 r-xp 00000000 08:02 526091                     /usr/lib/jvm/java-8-oracle/jre/lib/amd64/libnio.so
7f020c7cb000-7f020c9ca000 ---p 00011000 08:02 526091                     /usr/lib/jvm/java-8-oracle/jre/lib/amd64/libnio.so
7f020c9ca000-7f020c9cb000 r--p 00010000 08:02 526091                     /usr/lib/jvm/java-8-oracle/jre/lib/amd64/libnio.so
7f020c9cb000-7f020c9cc000 rw-p 00011000 08:02 526091                     /usr/lib/jvm/java-8-oracle/jre/lib/amd64/libnio.so
7f020c9cc000-7f020c9d5000 r-xp 00000000 08:02 526187                     /usr/lib/jvm/java-8-oracle/jre/lib/amd64/libmanagement.so
7f020c9d5000-7f020cbd4000 ---p 00009000 08:02 526187                     /usr/lib/jvm/java-8-oracle/jre/lib/amd64/libmanagement.so
7f020cbd4000-7f020cbd5000 r--p 00008000 08:02 526187                     /usr/lib/jvm/java-8-oracle/jre/lib/amd64/libmanagement.so
7f020cbd5000-7f020cbd6000 rw-p 00009000 08:02 526187                     /usr/lib/jvm/java-8-oracle/jre/lib/amd64/libmanagement.so
7f020cbd6000-7f020cbd9000 ---p 00000000 00:00 0 
7f020cbd9000-7f020ccd7000 rw-p 00000000 00:00 0 
7f020ccd7000-7f020cced000 r-xp 00000000 08:02 525933                     /usr/lib/jvm/java-8-oracle/jre/lib/amd64/libnet.so
7f020cced000-7f020ceed000 ---p 00016000 08:02 525933                     /usr/lib/jvm/java-8-oracle/jre/lib/amd64/libnet.so
7f020ceed000-7f020ceee000 r--p 00016000 08:02 525933                     /usr/lib/jvm/java-8-oracle/jre/lib/amd64/libnet.so
7f020ceee000-7f020ceef000 rw-p 00017000 08:02 525933                     /usr/lib/jvm/java-8-oracle/jre/lib/amd64/libnet.so
7f020ceef000-7f020cef0000 ---p 00000000 00:00 0 
7f020cef0000-7f020cef3000 ---p 00000000 00:00 0 
7f020cef3000-7f020cff0000 rw-p 00000000 00:00 0 
7f020cff0000-7f020cff1000 ---p 00000000 00:00 0 
7f020cff1000-7f020cff4000 ---p 00000000 00:00 0 
7f020cff4000-7f020d0f1000 rw-p 00000000 00:00 0 
7f020d0f1000-7f020d0f2000 ---p 00000000 00:00 0 
7f020d0f2000-7f020d0f5000 ---p 00000000 00:00 0 
7f020d0f5000-7f020d1f2000 rw-p 00000000 00:00 0 
7f020d1f2000-7f020d1f3000 ---p 00000000 00:00 0 
7f020d1f3000-7f020d1f6000 ---p 00000000 00:00 0 
7f020d1f6000-7f020d2f3000 rw-p 00000000 00:00 0 
7f020d2f3000-7f020d2f6000 ---p 00000000 00:00 0 
7f020d2f6000-7f020d3f4000 rw-p 00000000 00:00 0 
7f020d3f4000-7f020d3f6000 r--s 0001d000 07:0f 856                        /snap/intellij-idea-ultimate/242/lib/idea_rt.jar
7f020d3f6000-7f020d41e000 r--s 0012c000 08:02 6818511                    /home/rafal/.m2/repository/org/springframework/boot/spring-boot-autoconfigure/2.2.3.RELEASE/spring-boot-autoconfigure-2.2.3.RELEASE.jar
7f020d41e000-7f020d435000 r--s 000e8000 08:02 6818537                    /home/rafal/.m2/repository/org/springframework/boot/spring-boot/2.2.3.RELEASE/spring-boot-2.2.3.RELEASE.jar
7f020d435000-7f020d43b000 r--s 00030000 08:02 5900992                    /home/rafal/.m2/repository/org/springframework/boot/spring-boot-devtools/2.2.2.RELEASE/spring-boot-devtools-2.2.2.RELEASE.jar
7f020d43b000-7f020d455000 r--s 0022d000 08:02 10749887                   /home/rafal/.m2/repository/mysql/mysql-connector-java/8.0.20/mysql-connector-java-8.0.20.jar
7f020d455000-7f020d457000 r--s 0000a000 08:02 7345456                    /home/rafal/.m2/repository/org/springframework/spring-aspects/5.2.3.RELEASE/spring-aspects-5.2.3.RELEASE.jar
7f020d457000-7f020d460000 r--s 00044000 08:02 6951845                    /home/rafal/.m2/repository/org/springframework/spring-tx/5.2.3.RELEASE/spring-tx-5.2.3.RELEASE.jar
7f020d460000-7f020d465000 r--s 0002d000 08:02 7217514                    /home/rafal/.m2/repository/org/springframework/spring-orm/5.2.3.RELEASE/spring-orm-5.2.3.RELEASE.jar
7f020d465000-7f020d47e000 r--s 00110000 08:02 7217510                    /home/rafal/.m2/repository/org/springframework/data/spring-data-commons/2.2.4.RELEASE/spring-data-commons-2.2.4.RELEASE.jar
7f020d47e000-7f020d487000 r--s 00051000 08:02 7089019                    /home/rafal/.m2/repository/org/springframework/data/spring-data-jpa/2.2.4.RELEASE/spring-data-jpa-2.2.4.RELEASE.jar
7f020d487000-7f020d48c000 r--s 00049000 08:02 8783842                    /home/rafal/.m2/repository/com/sun/xml/fastinfoset/FastInfoset/1.2.16/FastInfoset-1.2.16.jar
7f020d48c000-7f020d48e000 r--s 00008000 08:02 8783840                    /home/rafal/.m2/repository/org/jvnet/staxex/stax-ex/1.8.1/stax-ex-1.8.1.jar
7f020d48e000-7f020d490000 r--s 00005000 08:02 8783838                    /home/rafal/.m2/repository/com/sun/istack/istack-commons-runtime/3.0.8/istack-commons-runtime-3.0.8.jar
7f020d490000-7f020d492000 r--s 00010000 08:02 8783836                    /home/rafal/.m2/repository/org/glassfish/jaxb/txw2/2.3.2/txw2-2.3.2.jar
7f020d492000-7f020d4a7000 r--s 000e3000 08:02 8783834                    /home/rafal/.m2/repository/org/glassfish/jaxb/jaxb-runtime/2.3.2/jaxb-runtime-2.3.2.jar
7f020d4a7000-7f020d4aa000 r--s 00010000 08:02 6953306                    /home/rafal/.m2/repository/org/hibernate/common/hibernate-commons-annotations/5.1.0.Final/hibernate-commons-annotations-5.1.0.Final.jar
7f020d4aa000-7f020d4af000 r--s 0004b000 08:02 5374282                    /home/rafal/.m2/repository/org/dom4j/dom4j/2.1.1/dom4j-2.1.1.jar
7f020d4af000-7f020d4b1000 r--s 0000f000 08:02 8783846                    /home/rafal/.m2/repository/com/fasterxml/classmate/1.5.1/classmate-1.5.1.jar
7f020d4b1000-7f020d4b4000 r--s 0002d000 08:02 6160835                    /home/rafal/.m2/repository/org/jboss/jandex/2.1.1.Final/jandex-2.1.1.Final.jar
7f020d4b4000-7f020d4b9000 r--s 00068000 08:02 3932658                    /home/rafal/.m2/repository/antlr/antlr/2.7.7/antlr-2.7.7.jar
7f020d4b9000-7f020d4c3000 r--s 000b4000 08:02 6953302                    /home/rafal/.m2/repository/org/javassist/javassist/3.24.0-GA/javassist-3.24.0-GA.jar
7f020d4c3000-7f020d4c5000 r--s 0000d000 08:02 6160881                    /home/rafal/.m2/repository/org/jboss/logging/jboss-logging/3.4.1.Final/jboss-logging-3.4.1.Final.jar
7f020d4c5000-7f020d54a000 r--s 0064f000 08:02 6951843                    /home/rafal/.m2/repository/org/hibernate/hibernate-core/5.4.10.Final/hibernate-core-5.4.10.Final.jar
7f020d54a000-7f020d54b000 r--s 00003000 08:02 6160827                    /home/rafal/.m2/repository/jakarta/transaction/jakarta.transaction-api/1.3.3/jakarta.transaction-api-1.3.3.jar
7f020d54b000-7f020d551000 r--s 00023000 08:02 6160825                    /home/rafal/.m2/repository/jakarta/persistence/jakarta.persistence-api/2.2.3/jakarta.persistence-api-2.2.3.jar
7f020d551000-7f020d553000 r--s 00009000 08:02 6160897                    /home/rafal/.m2/repository/jakarta/activation/jakarta.activation-api/1.2.1/jakarta.activation-api-1.2.1.jar
7f020d553000-7f020d55d000 r--s 0005a000 08:02 6818560                    /home/rafal/.m2/repository/org/springframework/spring-jdbc/5.2.3.RELEASE/spring-jdbc-5.2.3.RELEASE.jar
7f020d55d000-7f020d560000 r--s 00023000 08:02 6818556                    /home/rafal/.m2/repository/com/zaxxer/HikariCP/3.4.2/HikariCP-3.4.2.jar
7f020d560000-7f020d561000 r--s 00000000 08:02 6689449                    /home/rafal/.m2/repository/org/springframework/boot/spring-boot-starter-jdbc/2.2.3.RELEASE/spring-boot-starter-jdbc-2.2.3.RELEASE.jar
7f020d561000-7f020d57a000 r--s 001da000 08:02 6160847                    /home/rafal/.m2/repository/org/aspectj/aspectjweaver/1.9.5/aspectjweaver-1.9.5.jar
7f020d57a000-7f020d57b000 r--s 00000000 08:02 6689448                    /home/rafal/.m2/repository/org/springframework/boot/spring-boot-starter-aop/2.2.3.RELEASE/spring-boot-starter-aop-2.2.3.RELEASE.jar
7f020d57b000-7f020d57c000 r--s 00000000 08:02 6160811                    /home/rafal/.m2/repository/org/springframework/boot/spring-boot-starter-data-jpa/2.2.2.RELEASE/spring-boot-starter-data-jpa-2.2.2.RELEASE.jar
7f020d57c000-7f020d58f000 r--s 00201000 08:02 9702334                    /home/rafal/.m2/repository/com/h2database/h2/1.4.199/h2-1.4.199.jar
7f020d58f000-7f020d59e000 r--s 0007c000 08:02 9702230                    /home/rafal/.m2/repository/org/springframework/security/spring-security-web/5.2.1.RELEASE/spring-security-web-5.2.1.RELEASE.jar
7f020d59e000-7f020d5aa000 r--s 00061000 08:02 9702227                    /home/rafal/.m2/repository/org/springframework/security/spring-security-core/5.2.1.RELEASE/spring-security-core-5.2.1.RELEASE.jar
7f020d5aa000-7f020d5b8000 r--s 000c4000 08:02 9702231                    /home/rafal/.m2/repository/org/springframework/security/spring-security-config/5.2.1.RELEASE/spring-security-config-5.2.1.RELEASE.jar
7f020d5b8000-7f020d5c1000 r--s 00052000 08:02 6818505                    /home/rafal/.m2/repository/org/springframework/spring-aop/5.2.3.RELEASE/spring-aop-5.2.3.RELEASE.jar
7f020d5c1000-7f020d5c2000 r--s 00000000 08:02 9702225                    /home/rafal/.m2/repository/org/springframework/boot/spring-boot-starter-security/2.2.2.RELEASE/spring-boot-starter-security-2.2.2.RELEASE.jar
7f020d5c2000-7f020d5c3000 r--s 00005000 08:02 6818507                    /home/rafal/.m2/repository/org/springframework/spring-jcl/5.2.3.RELEASE/spring-jcl-5.2.3.RELEASE.jar
7f020d5c3000-7f020d5de000 r--s 00144000 08:02 6818523                    /home/rafal/.m2/repository/org/springframework/spring-core/5.2.3.RELEASE/spring-core-5.2.3.RELEASE.jar
7f020d5de000-7f020d626000 r--s 002e9000 08:02 8652300                    /home/rafal/.m2/repository/net/bytebuddy/byte-buddy/1.10.6/byte-buddy-1.10.6.jar
7f020d626000-7f020d63d000 r--s 00198000 08:02 4068001                    /home/rafal/.m2/repository/org/projectlombok/lombok/1.18.10/lombok-1.18.10.jar
7f020d63d000-7f020d642000 r--s 00040000 08:02 6818532                    /home/rafal/.m2/repository/org/springframework/spring-expression/5.2.3.RELEASE/spring-expression-5.2.3.RELEASE.jar
7f020d642000-7f020d65e000 r--s 0010f000 08:02 6818508                    /home/rafal/.m2/repository/org/springframework/spring-context/5.2.3.RELEASE/spring-context-5.2.3.RELEASE.jar
7f020d65e000-7f020d671000 r--s 000d5000 08:02 8390895                    /home/rafal/.m2/repository/org/springframework/spring-webmvc/5.2.3.RELEASE/spring-webmvc-5.2.3.RELEASE.jar
7f020d671000-7f020d68d000 r--s 00141000 08:02 6818522                    /home/rafal/.m2/repository/org/springframework/spring-web/5.2.3.RELEASE/spring-web-5.2.3.RELEASE.jar
7f020d68d000-7f020d6aa000 r--s 000fe000 08:02 5515049                    /home/rafal/.m2/repository/org/hibernate/validator/hibernate-validator/6.0.18.Final/hibernate-validator-6.0.18.Final.jar
7f020d6aa000-7f020d6d4000 r--s 00301000 08:02 7481358                    /home/rafal/.m2/repository/org/apache/tomcat/embed/tomcat-embed-core/9.0.30/tomcat-embed-core-9.0.30.jar
7f020d6d4000-7f020d6d7000 ---p 00000000 00:00 0 
7f020d6d7000-7f020d7d5000 rw-p 00000000 00:00 0 
7f020d7d5000-7f020dbe4000 r--p 00000000 08:02 15337430                   /usr/lib/locale/locale-archive
7f020dbe4000-7f020dbe7000 ---p 00000000 00:00 0 
7f020dbe7000-7f020dce5000 rw-p 00000000 00:00 0 
7f020dce5000-7f020dce8000 ---p 00000000 00:00 0 
7f020dce8000-7f020dde6000 rw-p 00000000 00:00 0 
7f020dde6000-7f020dde7000 ---p 00000000 00:00 0 
7f020dde7000-7f0210000000 rw-p 00000000 00:00 0 
7f0210000000-7f0210021000 rw-p 00000000 00:00 0 
7f0210021000-7f0214000000 ---p 00000000 00:00 0 
7f0214000000-7f0214004000 r--s 00019000 08:02 6160895                    /home/rafal/.m2/repository/jakarta/xml/bind/jakarta.xml.bind-api/2.3.2/jakarta.xml.bind-api-2.3.2.jar
7f0214004000-7f0214011000 r--s 0009b000 08:02 6818536                    /home/rafal/.m2/repository/org/springframework/spring-beans/5.2.3.RELEASE/spring-beans-5.2.3.RELEASE.jar
7f0214011000-7f0214016000 r--s 00012000 08:02 8271150                    /home/rafal/.m2/repository/jakarta/validation/jakarta.validation-api/2.0.2/jakarta.validation-api-2.0.2.jar
7f0214016000-7f0214017000 r--s 00000000 08:02 8134159                    /home/rafal/.m2/repository/org/springframework/boot/spring-boot-starter-validation/2.2.3.RELEASE/spring-boot-starter-validation-2.2.3.RELEASE.jar
7f0214017000-7f021401c000 r--s 0003c000 08:02 7867308                    /home/rafal/.m2/repository/org/apache/tomcat/embed/tomcat-embed-websocket/9.0.30/tomcat-embed-websocket-9.0.30.jar
7f021401c000-7f0214021000 r--s 0003a000 08:02 7607190                    /home/rafal/.m2/repository/org/apache/tomcat/embed/tomcat-embed-el/9.0.30/tomcat-embed-el-9.0.30.jar
7f0214021000-7f0214023000 r--s 00001000 08:02 8785346                    /home/rafal/.m2/repository/com/fasterxml/jackson/module/jackson-module-parameter-names/2.10.2/jackson-module-parameter-names-2.10.2.jar
7f0214023000-7f0214026000 r--s 00017000 08:02 7217500                    /home/rafal/.m2/repository/com/fasterxml/jackson/datatype/jackson-datatype-jsr310/2.10.2/jackson-datatype-jsr310-2.10.2.jar
7f0214026000-7f0214028000 r--s 00007000 08:02 7089009                    /home/rafal/.m2/repository/com/fasterxml/jackson/datatype/jackson-datatype-jdk8/2.10.2/jackson-datatype-jdk8-2.10.2.jar
7f0214028000-7f021402d000 r--s 00051000 08:02 6818524                    /home/rafal/.m2/repository/com/fasterxml/jackson/core/jackson-core/2.10.2/jackson-core-2.10.2.jar
7f021402d000-7f0214030000 r--s 0000e000 08:02 6818527                    /home/rafal/.m2/repository/com/fasterxml/jackson/core/jackson-annotations/2.10.2/jackson-annotations-2.10.2.jar
7f0214030000-7f0214045000 r--s 00142000 08:02 6818529                    /home/rafal/.m2/repository/com/fasterxml/jackson/core/jackson-databind/2.10.2/jackson-databind-2.10.2.jar
7f0214045000-7f0214055000 r--s 000c5000 08:02 6160853                    /home/rafal/.m2/repository/org/thymeleaf/thymeleaf/3.0.11.RELEASE/thymeleaf-3.0.11.RELEASE.jar
7f0214055000-7f02142a6000 rw-p 00000000 00:00 0 
7f02142a6000-7f0214480000 r--s 03d6f000 08:02 398622                     /usr/lib/jvm/java-8-oracle/jre/lib/rt.jar
7f0214480000-7f021c000000 rw-p 00000000 00:00 0 
7f021c000000-7f021c021000 rw-p 00000000 00:00 0 
7f021c021000-7f0220000000 ---p 00000000 00:00 0 
7f0220000000-7f0220021000 rw-p 00000000 00:00 0 
7f0220021000-7f0224000000 ---p 00000000 00:00 0 
7f0224000000-7f0224021000 rw-p 00000000 00:00 0 
7f0224021000-7f0228000000 ---p 00000000 00:00 0 
7f0228000000-7f0228021000 rw-p 00000000 00:00 0 
7f0228021000-7f022c000000 ---p 00000000 00:00 0 
7f022c000000-7f022c021000 rw-p 00000000 00:00 0 
7f022c021000-7f0230000000 ---p 00000000 00:00 0 
7f0230000000-7f023029f000 rw-p 00000000 00:00 0 
7f023029f000-7f0234000000 ---p 00000000 00:00 0 
7f0234000000-7f0234021000 rw-p 00000000 00:00 0 
7f0234021000-7f0238000000 ---p 00000000 00:00 0 
7f0238000000-7f0238001000 r--s 00000000 08:02 7345450                    /home/rafal/.m2/repository/org/springframework/boot/spring-boot-starter-tomcat/2.2.3.RELEASE/spring-boot-starter-tomcat-2.2.3.RELEASE.jar
7f0238001000-7f0238002000 r--s 00000000 08:02 6818516                    /home/rafal/.m2/repository/org/springframework/boot/spring-boot-starter-json/2.2.3.RELEASE/spring-boot-starter-json-2.2.3.RELEASE.jar
7f0238002000-7f0238003000 r--s 00000000 08:02 6818517                    /home/rafal/.m2/repository/org/springframework/boot/spring-boot-starter-web/2.2.3.RELEASE/spring-boot-starter-web-2.2.3.RELEASE.jar
7f0238003000-7f0238004000 r--s 00009000 08:02 6160859                    /home/rafal/.m2/repository/org/thymeleaf/extras/thymeleaf-extras-java8time/3.0.4.RELEASE/thymeleaf-extras-java8time-3.0.4.RELEASE.jar
7f0238004000-7f0238006000 r--s 00009000 08:02 6818539                    /home/rafal/.m2/repository/org/slf4j/slf4j-api/1.7.30/slf4j-api-1.7.30.jar
7f0238006000-7f0238009000 r--s 00028000 08:02 6160857                    /home/rafal/.m2/repository/org/unbescape/unbescape/1.1.6.RELEASE/unbescape-1.1.6.RELEASE.jar
7f0238009000-7f023800e000 r--s 00037000 08:02 6160855                    /home/rafal/.m2/repository/org/attoparser/attoparser/2.0.5.RELEASE/attoparser-2.0.5.RELEASE.jar
7f023800e000-7f0238013000 r--s 00027000 08:02 6160851                    /home/rafal/.m2/repository/org/thymeleaf/thymeleaf-spring5/3.0.11.RELEASE/thymeleaf-spring5-3.0.11.RELEASE.jar
7f0238013000-7f023801a000 r--s 00044000 08:02 6160789                    /home/rafal/.m2/repository/org/yaml/snakeyaml/1.25/snakeyaml-1.25.jar
7f023801a000-7f023802d000 r--s 00345000 08:02 398660                     /usr/lib/jvm/java-8-oracle/jre/lib/resources.jar
7f023802d000-7f0238040000 r--s 000d6000 08:02 398202                     /usr/lib/jvm/java-8-oracle/jre/lib/plugin.jar
7f0238040000-7f02387f8000 rw-p 00000000 00:00 0 
7f02387f8000-7f02387f9000 ---p 00000000 00:00 0 
7f02387f9000-7f02388f9000 rw-p 00000000 00:00 0 
7f02388f9000-7f02388fa000 ---p 00000000 00:00 0 
7f02388fa000-7f02389fa000 rw-p 00000000 00:00 0 
7f02389fa000-7f02389fb000 ---p 00000000 00:00 0 
7f02389fb000-7f0238afb000 rw-p 00000000 00:00 0 
7f0238afb000-7f0238afc000 ---p 00000000 00:00 0 
7f0238afc000-7f0238bfc000 rw-p 00000000 00:00 0 
7f0238bfc000-7f0238bfd000 ---p 00000000 00:00 0 
7f0238bfd000-7f0238cfd000 rw-p 00000000 00:00 0 
7f0238cfd000-7f0238cfe000 ---p 00000000 00:00 0 
7f0238cfe000-7f0238dfe000 rw-p 00000000 00:00 0 
7f0238dfe000-7f0238dff000 ---p 00000000 00:00 0 
7f0238dff000-7f0238eff000 rw-p 00000000 00:00 0 
7f0238eff000-7f0238f00000 ---p 00000000 00:00 0 
7f0238f00000-7f0239000000 rw-p 00000000 00:00 0 
7f0239000000-7f02397c0000 rwxp 00000000 00:00 0 
7f02397c0000-7f0248000000 ---p 00000000 00:00 0 
7f0248000000-7f0248951000 rw-p 00000000 00:00 0 
7f0248951000-7f024c000000 ---p 00000000 00:00 0 
7f024c000000-7f024c006000 r--s 0003e000 08:02 6035413                    /home/rafal/.m2/repository/org/apache/logging/log4j/log4j-api/2.12.1/log4j-api-2.12.1.jar
7f024c006000-7f024c011000 r--s 00069000 08:02 8783830                    /home/rafal/.m2/repository/ch/qos/logback/logback-core/1.2.3/logback-core-1.2.3.jar
7f024c011000-7f024c0df000 rw-p 00000000 00:00 0 
7f024c0df000-7f024c5ad000 ---p 00000000 00:00 0 
7f024c5ad000-7f024c605000 rw-p 00000000 00:00 0 
7f024c605000-7f024cad2000 ---p 00000000 00:00 0 
7f024cad2000-7f024cb7c000 rw-p 00000000 00:00 0 
7f024cb7c000-7f024cd65000 ---p 00000000 00:00 0 
7f024cd65000-7f024cd85000 rw-p 00000000 00:00 0 
7f024cd85000-7f024d126000 ---p 00000000 00:00 0 
7f024d126000-7f024d141000 r-xp 00000000 08:02 525929                     /usr/lib/jvm/java-8-oracle/jre/lib/amd64/libzip.so
7f024d141000-7f024d340000 ---p 0001b000 08:02 525929                     /usr/lib/jvm/java-8-oracle/jre/lib/amd64/libzip.so
7f024d340000-7f024d341000 r--p 0001a000 08:02 525929                     /usr/lib/jvm/java-8-oracle/jre/lib/amd64/libzip.so
7f024d341000-7f024d342000 rw-p 0001b000 08:02 525929                     /usr/lib/jvm/java-8-oracle/jre/lib/amd64/libzip.so
7f024d342000-7f024d34d000 r-xp 00000000 08:02 4984909                    /lib/x86_64-linux-gnu/libnss_files-2.27.so
7f024d34d000-7f024d54c000 ---p 0000b000 08:02 4984909                    /lib/x86_64-linux-gnu/libnss_files-2.27.so
7f024d54c000-7f024d54d000 r--p 0000a000 08:02 4984909                    /lib/x86_64-linux-gnu/libnss_files-2.27.so
7f024d54d000-7f024d54e000 rw-p 0000b000 08:02 4984909                    /lib/x86_64-linux-gnu/libnss_files-2.27.so
7f024d54e000-7f024d554000 rw-p 00000000 00:00 0 
7f024d554000-7f024d56b000 r-xp 00000000 08:02 4984896                    /lib/x86_64-linux-gnu/libnsl-2.27.so
7f024d56b000-7f024d76a000 ---p 00017000 08:02 4984896                    /lib/x86_64-linux-gnu/libnsl-2.27.so
7f024d76a000-7f024d76b000 r--p 00016000 08:02 4984896                    /lib/x86_64-linux-gnu/libnsl-2.27.so
7f024d76b000-7f024d76c000 rw-p 00017000 08:02 4984896                    /lib/x86_64-linux-gnu/libnsl-2.27.so
7f024d76c000-7f024d76e000 rw-p 00000000 00:00 0 
7f024d76e000-7f024d779000 r-xp 00000000 08:02 4984913                    /lib/x86_64-linux-gnu/libnss_nis-2.27.so
7f024d779000-7f024d978000 ---p 0000b000 08:02 4984913                    /lib/x86_64-linux-gnu/libnss_nis-2.27.so
7f024d978000-7f024d979000 r--p 0000a000 08:02 4984913                    /lib/x86_64-linux-gnu/libnss_nis-2.27.so
7f024d979000-7f024d97a000 rw-p 0000b000 08:02 4984913                    /lib/x86_64-linux-gnu/libnss_nis-2.27.so
7f024d97a000-7f024d982000 r-xp 00000000 08:02 4984905                    /lib/x86_64-linux-gnu/libnss_compat-2.27.so
7f024d982000-7f024db82000 ---p 00008000 08:02 4984905                    /lib/x86_64-linux-gnu/libnss_compat-2.27.so
7f024db82000-7f024db83000 r--p 00008000 08:02 4984905                    /lib/x86_64-linux-gnu/libnss_compat-2.27.so
7f024db83000-7f024db84000 rw-p 00009000 08:02 4984905                    /lib/x86_64-linux-gnu/libnss_compat-2.27.so
7f024db84000-7f024db8e000 r-xp 00000000 08:02 526093                     /usr/lib/jvm/java-8-oracle/jre/lib/amd64/libinstrument.so
7f024db8e000-7f024dd8d000 ---p 0000a000 08:02 526093                     /usr/lib/jvm/java-8-oracle/jre/lib/amd64/libinstrument.so
7f024dd8d000-7f024dd8e000 r--p 00009000 08:02 526093                     /usr/lib/jvm/java-8-oracle/jre/lib/amd64/libinstrument.so
7f024dd8e000-7f024dd8f000 rw-p 0000a000 08:02 526093                     /usr/lib/jvm/java-8-oracle/jre/lib/amd64/libinstrument.so
7f024dd8f000-7f024ddbb000 r-xp 00000000 08:02 525923                     /usr/lib/jvm/java-8-oracle/jre/lib/amd64/libjava.so
7f024ddbb000-7f024dfbb000 ---p 0002c000 08:02 525923                     /usr/lib/jvm/java-8-oracle/jre/lib/amd64/libjava.so
7f024dfbb000-7f024dfbc000 r--p 0002c000 08:02 525923                     /usr/lib/jvm/java-8-oracle/jre/lib/amd64/libjava.so
7f024dfbc000-7f024dfbe000 rw-p 0002d000 08:02 525923                     /usr/lib/jvm/java-8-oracle/jre/lib/amd64/libjava.so
7f024dfbe000-7f024dfcb000 r-xp 00000000 08:02 525928                     /usr/lib/jvm/java-8-oracle/jre/lib/amd64/libverify.so
7f024dfcb000-7f024e1ca000 ---p 0000d000 08:02 525928                     /usr/lib/jvm/java-8-oracle/jre/lib/amd64/libverify.so
7f024e1ca000-7f024e1cc000 r--p 0000c000 08:02 525928                     /usr/lib/jvm/java-8-oracle/jre/lib/amd64/libverify.so
7f024e1cc000-7f024e1cd000 rw-p 0000e000 08:02 525928                     /usr/lib/jvm/java-8-oracle/jre/lib/amd64/libverify.so
7f024e1cd000-7f024e1d4000 r-xp 00000000 08:02 4985546                    /lib/x86_64-linux-gnu/librt-2.27.so
7f024e1d4000-7f024e3d3000 ---p 00007000 08:02 4985546                    /lib/x86_64-linux-gnu/librt-2.27.so
7f024e3d3000-7f024e3d4000 r--p 00006000 08:02 4985546                    /lib/x86_64-linux-gnu/librt-2.27.so
7f024e3d4000-7f024e3d5000 rw-p 00007000 08:02 4985546                    /lib/x86_64-linux-gnu/librt-2.27.so
7f024e3d5000-7f024e572000 r-xp 00000000 08:02 4984888                    /lib/x86_64-linux-gnu/libm-2.27.so
7f024e572000-7f024e771000 ---p 0019d000 08:02 4984888                    /lib/x86_64-linux-gnu/libm-2.27.so
7f024e771000-7f024e772000 r--p 0019c000 08:02 4984888                    /lib/x86_64-linux-gnu/libm-2.27.so
7f024e772000-7f024e773000 rw-p 0019d000 08:02 4984888                    /lib/x86_64-linux-gnu/libm-2.27.so
7f024e773000-7f024f45b000 r-xp 00000000 08:02 525905                     /usr/lib/jvm/java-8-oracle/jre/lib/amd64/server/libjvm.so
7f024f45b000-7f024f65a000 ---p 00ce8000 08:02 525905                     /usr/lib/jvm/java-8-oracle/jre/lib/amd64/server/libjvm.so
7f024f65a000-7f024f6f0000 r--p 00ce7000 08:02 525905                     /usr/lib/jvm/java-8-oracle/jre/lib/amd64/server/libjvm.so
7f024f6f0000-7f024f721000 rw-p 00d7d000 08:02 525905                     /usr/lib/jvm/java-8-oracle/jre/lib/amd64/server/libjvm.so
7f024f721000-7f024f75c000 rw-p 00000000 00:00 0 
7f024f75c000-7f024f943000 r-xp 00000000 08:02 4981327                    /lib/x86_64-linux-gnu/libc-2.27.so
7f024f943000-7f024fb43000 ---p 001e7000 08:02 4981327                    /lib/x86_64-linux-gnu/libc-2.27.so
7f024fb43000-7f024fb47000 r--p 001e7000 08:02 4981327                    /lib/x86_64-linux-gnu/libc-2.27.so
7f024fb47000-7f024fb49000 rw-p 001eb000 08:02 4981327                    /lib/x86_64-linux-gnu/libc-2.27.so
7f024fb49000-7f024fb4d000 rw-p 00000000 00:00 0 
7f024fb4d000-7f024fb50000 r-xp 00000000 08:02 4981762                    /lib/x86_64-linux-gnu/libdl-2.27.so
7f024fb50000-7f024fd4f000 ---p 00003000 08:02 4981762                    /lib/x86_64-linux-gnu/libdl-2.27.so
7f024fd4f000-7f024fd50000 r--p 00002000 08:02 4981762                    /lib/x86_64-linux-gnu/libdl-2.27.so
7f024fd50000-7f024fd51000 rw-p 00003000 08:02 4981762                    /lib/x86_64-linux-gnu/libdl-2.27.so
7f024fd51000-7f024fd68000 r-xp 00000000 08:02 393646                     /usr/lib/jvm/java-8-oracle/lib/amd64/jli/libjli.so
7f024fd68000-7f024ff67000 ---p 00017000 08:02 393646                     /usr/lib/jvm/java-8-oracle/lib/amd64/jli/libjli.so
7f024ff67000-7f024ff68000 r--p 00016000 08:02 393646                     /usr/lib/jvm/java-8-oracle/lib/amd64/jli/libjli.so
7f024ff68000-7f024ff69000 rw-p 00017000 08:02 393646                     /usr/lib/jvm/java-8-oracle/lib/amd64/jli/libjli.so
7f024ff69000-7f024ff83000 r-xp 00000000 08:02 4985542                    /lib/x86_64-linux-gnu/libpthread-2.27.so
7f024ff83000-7f0250182000 ---p 0001a000 08:02 4985542                    /lib/x86_64-linux-gnu/libpthread-2.27.so
7f0250182000-7f0250183000 r--p 00019000 08:02 4985542                    /lib/x86_64-linux-gnu/libpthread-2.27.so
7f0250183000-7f0250184000 rw-p 0001a000 08:02 4985542                    /lib/x86_64-linux-gnu/libpthread-2.27.so
7f0250184000-7f0250188000 rw-p 00000000 00:00 0 
7f0250188000-7f02501af000 r-xp 00000000 08:02 4981192                    /lib/x86_64-linux-gnu/ld-2.27.so
7f02501af000-7f02501b1000 r--s 00005000 08:02 6160854                    /home/rafal/.m2/repository/jakarta/annotation/jakarta.annotation-api/1.3.5/jakarta.annotation-api-1.3.5.jar
7f02501b1000-7f02501b3000 r--s 00000000 08:02 6818513                    /home/rafal/.m2/repository/org/slf4j/jul-to-slf4j/1.7.30/jul-to-slf4j-1.7.30.jar
7f02501b3000-7f02501b5000 r--s 00003000 08:02 6034392                    /home/rafal/.m2/repository/org/apache/logging/log4j/log4j-to-slf4j/2.12.1/log4j-to-slf4j-2.12.1.jar
7f02501b5000-7f02501bb000 r--s 00041000 08:02 8783828                    /home/rafal/.m2/repository/ch/qos/logback/logback-classic/1.2.3/logback-classic-1.2.3.jar
7f02501bb000-7f02501bc000 r--s 00000000 08:02 6558930                    /home/rafal/.m2/repository/org/springframework/boot/spring-boot-starter-logging/2.2.3.RELEASE/spring-boot-starter-logging-2.2.3.RELEASE.jar
7f02501bc000-7f02501bd000 r--s 00000000 08:02 6818525                    /home/rafal/.m2/repository/org/springframework/boot/spring-boot-starter/2.2.3.RELEASE/spring-boot-starter-2.2.3.RELEASE.jar
7f02501bd000-7f02501c1000 r--s 000a1000 08:02 398679                     /usr/lib/jvm/java-8-oracle/jre/lib/jsse.jar
7f02501c1000-7f02501dc000 r--s 0020c000 08:02 397131                     /usr/lib/jvm/java-8-oracle/jre/lib/deploy.jar
7f02501dc000-7f0250285000 rw-p 00000000 00:00 0 
7f0250285000-7f0250286000 ---p 00000000 00:00 0 
7f0250286000-7f0250289000 ---p 00000000 00:00 0 
7f0250289000-7f025038a000 rw-p 00000000 00:00 0 
7f025038a000-7f025038b000 r--s 00000000 08:02 6818497                    /home/rafal/.m2/repository/org/springframework/boot/spring-boot-starter-thymeleaf/2.2.3.RELEASE/spring-boot-starter-thymeleaf-2.2.3.RELEASE.jar
7f025038b000-7f025038c000 r--s 00000000 08:02 397140                     /usr/lib/jvm/java-8-oracle/jre/lib/management-agent.jar
7f025038c000-7f025038e000 r--s 00007000 08:02 398699                     /usr/lib/jvm/java-8-oracle/jre/lib/jfxswt.jar
7f025038e000-7f0250393000 r--s 00084000 08:02 397130                     /usr/lib/jvm/java-8-oracle/jre/lib/jfr.jar
7f0250393000-7f0250396000 r--s 0001a000 08:02 398697                     /usr/lib/jvm/java-8-oracle/jre/lib/jce.jar
7f0250396000-7f02503a0000 r--s 0006e000 08:02 397240                     /usr/lib/jvm/java-8-oracle/jre/lib/javaws.jar
7f02503a0000-7f02503a5000 r--s 002f9000 08:02 398620                     /usr/lib/jvm/java-8-oracle/jre/lib/charsets.jar
7f02503a5000-7f02503ad000 rw-s 00000000 08:02 2228321                    /tmp/hsperfdata_rafal/12070
7f02503ad000-7f02503ae000 rw-p 00000000 00:00 0 
7f02503ae000-7f02503af000 ---p 00000000 00:00 0 
7f02503af000-7f02503b0000 r--p 00027000 08:02 4981192                    /lib/x86_64-linux-gnu/ld-2.27.so
7f02503b0000-7f02503b1000 rw-p 00028000 08:02 4981192                    /lib/x86_64-linux-gnu/ld-2.27.so
7f02503b1000-7f02503b2000 rw-p 00000000 00:00 0 
7ffec38f8000-7ffec391c000 rw-p 00000000 00:00 0                          [stack]
7ffec39da000-7ffec39dd000 r--p 00000000 00:00 0                          [vvar]
7ffec39dd000-7ffec39de000 r-xp 00000000 00:00 0                          [vdso]
ffffffffff600000-ffffffffff601000 --xp 00000000 00:00 0                  [vsyscall]

VM Arguments:
jvm_args: -XX:TieredStopAtLevel=1 -Xverify:none -Dspring.output.ansi.enabled=always -Dcom.sun.management.jmxremote -Dspring.jmx.enabled=true -Dspring.liveBeansView.mbeanDomain -Dspring.application.admin.enabled=true -javaagent:/snap/intellij-idea-ultimate/242/lib/idea_rt.jar=41693:/snap/intellij-idea-ultimate/242/bin -Dfile.encoding=UTF-8 
java_command: com.shop.demo.DemoApplication
java_class_path (initial): /usr/lib/jvm/java-8-oracle/jre/lib/charsets.jar:/usr/lib/jvm/java-8-oracle/jre/lib/deploy.jar:/usr/lib/jvm/java-8-oracle/jre/lib/ext/cldrdata.jar:/usr/lib/jvm/java-8-oracle/jre/lib/ext/dnsns.jar:/usr/lib/jvm/java-8-oracle/jre/lib/ext/jaccess.jar:/usr/lib/jvm/java-8-oracle/jre/lib/ext/jfxrt.jar:/usr/lib/jvm/java-8-oracle/jre/lib/ext/localedata.jar:/usr/lib/jvm/java-8-oracle/jre/lib/ext/nashorn.jar:/usr/lib/jvm/java-8-oracle/jre/lib/ext/sunec.jar:/usr/lib/jvm/java-8-oracle/jre/lib/ext/sunjce_provider.jar:/usr/lib/jvm/java-8-oracle/jre/lib/ext/sunpkcs11.jar:/usr/lib/jvm/java-8-oracle/jre/lib/ext/zipfs.jar:/usr/lib/jvm/java-8-oracle/jre/lib/javaws.jar:/usr/lib/jvm/java-8-oracle/jre/lib/jce.jar:/usr/lib/jvm/java-8-oracle/jre/lib/jfr.jar:/usr/lib/jvm/java-8-oracle/jre/lib/jfxswt.jar:/usr/lib/jvm/java-8-oracle/jre/lib/jsse.jar:/usr/lib/jvm/java-8-oracle/jre/lib/management-agent.jar:/usr/lib/jvm/java-8-oracle/jre/lib/plugin.jar:/usr/lib/jvm/java-8-oracle/jre/lib/resources.jar:/usr/lib/jvm/java-8-oracle/jre/lib/rt.jar:/home/rafal/Dokumenty/PROJEKTY JAVA/thymeleaf/demo/target/classes:/home/rafal/.m2/repository/org/springframework/boot/spring-boot-starter-thymeleaf/2.2.3.RELEASE/spring-boot-starter-thymeleaf-2.2.3.RELEASE.jar:/home/rafal/.m2/repository/org/springframework/boot/spring-boot-starter/2.2.3.RELEASE/spring-boot-starter-2.2.3.RELEASE.jar:/home/rafal/.m2/repository/org/springframework/boot/spring-boot-starter-logging/2.2.3.RELEASE/spring-boot-starter-logging-2.2.3.RELEASE.jar:/home/rafal/.m2/repository/ch/qos/logback/logback-classic/1.2.3/logback-classic-1.2.3.jar:/home/rafal/.m2/repository/ch/qos/logback/logback-core/1.2.3/logback-core-1.2.3.jar:/home/rafal/.m2/repository/org/apache/logging/log4j/log4j-to-slf4j/2.12.1/log4j-to-slf4j-2.12.1.jar:/home/rafal/.m2/repository/org/apache/logging/log4j/log4j-api/2.12.1/log4j-api-2.12.1.jar:/home/rafal/.m2/repository/org/slf4j/jul-to-slf4j/1.7.30/jul-to-slf4j-1.7.30.jar:/home/rafal/.m2/repository/
Launcher Type: SUN_STANDARD

Environment Variables:
JAVA_HOME=/usr/lib/jvm/java-8-oracle
PATH=/home/rafal/.local/bin:/usr/local/sbin:/usr/local/bin:/usr/sbin:/usr/bin:/sbin:/bin:/usr/games:/usr/local/games:/snap/bin:/usr/lib/jvm/java-8-oracle/bin:/usr/lib/jvm/java-8-oracle/db/bin:/usr/lib/jvm/java-8-oracle/jre/bin
USERNAME=rafal
SHELL=/bin/bash
DISPLAY=:0

Signal Handlers:
SIGSEGV: [libjvm.so+0xad3e60], sa_mask[0]=11111111011111111101111111111110, sa_flags=SA_RESTART|SA_SIGINFO
SIGBUS: [libjvm.so+0xad3e60], sa_mask[0]=11111111011111111101111111111110, sa_flags=SA_RESTART|SA_SIGINFO
SIGFPE: [libjvm.so+0x90b880], sa_mask[0]=11111111011111111101111111111110, sa_flags=SA_RESTART|SA_SIGINFO
SIGPIPE: [libjvm.so+0x90b880], sa_mask[0]=11111111011111111101111111111110, sa_flags=SA_RESTART|SA_SIGINFO
SIGXFSZ: [libjvm.so+0x90b880], sa_mask[0]=11111111011111111101111111111110, sa_flags=SA_RESTART|SA_SIGINFO
SIGILL: [libjvm.so+0x90b880], sa_mask[0]=11111111011111111101111111111110, sa_flags=SA_RESTART|SA_SIGINFO
SIGUSR1: SIG_DFL, sa_mask[0]=00000000000000000000000000000000, sa_flags=none
SIGUSR2: [libjvm.so+0x90b750], sa_mask[0]=00100000000000000000000000000000, sa_flags=SA_RESTART|SA_SIGINFO
SIGHUP: [libjvm.so+0x90bd70], sa_mask[0]=11111111011111111101111111111110, sa_flags=SA_RESTART|SA_SIGINFO
SIGINT: [libjvm.so+0x90bd70], sa_mask[0]=11111111011111111101111111111110, sa_flags=SA_RESTART|SA_SIGINFO
SIGTERM: [libjvm.so+0x90bd70], sa_mask[0]=11111111011111111101111111111110, sa_flags=SA_RESTART|SA_SIGINFO
SIGQUIT: [libjvm.so+0x90bd70], sa_mask[0]=11111111011111111101111111111110, sa_flags=SA_RESTART|SA_SIGINFO


---------------  S Y S T E M  ---------------

OS:DISTRIB_ID=Ubuntu
DISTRIB_RELEASE=18.04
DISTRIB_CODENAME=bionic
DISTRIB_DESCRIPTION="Ubuntu 18.04.5 LTS"

uname:Linux 5.4.0-42-generic #46~18.04.1-Ubuntu SMP Fri Jul 10 07:21:24 UTC 2020 x86_64
libc:glibc 2.27 NPTL 2.27 
rlimit: STACK 8192k, CORE 0k, NPROC 63034, NOFILE 1048576, AS infinity
load average:1,64 2,06 2,25

/proc/meminfo:
MemTotal:       16184656 kB
MemFree:         5129696 kB
MemAvailable:    9385544 kB
Buffers:          822520 kB
Cached:          4174180 kB
SwapCached:            0 kB
Active:          7294824 kB
Inactive:        2463288 kB
Active(anon):    5329200 kB
Inactive(anon):   226748 kB
Active(file):    1965624 kB
Inactive(file):  2236540 kB
Unevictable:      566204 kB
Mlocked:              48 kB
SwapTotal:       2097148 kB
SwapFree:        2097148 kB
Dirty:               436 kB
Writeback:             0 kB
AnonPages:       5327756 kB
Mapped:           707764 kB
Shmem:            794520 kB
KReclaimable:     395248 kB
Slab:             526392 kB
SReclaimable:     395248 kB
SUnreclaim:       131144 kB
KernelStack:       24672 kB
PageTables:        97812 kB
NFS_Unstable:          0 kB
Bounce:                0 kB
WritebackTmp:          0 kB
CommitLimit:    10189476 kB
Committed_AS:   19526276 kB
VmallocTotal:   34359738367 kB
VmallocUsed:       48000 kB
VmallocChunk:          0 kB
Percpu:             3552 kB
HardwareCorrupted:     0 kB
AnonHugePages:         0 kB
ShmemHugePages:        0 kB
ShmemPmdMapped:        0 kB
FileHugePages:         0 kB
FilePmdMapped:         0 kB
CmaTotal:              0 kB
CmaFree:               0 kB
HugePages_Total:       0
HugePages_Free:        0
HugePages_Rsvd:        0
HugePages_Surp:        0
Hugepagesize:       2048 kB
Hugetlb:               0 kB
DirectMap4k:      420468 kB
DirectMap2M:    11948032 kB
DirectMap1G:     4194304 kB

container (cgroup) information:
container_type: cgroupv1
cpu_cpuset_cpus: 0-7
cpu_memory_nodes: 0
active_processor_count: 8
cpu_quota: -1
cpu_period: 100000
cpu_shares: -1
memory_limit_in_bytes: -1
memory_and_swap_limit_in_bytes: -2
memory_soft_limit_in_bytes: -1
memory_usage_in_bytes: 10572537856
memory_max_usage_in_bytes: 0


CPU:total 8 (initial active 8) (4 cores per cpu, 2 threads per core) family 6 model 142 stepping 10, cmov, cx8, fxsr, mmx, sse, sse2, sse3, ssse3, sse4.1, sse4.2, popcnt, avx, avx2, aes, clmul, erms, 3dnowpref, lzcnt, ht, tsc, tscinvbit, bmi1, bmi2, adx

/proc/cpuinfo:
processor	: 0
vendor_id	: GenuineIntel
cpu family	: 6
model		: 142
model name	: Intel(R) Core(TM) i5-8250U CPU @ 1.60GHz
stepping	: 10
microcode	: 0xd6
cpu MHz		: 2762.126
cache size	: 6144 KB
physical id	: 0
siblings	: 8
core id		: 0
cpu cores	: 4
apicid		: 0
initial apicid	: 0
fpu		: yes
fpu_exception	: yes
cpuid level	: 22
wp		: yes
flags		: fpu vme de pse tsc msr pae mce cx8 apic sep mtrr pge mca cmov pat pse36 clflush dts acpi mmx fxsr sse sse2 ss ht tm pbe syscall nx pdpe1gb rdtscp lm constant_tsc art arch_perfmon pebs bts rep_good nopl xtopology nonstop_tsc cpuid aperfmperf pni pclmulqdq dtes64 monitor ds_cpl vmx est tm2 ssse3 sdbg fma cx16 xtpr pdcm pcid sse4_1 sse4_2 x2apic movbe popcnt tsc_deadline_timer aes xsave avx f16c rdrand lahf_lm abm 3dnowprefetch cpuid_fault epb invpcid_single pti ssbd ibrs ibpb stibp tpr_shadow vnmi flexpriority ept vpid ept_ad fsgsbase tsc_adjust bmi1 avx2 smep bmi2 erms invpcid mpx rdseed adx smap clflushopt intel_pt xsaveopt xsavec xgetbv1 xsaves dtherm ida arat pln pts hwp hwp_notify hwp_act_window hwp_epp md_clear flush_l1d
bugs		: cpu_meltdown spectre_v1 spectre_v2 spec_store_bypass l1tf mds swapgs itlb_multihit srbds
bogomips	: 3600.00
clflush size	: 64
cache_alignment	: 64
address sizes	: 39 bits physical, 48 bits virtual
power management:

processor	: 1
vendor_id	: GenuineIntel
cpu family	: 6
model		: 142
model name	: Intel(R) Core(TM) i5-8250U CPU @ 1.60GHz
stepping	: 10
microcode	: 0xd6
cpu MHz		: 2763.479
cache size	: 6144 KB
physical id	: 0
siblings	: 8
core id		: 1
cpu cores	: 4
apicid		: 2
initial apicid	: 2
fpu		: yes
fpu_exception	: yes
cpuid level	: 22
wp		: yes
flags		: fpu vme de pse tsc msr pae mce cx8 apic sep mtrr pge mca cmov pat pse36 clflush dts acpi mmx fxsr sse sse2 ss ht tm pbe syscall nx pdpe1gb rdtscp lm constant_tsc art arch_perfmon pebs bts rep_good nopl xtopology nonstop_tsc cpuid aperfmperf pni pclmulqdq dtes64 monitor ds_cpl vmx est tm2 ssse3 sdbg fma cx16 xtpr pdcm pcid sse4_1 sse4_2 x2apic movbe popcnt tsc_deadline_timer aes xsave avx f16c rdrand lahf_lm abm 3dnowprefetch cpuid_fault epb invpcid_single pti ssbd ibrs ibpb stibp tpr_shadow vnmi flexpriority ept vpid ept_ad fsgsbase tsc_adjust bmi1 avx2 smep bmi2 erms invpcid mpx rdseed adx smap clflushopt intel_pt xsaveopt xsavec xgetbv1 xsaves dtherm ida arat pln pts hwp hwp_notify hwp_act_window hwp_epp md_clear flush_l1d
bugs		: cpu_meltdown spectre_v1 spectre_v2 spec_store_bypass l1tf mds swapgs itlb_multihit srbds
bogomips	: 3600.00
clflush size	: 64
cache_alignment	: 64
address sizes	: 39 bits physical, 48 bits virtual
power management:

processor	: 2
vendor_id	: GenuineIntel
cpu family	: 6
model		: 142
model name	: Intel(R) Core(TM) i5-8250U CPU @ 1.60GHz
stepping	: 10
microcode	: 0xd6
cpu MHz		: 2764.594
cache size	: 6144 KB
physical id	: 0
siblings	: 8
core id		: 2
cpu cores	: 4
apicid		: 4
initial apicid	: 4
fpu		: yes
fpu_exception	: yes
cpuid level	: 22
wp		: yes
flags		: fpu vme de pse tsc msr pae mce cx8 apic sep mtrr pge mca cmov pat pse36 clflush dts acpi mmx fxsr sse sse2 ss ht tm pbe syscall nx pdpe1gb rdtscp lm constant_tsc art arch_perfmon pebs bts rep_good nopl xtopology nonstop_tsc cpuid aperfmperf pni pclmulqdq dtes64 monitor ds_cpl vmx est tm2 ssse3 sdbg fma cx16 xtpr pdcm pcid sse4_1 sse4_2 x2apic movbe popcnt tsc_deadline_timer aes xsave avx f16c rdrand lahf_lm abm 3dnowprefetch cpuid_fault epb invpcid_single pti ssbd ibrs ibpb stibp tpr_shadow vnmi flexpriority ept vpid ept_ad fsgsbase tsc_adjust bmi1 avx2 smep bmi2 erms invpcid mpx rdseed adx smap clflushopt intel_pt xsaveopt xsavec xgetbv1 xsaves dtherm ida arat pln pts hwp hwp_notify hwp_act_window hwp_epp md_clear flush_l1d
bugs		: cpu_meltdown spectre_v1 spectre_v2 spec_store_bypass l1tf mds swapgs itlb_multihit srbds
bogomips	: 3600.00
clflush size	: 64
cache_alignment	: 64
address sizes	: 39 bits physical, 48 bits virtual
power management:

processor	: 3
vendor_id	: GenuineIntel
cpu family	: 6
model		: 142
model name	: Intel(R) Core(TM) i5-8250U CPU @ 1.60GHz
stepping	: 10
microcode	: 0xd6
cpu MHz		: 2765.685
cache size	: 6144 KB
physical id	: 0
siblings	: 8
core id		: 3
cpu cores	: 4
apicid		: 6
initial apicid	: 6
fpu		: yes
fpu_exception	: yes
cpuid level	: 22
wp		: yes
flags		: fpu vme de pse tsc msr pae mce cx8 apic sep mtrr pge mca cmov pat pse36 clflush dts acpi mmx fxsr sse sse2 ss ht tm pbe syscall nx pdpe1gb rdtscp lm constant_tsc art arch_perfmon pebs bts rep_good nopl xtopology nonstop_tsc cpuid aperfmperf pni pclmulqdq dtes64 monitor ds_cpl vmx est tm2 ssse3 sdbg fma cx16 xtpr pdcm pcid sse4_1 sse4_2 x2apic movbe popcnt tsc_deadline_timer aes xsave avx f16c rdrand lahf_lm abm 3dnowprefetch cpuid_fault epb invpcid_single pti ssbd ibrs ibpb stibp tpr_shadow vnmi flexpriority ept vpid ept_ad fsgsbase tsc_adjust bmi1 avx2 smep bmi2 erms invpcid mpx rdseed adx smap clflushopt intel_pt xsaveopt xsavec xgetbv1 xsaves dtherm ida arat pln pts hwp hwp_notify hwp_act_window hwp_epp md_clear flush_l1d
bugs		: cpu_meltdown spectre_v1 spectre_v2 spec_store_bypass l1tf mds swapgs itlb_multihit srbds
bogomips	: 3600.00
clflush size	: 64
cache_alignment	: 64
address sizes	: 39 bits physical, 48 bits virtual
power management:

processor	: 4
vendor_id	: GenuineIntel
cpu family	: 6
model		: 142
model name	: Intel(R) Core(TM) i5-8250U CPU @ 1.60GHz
stepping	: 10
microcode	: 0xd6
cpu MHz		: 2766.771
cache size	: 6144 KB
physical id	: 0
siblings	: 8
core id		: 0
cpu cores	: 4
apicid		: 1
initial apicid	: 1
fpu		: yes
fpu_exception	: yes
cpuid level	: 22
wp		: yes
flags		: fpu vme de pse tsc msr pae mce cx8 apic sep mtrr pge mca cmov pat pse36 clflush dts acpi mmx fxsr sse sse2 ss ht tm pbe syscall nx pdpe1gb rdtscp lm constant_tsc art arch_perfmon pebs bts rep_good nopl xtopology nonstop_tsc cpuid aperfmperf pni pclmulqdq dtes64 monitor ds_cpl vmx est tm2 ssse3 sdbg fma cx16 xtpr pdcm pcid sse4_1 sse4_2 x2apic movbe popcnt tsc_deadline_timer aes xsave avx f16c rdrand lahf_lm abm 3dnowprefetch cpuid_fault epb invpcid_single pti ssbd ibrs ibpb stibp tpr_shadow vnmi flexpriority ept vpid ept_ad fsgsbase tsc_adjust bmi1 avx2 smep bmi2 erms invpcid mpx rdseed adx smap clflushopt intel_pt xsaveopt xsavec xgetbv1 xsaves dtherm ida arat pln pts hwp hwp_notify hwp_act_window hwp_epp md_clear flush_l1d
bugs		: cpu_meltdown spectre_v1 spectre_v2 spec_store_bypass l1tf mds swapgs itlb_multihit srbds
bogomips	: 3600.00
clflush size	: 64
cache_alignment	: 64
address sizes	: 39 bits physical, 48 bits virtual
power management:

processor	: 5
vendor_id	: GenuineIntel
cpu family	: 6
model		: 142
model name	: Intel(R) Core(TM) i5-8250U CPU @ 1.60GHz
stepping	: 10
microcode	: 0xd6
cpu MHz		: 2761.799
cache size	: 6144 KB
physical id	: 0
siblings	: 8
core id		: 1
cpu cores	: 4
apicid		: 3
initial apicid	: 3
fpu		: yes
fpu_exception	: yes
cpuid level	: 22
wp		: yes
flags		: fpu vme de pse tsc msr pae mce cx8 apic sep mtrr pge mca cmov pat pse36 clflush dts acpi mmx fxsr sse sse2 ss ht tm pbe syscall nx pdpe1gb rdtscp lm constant_tsc art arch_perfmon pebs bts rep_good nopl xtopology nonstop_tsc cpuid aperfmperf pni pclmulqdq dtes64 monitor ds_cpl vmx est tm2 ssse3 sdbg fma cx16 xtpr pdcm pcid sse4_1 sse4_2 x2apic movbe popcnt tsc_deadline_timer aes xsave avx f16c rdrand lahf_lm abm 3dnowprefetch cpuid_fault epb invpcid_single pti ssbd ibrs ibpb stibp tpr_shadow vnmi flexpriority ept vpid ept_ad fsgsbase tsc_adjust bmi1 avx2 smep bmi2 erms invpcid mpx rdseed adx smap clflushopt intel_pt xsaveopt xsavec xgetbv1 xsaves dtherm ida arat pln pts hwp hwp_notify hwp_act_window hwp_epp md_clear flush_l1d
bugs		: cpu_meltdown spectre_v1 spectre_v2 spec_store_bypass l1tf mds swapgs itlb_multihit srbds
bogomips	: 3600.00
clflush size	: 64
cache_alignment	: 64
address sizes	: 39 bits physical, 48 bits virtual
power management:

processor	: 6
vendor_id	: GenuineIntel
cpu family	: 6
model		: 142
model name	: Intel(R) Core(TM) i5-8250U CPU @ 1.60GHz
stepping	: 10
microcode	: 0xd6
cpu MHz		: 2792.213
cache size	: 6144 KB
physical id	: 0
siblings	: 8
core id		: 2
cpu cores	: 4
apicid		: 5
initial apicid	: 5
fpu		: yes
fpu_exception	: yes
cpuid level	: 22
wp		: yes
flags		: fpu vme de pse tsc msr pae mce cx8 apic sep mtrr pge mca cmov pat pse36 clflush dts acpi mmx fxsr sse sse2 ss ht tm pbe syscall nx pdpe1gb rdtscp lm constant_tsc art arch_perfmon pebs bts rep_good nopl xtopology nonstop_tsc cpuid aperfmperf pni pclmulqdq dtes64 monitor ds_cpl vmx est tm2 ssse3 sdbg fma cx16 xtpr pdcm pcid sse4_1 sse4_2 x2apic movbe popcnt tsc_deadline_timer aes xsave avx f16c rdrand lahf_lm abm 3dnowprefetch cpuid_fault epb invpcid_single pti ssbd ibrs ibpb stibp tpr_shadow vnmi flexpriority ept vpid ept_ad fsgsbase tsc_adjust bmi1 avx2 smep bmi2 erms invpcid mpx rdseed adx smap clflushopt intel_pt xsaveopt xsavec xgetbv1 xsaves dtherm ida arat pln pts hwp hwp_notify hwp_act_window hwp_epp md_clear flush_l1d
bugs		: cpu_meltdown spectre_v1 spectre_v2 spec_store_bypass l1tf mds swapgs itlb_multihit srbds
bogomips	: 3600.00
clflush size	: 64
cache_alignment	: 64
address sizes	: 39 bits physical, 48 bits virtual
power management:

processor	: 7
vendor_id	: GenuineIntel
cpu family	: 6
model		: 142
model name	: Intel(R) Core(TM) i5-8250U CPU @ 1.60GHz
stepping	: 10
microcode	: 0xd6
cpu MHz		: 2769.870
cache size	: 6144 KB
physical id	: 0
siblings	: 8
core id		: 3
cpu cores	: 4
apicid		: 7
initial apicid	: 7
fpu		: yes
fpu_exception	: yes
cpuid level	: 22
wp		: yes
flags		: fpu vme de pse tsc msr pae mce cx8 apic sep mtrr pge mca cmov pat pse36 clflush dts acpi mmx fxsr sse sse2 ss ht tm pbe syscall nx pdpe1gb rdtscp lm constant_tsc art arch_perfmon pebs bts rep_good nopl xtopology nonstop_tsc cpuid aperfmperf pni pclmulqdq dtes64 monitor ds_cpl vmx est tm2 ssse3 sdbg fma cx16 xtpr pdcm pcid sse4_1 sse4_2 x2apic movbe popcnt tsc_deadline_timer aes xsave avx f16c rdrand lahf_lm abm 3dnowprefetch cpuid_fault epb invpcid_single pti ssbd ibrs ibpb stibp tpr_shadow vnmi flexpriority ept vpid ept_ad fsgsbase tsc_adjust bmi1 avx2 smep bmi2 erms invpcid mpx rdseed adx smap clflushopt intel_pt xsaveopt xsavec xgetbv1 xsaves dtherm ida arat pln pts hwp hwp_notify hwp_act_window hwp_epp md_clear flush_l1d
bugs		: cpu_meltdown spectre_v1 spectre_v2 spec_store_bypass l1tf mds swapgs itlb_multihit srbds
bogomips	: 3600.00
clflush size	: 64
cache_alignment	: 64
address sizes	: 39 bits physical, 48 bits virtual
power management:



Memory: 4k page, physical 16184656k(5129428k free), swap 2097148k(2097148k free)

vm_info: Java HotSpot(TM) 64-Bit Server VM (25.201-b09) for linux-amd64 JRE (1.8.0_201-b09), built on Dec 15 2018 11:35:59 by "java_re" with gcc 7.3.0

time: Sun Aug 23 13:37:26 2020
timezone: CEST
elapsed time: 3 seconds (0d 0h 0m 3s)

