#
# A fatal error has been detected by the Java Runtime Environment:
#
#  SIGSEGV (0xb) at pc=0x00007efdad705624, pid=22383, tid=0x00007efd96ffd700
#
# JRE version: Java(TM) SE Runtime Environment (8.0_201-b09) (build 1.8.0_201-b09)
# Java VM: Java HotSpot(TM) 64-Bit Server VM (25.201-b09 mixed mode linux-amd64 compressed oops)
# Problematic frame:
# V  [libjvm.so+0x987624]  oopDesc* PSPromotionManager::copy_to_survivor_space<false>(oopDesc*)+0x204
#
# Failed to write core dump. Core dumps have been disabled. To enable core dumping, try "ulimit -c unlimited" before starting Java again
#
# If you would like to submit a bug report, please visit:
#   http://bugreport.java.com/bugreport/crash.jsp
#

---------------  T H R E A D  ---------------

Current thread (0x00007efda8031800):  GCTaskThread [stack: 0x00007efd96efe000,0x00007efd96ffe000] [id=22394]

siginfo: si_signo: 11 (SIGSEGV), si_code: 1 (SEGV_MAPERR), si_addr: 0x0000000000000008

Registers:
RAX=0x0000000000000008, RBX=0x0000000776103a68, RCX=0x000000000000001c, RDX=0x00007efdadd4a2b8
RSP=0x00007efd96ffcbd0, RBP=0x00007efd96ffcc60, RSI=0x0000000776103a68, RDI=0x00007efda81cbcc0
R8 =0x0000000000000008, R9 =0x000000077d66265d, R10=0x00007efdadd16da0, R11=0x000000077d662560
R12=0x00007efda81cbcc0, R13=0x0000000000000000, R14=0x00007efda81cbd28, R15=0x000000000000001c
RIP=0x00007efdad705624, EFLAGS=0x0000000000010202, CSGSFS=0x002b000000000033, ERR=0x0000000000000004
  TRAPNO=0x000000000000000e

Top of Stack: (sp=0x00007efd96ffcbd0)
0x00007efd96ffcbd0:   00007efd96ffcc60 00007efdad704441
0x00007efd96ffcbe0:   0000008000000000 0000000000000040
0x00007efd96ffcbf0:   00007efd00000008 0000000000000001
0x00007efd96ffcc00:   000000077d65ce50 0000000000001000
0x00007efd96ffcc10:   00007efda81cbcc0 0000000000000000
0x00007efd96ffcc20:   0000000000000037 00007efda8032750
0x00007efd96ffcc30:   00007efda8032728 00007efda81cbcc0
0x00007efd96ffcc40:   000000077d66265c 0000000000000000
0x00007efd96ffcc50:   00007efda81cbd28 00007efdadd16db0
0x00007efd96ffcc60:   00007efd96ffccb0 00007efdad705048
0x00007efd96ffcc70:   00007efd96ffccb0 00007efdad3c8e8e
0x00007efd96ffcc80:   00007efda8026660 00000006c932ea00
0x00007efd96ffcc90:   00007efda8016250 0000000000000240
0x00007efd96ffcca0:   00007efd97a2a981 00007efd97a2a975
0x00007efd96ffccb0:   00007efd96ffcd70 00007efdad14f39e
0x00007efd96ffccc0:   00007efda81cbd28 00007efd97a2a980
0x00007efd96ffccd0:   00007efd97a29100 0000000000000100
0x00007efd96ffcce0:   00007efd97a29000 00007efda81cbcc0
0x00007efd96ffccf0:   00000006c932eab0 00000006c99febf0
0x00007efd96ffcd00:   00000006c9330008 00007efd97a2a900
0x00007efd96ffcd10:   0000000000000400 00007efd97a2a900
0x00007efd96ffcd20:   00007efd97a2dff6 00007efd97a2a800
0x00007efd96ffcd30:   00007efd97a2a975 00007efda8016000
0x00007efd96ffcd40:   00007efda8026710 00007efda805c980
0x00007efd96ffcd50:   00007efda81cbcc0 00007efda8031800
0x00007efd96ffcd60:   0000000000000000 00007efdadd3b188
0x00007efd96ffcd70:   00007efd96ffcda0 00007efdad709139
0x00007efd96ffcd80:   0000000000000008 00007efdad709101
0x00007efd96ffcd90:   0000000000000001 00007efda805c980
0x00007efd96ffcda0:   00007efd96ffceb0 00007efdad341666
0x00007efd96ffcdb0:   00000000000003d8 00007efda8031bc0
0x00007efd96ffcdc0:   00007efda8031fe8 00007efda8031c10 

Instructions: (pc=0x00007efdad705624)
0x00007efdad705604:   8b 45 98 89 c1 41 f6 c0 01 4c 63 f9 4c 89 c0 0f
0x00007efdad705614:   85 6f ff ff ff 48 83 e0 fd 48 8d 15 94 4c 64 00
0x00007efdad705624:   48 8b 00 48 c1 e8 03 83 e0 0f 3b 02 0f 82 68 ff
0x00007efdad705634:   ff ff 4e 8d 1c fd 00 00 00 00 4d 8b 6c 24 30 4b 

Register to memory mapping:

RAX=0x0000000000000008 is an unknown value
RBX=0x0000000776103a68 is an oop
[C 
 - klass: {type array char}
 - length: 102
RCX=0x000000000000001c is an unknown value
RDX=0x00007efdadd4a2b8: <offset 0xfcc2b8> in /usr/lib/jvm/java-8-oracle/jre/lib/amd64/server/libjvm.so at 0x00007efdacd7e000
RSP=0x00007efd96ffcbd0 is an unknown value
RBP=0x00007efd96ffcc60 is an unknown value
RSI=0x0000000776103a68 is an oop
[C 
 - klass: {type array char}
 - length: 102
RDI=0x00007efda81cbcc0 is an unknown value
R8 =0x0000000000000008 is an unknown value
R9 =0x000000077d66265d is an unknown value
R10=0x00007efdadd16da0: <offset 0xf98da0> in /usr/lib/jvm/java-8-oracle/jre/lib/amd64/server/libjvm.so at 0x00007efdacd7e000
R11=0x000000077d662560 is an oop

[error occurred during error reporting (printing register info), id 0xb]

Stack: [0x00007efd96efe000,0x00007efd96ffe000],  sp=0x00007efd96ffcbd0,  free space=1018k
Native frames: (J=compiled Java code, j=interpreted, Vv=VM code, C=native code)
V  [libjvm.so+0x987624]  oopDesc* PSPromotionManager::copy_to_survivor_space<false>(oopDesc*)+0x204
V  [libjvm.so+0x987048]  PSPromotionManager::drain_stacks_depth(bool)+0x768
V  [libjvm.so+0x3d139e]  CardTableExtension::scavenge_contents_parallel(ObjectStartArray*, MutableSpace*, HeapWord*, PSPromotionManager*, unsigned int, unsigned int)+0x88e
V  [libjvm.so+0x98b139]  OldToYoungRootsTask::do_it(GCTaskManager*, unsigned int)+0x49
V  [libjvm.so+0x5c3666]  GCTaskThread::run()+0x1b6
V  [libjvm.so+0x90d922]  java_start(Thread*)+0x102


---------------  P R O C E S S  ---------------

Java Threads: ( => current thread )
  0x00007efd14001000 JavaThread "HikariPool-1 connection adder" daemon [_thread_blocked, id=22439, stack(0x00007efd8c544000,0x00007efd8c645000)]
  0x00007efd30a3f000 JavaThread "container-0" [_thread_blocked, id=22438, stack(0x00007efd8c645000,0x00007efd8c746000)]
  0x00007efd18002800 JavaThread "Catalina-utility-2" [_thread_blocked, id=22437, stack(0x00007efd8c746000,0x00007efd8c847000)]
  0x00007efd30a3b800 JavaThread "Catalina-utility-1" [_thread_blocked, id=22436, stack(0x00007efd8c847000,0x00007efd8c948000)]
  0x00007efd309df000 JavaThread "HikariPool-1 housekeeper" daemon [_thread_blocked, id=22435, stack(0x00007efd8c948000,0x00007efd8ca49000)]
  0x00007efd3094b800 JavaThread "mysql-cj-abandoned-connection-cleanup" daemon [_thread_blocked, id=22434, stack(0x00007efd8d451000,0x00007efd8d552000)]
  0x00007efd242dd800 JavaThread "RMI Scheduler(0)" daemon [_thread_blocked, id=22429, stack(0x00007efd8d552000,0x00007efd8d653000)]
  0x00007efd34001800 JavaThread "RMI TCP Connection(1)-127.0.0.1" daemon [_thread_in_native, id=22428, stack(0x00007efd8e1ea000,0x00007efd8e2eb000)]
  0x00007efd54001000 JavaThread "Attach Listener" daemon [_thread_blocked, id=22426, stack(0x00007efd8d853000,0x00007efd8d954000)]
  0x00007efd2c003800 JavaThread "restartedMain" [_thread_blocked, id=22417, stack(0x00007efd8e2eb000,0x00007efd8e3ec000)]
  0x00007efda889c800 JavaThread "Thread-1" [_thread_blocked, id=22416, stack(0x00007efd8e3ec000,0x00007efd8e4ed000)]
  0x00007efda86e8800 JavaThread "RMI TCP Accept-0" daemon [_thread_in_native, id=22413, stack(0x00007efd8e840000,0x00007efd8e941000)]
  0x00007efda8627800 JavaThread "Service Thread" daemon [_thread_blocked, id=22412, stack(0x00007efd8ed61000,0x00007efd8ee62000)]
  0x00007efda8612800 JavaThread "C1 CompilerThread3" daemon [_thread_blocked, id=22411, stack(0x00007efd8f07b000,0x00007efd8f17b000)]
  0x00007efda8610000 JavaThread "C2 CompilerThread2" daemon [_thread_blocked, id=22410, stack(0x00007efd8f17c000,0x00007efd8f27c000)]
  0x00007efda860e000 JavaThread "C2 CompilerThread1" daemon [_thread_blocked, id=22409, stack(0x00007efd8f27d000,0x00007efd8f37d000)]
  0x00007efda860c000 JavaThread "C2 CompilerThread0" daemon [_thread_blocked, id=22408, stack(0x00007efd8f37e000,0x00007efd8f47e000)]
  0x00007efda860a000 JavaThread "Monitor Ctrl-Break" daemon [_thread_in_native, id=22407, stack(0x00007efd8f47e000,0x00007efd8f57f000)]
  0x00007efda820e000 JavaThread "Signal Dispatcher" daemon [_thread_blocked, id=22406, stack(0x00007efd8f7ed000,0x00007efd8f8ee000)]
  0x00007efda81da800 JavaThread "Finalizer" daemon [_thread_blocked, id=22402, stack(0x00007efd8fcfd000,0x00007efd8fdfe000)]
  0x00007efda81d8000 JavaThread "Reference Handler" daemon [_thread_blocked, id=22401, stack(0x00007efd8fdfe000,0x00007efd8feff000)]
  0x00007efda8011000 JavaThread "main" [_thread_blocked, id=22384, stack(0x00007efdae891000,0x00007efdae991000)]

Other Threads:
  0x00007efda81ce800 VMThread [stack: 0x00007efd8ff00000,0x00007efd90000000] [id=22400]
  0x00007efda86ff000 WatcherThread [stack: 0x00007efd8e740000,0x00007efd8e840000] [id=22414]

=>0x00007efda8031800 (exited) GCTaskThread [stack: 0x00007efd96efe000,0x00007efd96ffe000] [id=22394]

VM state:at safepoint (normal execution)

VM Mutex/Monitor currently owned by a thread:  ([mutex/lock_event])
[0x00007efda8006f60] Threads_lock - owner thread: 0x00007efda81ce800
[0x00007efda8007460] Heap_lock - owner thread: 0x00007efd2c003800

heap address: 0x00000006c9000000, size: 3952 MB, Compressed Oops mode: Zero based, Oop shift amount: 3
Narrow klass base: 0x0000000000000000, Narrow klass shift: 3
Compressed class space size: 1073741824 Address: 0x00000007c0000000

Heap:
 PSYoungGen      total 187904K, used 175722K [0x000000076db00000, 0x000000077e800000, 0x00000007c0000000)
  eden space 178688K, 93% used [0x000000076db00000,0x0000000777dcfb30,0x0000000778980000)
  from space 9216K, 97% used [0x000000077df00000,0x000000077e7caf50,0x000000077e800000)
  to   space 10240K, 87% used [0x000000077d400000,0x000000077dcb9760,0x000000077de00000)
 ParOldGen       total 111104K, used 10242K [0x00000006c9000000, 0x00000006cfc80000, 0x000000076db00000)
  object space 111104K, 9% used [0x00000006c9000000,0x00000006c9a00bf0,0x00000006cfc80000)
 Metaspace       used 33505K, capacity 35422K, committed 35496K, reserved 1079296K
  class space    used 4457K, capacity 4829K, committed 4864K, reserved 1048576K

Card table byte_map: [0x00007efd97a29000,0x00007efd981e2000] byte_map_base: 0x00007efd943e1000

Marking Bits: (ParMarkBitMap*) 0x00007efdadd49d80
 Begin Bits: [0x00007efd78480000, 0x00007efd7c240000)
 End Bits:   [0x00007efd7c240000, 0x00007efd80000000)

Polling page: 0x00007efdae9b9000

CodeCache: size=245760Kb used=6079Kb max_used=6079Kb free=239680Kb
 bounds [0x00007efd985a2000, 0x00007efd98b92000, 0x00007efda75a2000]
 total_blobs=3487 nmethods=3025 adapters=375
 compilation: enabled

Compilation events (10 events):
Event: 2,505 Thread 0x00007efda8612800 3020       1       com.mysql.cj.protocol.a.NativePacketHeader::getBuffer (5 bytes)
Event: 2,505 Thread 0x00007efda8612800 nmethod 3020 0x00007efd98b90f90 code [0x00007efd98b910e0, 0x00007efd98b911f0]
Event: 2,505 Thread 0x00007efda8612800 3022       1       com.mysql.cj.protocol.AbstractProtocol::getPropertySet (5 bytes)
Event: 2,505 Thread 0x00007efda8612800 nmethod 3022 0x00007efd98b91250 code [0x00007efd98b913a0, 0x00007efd98b914b0]
Event: 2,505 Thread 0x00007efda8612800 3023       1       java.nio.charset.CharsetDecoder::onMalformedInput (26 bytes)
Event: 2,505 Thread 0x00007efda8612800 nmethod 3023 0x00007efd98b91510 code [0x00007efd98b91680, 0x00007efd98b91868]
Event: 2,505 Thread 0x00007efda8612800 3024       1       java.nio.charset.CharsetDecoder::implOnMalformedInput (1 bytes)
Event: 2,505 Thread 0x00007efda8612800 nmethod 3024 0x00007efd98b91910 code [0x00007efd98b91a60, 0x00007efd98b91b70]
Event: 2,505 Thread 0x00007efda8612800 3025       1       com.mysql.cj.conf.DefaultPropertySet::getBooleanProperty (6 bytes)
Event: 2,506 Thread 0x00007efda8612800 nmethod 3025 0x00007efd98b91bd0 code [0x00007efd98b91d40, 0x00007efd98b91e68]

GC Heap History (10 events):
Event: 0,654 GC heap after
Heap after GC invocations=1 (full 0):
 PSYoungGen      total 74240K, used 4963K [0x000000076db00000, 0x0000000776c00000, 0x00000007c0000000)
  eden space 64000K, 0% used [0x000000076db00000,0x000000076db00000,0x0000000771980000)
  from space 10240K, 48% used [0x0000000771980000,0x0000000771e58d18,0x0000000772380000)
  to   space 10240K, 0% used [0x0000000776200000,0x0000000776200000,0x0000000776c00000)
 ParOldGen       total 169472K, used 16K [0x00000006c9000000, 0x00000006d3580000, 0x000000076db00000)
  object space 169472K, 0% used [0x00000006c9000000,0x00000006c9004000,0x00000006d3580000)
 Metaspace       used 9525K, capacity 9702K, committed 9984K, reserved 1058816K
  class space    used 1148K, capacity 1211K, committed 1280K, reserved 1048576K
}
Event: 0,932 GC heap before
{Heap before GC invocations=2 (full 0):
 PSYoungGen      total 74240K, used 68963K [0x000000076db00000, 0x0000000776c00000, 0x00000007c0000000)
  eden space 64000K, 100% used [0x000000076db00000,0x0000000771980000,0x0000000771980000)
  from space 10240K, 48% used [0x0000000771980000,0x0000000771e58d18,0x0000000772380000)
  to   space 10240K, 0% used [0x0000000776200000,0x0000000776200000,0x0000000776c00000)
 ParOldGen       total 169472K, used 16K [0x00000006c9000000, 0x00000006d3580000, 0x000000076db00000)
  object space 169472K, 0% used [0x00000006c9000000,0x00000006c9004000,0x00000006d3580000)
 Metaspace       used 14937K, capacity 15396K, committed 15488K, reserved 1062912K
  class space    used 2028K, capacity 2175K, committed 2176K, reserved 1048576K
Event: 0,940 GC heap after
Heap after GC invocations=2 (full 0):
 PSYoungGen      total 138240K, used 7644K [0x000000076db00000, 0x0000000776c00000, 0x00000007c0000000)
  eden space 128000K, 0% used [0x000000076db00000,0x000000076db00000,0x0000000775800000)
  from space 10240K, 74% used [0x0000000776200000,0x00000007769772e0,0x0000000776c00000)
  to   space 10240K, 0% used [0x0000000775800000,0x0000000775800000,0x0000000776200000)
 ParOldGen       total 169472K, used 24K [0x00000006c9000000, 0x00000006d3580000, 0x000000076db00000)
  object space 169472K, 0% used [0x00000006c9000000,0x00000006c9006000,0x00000006d3580000)
 Metaspace       used 14937K, capacity 15396K, committed 15488K, reserved 1062912K
  class space    used 2028K, capacity 2175K, committed 2176K, reserved 1048576K
}
Event: 1,286 GC heap before
{Heap before GC invocations=3 (full 0):
 PSYoungGen      total 138240K, used 105491K [0x000000076db00000, 0x0000000776c00000, 0x00000007c0000000)
  eden space 128000K, 76% used [0x000000076db00000,0x0000000773a8da08,0x0000000775800000)
  from space 10240K, 74% used [0x0000000776200000,0x00000007769772e0,0x0000000776c00000)
  to   space 10240K, 0% used [0x0000000775800000,0x0000000775800000,0x0000000776200000)
 ParOldGen       total 169472K, used 24K [0x00000006c9000000, 0x00000006d3580000, 0x000000076db00000)
  object space 169472K, 0% used [0x00000006c9000000,0x00000006c9006000,0x00000006d3580000)
 Metaspace       used 20450K, capacity 21178K, committed 21296K, reserved 1067008K
  class space    used 2737K, capacity 2932K, committed 2944K, reserved 1048576K
Event: 1,303 GC heap after
Heap after GC invocations=3 (full 0):
 PSYoungGen      total 138240K, used 10238K [0x000000076db00000, 0x000000077e900000, 0x00000007c0000000)
  eden space 128000K, 0% used [0x000000076db00000,0x000000076db00000,0x0000000775800000)
  from space 10240K, 99% used [0x0000000775800000,0x00000007761ffac0,0x0000000776200000)
  to   space 10240K, 0% used [0x000000077df00000,0x000000077df00000,0x000000077e900000)
 ParOldGen       total 169472K, used 462K [0x00000006c9000000, 0x00000006d3580000, 0x000000076db00000)
  object space 169472K, 0% used [0x00000006c9000000,0x00000006c9073be8,0x00000006d3580000)
 Metaspace       used 20450K, capacity 21178K, committed 21296K, reserved 1067008K
  class space    used 2737K, capacity 2932K, committed 2944K, reserved 1048576K
}
Event: 1,303 GC heap before
{Heap before GC invocations=4 (full 1):
 PSYoungGen      total 138240K, used 10238K [0x000000076db00000, 0x000000077e900000, 0x00000007c0000000)
  eden space 128000K, 0% used [0x000000076db00000,0x000000076db00000,0x0000000775800000)
  from space 10240K, 99% used [0x0000000775800000,0x00000007761ffac0,0x0000000776200000)
  to   space 10240K, 0% used [0x000000077df00000,0x000000077df00000,0x000000077e900000)
 ParOldGen       total 169472K, used 462K [0x00000006c9000000, 0x00000006d3580000, 0x000000076db00000)
  object space 169472K, 0% used [0x00000006c9000000,0x00000006c9073be8,0x00000006d3580000)
 Metaspace       used 20450K, capacity 21178K, committed 21296K, reserved 1067008K
  class space    used 2737K, capacity 2932K, committed 2944K, reserved 1048576K
Event: 1,350 GC heap after
Heap after GC invocations=4 (full 1):
 PSYoungGen      total 138240K, used 0K [0x000000076db00000, 0x000000077e900000, 0x00000007c0000000)
  eden space 128000K, 0% used [0x000000076db00000,0x000000076db00000,0x0000000775800000)
  from space 10240K, 0% used [0x0000000775800000,0x0000000775800000,0x0000000776200000)
  to   space 10240K, 0% used [0x000000077df00000,0x000000077df00000,0x000000077e900000)
 ParOldGen       total 111104K, used 10226K [0x00000006c9000000, 0x00000006cfc80000, 0x000000076db00000)
  object space 111104K, 9% used [0x00000006c9000000,0x00000006c99fcbf0,0x00000006cfc80000)
 Metaspace       used 20448K, capacity 21172K, committed 21296K, reserved 1067008K
  class space    used 2736K, capacity 2931K, committed 2944K, reserved 1048576K
}
Event: 1,970 GC heap before
{Heap before GC invocations=5 (full 1):
 PSYoungGen      total 138240K, used 128000K [0x000000076db00000, 0x000000077e900000, 0x00000007c0000000)
  eden space 128000K, 100% used [0x000000076db00000,0x0000000775800000,0x0000000775800000)
  from space 10240K, 0% used [0x0000000775800000,0x0000000775800000,0x0000000776200000)
  to   space 10240K, 0% used [0x000000077df00000,0x000000077df00000,0x000000077e900000)
 ParOldGen       total 111104K, used 10226K [0x00000006c9000000, 0x00000006cfc80000, 0x000000076db00000)
  object space 111104K, 9% used [0x00000006c9000000,0x00000006c99fcbf0,0x00000006cfc80000)
 Metaspace       used 25576K, capacity 26844K, committed 27136K, reserved 1073152K
  class space    used 3500K, capacity 3778K, committed 3840K, reserved 1048576K
Event: 1,977 GC heap after
Heap after GC invocations=5 (full 1):
 PSYoungGen      total 187904K, used 9003K [0x000000076db00000, 0x000000077e800000, 0x00000007c0000000)
  eden space 178688K, 0% used [0x000000076db00000,0x000000076db00000,0x0000000778980000)
  from space 9216K, 97% used [0x000000077df00000,0x000000077e7caf50,0x000000077e800000)
  to   space 10240K, 0% used [0x000000077d400000,0x000000077d400000,0x000000077de00000)
 ParOldGen       total 111104K, used 10234K [0x00000006c9000000, 0x00000006cfc80000, 0x000000076db00000)
  object space 111104K, 9% used [0x00000006c9000000,0x00000006c99febf0,0x00000006cfc80000)
 Metaspace       used 25576K, capacity 26844K, committed 27136K, reserved 1073152K
  class space    used 3500K, capacity 3778K, committed 3840K, reserved 1048576K
}
Event: 2,506 GC heap before
{Heap before GC invocations=6 (full 1):
 PSYoungGen      total 187904K, used 175722K [0x000000076db00000, 0x000000077e800000, 0x00000007c0000000)
  eden space 178688K, 93% used [0x000000076db00000,0x0000000777dcfb30,0x0000000778980000)
  from space 9216K, 97% used [0x000000077df00000,0x000000077e7caf50,0x000000077e800000)
  to   space 10240K, 0% used [0x000000077d400000,0x000000077d400000,0x000000077de00000)
 ParOldGen       total 111104K, used 10234K [0x00000006c9000000, 0x00000006cfc80000, 0x000000076db00000)
  object space 111104K, 9% used [0x00000006c9000000,0x00000006c99febf0,0x00000006cfc80000)
 Metaspace       used 33505K, capacity 35422K, committed 35496K, reserved 1079296K
  class space    used 4457K, capacity 4829K, committed 4864K, reserved 1048576K

Deoptimization events (0 events):
No events

Classes redefined (0 events):
No events

Internal exceptions (10 events):
Event: 2,307 Thread 0x00007efd2c003800 Exception <a 'java/lang/NullPointerException'> (0x0000000775ab5238) thrown at [/HUDSON/workspace/8-2-build-linux-amd64/jdk8u201/12317/hotspot/src/share/vm/runtime/sharedRuntime.cpp, line 605]
Event: 2,313 Thread 0x00007efd2c003800 Exception <a 'java/lang/ArrayIndexOutOfBoundsException'> (0x0000000775c412f0) thrown at [/HUDSON/workspace/8-2-build-linux-amd64/jdk8u201/12317/hotspot/src/share/vm/runtime/sharedRuntime.cpp, line 605]
Event: 2,410 Thread 0x00007efd2c003800 Exception <a 'java/lang/ArrayIndexOutOfBoundsException'> (0x0000000776c244b0) thrown at [/HUDSON/workspace/8-2-build-linux-amd64/jdk8u201/12317/hotspot/src/share/vm/runtime/sharedRuntime.cpp, line 605]
Event: 2,410 Thread 0x00007efd2c003800 Exception <a 'java/lang/ArrayIndexOutOfBoundsException'> (0x0000000776c25d08) thrown at [/HUDSON/workspace/8-2-build-linux-amd64/jdk8u201/12317/hotspot/src/share/vm/runtime/sharedRuntime.cpp, line 605]
Event: 2,438 Thread 0x00007efd2c003800 Exception <a 'java/lang/NoSuchMethodError': <clinit>> (0x000000077706cc20) thrown at [/HUDSON/workspace/8-2-build-linux-amd64/jdk8u201/12317/hotspot/src/share/vm/prims/jni.cpp, line 1613]
Event: 2,452 Thread 0x00007efd2c003800 Exception <a 'java/lang/ArrayIndexOutOfBoundsException'> (0x00000007771b78a0) thrown at [/HUDSON/workspace/8-2-build-linux-amd64/jdk8u201/12317/hotspot/src/share/vm/runtime/sharedRuntime.cpp, line 605]
Event: 2,454 Thread 0x00007efd2c003800 Exception <a 'java/lang/ArrayIndexOutOfBoundsException'> (0x00000007771db6b8) thrown at [/HUDSON/workspace/8-2-build-linux-amd64/jdk8u201/12317/hotspot/src/share/vm/runtime/sharedRuntime.cpp, line 605]
Event: 2,454 Thread 0x00007efd2c003800 Exception <a 'java/lang/ArrayIndexOutOfBoundsException'> (0x00000007771e22c8) thrown at [/HUDSON/workspace/8-2-build-linux-amd64/jdk8u201/12317/hotspot/src/share/vm/runtime/sharedRuntime.cpp, line 605]
Event: 2,460 Thread 0x00007efd2c003800 Exception <a 'java/lang/ArrayIndexOutOfBoundsException'> (0x00000007772480c8) thrown at [/HUDSON/workspace/8-2-build-linux-amd64/jdk8u201/12317/hotspot/src/share/vm/runtime/sharedRuntime.cpp, line 605]
Event: 2,460 Thread 0x00007efd2c003800 Exception <a 'java/lang/ArrayIndexOutOfBoundsException'> (0x0000000777249a90) thrown at [/HUDSON/workspace/8-2-build-linux-amd64/jdk8u201/12317/hotspot/src/share/vm/runtime/sharedRuntime.cpp, line 605]

Events (10 events):
Event: 2,505 loading class org/hibernate/internal/EntityManagerMessageLogger_$logger_pl done
Event: 2,505 loading class org/apache/logging/log4j/message/StringFormattedMessage
Event: 2,505 loading class org/apache/logging/log4j/message/StringFormattedMessage done
Event: 2,505 loading class org/apache/logging/log4j/message/Message
Event: 2,505 loading class org/apache/logging/log4j/message/Message done
Event: 2,505 loading class org/apache/logging/log4j/message/LoggerNameAwareMessage
Event: 2,506 loading class org/apache/logging/log4j/message/LoggerNameAwareMessage done
Event: 2,506 loading class org/hibernate/boot/registry/BootstrapServiceRegistryBuilder
Event: 2,506 loading class org/hibernate/boot/registry/BootstrapServiceRegistryBuilder done
Event: 2,506 Executing VM operation: CollectForMetadataAllocation


Dynamic libraries:
00400000-00401000 r-xp 00000000 08:02 15466874                           /usr/lib/jvm/java-8-oracle/bin/java
00600000-00601000 r--p 00000000 08:02 15466874                           /usr/lib/jvm/java-8-oracle/bin/java
00601000-00602000 rw-p 00001000 08:02 15466874                           /usr/lib/jvm/java-8-oracle/bin/java
00bdd000-00bfe000 rw-p 00000000 00:00 0                                  [heap]
6c9000000-6cfc80000 rw-p 00000000 00:00 0 
6cfc80000-76db00000 ---p 00000000 00:00 0 
76db00000-77e800000 rw-p 00000000 00:00 0 
77e800000-7c0000000 ---p 00000000 00:00 0 
7c0000000-7c04c0000 rw-p 00000000 00:00 0 
7c04c0000-800000000 ---p 00000000 00:00 0 
7efd04000000-7efd04021000 rw-p 00000000 00:00 0 
7efd04021000-7efd08000000 ---p 00000000 00:00 0 
7efd0c000000-7efd0c021000 rw-p 00000000 00:00 0 
7efd0c021000-7efd10000000 ---p 00000000 00:00 0 
7efd10000000-7efd10021000 rw-p 00000000 00:00 0 
7efd10021000-7efd14000000 ---p 00000000 00:00 0 
7efd14000000-7efd14021000 rw-p 00000000 00:00 0 
7efd14021000-7efd18000000 ---p 00000000 00:00 0 
7efd18000000-7efd18021000 rw-p 00000000 00:00 0 
7efd18021000-7efd1c000000 ---p 00000000 00:00 0 
7efd1c000000-7efd1c021000 rw-p 00000000 00:00 0 
7efd1c021000-7efd20000000 ---p 00000000 00:00 0 
7efd20000000-7efd20021000 rw-p 00000000 00:00 0 
7efd20021000-7efd24000000 ---p 00000000 00:00 0 
7efd24000000-7efd242f6000 rw-p 00000000 00:00 0 
7efd242f6000-7efd28000000 ---p 00000000 00:00 0 
7efd28000000-7efd28021000 rw-p 00000000 00:00 0 
7efd28021000-7efd2c000000 ---p 00000000 00:00 0 
7efd2c000000-7efd2c021000 rw-p 00000000 00:00 0 
7efd2c021000-7efd30000000 ---p 00000000 00:00 0 
7efd30000000-7efd30ae1000 rw-p 00000000 00:00 0 
7efd30ae1000-7efd34000000 ---p 00000000 00:00 0 
7efd34000000-7efd34021000 rw-p 00000000 00:00 0 
7efd34021000-7efd38000000 ---p 00000000 00:00 0 
7efd38000000-7efd38021000 rw-p 00000000 00:00 0 
7efd38021000-7efd3c000000 ---p 00000000 00:00 0 
7efd3c000000-7efd3c021000 rw-p 00000000 00:00 0 
7efd3c021000-7efd40000000 ---p 00000000 00:00 0 
7efd40fff000-7efd44000000 rw-p 00000000 00:00 0 
7efd44000000-7efd44021000 rw-p 00000000 00:00 0 
7efd44021000-7efd48000000 ---p 00000000 00:00 0 
7efd48000000-7efd48407000 rw-p 00000000 00:00 0 
7efd48407000-7efd4c000000 ---p 00000000 00:00 0 
7efd4c000000-7efd4c04e000 rw-p 00000000 00:00 0 
7efd4c04e000-7efd50000000 ---p 00000000 00:00 0 
7efd50000000-7efd50021000 rw-p 00000000 00:00 0 
7efd50021000-7efd54000000 ---p 00000000 00:00 0 
7efd54000000-7efd54021000 rw-p 00000000 00:00 0 
7efd54021000-7efd58000000 ---p 00000000 00:00 0 
7efd58000000-7efd5803d000 rw-p 00000000 00:00 0 
7efd5803d000-7efd5c000000 ---p 00000000 00:00 0 
7efd5c000000-7efd5c021000 rw-p 00000000 00:00 0 
7efd5c021000-7efd60000000 ---p 00000000 00:00 0 
7efd60000000-7efd60021000 rw-p 00000000 00:00 0 
7efd60021000-7efd64000000 ---p 00000000 00:00 0 
7efd64000000-7efd6429e000 rw-p 00000000 00:00 0 
7efd6429e000-7efd68000000 ---p 00000000 00:00 0 
7efd68000000-7efd68021000 rw-p 00000000 00:00 0 
7efd68021000-7efd6c000000 ---p 00000000 00:00 0 
7efd6c000000-7efd6c021000 rw-p 00000000 00:00 0 
7efd6c021000-7efd70000000 ---p 00000000 00:00 0 
7efd70000000-7efd70021000 rw-p 00000000 00:00 0 
7efd70021000-7efd74000000 ---p 00000000 00:00 0 
7efd74000000-7efd74021000 rw-p 00000000 00:00 0 
7efd74021000-7efd78000000 ---p 00000000 00:00 0 
7efd78480000-7efd80000000 rw-p 00000000 00:00 0 
7efd80000000-7efd80021000 rw-p 00000000 00:00 0 
7efd80021000-7efd84000000 ---p 00000000 00:00 0 
7efd84000000-7efd84021000 rw-p 00000000 00:00 0 
7efd84021000-7efd88000000 ---p 00000000 00:00 0 
7efd88000000-7efd88021000 rw-p 00000000 00:00 0 
7efd88021000-7efd8c000000 ---p 00000000 00:00 0 
7efd8c544000-7efd8c547000 ---p 00000000 00:00 0 
7efd8c547000-7efd8c645000 rw-p 00000000 00:00 0 
7efd8c645000-7efd8c648000 ---p 00000000 00:00 0 
7efd8c648000-7efd8c746000 rw-p 00000000 00:00 0 
7efd8c746000-7efd8c749000 ---p 00000000 00:00 0 
7efd8c749000-7efd8c847000 rw-p 00000000 00:00 0 
7efd8c847000-7efd8c84a000 ---p 00000000 00:00 0 
7efd8c84a000-7efd8c948000 rw-p 00000000 00:00 0 
7efd8c948000-7efd8c94b000 ---p 00000000 00:00 0 
7efd8c94b000-7efd8cc33000 rw-p 00000000 00:00 0 
7efd8cc33000-7efd8cc49000 ---p 00000000 00:00 0 
7efd8cc49000-7efd8cc4e000 r--s 002f9000 08:02 398620                     /usr/lib/jvm/java-8-oracle/jre/lib/charsets.jar
7efd8cc4e000-7efd8ce4e000 rw-p 00000000 00:00 0 
7efd8ce4e000-7efd8ce51000 r--s 0001a000 08:02 398697                     /usr/lib/jvm/java-8-oracle/jre/lib/jce.jar
7efd8ce51000-7efd8d051000 rw-p 00000000 00:00 0 
7efd8d051000-7efd8d251000 rw-p 00000000 00:00 0 
7efd8d251000-7efd8d451000 rw-p 00000000 00:00 0 
7efd8d451000-7efd8d454000 ---p 00000000 00:00 0 
7efd8d454000-7efd8d552000 rw-p 00000000 00:00 0 
7efd8d552000-7efd8d555000 ---p 00000000 00:00 0 
7efd8d555000-7efd8d853000 rw-p 00000000 00:00 0 
7efd8d853000-7efd8d856000 ---p 00000000 00:00 0 
7efd8d856000-7efd8db54000 rw-p 00000000 00:00 0 
7efd8db54000-7efd8dd54000 rw-p 00000000 00:00 0 
7efd8dd54000-7efd8df54000 rw-p 00000000 00:00 0 
7efd8df54000-7efd8dfea000 r--s 0110e000 08:02 398684                     /usr/lib/jvm/java-8-oracle/jre/lib/ext/jfxrt.jar
7efd8dfea000-7efd8e1ea000 rw-p 00000000 00:00 0 
7efd8e1ea000-7efd8e1ed000 ---p 00000000 00:00 0 
7efd8e1ed000-7efd8e2eb000 rw-p 00000000 00:00 0 
7efd8e2eb000-7efd8e2ee000 ---p 00000000 00:00 0 
7efd8e2ee000-7efd8e3ec000 rw-p 00000000 00:00 0 
7efd8e3ec000-7efd8e3ef000 ---p 00000000 00:00 0 
7efd8e3ef000-7efd8e6ed000 rw-p 00000000 00:00 0 
7efd8e6ed000-7efd8e6f7000 r--s 00116000 08:02 398690                     /usr/lib/jvm/java-8-oracle/jre/lib/ext/localedata.jar
7efd8e6f7000-7efd8e713000 r--s 00393000 08:02 398683                     /usr/lib/jvm/java-8-oracle/jre/lib/ext/cldrdata.jar
7efd8e713000-7efd8e71a000 r--s 00000000 08:02 140816                     /usr/lib/x86_64-linux-gnu/gconv/gconv-modules.cache
7efd8e71a000-7efd8e73f000 r--p 00000000 08:02 789022                     /usr/share/locale-langpack/pl/LC_MESSAGES/libc.mo
7efd8e73f000-7efd8e740000 ---p 00000000 00:00 0 
7efd8e740000-7efd8e840000 rw-p 00000000 00:00 0 
7efd8e840000-7efd8e843000 ---p 00000000 00:00 0 
7efd8e843000-7efd8e941000 rw-p 00000000 00:00 0 
7efd8e941000-7efd8e945000 r--s 000a1000 08:02 398679                     /usr/lib/jvm/java-8-oracle/jre/lib/jsse.jar
7efd8e945000-7efd8e956000 r-xp 00000000 08:02 526091                     /usr/lib/jvm/java-8-oracle/jre/lib/amd64/libnio.so
7efd8e956000-7efd8eb55000 ---p 00011000 08:02 526091                     /usr/lib/jvm/java-8-oracle/jre/lib/amd64/libnio.so
7efd8eb55000-7efd8eb56000 r--p 00010000 08:02 526091                     /usr/lib/jvm/java-8-oracle/jre/lib/amd64/libnio.so
7efd8eb56000-7efd8eb57000 rw-p 00011000 08:02 526091                     /usr/lib/jvm/java-8-oracle/jre/lib/amd64/libnio.so
7efd8eb57000-7efd8eb60000 r-xp 00000000 08:02 526187                     /usr/lib/jvm/java-8-oracle/jre/lib/amd64/libmanagement.so
7efd8eb60000-7efd8ed5f000 ---p 00009000 08:02 526187                     /usr/lib/jvm/java-8-oracle/jre/lib/amd64/libmanagement.so
7efd8ed5f000-7efd8ed60000 r--p 00008000 08:02 526187                     /usr/lib/jvm/java-8-oracle/jre/lib/amd64/libmanagement.so
7efd8ed60000-7efd8ed61000 rw-p 00009000 08:02 526187                     /usr/lib/jvm/java-8-oracle/jre/lib/amd64/libmanagement.so
7efd8ed61000-7efd8ed64000 ---p 00000000 00:00 0 
7efd8ed64000-7efd8ee62000 rw-p 00000000 00:00 0 
7efd8ee62000-7efd8ee78000 r-xp 00000000 08:02 525933                     /usr/lib/jvm/java-8-oracle/jre/lib/amd64/libnet.so
7efd8ee78000-7efd8f078000 ---p 00016000 08:02 525933                     /usr/lib/jvm/java-8-oracle/jre/lib/amd64/libnet.so
7efd8f078000-7efd8f079000 r--p 00016000 08:02 525933                     /usr/lib/jvm/java-8-oracle/jre/lib/amd64/libnet.so
7efd8f079000-7efd8f07a000 rw-p 00017000 08:02 525933                     /usr/lib/jvm/java-8-oracle/jre/lib/amd64/libnet.so
7efd8f07a000-7efd8f07b000 ---p 00000000 00:00 0 
7efd8f07b000-7efd8f07e000 ---p 00000000 00:00 0 
7efd8f07e000-7efd8f17b000 rw-p 00000000 00:00 0 
7efd8f17b000-7efd8f17c000 ---p 00000000 00:00 0 
7efd8f17c000-7efd8f17f000 ---p 00000000 00:00 0 
7efd8f17f000-7efd8f27c000 rw-p 00000000 00:00 0 
7efd8f27c000-7efd8f27d000 ---p 00000000 00:00 0 
7efd8f27d000-7efd8f280000 ---p 00000000 00:00 0 
7efd8f280000-7efd8f37d000 rw-p 00000000 00:00 0 
7efd8f37d000-7efd8f37e000 ---p 00000000 00:00 0 
7efd8f37e000-7efd8f381000 ---p 00000000 00:00 0 
7efd8f381000-7efd8f47e000 rw-p 00000000 00:00 0 
7efd8f47e000-7efd8f481000 ---p 00000000 00:00 0 
7efd8f481000-7efd8f57f000 rw-p 00000000 00:00 0 
7efd8f57f000-7efd8f581000 r--s 0001d000 07:0d 856                        /snap/intellij-idea-ultimate/242/lib/idea_rt.jar
7efd8f581000-7efd8f5a9000 r--s 0012c000 08:02 6818511                    /home/rafal/.m2/repository/org/springframework/boot/spring-boot-autoconfigure/2.2.3.RELEASE/spring-boot-autoconfigure-2.2.3.RELEASE.jar
7efd8f5a9000-7efd8f5c0000 r--s 000e8000 08:02 6818537                    /home/rafal/.m2/repository/org/springframework/boot/spring-boot/2.2.3.RELEASE/spring-boot-2.2.3.RELEASE.jar
7efd8f5c0000-7efd8f5c6000 r--s 00030000 08:02 5900992                    /home/rafal/.m2/repository/org/springframework/boot/spring-boot-devtools/2.2.2.RELEASE/spring-boot-devtools-2.2.2.RELEASE.jar
7efd8f5c6000-7efd8f5e0000 r--s 0022d000 08:02 10749887                   /home/rafal/.m2/repository/mysql/mysql-connector-java/8.0.20/mysql-connector-java-8.0.20.jar
7efd8f5e0000-7efd8f5e2000 r--s 0000a000 08:02 7345456                    /home/rafal/.m2/repository/org/springframework/spring-aspects/5.2.3.RELEASE/spring-aspects-5.2.3.RELEASE.jar
7efd8f5e2000-7efd8f5eb000 r--s 00044000 08:02 6951845                    /home/rafal/.m2/repository/org/springframework/spring-tx/5.2.3.RELEASE/spring-tx-5.2.3.RELEASE.jar
7efd8f5eb000-7efd8f5f0000 r--s 0002d000 08:02 7217514                    /home/rafal/.m2/repository/org/springframework/spring-orm/5.2.3.RELEASE/spring-orm-5.2.3.RELEASE.jar
7efd8f5f0000-7efd8f609000 r--s 00110000 08:02 7217510                    /home/rafal/.m2/repository/org/springframework/data/spring-data-commons/2.2.4.RELEASE/spring-data-commons-2.2.4.RELEASE.jar
7efd8f609000-7efd8f612000 r--s 00051000 08:02 7089019                    /home/rafal/.m2/repository/org/springframework/data/spring-data-jpa/2.2.4.RELEASE/spring-data-jpa-2.2.4.RELEASE.jar
7efd8f612000-7efd8f617000 r--s 00049000 08:02 8783842                    /home/rafal/.m2/repository/com/sun/xml/fastinfoset/FastInfoset/1.2.16/FastInfoset-1.2.16.jar
7efd8f617000-7efd8f619000 r--s 00008000 08:02 8783840                    /home/rafal/.m2/repository/org/jvnet/staxex/stax-ex/1.8.1/stax-ex-1.8.1.jar
7efd8f619000-7efd8f61b000 r--s 00005000 08:02 8783838                    /home/rafal/.m2/repository/com/sun/istack/istack-commons-runtime/3.0.8/istack-commons-runtime-3.0.8.jar
7efd8f61b000-7efd8f61d000 r--s 00010000 08:02 8783836                    /home/rafal/.m2/repository/org/glassfish/jaxb/txw2/2.3.2/txw2-2.3.2.jar
7efd8f61d000-7efd8f632000 r--s 000e3000 08:02 8783834                    /home/rafal/.m2/repository/org/glassfish/jaxb/jaxb-runtime/2.3.2/jaxb-runtime-2.3.2.jar
7efd8f632000-7efd8f635000 r--s 00010000 08:02 6953306                    /home/rafal/.m2/repository/org/hibernate/common/hibernate-commons-annotations/5.1.0.Final/hibernate-commons-annotations-5.1.0.Final.jar
7efd8f635000-7efd8f63a000 r--s 0004b000 08:02 5374282                    /home/rafal/.m2/repository/org/dom4j/dom4j/2.1.1/dom4j-2.1.1.jar
7efd8f63a000-7efd8f63c000 r--s 0000f000 08:02 8783846                    /home/rafal/.m2/repository/com/fasterxml/classmate/1.5.1/classmate-1.5.1.jar
7efd8f63c000-7efd8f63f000 r--s 0002d000 08:02 6160835                    /home/rafal/.m2/repository/org/jboss/jandex/2.1.1.Final/jandex-2.1.1.Final.jar
7efd8f63f000-7efd8f644000 r--s 00068000 08:02 3932658                    /home/rafal/.m2/repository/antlr/antlr/2.7.7/antlr-2.7.7.jar
7efd8f644000-7efd8f64e000 r--s 000b4000 08:02 6953302                    /home/rafal/.m2/repository/org/javassist/javassist/3.24.0-GA/javassist-3.24.0-GA.jar
7efd8f64e000-7efd8f650000 r--s 0000d000 08:02 6160881                    /home/rafal/.m2/repository/org/jboss/logging/jboss-logging/3.4.1.Final/jboss-logging-3.4.1.Final.jar
7efd8f650000-7efd8f6d5000 r--s 0064f000 08:02 6951843                    /home/rafal/.m2/repository/org/hibernate/hibernate-core/5.4.10.Final/hibernate-core-5.4.10.Final.jar
7efd8f6d5000-7efd8f6d6000 r--s 00003000 08:02 6160827                    /home/rafal/.m2/repository/jakarta/transaction/jakarta.transaction-api/1.3.3/jakarta.transaction-api-1.3.3.jar
7efd8f6d6000-7efd8f6dc000 r--s 00023000 08:02 6160825                    /home/rafal/.m2/repository/jakarta/persistence/jakarta.persistence-api/2.2.3/jakarta.persistence-api-2.2.3.jar
7efd8f6dc000-7efd8f6de000 r--s 00009000 08:02 6160897                    /home/rafal/.m2/repository/jakarta/activation/jakarta.activation-api/1.2.1/jakarta.activation-api-1.2.1.jar
7efd8f6de000-7efd8f6e8000 r--s 0005a000 08:02 6818560                    /home/rafal/.m2/repository/org/springframework/spring-jdbc/5.2.3.RELEASE/spring-jdbc-5.2.3.RELEASE.jar
7efd8f6e8000-7efd8f6eb000 r--s 00023000 08:02 6818556                    /home/rafal/.m2/repository/com/zaxxer/HikariCP/3.4.2/HikariCP-3.4.2.jar
7efd8f6eb000-7efd8f6ec000 r--s 00000000 08:02 6689449                    /home/rafal/.m2/repository/org/springframework/boot/spring-boot-starter-jdbc/2.2.3.RELEASE/spring-boot-starter-jdbc-2.2.3.RELEASE.jar
7efd8f6ec000-7efd8f705000 r--s 001da000 08:02 6160847                    /home/rafal/.m2/repository/org/aspectj/aspectjweaver/1.9.5/aspectjweaver-1.9.5.jar
7efd8f705000-7efd8f706000 r--s 00000000 08:02 6689448                    /home/rafal/.m2/repository/org/springframework/boot/spring-boot-starter-aop/2.2.3.RELEASE/spring-boot-starter-aop-2.2.3.RELEASE.jar
7efd8f706000-7efd8f707000 r--s 00000000 08:02 6160811                    /home/rafal/.m2/repository/org/springframework/boot/spring-boot-starter-data-jpa/2.2.2.RELEASE/spring-boot-starter-data-jpa-2.2.2.RELEASE.jar
7efd8f707000-7efd8f71a000 r--s 00201000 08:02 9702334                    /home/rafal/.m2/repository/com/h2database/h2/1.4.199/h2-1.4.199.jar
7efd8f71a000-7efd8f729000 r--s 0007c000 08:02 9702230                    /home/rafal/.m2/repository/org/springframework/security/spring-security-web/5.2.1.RELEASE/spring-security-web-5.2.1.RELEASE.jar
7efd8f729000-7efd8f735000 r--s 00061000 08:02 9702227                    /home/rafal/.m2/repository/org/springframework/security/spring-security-core/5.2.1.RELEASE/spring-security-core-5.2.1.RELEASE.jar
7efd8f735000-7efd8f743000 r--s 000c4000 08:02 9702231                    /home/rafal/.m2/repository/org/springframework/security/spring-security-config/5.2.1.RELEASE/spring-security-config-5.2.1.RELEASE.jar
7efd8f743000-7efd8f74c000 r--s 00052000 08:02 6818505                    /home/rafal/.m2/repository/org/springframework/spring-aop/5.2.3.RELEASE/spring-aop-5.2.3.RELEASE.jar
7efd8f74c000-7efd8f74d000 r--s 00000000 08:02 9702225                    /home/rafal/.m2/repository/org/springframework/boot/spring-boot-starter-security/2.2.2.RELEASE/spring-boot-starter-security-2.2.2.RELEASE.jar
7efd8f74d000-7efd8f74e000 r--s 00005000 08:02 6818507                    /home/rafal/.m2/repository/org/springframework/spring-jcl/5.2.3.RELEASE/spring-jcl-5.2.3.RELEASE.jar
7efd8f74e000-7efd8f769000 r--s 00144000 08:02 6818523                    /home/rafal/.m2/repository/org/springframework/spring-core/5.2.3.RELEASE/spring-core-5.2.3.RELEASE.jar
7efd8f769000-7efd8f7b1000 r--s 002e9000 08:02 8652300                    /home/rafal/.m2/repository/net/bytebuddy/byte-buddy/1.10.6/byte-buddy-1.10.6.jar
7efd8f7b1000-7efd8f7b5000 r--s 00019000 08:02 6160895                    /home/rafal/.m2/repository/jakarta/xml/bind/jakarta.xml.bind-api/2.3.2/jakarta.xml.bind-api-2.3.2.jar
7efd8f7b5000-7efd8f7cc000 r--s 00198000 08:02 4068001                    /home/rafal/.m2/repository/org/projectlombok/lombok/1.18.10/lombok-1.18.10.jar
7efd8f7cc000-7efd8f7d1000 r--s 00040000 08:02 6818532                    /home/rafal/.m2/repository/org/springframework/spring-expression/5.2.3.RELEASE/spring-expression-5.2.3.RELEASE.jar
7efd8f7d1000-7efd8f7ed000 r--s 0010f000 08:02 6818508                    /home/rafal/.m2/repository/org/springframework/spring-context/5.2.3.RELEASE/spring-context-5.2.3.RELEASE.jar
7efd8f7ed000-7efd8f7f0000 ---p 00000000 00:00 0 
7efd8f7f0000-7efd8f8ee000 rw-p 00000000 00:00 0 
7efd8f8ee000-7efd8fcfd000 r--p 00000000 08:02 15337430                   /usr/lib/locale/locale-archive
7efd8fcfd000-7efd8fd00000 ---p 00000000 00:00 0 
7efd8fd00000-7efd8fdfe000 rw-p 00000000 00:00 0 
7efd8fdfe000-7efd8fe01000 ---p 00000000 00:00 0 
7efd8fe01000-7efd8feff000 rw-p 00000000 00:00 0 
7efd8feff000-7efd8ff00000 ---p 00000000 00:00 0 
7efd8ff00000-7efd90000000 rw-p 00000000 00:00 0 
7efd90000000-7efd90021000 rw-p 00000000 00:00 0 
7efd90021000-7efd94000000 ---p 00000000 00:00 0 
7efd94000000-7efd94013000 r--s 000d5000 08:02 8390895                    /home/rafal/.m2/repository/org/springframework/spring-webmvc/5.2.3.RELEASE/spring-webmvc-5.2.3.RELEASE.jar
7efd94013000-7efd94020000 r--s 0009b000 08:02 6818536                    /home/rafal/.m2/repository/org/springframework/spring-beans/5.2.3.RELEASE/spring-beans-5.2.3.RELEASE.jar
7efd94020000-7efd9403c000 r--s 00141000 08:02 6818522                    /home/rafal/.m2/repository/org/springframework/spring-web/5.2.3.RELEASE/spring-web-5.2.3.RELEASE.jar
7efd9403c000-7efd94059000 r--s 000fe000 08:02 5515049                    /home/rafal/.m2/repository/org/hibernate/validator/hibernate-validator/6.0.18.Final/hibernate-validator-6.0.18.Final.jar
7efd94059000-7efd9405e000 r--s 00012000 08:02 8271150                    /home/rafal/.m2/repository/jakarta/validation/jakarta.validation-api/2.0.2/jakarta.validation-api-2.0.2.jar
7efd9405e000-7efd9405f000 r--s 00000000 08:02 8134159                    /home/rafal/.m2/repository/org/springframework/boot/spring-boot-starter-validation/2.2.3.RELEASE/spring-boot-starter-validation-2.2.3.RELEASE.jar
7efd9405f000-7efd94064000 r--s 0003c000 08:02 7867308                    /home/rafal/.m2/repository/org/apache/tomcat/embed/tomcat-embed-websocket/9.0.30/tomcat-embed-websocket-9.0.30.jar
7efd94064000-7efd94069000 r--s 0003a000 08:02 7607190                    /home/rafal/.m2/repository/org/apache/tomcat/embed/tomcat-embed-el/9.0.30/tomcat-embed-el-9.0.30.jar
7efd94069000-7efd94093000 r--s 00301000 08:02 7481358                    /home/rafal/.m2/repository/org/apache/tomcat/embed/tomcat-embed-core/9.0.30/tomcat-embed-core-9.0.30.jar
7efd94093000-7efd94094000 r--s 00000000 08:02 7345450                    /home/rafal/.m2/repository/org/springframework/boot/spring-boot-starter-tomcat/2.2.3.RELEASE/spring-boot-starter-tomcat-2.2.3.RELEASE.jar
7efd94094000-7efd94096000 r--s 00001000 08:02 8785346                    /home/rafal/.m2/repository/com/fasterxml/jackson/module/jackson-module-parameter-names/2.10.2/jackson-module-parameter-names-2.10.2.jar
7efd94096000-7efd94099000 r--s 00017000 08:02 7217500                    /home/rafal/.m2/repository/com/fasterxml/jackson/datatype/jackson-datatype-jsr310/2.10.2/jackson-datatype-jsr310-2.10.2.jar
7efd94099000-7efd9409b000 r--s 00007000 08:02 7089009                    /home/rafal/.m2/repository/com/fasterxml/jackson/datatype/jackson-datatype-jdk8/2.10.2/jackson-datatype-jdk8-2.10.2.jar
7efd9409b000-7efd940a0000 r--s 00051000 08:02 6818524                    /home/rafal/.m2/repository/com/fasterxml/jackson/core/jackson-core/2.10.2/jackson-core-2.10.2.jar
7efd940a0000-7efd940a3000 r--s 0000e000 08:02 6818527                    /home/rafal/.m2/repository/com/fasterxml/jackson/core/jackson-annotations/2.10.2/jackson-annotations-2.10.2.jar
7efd940a3000-7efd940b8000 r--s 00142000 08:02 6818529                    /home/rafal/.m2/repository/com/fasterxml/jackson/core/jackson-databind/2.10.2/jackson-databind-2.10.2.jar
7efd940b8000-7efd940b9000 r--s 00000000 08:02 6818516                    /home/rafal/.m2/repository/org/springframework/boot/spring-boot-starter-json/2.2.3.RELEASE/spring-boot-starter-json-2.2.3.RELEASE.jar
7efd940b9000-7efd940ba000 r--s 00000000 08:02 6818517                    /home/rafal/.m2/repository/org/springframework/boot/spring-boot-starter-web/2.2.3.RELEASE/spring-boot-starter-web-2.2.3.RELEASE.jar
7efd940ba000-7efd940bb000 r--s 00009000 08:02 6160859                    /home/rafal/.m2/repository/org/thymeleaf/extras/thymeleaf-extras-java8time/3.0.4.RELEASE/thymeleaf-extras-java8time-3.0.4.RELEASE.jar
7efd940bb000-7efd940bd000 r--s 00009000 08:02 6818539                    /home/rafal/.m2/repository/org/slf4j/slf4j-api/1.7.30/slf4j-api-1.7.30.jar
7efd940bd000-7efd940c0000 r--s 00028000 08:02 6160857                    /home/rafal/.m2/repository/org/unbescape/unbescape/1.1.6.RELEASE/unbescape-1.1.6.RELEASE.jar
7efd940c0000-7efd940c5000 r--s 00037000 08:02 6160855                    /home/rafal/.m2/repository/org/attoparser/attoparser/2.0.5.RELEASE/attoparser-2.0.5.RELEASE.jar
7efd940c5000-7efd940d5000 r--s 000c5000 08:02 6160853                    /home/rafal/.m2/repository/org/thymeleaf/thymeleaf/3.0.11.RELEASE/thymeleaf-3.0.11.RELEASE.jar
7efd940d5000-7efd940dc000 r--s 00044000 08:02 6160789                    /home/rafal/.m2/repository/org/yaml/snakeyaml/1.25/snakeyaml-1.25.jar
7efd940dc000-7efd940e2000 r--s 0003e000 08:02 6035413                    /home/rafal/.m2/repository/org/apache/logging/log4j/log4j-api/2.12.1/log4j-api-2.12.1.jar
7efd940e2000-7efd940ed000 r--s 00069000 08:02 8783830                    /home/rafal/.m2/repository/ch/qos/logback/logback-core/1.2.3/logback-core-1.2.3.jar
7efd940ed000-7efd94100000 r--s 00345000 08:02 398660                     /usr/lib/jvm/java-8-oracle/jre/lib/resources.jar
7efd94100000-7efd95c6a000 rw-p 00000000 00:00 0 
7efd95c6a000-7efd95e44000 r--s 03d6f000 08:02 398622                     /usr/lib/jvm/java-8-oracle/jre/lib/rt.jar
7efd95e44000-7efd96dfc000 rw-p 00000000 00:00 0 
7efd96dfc000-7efd96dfd000 ---p 00000000 00:00 0 
7efd96dfd000-7efd96efd000 rw-p 00000000 00:00 0 
7efd96efd000-7efd96efe000 ---p 00000000 00:00 0 
7efd96efe000-7efd96ffe000 rw-p 00000000 00:00 0 
7efd96ffe000-7efd96fff000 ---p 00000000 00:00 0 
7efd96fff000-7efd970ff000 rw-p 00000000 00:00 0 
7efd970ff000-7efd97100000 ---p 00000000 00:00 0 
7efd97100000-7efd97200000 rw-p 00000000 00:00 0 
7efd97200000-7efd97201000 ---p 00000000 00:00 0 
7efd97201000-7efd97301000 rw-p 00000000 00:00 0 
7efd97301000-7efd97302000 ---p 00000000 00:00 0 
7efd97302000-7efd97402000 rw-p 00000000 00:00 0 
7efd97402000-7efd97403000 ---p 00000000 00:00 0 
7efd97403000-7efd9753a000 rw-p 00000000 00:00 0 
7efd9753a000-7efd97a29000 ---p 00000000 00:00 0 
7efd97a29000-7efd97a60000 rw-p 00000000 00:00 0 
7efd97a60000-7efd97f4e000 ---p 00000000 00:00 0 
7efd97f4e000-7efd97fd5000 rw-p 00000000 00:00 0 
7efd97fd5000-7efd981e1000 ---p 00000000 00:00 0 
7efd981e1000-7efd981fa000 rw-p 00000000 00:00 0 
7efd981fa000-7efd985a2000 ---p 00000000 00:00 0 
7efd985a2000-7efd98b92000 rwxp 00000000 00:00 0 
7efd98b92000-7efda75a2000 ---p 00000000 00:00 0 
7efda75a2000-7efda75bd000 r-xp 00000000 08:02 525929                     /usr/lib/jvm/java-8-oracle/jre/lib/amd64/libzip.so
7efda75bd000-7efda77bc000 ---p 0001b000 08:02 525929                     /usr/lib/jvm/java-8-oracle/jre/lib/amd64/libzip.so
7efda77bc000-7efda77bd000 r--p 0001a000 08:02 525929                     /usr/lib/jvm/java-8-oracle/jre/lib/amd64/libzip.so
7efda77bd000-7efda77be000 rw-p 0001b000 08:02 525929                     /usr/lib/jvm/java-8-oracle/jre/lib/amd64/libzip.so
7efda77be000-7efda77c9000 r-xp 00000000 08:02 4984909                    /lib/x86_64-linux-gnu/libnss_files-2.27.so
7efda77c9000-7efda79c8000 ---p 0000b000 08:02 4984909                    /lib/x86_64-linux-gnu/libnss_files-2.27.so
7efda79c8000-7efda79c9000 r--p 0000a000 08:02 4984909                    /lib/x86_64-linux-gnu/libnss_files-2.27.so
7efda79c9000-7efda79ca000 rw-p 0000b000 08:02 4984909                    /lib/x86_64-linux-gnu/libnss_files-2.27.so
7efda79ca000-7efda79d0000 rw-p 00000000 00:00 0 
7efda79d0000-7efda79e7000 r-xp 00000000 08:02 4984896                    /lib/x86_64-linux-gnu/libnsl-2.27.so
7efda79e7000-7efda7be6000 ---p 00017000 08:02 4984896                    /lib/x86_64-linux-gnu/libnsl-2.27.so
7efda7be6000-7efda7be7000 r--p 00016000 08:02 4984896                    /lib/x86_64-linux-gnu/libnsl-2.27.so
7efda7be7000-7efda7be8000 rw-p 00017000 08:02 4984896                    /lib/x86_64-linux-gnu/libnsl-2.27.so
7efda7be8000-7efda7bea000 rw-p 00000000 00:00 0 
7efda7bea000-7efda7bf5000 r-xp 00000000 08:02 4984913                    /lib/x86_64-linux-gnu/libnss_nis-2.27.so
7efda7bf5000-7efda7df4000 ---p 0000b000 08:02 4984913                    /lib/x86_64-linux-gnu/libnss_nis-2.27.so
7efda7df4000-7efda7df5000 r--p 0000a000 08:02 4984913                    /lib/x86_64-linux-gnu/libnss_nis-2.27.so
7efda7df5000-7efda7df6000 rw-p 0000b000 08:02 4984913                    /lib/x86_64-linux-gnu/libnss_nis-2.27.so
7efda7df6000-7efda7dfe000 r-xp 00000000 08:02 4984905                    /lib/x86_64-linux-gnu/libnss_compat-2.27.so
7efda7dfe000-7efda7ffe000 ---p 00008000 08:02 4984905                    /lib/x86_64-linux-gnu/libnss_compat-2.27.so
7efda7ffe000-7efda7fff000 r--p 00008000 08:02 4984905                    /lib/x86_64-linux-gnu/libnss_compat-2.27.so
7efda7fff000-7efda8000000 rw-p 00009000 08:02 4984905                    /lib/x86_64-linux-gnu/libnss_compat-2.27.so
7efda8000000-7efda89fc000 rw-p 00000000 00:00 0 
7efda89fc000-7efdac000000 ---p 00000000 00:00 0 
7efdac000000-7efdac005000 r--s 00027000 08:02 6160851                    /home/rafal/.m2/repository/org/thymeleaf/thymeleaf-spring5/3.0.11.RELEASE/thymeleaf-spring5-3.0.11.RELEASE.jar
7efdac005000-7efdac018000 r--s 000d6000 08:02 398202                     /usr/lib/jvm/java-8-oracle/jre/lib/plugin.jar
7efdac018000-7efdac08e000 rw-p 00000000 00:00 0 
7efdac08e000-7efdac08f000 ---p 00000000 00:00 0 
7efdac08f000-7efdac18f000 rw-p 00000000 00:00 0 
7efdac18f000-7efdac199000 r-xp 00000000 08:02 526093                     /usr/lib/jvm/java-8-oracle/jre/lib/amd64/libinstrument.so
7efdac199000-7efdac398000 ---p 0000a000 08:02 526093                     /usr/lib/jvm/java-8-oracle/jre/lib/amd64/libinstrument.so
7efdac398000-7efdac399000 r--p 00009000 08:02 526093                     /usr/lib/jvm/java-8-oracle/jre/lib/amd64/libinstrument.so
7efdac399000-7efdac39a000 rw-p 0000a000 08:02 526093                     /usr/lib/jvm/java-8-oracle/jre/lib/amd64/libinstrument.so
7efdac39a000-7efdac3c6000 r-xp 00000000 08:02 525923                     /usr/lib/jvm/java-8-oracle/jre/lib/amd64/libjava.so
7efdac3c6000-7efdac5c6000 ---p 0002c000 08:02 525923                     /usr/lib/jvm/java-8-oracle/jre/lib/amd64/libjava.so
7efdac5c6000-7efdac5c7000 r--p 0002c000 08:02 525923                     /usr/lib/jvm/java-8-oracle/jre/lib/amd64/libjava.so
7efdac5c7000-7efdac5c9000 rw-p 0002d000 08:02 525923                     /usr/lib/jvm/java-8-oracle/jre/lib/amd64/libjava.so
7efdac5c9000-7efdac5d6000 r-xp 00000000 08:02 525928                     /usr/lib/jvm/java-8-oracle/jre/lib/amd64/libverify.so
7efdac5d6000-7efdac7d5000 ---p 0000d000 08:02 525928                     /usr/lib/jvm/java-8-oracle/jre/lib/amd64/libverify.so
7efdac7d5000-7efdac7d7000 r--p 0000c000 08:02 525928                     /usr/lib/jvm/java-8-oracle/jre/lib/amd64/libverify.so
7efdac7d7000-7efdac7d8000 rw-p 0000e000 08:02 525928                     /usr/lib/jvm/java-8-oracle/jre/lib/amd64/libverify.so
7efdac7d8000-7efdac7df000 r-xp 00000000 08:02 4985546                    /lib/x86_64-linux-gnu/librt-2.27.so
7efdac7df000-7efdac9de000 ---p 00007000 08:02 4985546                    /lib/x86_64-linux-gnu/librt-2.27.so
7efdac9de000-7efdac9df000 r--p 00006000 08:02 4985546                    /lib/x86_64-linux-gnu/librt-2.27.so
7efdac9df000-7efdac9e0000 rw-p 00007000 08:02 4985546                    /lib/x86_64-linux-gnu/librt-2.27.so
7efdac9e0000-7efdacb7d000 r-xp 00000000 08:02 4984888                    /lib/x86_64-linux-gnu/libm-2.27.so
7efdacb7d000-7efdacd7c000 ---p 0019d000 08:02 4984888                    /lib/x86_64-linux-gnu/libm-2.27.so
7efdacd7c000-7efdacd7d000 r--p 0019c000 08:02 4984888                    /lib/x86_64-linux-gnu/libm-2.27.so
7efdacd7d000-7efdacd7e000 rw-p 0019d000 08:02 4984888                    /lib/x86_64-linux-gnu/libm-2.27.so
7efdacd7e000-7efdada66000 r-xp 00000000 08:02 525905                     /usr/lib/jvm/java-8-oracle/jre/lib/amd64/server/libjvm.so
7efdada66000-7efdadc65000 ---p 00ce8000 08:02 525905                     /usr/lib/jvm/java-8-oracle/jre/lib/amd64/server/libjvm.so
7efdadc65000-7efdadcfb000 r--p 00ce7000 08:02 525905                     /usr/lib/jvm/java-8-oracle/jre/lib/amd64/server/libjvm.so
7efdadcfb000-7efdadd2c000 rw-p 00d7d000 08:02 525905                     /usr/lib/jvm/java-8-oracle/jre/lib/amd64/server/libjvm.so
7efdadd2c000-7efdadd67000 rw-p 00000000 00:00 0 
7efdadd67000-7efdadf4e000 r-xp 00000000 08:02 4981327                    /lib/x86_64-linux-gnu/libc-2.27.so
7efdadf4e000-7efdae14e000 ---p 001e7000 08:02 4981327                    /lib/x86_64-linux-gnu/libc-2.27.so
7efdae14e000-7efdae152000 r--p 001e7000 08:02 4981327                    /lib/x86_64-linux-gnu/libc-2.27.so
7efdae152000-7efdae154000 rw-p 001eb000 08:02 4981327                    /lib/x86_64-linux-gnu/libc-2.27.so
7efdae154000-7efdae158000 rw-p 00000000 00:00 0 
7efdae158000-7efdae15b000 r-xp 00000000 08:02 4981762                    /lib/x86_64-linux-gnu/libdl-2.27.so
7efdae15b000-7efdae35a000 ---p 00003000 08:02 4981762                    /lib/x86_64-linux-gnu/libdl-2.27.so
7efdae35a000-7efdae35b000 r--p 00002000 08:02 4981762                    /lib/x86_64-linux-gnu/libdl-2.27.so
7efdae35b000-7efdae35c000 rw-p 00003000 08:02 4981762                    /lib/x86_64-linux-gnu/libdl-2.27.so
7efdae35c000-7efdae373000 r-xp 00000000 08:02 393646                     /usr/lib/jvm/java-8-oracle/lib/amd64/jli/libjli.so
7efdae373000-7efdae572000 ---p 00017000 08:02 393646                     /usr/lib/jvm/java-8-oracle/lib/amd64/jli/libjli.so
7efdae572000-7efdae573000 r--p 00016000 08:02 393646                     /usr/lib/jvm/java-8-oracle/lib/amd64/jli/libjli.so
7efdae573000-7efdae574000 rw-p 00017000 08:02 393646                     /usr/lib/jvm/java-8-oracle/lib/amd64/jli/libjli.so
7efdae574000-7efdae58e000 r-xp 00000000 08:02 4985542                    /lib/x86_64-linux-gnu/libpthread-2.27.so
7efdae58e000-7efdae78d000 ---p 0001a000 08:02 4985542                    /lib/x86_64-linux-gnu/libpthread-2.27.so
7efdae78d000-7efdae78e000 r--p 00019000 08:02 4985542                    /lib/x86_64-linux-gnu/libpthread-2.27.so
7efdae78e000-7efdae78f000 rw-p 0001a000 08:02 4985542                    /lib/x86_64-linux-gnu/libpthread-2.27.so
7efdae78f000-7efdae793000 rw-p 00000000 00:00 0 
7efdae793000-7efdae7ba000 r-xp 00000000 08:02 4981192                    /lib/x86_64-linux-gnu/ld-2.27.so
7efdae7ba000-7efdae7bc000 r--s 00005000 08:02 6160854                    /home/rafal/.m2/repository/jakarta/annotation/jakarta.annotation-api/1.3.5/jakarta.annotation-api-1.3.5.jar
7efdae7bc000-7efdae7be000 r--s 00000000 08:02 6818513                    /home/rafal/.m2/repository/org/slf4j/jul-to-slf4j/1.7.30/jul-to-slf4j-1.7.30.jar
7efdae7be000-7efdae7c0000 r--s 00003000 08:02 6034392                    /home/rafal/.m2/repository/org/apache/logging/log4j/log4j-to-slf4j/2.12.1/log4j-to-slf4j-2.12.1.jar
7efdae7c0000-7efdae7c6000 r--s 00041000 08:02 8783828                    /home/rafal/.m2/repository/ch/qos/logback/logback-classic/1.2.3/logback-classic-1.2.3.jar
7efdae7c6000-7efdae7c7000 r--s 00000000 08:02 6558930                    /home/rafal/.m2/repository/org/springframework/boot/spring-boot-starter-logging/2.2.3.RELEASE/spring-boot-starter-logging-2.2.3.RELEASE.jar
7efdae7c7000-7efdae7c8000 r--s 00000000 08:02 6818525                    /home/rafal/.m2/repository/org/springframework/boot/spring-boot-starter/2.2.3.RELEASE/spring-boot-starter-2.2.3.RELEASE.jar
7efdae7c8000-7efdae7cc000 r--s 000a1000 08:02 398679                     /usr/lib/jvm/java-8-oracle/jre/lib/jsse.jar
7efdae7cc000-7efdae7e7000 r--s 0020c000 08:02 397131                     /usr/lib/jvm/java-8-oracle/jre/lib/deploy.jar
7efdae7e7000-7efdae890000 rw-p 00000000 00:00 0 
7efdae890000-7efdae891000 ---p 00000000 00:00 0 
7efdae891000-7efdae894000 ---p 00000000 00:00 0 
7efdae894000-7efdae995000 rw-p 00000000 00:00 0 
7efdae995000-7efdae996000 r--s 00000000 08:02 6818497                    /home/rafal/.m2/repository/org/springframework/boot/spring-boot-starter-thymeleaf/2.2.3.RELEASE/spring-boot-starter-thymeleaf-2.2.3.RELEASE.jar
7efdae996000-7efdae997000 r--s 00000000 08:02 397140                     /usr/lib/jvm/java-8-oracle/jre/lib/management-agent.jar
7efdae997000-7efdae999000 r--s 00007000 08:02 398699                     /usr/lib/jvm/java-8-oracle/jre/lib/jfxswt.jar
7efdae999000-7efdae99e000 r--s 00084000 08:02 397130                     /usr/lib/jvm/java-8-oracle/jre/lib/jfr.jar
7efdae99e000-7efdae9a1000 r--s 0001a000 08:02 398697                     /usr/lib/jvm/java-8-oracle/jre/lib/jce.jar
7efdae9a1000-7efdae9ab000 r--s 0006e000 08:02 397240                     /usr/lib/jvm/java-8-oracle/jre/lib/javaws.jar
7efdae9ab000-7efdae9b0000 r--s 002f9000 08:02 398620                     /usr/lib/jvm/java-8-oracle/jre/lib/charsets.jar
7efdae9b0000-7efdae9b8000 rw-s 00000000 08:02 2235830                    /tmp/hsperfdata_rafal/22383
7efdae9b8000-7efdae9b9000 rw-p 00000000 00:00 0 
7efdae9b9000-7efdae9ba000 ---p 00000000 00:00 0 
7efdae9ba000-7efdae9bb000 r--p 00027000 08:02 4981192                    /lib/x86_64-linux-gnu/ld-2.27.so
7efdae9bb000-7efdae9bc000 rw-p 00028000 08:02 4981192                    /lib/x86_64-linux-gnu/ld-2.27.so
7efdae9bc000-7efdae9bd000 rw-p 00000000 00:00 0 
7fffea51d000-7fffea541000 rw-p 00000000 00:00 0                          [stack]
7fffea5d2000-7fffea5d5000 r--p 00000000 00:00 0                          [vvar]
7fffea5d5000-7fffea5d6000 r-xp 00000000 00:00 0                          [vdso]
ffffffffff600000-ffffffffff601000 --xp 00000000 00:00 0                  [vsyscall]

VM Arguments:
jvm_args: -XX:TieredStopAtLevel=1 -Xverify:none -Dspring.output.ansi.enabled=always -Dcom.sun.management.jmxremote -Dspring.jmx.enabled=true -Dspring.liveBeansView.mbeanDomain -Dspring.application.admin.enabled=true -javaagent:/snap/intellij-idea-ultimate/242/lib/idea_rt.jar=38235:/snap/intellij-idea-ultimate/242/bin -Dfile.encoding=UTF-8 
java_command: com.shop.demo.DemoApplication
java_class_path (initial): /usr/lib/jvm/java-8-oracle/jre/lib/charsets.jar:/usr/lib/jvm/java-8-oracle/jre/lib/deploy.jar:/usr/lib/jvm/java-8-oracle/jre/lib/ext/cldrdata.jar:/usr/lib/jvm/java-8-oracle/jre/lib/ext/dnsns.jar:/usr/lib/jvm/java-8-oracle/jre/lib/ext/jaccess.jar:/usr/lib/jvm/java-8-oracle/jre/lib/ext/jfxrt.jar:/usr/lib/jvm/java-8-oracle/jre/lib/ext/localedata.jar:/usr/lib/jvm/java-8-oracle/jre/lib/ext/nashorn.jar:/usr/lib/jvm/java-8-oracle/jre/lib/ext/sunec.jar:/usr/lib/jvm/java-8-oracle/jre/lib/ext/sunjce_provider.jar:/usr/lib/jvm/java-8-oracle/jre/lib/ext/sunpkcs11.jar:/usr/lib/jvm/java-8-oracle/jre/lib/ext/zipfs.jar:/usr/lib/jvm/java-8-oracle/jre/lib/javaws.jar:/usr/lib/jvm/java-8-oracle/jre/lib/jce.jar:/usr/lib/jvm/java-8-oracle/jre/lib/jfr.jar:/usr/lib/jvm/java-8-oracle/jre/lib/jfxswt.jar:/usr/lib/jvm/java-8-oracle/jre/lib/jsse.jar:/usr/lib/jvm/java-8-oracle/jre/lib/management-agent.jar:/usr/lib/jvm/java-8-oracle/jre/lib/plugin.jar:/usr/lib/jvm/java-8-oracle/jre/lib/resources.jar:/usr/lib/jvm/java-8-oracle/jre/lib/rt.jar:/home/rafal/Dokumenty/PROJEKTY JAVA/thymeleaf/demo/target/classes:/home/rafal/.m2/repository/org/springframework/boot/spring-boot-starter-thymeleaf/2.2.3.RELEASE/spring-boot-starter-thymeleaf-2.2.3.RELEASE.jar:/home/rafal/.m2/repository/org/springframework/boot/spring-boot-starter/2.2.3.RELEASE/spring-boot-starter-2.2.3.RELEASE.jar:/home/rafal/.m2/repository/org/springframework/boot/spring-boot-starter-logging/2.2.3.RELEASE/spring-boot-starter-logging-2.2.3.RELEASE.jar:/home/rafal/.m2/repository/ch/qos/logback/logback-classic/1.2.3/logback-classic-1.2.3.jar:/home/rafal/.m2/repository/ch/qos/logback/logback-core/1.2.3/logback-core-1.2.3.jar:/home/rafal/.m2/repository/org/apache/logging/log4j/log4j-to-slf4j/2.12.1/log4j-to-slf4j-2.12.1.jar:/home/rafal/.m2/repository/org/apache/logging/log4j/log4j-api/2.12.1/log4j-api-2.12.1.jar:/home/rafal/.m2/repository/org/slf4j/jul-to-slf4j/1.7.30/jul-to-slf4j-1.7.30.jar:/home/rafal/.m2/repository/
Launcher Type: SUN_STANDARD

Environment Variables:
JAVA_HOME=/usr/lib/jvm/java-8-oracle
PATH=/home/rafal/.local/bin:/usr/local/sbin:/usr/local/bin:/usr/sbin:/usr/bin:/sbin:/bin:/usr/games:/usr/local/games:/snap/bin:/usr/lib/jvm/java-8-oracle/bin:/usr/lib/jvm/java-8-oracle/db/bin:/usr/lib/jvm/java-8-oracle/jre/bin
USERNAME=rafal
SHELL=/bin/bash
DISPLAY=:0

Signal Handlers:
SIGSEGV: [libjvm.so+0xad3e60], sa_mask[0]=11111111011111111101111111111110, sa_flags=SA_RESTART|SA_SIGINFO
SIGBUS: [libjvm.so+0xad3e60], sa_mask[0]=11111111011111111101111111111110, sa_flags=SA_RESTART|SA_SIGINFO
SIGFPE: [libjvm.so+0x90b880], sa_mask[0]=11111111011111111101111111111110, sa_flags=SA_RESTART|SA_SIGINFO
SIGPIPE: [libjvm.so+0x90b880], sa_mask[0]=11111111011111111101111111111110, sa_flags=SA_RESTART|SA_SIGINFO
SIGXFSZ: [libjvm.so+0x90b880], sa_mask[0]=11111111011111111101111111111110, sa_flags=SA_RESTART|SA_SIGINFO
SIGILL: [libjvm.so+0x90b880], sa_mask[0]=11111111011111111101111111111110, sa_flags=SA_RESTART|SA_SIGINFO
SIGUSR1: SIG_DFL, sa_mask[0]=00000000000000000000000000000000, sa_flags=none
SIGUSR2: [libjvm.so+0x90b750], sa_mask[0]=00100000000000000000000000000000, sa_flags=SA_RESTART|SA_SIGINFO
SIGHUP: [libjvm.so+0x90bd70], sa_mask[0]=11111111011111111101111111111110, sa_flags=SA_RESTART|SA_SIGINFO
SIGINT: [libjvm.so+0x90bd70], sa_mask[0]=11111111011111111101111111111110, sa_flags=SA_RESTART|SA_SIGINFO
SIGTERM: [libjvm.so+0x90bd70], sa_mask[0]=11111111011111111101111111111110, sa_flags=SA_RESTART|SA_SIGINFO
SIGQUIT: [libjvm.so+0x90bd70], sa_mask[0]=11111111011111111101111111111110, sa_flags=SA_RESTART|SA_SIGINFO


---------------  S Y S T E M  ---------------

OS:DISTRIB_ID=Ubuntu
DISTRIB_RELEASE=18.04
DISTRIB_CODENAME=bionic
DISTRIB_DESCRIPTION="Ubuntu 18.04.4 LTS"

uname:Linux 5.4.0-42-generic #46~18.04.1-Ubuntu SMP Fri Jul 10 07:21:24 UTC 2020 x86_64
libc:glibc 2.27 NPTL 2.27 
rlimit: STACK 8192k, CORE 0k, NPROC 63034, NOFILE 1048576, AS infinity
load average:5,41 3,71 2,48

/proc/meminfo:
MemTotal:       16184664 kB
MemFree:         3652184 kB
MemAvailable:    8960332 kB
Buffers:          828408 kB
Cached:          5446164 kB
SwapCached:            0 kB
Active:          8599956 kB
Inactive:        2796496 kB
Active(anon):    5686776 kB
Inactive(anon):   310076 kB
Active(file):    2913180 kB
Inactive(file):  2486420 kB
Unevictable:      563304 kB
Mlocked:              72 kB
SwapTotal:       2097148 kB
SwapFree:        2097148 kB
Dirty:              9664 kB
Writeback:             0 kB
AnonPages:       5685356 kB
Mapped:          1092748 kB
Shmem:            874976 kB
KReclaimable:     249972 kB
Slab:             380612 kB
SReclaimable:     249972 kB
SUnreclaim:       130640 kB
KernelStack:       22848 kB
PageTables:        93648 kB
NFS_Unstable:          0 kB
Bounce:                0 kB
WritebackTmp:          0 kB
CommitLimit:    10189480 kB
Committed_AS:   18031876 kB
VmallocTotal:   34359738367 kB
VmallocUsed:       45796 kB
VmallocChunk:          0 kB
Percpu:             3552 kB
HardwareCorrupted:     0 kB
AnonHugePages:         0 kB
ShmemHugePages:        0 kB
ShmemPmdMapped:        0 kB
FileHugePages:         0 kB
FilePmdMapped:         0 kB
CmaTotal:              0 kB
CmaFree:               0 kB
HugePages_Total:       0
HugePages_Free:        0
HugePages_Rsvd:        0
HugePages_Surp:        0
Hugepagesize:       2048 kB
Hugetlb:               0 kB
DirectMap4k:      477812 kB
DirectMap2M:    11890688 kB
DirectMap1G:     4194304 kB

container (cgroup) information:
container_type: cgroupv1
cpu_cpuset_cpus: 0-7
cpu_memory_nodes: 0
active_processor_count: 8
cpu_quota: -1
cpu_period: 100000
cpu_shares: -1
memory_limit_in_bytes: -1
memory_and_swap_limit_in_bytes: -2
memory_soft_limit_in_bytes: -1
memory_usage_in_bytes: 12247281664
memory_max_usage_in_bytes: 0


CPU:total 8 (initial active 8) (4 cores per cpu, 2 threads per core) family 6 model 142 stepping 10, cmov, cx8, fxsr, mmx, sse, sse2, sse3, ssse3, sse4.1, sse4.2, popcnt, avx, avx2, aes, clmul, erms, 3dnowpref, lzcnt, ht, tsc, tscinvbit, bmi1, bmi2, adx

/proc/cpuinfo:
processor	: 0
vendor_id	: GenuineIntel
cpu family	: 6
model		: 142
model name	: Intel(R) Core(TM) i5-8250U CPU @ 1.60GHz
stepping	: 10
microcode	: 0xd6
cpu MHz		: 3036.946
cache size	: 6144 KB
physical id	: 0
siblings	: 8
core id		: 0
cpu cores	: 4
apicid		: 0
initial apicid	: 0
fpu		: yes
fpu_exception	: yes
cpuid level	: 22
wp		: yes
flags		: fpu vme de pse tsc msr pae mce cx8 apic sep mtrr pge mca cmov pat pse36 clflush dts acpi mmx fxsr sse sse2 ss ht tm pbe syscall nx pdpe1gb rdtscp lm constant_tsc art arch_perfmon pebs bts rep_good nopl xtopology nonstop_tsc cpuid aperfmperf pni pclmulqdq dtes64 monitor ds_cpl vmx est tm2 ssse3 sdbg fma cx16 xtpr pdcm pcid sse4_1 sse4_2 x2apic movbe popcnt tsc_deadline_timer aes xsave avx f16c rdrand lahf_lm abm 3dnowprefetch cpuid_fault epb invpcid_single pti ssbd ibrs ibpb stibp tpr_shadow vnmi flexpriority ept vpid ept_ad fsgsbase tsc_adjust bmi1 avx2 smep bmi2 erms invpcid mpx rdseed adx smap clflushopt intel_pt xsaveopt xsavec xgetbv1 xsaves dtherm ida arat pln pts hwp hwp_notify hwp_act_window hwp_epp md_clear flush_l1d
bugs		: cpu_meltdown spectre_v1 spectre_v2 spec_store_bypass l1tf mds swapgs itlb_multihit srbds
bogomips	: 3600.00
clflush size	: 64
cache_alignment	: 64
address sizes	: 39 bits physical, 48 bits virtual
power management:

processor	: 1
vendor_id	: GenuineIntel
cpu family	: 6
model		: 142
model name	: Intel(R) Core(TM) i5-8250U CPU @ 1.60GHz
stepping	: 10
microcode	: 0xd6
cpu MHz		: 3040.753
cache size	: 6144 KB
physical id	: 0
siblings	: 8
core id		: 1
cpu cores	: 4
apicid		: 2
initial apicid	: 2
fpu		: yes
fpu_exception	: yes
cpuid level	: 22
wp		: yes
flags		: fpu vme de pse tsc msr pae mce cx8 apic sep mtrr pge mca cmov pat pse36 clflush dts acpi mmx fxsr sse sse2 ss ht tm pbe syscall nx pdpe1gb rdtscp lm constant_tsc art arch_perfmon pebs bts rep_good nopl xtopology nonstop_tsc cpuid aperfmperf pni pclmulqdq dtes64 monitor ds_cpl vmx est tm2 ssse3 sdbg fma cx16 xtpr pdcm pcid sse4_1 sse4_2 x2apic movbe popcnt tsc_deadline_timer aes xsave avx f16c rdrand lahf_lm abm 3dnowprefetch cpuid_fault epb invpcid_single pti ssbd ibrs ibpb stibp tpr_shadow vnmi flexpriority ept vpid ept_ad fsgsbase tsc_adjust bmi1 avx2 smep bmi2 erms invpcid mpx rdseed adx smap clflushopt intel_pt xsaveopt xsavec xgetbv1 xsaves dtherm ida arat pln pts hwp hwp_notify hwp_act_window hwp_epp md_clear flush_l1d
bugs		: cpu_meltdown spectre_v1 spectre_v2 spec_store_bypass l1tf mds swapgs itlb_multihit srbds
bogomips	: 3600.00
clflush size	: 64
cache_alignment	: 64
address sizes	: 39 bits physical, 48 bits virtual
power management:

processor	: 2
vendor_id	: GenuineIntel
cpu family	: 6
model		: 142
model name	: Intel(R) Core(TM) i5-8250U CPU @ 1.60GHz
stepping	: 10
microcode	: 0xd6
cpu MHz		: 3037.992
cache size	: 6144 KB
physical id	: 0
siblings	: 8
core id		: 2
cpu cores	: 4
apicid		: 4
initial apicid	: 4
fpu		: yes
fpu_exception	: yes
cpuid level	: 22
wp		: yes
flags		: fpu vme de pse tsc msr pae mce cx8 apic sep mtrr pge mca cmov pat pse36 clflush dts acpi mmx fxsr sse sse2 ss ht tm pbe syscall nx pdpe1gb rdtscp lm constant_tsc art arch_perfmon pebs bts rep_good nopl xtopology nonstop_tsc cpuid aperfmperf pni pclmulqdq dtes64 monitor ds_cpl vmx est tm2 ssse3 sdbg fma cx16 xtpr pdcm pcid sse4_1 sse4_2 x2apic movbe popcnt tsc_deadline_timer aes xsave avx f16c rdrand lahf_lm abm 3dnowprefetch cpuid_fault epb invpcid_single pti ssbd ibrs ibpb stibp tpr_shadow vnmi flexpriority ept vpid ept_ad fsgsbase tsc_adjust bmi1 avx2 smep bmi2 erms invpcid mpx rdseed adx smap clflushopt intel_pt xsaveopt xsavec xgetbv1 xsaves dtherm ida arat pln pts hwp hwp_notify hwp_act_window hwp_epp md_clear flush_l1d
bugs		: cpu_meltdown spectre_v1 spectre_v2 spec_store_bypass l1tf mds swapgs itlb_multihit srbds
bogomips	: 3600.00
clflush size	: 64
cache_alignment	: 64
address sizes	: 39 bits physical, 48 bits virtual
power management:

processor	: 3
vendor_id	: GenuineIntel
cpu family	: 6
model		: 142
model name	: Intel(R) Core(TM) i5-8250U CPU @ 1.60GHz
stepping	: 10
microcode	: 0xd6
cpu MHz		: 3038.490
cache size	: 6144 KB
physical id	: 0
siblings	: 8
core id		: 3
cpu cores	: 4
apicid		: 6
initial apicid	: 6
fpu		: yes
fpu_exception	: yes
cpuid level	: 22
wp		: yes
flags		: fpu vme de pse tsc msr pae mce cx8 apic sep mtrr pge mca cmov pat pse36 clflush dts acpi mmx fxsr sse sse2 ss ht tm pbe syscall nx pdpe1gb rdtscp lm constant_tsc art arch_perfmon pebs bts rep_good nopl xtopology nonstop_tsc cpuid aperfmperf pni pclmulqdq dtes64 monitor ds_cpl vmx est tm2 ssse3 sdbg fma cx16 xtpr pdcm pcid sse4_1 sse4_2 x2apic movbe popcnt tsc_deadline_timer aes xsave avx f16c rdrand lahf_lm abm 3dnowprefetch cpuid_fault epb invpcid_single pti ssbd ibrs ibpb stibp tpr_shadow vnmi flexpriority ept vpid ept_ad fsgsbase tsc_adjust bmi1 avx2 smep bmi2 erms invpcid mpx rdseed adx smap clflushopt intel_pt xsaveopt xsavec xgetbv1 xsaves dtherm ida arat pln pts hwp hwp_notify hwp_act_window hwp_epp md_clear flush_l1d
bugs		: cpu_meltdown spectre_v1 spectre_v2 spec_store_bypass l1tf mds swapgs itlb_multihit srbds
bogomips	: 3600.00
clflush size	: 64
cache_alignment	: 64
address sizes	: 39 bits physical, 48 bits virtual
power management:

processor	: 4
vendor_id	: GenuineIntel
cpu family	: 6
model		: 142
model name	: Intel(R) Core(TM) i5-8250U CPU @ 1.60GHz
stepping	: 10
microcode	: 0xd6
cpu MHz		: 3038.975
cache size	: 6144 KB
physical id	: 0
siblings	: 8
core id		: 0
cpu cores	: 4
apicid		: 1
initial apicid	: 1
fpu		: yes
fpu_exception	: yes
cpuid level	: 22
wp		: yes
flags		: fpu vme de pse tsc msr pae mce cx8 apic sep mtrr pge mca cmov pat pse36 clflush dts acpi mmx fxsr sse sse2 ss ht tm pbe syscall nx pdpe1gb rdtscp lm constant_tsc art arch_perfmon pebs bts rep_good nopl xtopology nonstop_tsc cpuid aperfmperf pni pclmulqdq dtes64 monitor ds_cpl vmx est tm2 ssse3 sdbg fma cx16 xtpr pdcm pcid sse4_1 sse4_2 x2apic movbe popcnt tsc_deadline_timer aes xsave avx f16c rdrand lahf_lm abm 3dnowprefetch cpuid_fault epb invpcid_single pti ssbd ibrs ibpb stibp tpr_shadow vnmi flexpriority ept vpid ept_ad fsgsbase tsc_adjust bmi1 avx2 smep bmi2 erms invpcid mpx rdseed adx smap clflushopt intel_pt xsaveopt xsavec xgetbv1 xsaves dtherm ida arat pln pts hwp hwp_notify hwp_act_window hwp_epp md_clear flush_l1d
bugs		: cpu_meltdown spectre_v1 spectre_v2 spec_store_bypass l1tf mds swapgs itlb_multihit srbds
bogomips	: 3600.00
clflush size	: 64
cache_alignment	: 64
address sizes	: 39 bits physical, 48 bits virtual
power management:

processor	: 5
vendor_id	: GenuineIntel
cpu family	: 6
model		: 142
model name	: Intel(R) Core(TM) i5-8250U CPU @ 1.60GHz
stepping	: 10
microcode	: 0xd6
cpu MHz		: 3039.466
cache size	: 6144 KB
physical id	: 0
siblings	: 8
core id		: 1
cpu cores	: 4
apicid		: 3
initial apicid	: 3
fpu		: yes
fpu_exception	: yes
cpuid level	: 22
wp		: yes
flags		: fpu vme de pse tsc msr pae mce cx8 apic sep mtrr pge mca cmov pat pse36 clflush dts acpi mmx fxsr sse sse2 ss ht tm pbe syscall nx pdpe1gb rdtscp lm constant_tsc art arch_perfmon pebs bts rep_good nopl xtopology nonstop_tsc cpuid aperfmperf pni pclmulqdq dtes64 monitor ds_cpl vmx est tm2 ssse3 sdbg fma cx16 xtpr pdcm pcid sse4_1 sse4_2 x2apic movbe popcnt tsc_deadline_timer aes xsave avx f16c rdrand lahf_lm abm 3dnowprefetch cpuid_fault epb invpcid_single pti ssbd ibrs ibpb stibp tpr_shadow vnmi flexpriority ept vpid ept_ad fsgsbase tsc_adjust bmi1 avx2 smep bmi2 erms invpcid mpx rdseed adx smap clflushopt intel_pt xsaveopt xsavec xgetbv1 xsaves dtherm ida arat pln pts hwp hwp_notify hwp_act_window hwp_epp md_clear flush_l1d
bugs		: cpu_meltdown spectre_v1 spectre_v2 spec_store_bypass l1tf mds swapgs itlb_multihit srbds
bogomips	: 3600.00
clflush size	: 64
cache_alignment	: 64
address sizes	: 39 bits physical, 48 bits virtual
power management:

processor	: 6
vendor_id	: GenuineIntel
cpu family	: 6
model		: 142
model name	: Intel(R) Core(TM) i5-8250U CPU @ 1.60GHz
stepping	: 10
microcode	: 0xd6
cpu MHz		: 3039.930
cache size	: 6144 KB
physical id	: 0
siblings	: 8
core id		: 2
cpu cores	: 4
apicid		: 5
initial apicid	: 5
fpu		: yes
fpu_exception	: yes
cpuid level	: 22
wp		: yes
flags		: fpu vme de pse tsc msr pae mce cx8 apic sep mtrr pge mca cmov pat pse36 clflush dts acpi mmx fxsr sse sse2 ss ht tm pbe syscall nx pdpe1gb rdtscp lm constant_tsc art arch_perfmon pebs bts rep_good nopl xtopology nonstop_tsc cpuid aperfmperf pni pclmulqdq dtes64 monitor ds_cpl vmx est tm2 ssse3 sdbg fma cx16 xtpr pdcm pcid sse4_1 sse4_2 x2apic movbe popcnt tsc_deadline_timer aes xsave avx f16c rdrand lahf_lm abm 3dnowprefetch cpuid_fault epb invpcid_single pti ssbd ibrs ibpb stibp tpr_shadow vnmi flexpriority ept vpid ept_ad fsgsbase tsc_adjust bmi1 avx2 smep bmi2 erms invpcid mpx rdseed adx smap clflushopt intel_pt xsaveopt xsavec xgetbv1 xsaves dtherm ida arat pln pts hwp hwp_notify hwp_act_window hwp_epp md_clear flush_l1d
bugs		: cpu_meltdown spectre_v1 spectre_v2 spec_store_bypass l1tf mds swapgs itlb_multihit srbds
bogomips	: 3600.00
clflush size	: 64
cache_alignment	: 64
address sizes	: 39 bits physical, 48 bits virtual
power management:

processor	: 7
vendor_id	: GenuineIntel
cpu family	: 6
model		: 142
model name	: Intel(R) Core(TM) i5-8250U CPU @ 1.60GHz
stepping	: 10
microcode	: 0xd6
cpu MHz		: 3040.395
cache size	: 6144 KB
physical id	: 0
siblings	: 8
core id		: 3
cpu cores	: 4
apicid		: 7
initial apicid	: 7
fpu		: yes
fpu_exception	: yes
cpuid level	: 22
wp		: yes
flags		: fpu vme de pse tsc msr pae mce cx8 apic sep mtrr pge mca cmov pat pse36 clflush dts acpi mmx fxsr sse sse2 ss ht tm pbe syscall nx pdpe1gb rdtscp lm constant_tsc art arch_perfmon pebs bts rep_good nopl xtopology nonstop_tsc cpuid aperfmperf pni pclmulqdq dtes64 monitor ds_cpl vmx est tm2 ssse3 sdbg fma cx16 xtpr pdcm pcid sse4_1 sse4_2 x2apic movbe popcnt tsc_deadline_timer aes xsave avx f16c rdrand lahf_lm abm 3dnowprefetch cpuid_fault epb invpcid_single pti ssbd ibrs ibpb stibp tpr_shadow vnmi flexpriority ept vpid ept_ad fsgsbase tsc_adjust bmi1 avx2 smep bmi2 erms invpcid mpx rdseed adx smap clflushopt intel_pt xsaveopt xsavec xgetbv1 xsaves dtherm ida arat pln pts hwp hwp_notify hwp_act_window hwp_epp md_clear flush_l1d
bugs		: cpu_meltdown spectre_v1 spectre_v2 spec_store_bypass l1tf mds swapgs itlb_multihit srbds
bogomips	: 3600.00
clflush size	: 64
cache_alignment	: 64
address sizes	: 39 bits physical, 48 bits virtual
power management:



Memory: 4k page, physical 16184664k(3652184k free), swap 2097148k(2097148k free)

vm_info: Java HotSpot(TM) 64-Bit Server VM (25.201-b09) for linux-amd64 JRE (1.8.0_201-b09), built on Dec 15 2018 11:35:59 by "java_re" with gcc 7.3.0

time: Wed Aug 19 14:21:08 2020
timezone: CEST
elapsed time: 2 seconds (0d 0h 0m 2s)

