#
# A fatal error has been detected by the Java Runtime Environment:
#
#  SIGSEGV (0xb) at pc=0x00007fa7ec55e5fd, pid=17182, tid=0x00007fa7af1f1700
#
# JRE version: Java(TM) SE Runtime Environment (8.0_201-b09) (build 1.8.0_201-b09)
# Java VM: Java HotSpot(TM) 64-Bit Server VM (25.201-b09 mixed mode linux-amd64 compressed oops)
# Problematic frame:
# V  [libjvm.so+0x9875fd]  oopDesc* PSPromotionManager::copy_to_survivor_space<false>(oopDesc*)+0x1dd
#
# Failed to write core dump. Core dumps have been disabled. To enable core dumping, try "ulimit -c unlimited" before starting Java again
#
# If you would like to submit a bug report, please visit:
#   http://bugreport.java.com/bugreport/crash.jsp
#

---------------  T H R E A D  ---------------

Current thread (0x00007fa7e41ce800):  VMThread [stack: 0x00007fa7af0f2000,0x00007fa7af1f2000] [id=17195]

siginfo: si_signo: 11 (SIGSEGV), si_code: 1 (SEGV_MAPERR), si_addr: 0x00000000000000e8

Registers:
RAX=0x00000007c00007e8, RBX=0x000000076e7440a8, RCX=0x0000000000000000, RDX=0x0000000000000000
RSP=0x00007fa7af1f0490, RBP=0x00007fa7af1f0520, RSI=0x000000076e7440a8, RDI=0x00000007c00007e8
R8 =0x0000000000000001, R9 =0x0000000776794110, R10=0x00007fa7ecb6fda0, R11=0x0000000776794310
R12=0x00007fa7e41cc040, R13=0x0000000000000001, R14=0x00007fa7e41cc0a8, R15=0x00007fa7ecb6fdb0
RIP=0x00007fa7ec55e5fd, EFLAGS=0x0000000000010246, CSGSFS=0x002b000000000033, ERR=0x0000000000000004
  TRAPNO=0x000000000000000e

Top of Stack: (sp=0x00007fa7af1f0490)
0x00007fa7af1f0490:   0000000000000000 0c052c3b833af000
0x00007fa7af1f04a0:   00007fa7af1f04e0 0000000000000210
0x00007fa7af1f04b0:   00007fa700000042 0000000000000001
0x00007fa7af1f04c0:   000000077678d7d8 0000000000001000
0x00007fa7af1f04d0:   00007fa7af1f0570 00007fa7ec55ead2
0x00007fa7af1f04e0:   00007fa7fbad8001 00007fa7af1f09e0
0x00007fa7af1f04f0:   00007fa7af1f09e0 00007fa7e41cc040
0x00007fa7af1f0500:   000000077671ae54 0000000000000001
0x00007fa7af1f0510:   00007fa7e41cc0a8 00007fa7ecb6fdb0
0x00007fa7af1f0520:   00007fa7af1f0570 00007fa7ec55e068
0x00007fa7af1f0530:   0000000a00000000 0000000b00000000
0x00007fa7af1f0540:   0000000000000001 00007fa7af1f0880
0x00007fa7af1f0550:   00000007762f7760 00007fa7e41cde50
0x00007fa7af1f0560:   00007fa7af1f0890 00007fa7af1f0890
0x00007fa7af1f0570:   00007fa7af1f0590 00007fa7ec5619ba
0x00007fa7af1f0580:   00007fa7ecb943ea 00007fa7ecb943ea
0x00007fa7af1f0590:   00007fa7af1f0610 00007fa7ec568a6a
0x00007fa7af1f05a0:   00007fa7af1f0610 00000000000083b0
0x00007fa7af1f05b0:   00007fa7af1f0880 00007fa788150988
0x00007fa7af1f05c0:   00007fa788148e60 00007fa7e41cde50
0x00007fa7af1f05d0:   00007fa7881489a0 00000007762cd048
0x00007fa7af1f05e0:   00007fa7af1f0610 00007fa7e4001950
0x00007fa7af1f05f0:   00007fa7e40a9560 00007fa7ecba30e0
0x00007fa7af1f0600:   00007fa7af1f0890 0000000000000004
0x00007fa7af1f0610:   00007fa7af1f0690 00007fa7ec5693c4
0x00007fa7af1f0620:   00007fa7af1f0640 00000000ec4e527f
0x00007fa7af1f0630:   000000000000085e 00007fa7af1f0880
0x00007fa7af1f0640:   00007fa7ec74046c 0000000000000001
0x00007fa7af1f0650:   00007fa7af1f0708 00007fa7e4001950
0x00007fa7af1f0660:   00007fa7af1f0690 00007fa7af1f06f0
0x00007fa7af1f0670:   00007fa7af1f0880 0000000000000000
0x00007fa7af1f0680:   00007fa7af1f0830 00007fa7e4001950 

Instructions: (pc=0x00007fa7ec55e5fd)
0x00007fa7ec55e5dd:   87 fe 04 00 00 49 89 44 24 08 45 31 f6 e9 92 00
0x00007fa7ec55e5ed:   00 00 90 48 8b 10 4c 89 45 98 48 89 de 48 89 c7
0x00007fa7ec55e5fd:   ff 92 e8 00 00 00 4c 8b 45 98 89 c1 41 f6 c0 01
0x00007fa7ec55e60d:   4c 63 f9 4c 89 c0 0f 85 6f ff ff ff 48 83 e0 fd 

Register to memory mapping:

RAX=0x00000007c00007e8 is pointing into metadata
RBX=0x000000076e7440a8 is an oop

[error occurred during error reporting (printing register info), id 0xb]

Stack: [0x00007fa7af0f2000,0x00007fa7af1f2000],  sp=0x00007fa7af1f0490,  free space=1017k
Native frames: (J=compiled Java code, j=interpreted, Vv=VM code, C=native code)
V  [libjvm.so+0x9875fd]  oopDesc* PSPromotionManager::copy_to_survivor_space<false>(oopDesc*)+0x1dd
V  [libjvm.so+0x987068]  PSPromotionManager::drain_stacks_depth(bool)+0x788
V  [libjvm.so+0x98a9ba]  PSEvacuateFollowersClosure::do_void()+0x1a
V  [libjvm.so+0x991a6a]  ReferenceProcessor::process_phase3(DiscoveredList&, bool, BoolObjectClosure*, OopClosure*, VoidClosure*)+0x18a
V  [libjvm.so+0x9923c4]  ReferenceProcessor::process_discovered_reflist(DiscoveredList*, ReferencePolicy*, bool, BoolObjectClosure*, OopClosure*, VoidClosure*, AbstractRefProcTaskExecutor*) [clone .constprop.46]+0x1c4
V  [libjvm.so+0x992a02]  ReferenceProcessor::process_discovered_references(BoolObjectClosure*, OopClosure*, VoidClosure*, AbstractRefProcTaskExecutor*, GCTimer*, GCId)+0x172
V  [libjvm.so+0x98993a]  PSScavenge::invoke_no_policy()+0xa7a
V  [libjvm.so+0x98a5cc]  PSScavenge::invoke()+0x4c
V  [libjvm.so+0x93a318]  ParallelScavengeHeap::failed_mem_allocate(unsigned long)+0x68
V  [libjvm.so+0xad5073]  VM_ParallelGCFailedAllocation::doit()+0x93
V  [libjvm.so+0xada296]  VM_Operation::evaluate()+0x46
V  [libjvm.so+0xad85cd]  VMThread::evaluate_operation(VM_Operation*) [clone .constprop.44]+0xcd
V  [libjvm.so+0xad8bb3]  VMThread::loop()+0x3a3
V  [libjvm.so+0xad8f88]  VMThread::run()+0x78
V  [libjvm.so+0x90d922]  java_start(Thread*)+0x102

VM_Operation (0x00007fa7ad5bf390): ParallelGCFailedAllocation, mode: safepoint, requested by thread 0x00007fa77000e000


---------------  P R O C E S S  ---------------

Java Threads: ( => current thread )
  0x00007fa77000e000 JavaThread "background-preinit" [_thread_blocked, id=17217, stack(0x00007fa7ad4c2000,0x00007fa7ad5c3000)]
  0x00007fa76c003800 JavaThread "restartedMain" [_thread_blocked, id=17216, stack(0x00007fa7ad5c3000,0x00007fa7ad6c4000)]
  0x00007fa7e48ac000 JavaThread "Thread-1" [_thread_blocked, id=17215, stack(0x00007fa7ad6c4000,0x00007fa7ad7c5000)]
  0x00007fa7e46d7000 JavaThread "RMI TCP Accept-0" daemon [_thread_in_native, id=17212, stack(0x00007fa7adb18000,0x00007fa7adc19000)]
  0x00007fa7e4621800 JavaThread "Service Thread" daemon [_thread_blocked, id=17211, stack(0x00007fa7ae039000,0x00007fa7ae13a000)]
  0x00007fa7e4612800 JavaThread "C1 CompilerThread3" daemon [_thread_blocked, id=17210, stack(0x00007fa7ae353000,0x00007fa7ae453000)]
  0x00007fa7e4610000 JavaThread "C2 CompilerThread2" daemon [_thread_blocked, id=17209, stack(0x00007fa7ae454000,0x00007fa7ae554000)]
  0x00007fa7e460e000 JavaThread "C2 CompilerThread1" daemon [_thread_blocked, id=17208, stack(0x00007fa7ae555000,0x00007fa7ae655000)]
  0x00007fa7e460c000 JavaThread "C2 CompilerThread0" daemon [_thread_blocked, id=17207, stack(0x00007fa7ae656000,0x00007fa7ae756000)]
  0x00007fa7e460a000 JavaThread "Monitor Ctrl-Break" daemon [_thread_in_native, id=17206, stack(0x00007fa7ae756000,0x00007fa7ae857000)]
  0x00007fa7e420e000 JavaThread "Signal Dispatcher" daemon [_thread_blocked, id=17205, stack(0x00007fa7ae9df000,0x00007fa7aeae0000)]
  0x00007fa7e41da800 JavaThread "Finalizer" daemon [_thread_blocked, id=17197, stack(0x00007fa7aeeef000,0x00007fa7aeff0000)]
  0x00007fa7e41d8000 JavaThread "Reference Handler" daemon [_thread_blocked, id=17196, stack(0x00007fa7aeff0000,0x00007fa7af0f1000)]
  0x00007fa7e4011000 JavaThread "main" [_thread_blocked, id=17183, stack(0x00007fa7ed6ea000,0x00007fa7ed7ea000)]

Other Threads:
=>0x00007fa7e41ce800 VMThread [stack: 0x00007fa7af0f2000,0x00007fa7af1f2000] [id=17195]
  0x00007fa7e46ed000 WatcherThread [stack: 0x00007fa7ada18000,0x00007fa7adb18000] [id=17213]

VM state:at safepoint (normal execution)

VM Mutex/Monitor currently owned by a thread:  ([mutex/lock_event])
[0x00007fa7e4006f60] Threads_lock - owner thread: 0x00007fa7e41ce800
[0x00007fa7e4007460] Heap_lock - owner thread: 0x00007fa77000e000

heap address: 0x00000006c9000000, size: 3952 MB, Compressed Oops mode: Zero based, Oop shift amount: 3
Narrow klass base: 0x0000000000000000, Narrow klass shift: 3
Compressed class space size: 1073741824 Address: 0x00000007c0000000

Heap:
 PSYoungGen      total 74240K, used 69034K [0x000000076db00000, 0x0000000776c00000, 0x00000007c0000000)
  eden space 64000K, 100% used [0x000000076db00000,0x0000000771980000,0x0000000771980000)
  from space 10240K, 49% used [0x0000000771980000,0x0000000771e6a928,0x0000000772380000)
  to   space 10240K, 55% used [0x0000000776200000,0x00000007767957d8,0x0000000776c00000)
 ParOldGen       total 169472K, used 24K [0x00000006c9000000, 0x00000006d3580000, 0x000000076db00000)
  object space 169472K, 0% used [0x00000006c9000000,0x00000006c9006000,0x00000006d3580000)
 Metaspace       used 14920K, capacity 15384K, committed 15488K, reserved 1062912K
  class space    used 2033K, capacity 2173K, committed 2176K, reserved 1048576K

Card table byte_map: [0x00007fa7e9a11000,0x00007fa7ea1ca000] byte_map_base: 0x00007fa7e63c9000

Marking Bits: (ParMarkBitMap*) 0x00007fa7ecba2d80
 Begin Bits: [0x00007fa7b4480000, 0x00007fa7b8240000)
 End Bits:   [0x00007fa7b8240000, 0x00007fa7bc000000)

Polling page: 0x00007fa7ed812000

CodeCache: size=245760Kb used=2947Kb max_used=2947Kb free=242812Kb
 bounds [0x00007fa7d5000000, 0x00007fa7d52f0000, 0x00007fa7e4000000]
 total_blobs=1646 nmethods=1274 adapters=285
 compilation: enabled

Compilation events (10 events):
Event: 0,841 Thread 0x00007fa7e4612800 nmethod 1271 0x00007fa7d52de050 code [0x00007fa7d52de3a0, 0x00007fa7d52df1a8]
Event: 0,841 Thread 0x00007fa7e4612800 1273       1       java.util.stream.AbstractSpinedBuffer::count (31 bytes)
Event: 0,842 Thread 0x00007fa7e4612800 nmethod 1273 0x00007fa7d52e0390 code [0x00007fa7d52e0500, 0x00007fa7d52e0650]
Event: 0,842 Thread 0x00007fa7e4612800 1274       1       java.util.stream.StreamSpliterators$WrappingSpliterator$$Lambda$65/1885919933::getAsBoolean (8 bytes)
Event: 0,842 Thread 0x00007fa7e4612800 nmethod 1274 0x00007fa7d52e0710 code [0x00007fa7d52e0880, 0x00007fa7d52e09c8]
Event: 0,842 Thread 0x00007fa7e4612800 1275       1       java.util.stream.StreamSpliterators$WrappingSpliterator::lambda$initPartialTraversalState$0 (14 bytes)
Event: 0,842 Thread 0x00007fa7e4612800 nmethod 1275 0x00007fa7d52e0a90 code [0x00007fa7d52e0c00, 0x00007fa7d52e0d48]
Event: 0,842 Thread 0x00007fa7e4612800 1266       1       java.lang.invoke.MethodHandles$Lookup::<init> (15 bytes)
Event: 0,842 Thread 0x00007fa7e4612800 nmethod 1266 0x00007fa7d52e0dd0 code [0x00007fa7d52e0f20, 0x00007fa7d52e1050]
Event: 0,842 Thread 0x00007fa7e4612800 1267       1       java.util.concurrent.atomic.AtomicInteger::incrementAndGet (14 bytes)

GC Heap History (3 events):
Event: 0,546 GC heap before
{Heap before GC invocations=1 (full 0):
 PSYoungGen      total 74240K, used 63966K [0x000000076db00000, 0x0000000772d80000, 0x00000007c0000000)
  eden space 64000K, 99% used [0x000000076db00000,0x0000000771977ab8,0x0000000771980000)
  from space 10240K, 0% used [0x0000000772380000,0x0000000772380000,0x0000000772d80000)
  to   space 10240K, 0% used [0x0000000771980000,0x0000000771980000,0x0000000772380000)
 ParOldGen       total 169472K, used 0K [0x00000006c9000000, 0x00000006d3580000, 0x000000076db00000)
  object space 169472K, 0% used [0x00000006c9000000,0x00000006c9000000,0x00000006d3580000)
 Metaspace       used 9513K, capacity 9702K, committed 9984K, reserved 1058816K
  class space    used 1148K, capacity 1211K, committed 1280K, reserved 1048576K
Event: 0,552 GC heap after
Heap after GC invocations=1 (full 0):
 PSYoungGen      total 74240K, used 5034K [0x000000076db00000, 0x0000000776c00000, 0x00000007c0000000)
  eden space 64000K, 0% used [0x000000076db00000,0x000000076db00000,0x0000000771980000)
  from space 10240K, 49% used [0x0000000771980000,0x0000000771e6a928,0x0000000772380000)
  to   space 10240K, 0% used [0x0000000776200000,0x0000000776200000,0x0000000776c00000)
 ParOldGen       total 169472K, used 16K [0x00000006c9000000, 0x00000006d3580000, 0x000000076db00000)
  object space 169472K, 0% used [0x00000006c9000000,0x00000006c9004000,0x00000006d3580000)
 Metaspace       used 9513K, capacity 9702K, committed 9984K, reserved 1058816K
  class space    used 1148K, capacity 1211K, committed 1280K, reserved 1048576K
}
Event: 0,842 GC heap before
{Heap before GC invocations=2 (full 0):
 PSYoungGen      total 74240K, used 69034K [0x000000076db00000, 0x0000000776c00000, 0x00000007c0000000)
  eden space 64000K, 100% used [0x000000076db00000,0x0000000771980000,0x0000000771980000)
  from space 10240K, 49% used [0x0000000771980000,0x0000000771e6a928,0x0000000772380000)
  to   space 10240K, 0% used [0x0000000776200000,0x0000000776200000,0x0000000776c00000)
 ParOldGen       total 169472K, used 16K [0x00000006c9000000, 0x00000006d3580000, 0x000000076db00000)
  object space 169472K, 0% used [0x00000006c9000000,0x00000006c9004000,0x00000006d3580000)
 Metaspace       used 14920K, capacity 15384K, committed 15488K, reserved 1062912K
  class space    used 2033K, capacity 2173K, committed 2176K, reserved 1048576K

Deoptimization events (0 events):
No events

Classes redefined (0 events):
No events

Internal exceptions (10 events):
Event: 0,822 Thread 0x00007fa77000e000 Exception <a 'java/lang/ArrayIndexOutOfBoundsException'> (0x000000077146ad70) thrown at [/HUDSON/workspace/8-2-build-linux-amd64/jdk8u201/12317/hotspot/src/share/vm/runtime/sharedRuntime.cpp, line 605]
Event: 0,823 Thread 0x00007fa77000e000 Exception <a 'java/lang/ArrayIndexOutOfBoundsException'> (0x000000077147e810) thrown at [/HUDSON/workspace/8-2-build-linux-amd64/jdk8u201/12317/hotspot/src/share/vm/runtime/sharedRuntime.cpp, line 605]
Event: 0,823 Thread 0x00007fa77000e000 Exception <a 'java/lang/ArrayIndexOutOfBoundsException'> (0x00000007714fe018) thrown at [/HUDSON/workspace/8-2-build-linux-amd64/jdk8u201/12317/hotspot/src/share/vm/runtime/sharedRuntime.cpp, line 605]
Event: 0,823 Thread 0x00007fa77000e000 Exception <a 'java/lang/ArrayIndexOutOfBoundsException'> (0x0000000771511d78) thrown at [/HUDSON/workspace/8-2-build-linux-amd64/jdk8u201/12317/hotspot/src/share/vm/runtime/sharedRuntime.cpp, line 605]
Event: 0,824 Thread 0x00007fa77000e000 Exception <a 'java/lang/ArrayIndexOutOfBoundsException'> (0x00000007715389d8) thrown at [/HUDSON/workspace/8-2-build-linux-amd64/jdk8u201/12317/hotspot/src/share/vm/runtime/sharedRuntime.cpp, line 605]
Event: 0,824 Thread 0x00007fa77000e000 Exception <a 'java/lang/ArrayIndexOutOfBoundsException'> (0x000000077153a6c0) thrown at [/HUDSON/workspace/8-2-build-linux-amd64/jdk8u201/12317/hotspot/src/share/vm/runtime/sharedRuntime.cpp, line 605]
Event: 0,825 Thread 0x00007fa77000e000 Exception <a 'java/lang/ArrayIndexOutOfBoundsException'> (0x0000000771560e38) thrown at [/HUDSON/workspace/8-2-build-linux-amd64/jdk8u201/12317/hotspot/src/share/vm/runtime/sharedRuntime.cpp, line 605]
Event: 0,826 Thread 0x00007fa77000e000 Exception <a 'java/lang/ArrayIndexOutOfBoundsException'> (0x00000007715790f0) thrown at [/HUDSON/workspace/8-2-build-linux-amd64/jdk8u201/12317/hotspot/src/share/vm/runtime/sharedRuntime.cpp, line 605]
Event: 0,826 Thread 0x00007fa77000e000 Exception <a 'java/lang/ArrayIndexOutOfBoundsException'> (0x00000007715907c0) thrown at [/HUDSON/workspace/8-2-build-linux-amd64/jdk8u201/12317/hotspot/src/share/vm/runtime/sharedRuntime.cpp, line 605]
Event: 0,827 Thread 0x00007fa77000e000 Exception <a 'java/lang/ArrayIndexOutOfBoundsException'> (0x00000007715a47f8) thrown at [/HUDSON/workspace/8-2-build-linux-amd64/jdk8u201/12317/hotspot/src/share/vm/runtime/sharedRuntime.cpp, line 605]

Events (10 events):
Event: 0,842 loading class org/springframework/boot/context/properties/bind/Bindable done
Event: 0,842 loading class org/springframework/boot/context/properties/source/ConfigurationPropertyName
Event: 0,842 loading class org/springframework/boot/context/properties/source/ConfigurationPropertyName done
Event: 0,842 loading class org/springframework/boot/context/properties/bind/Binder
Event: 0,842 loading class org/springframework/boot/context/properties/bind/Binder done
Event: 0,842 loading class org/springframework/boot/context/properties/bind/DataObjectPropertyBinder
Event: 0,842 loading class org/springframework/boot/context/properties/bind/DataObjectPropertyBinder done
Event: 0,842 loading class org/hibernate/validator/internal/util/ConcurrentReferenceHashMap$Option
Event: 0,842 loading class org/hibernate/validator/internal/util/ConcurrentReferenceHashMap$Option done
Event: 0,842 Executing VM operation: ParallelGCFailedAllocation


Dynamic libraries:
00400000-00401000 r-xp 00000000 08:02 15466874                           /usr/lib/jvm/java-8-oracle/bin/java
00600000-00601000 r--p 00000000 08:02 15466874                           /usr/lib/jvm/java-8-oracle/bin/java
00601000-00602000 rw-p 00001000 08:02 15466874                           /usr/lib/jvm/java-8-oracle/bin/java
00e24000-00e45000 rw-p 00000000 00:00 0                                  [heap]
6c9000000-6d3580000 rw-p 00000000 00:00 0 
6d3580000-76db00000 ---p 00000000 00:00 0 
76db00000-776c00000 rw-p 00000000 00:00 0 
776c00000-7c0000000 ---p 00000000 00:00 0 
7c0000000-7c0220000 rw-p 00000000 00:00 0 
7c0220000-800000000 ---p 00000000 00:00 0 
7fa764000000-7fa764193000 rw-p 00000000 00:00 0 
7fa764193000-7fa768000000 ---p 00000000 00:00 0 
7fa76c000000-7fa76c021000 rw-p 00000000 00:00 0 
7fa76c021000-7fa770000000 ---p 00000000 00:00 0 
7fa770000000-7fa7700b8000 rw-p 00000000 00:00 0 
7fa7700b8000-7fa774000000 ---p 00000000 00:00 0 
7fa774000000-7fa774021000 rw-p 00000000 00:00 0 
7fa774021000-7fa778000000 ---p 00000000 00:00 0 
7fa778000000-7fa778021000 rw-p 00000000 00:00 0 
7fa778021000-7fa77c000000 ---p 00000000 00:00 0 
7fa77c000000-7fa77c021000 rw-p 00000000 00:00 0 
7fa77c021000-7fa780000000 ---p 00000000 00:00 0 
7fa780fff000-7fa784000000 rw-p 00000000 00:00 0 
7fa784000000-7fa784021000 rw-p 00000000 00:00 0 
7fa784021000-7fa788000000 ---p 00000000 00:00 0 
7fa788000000-7fa788201000 rw-p 00000000 00:00 0 
7fa788201000-7fa78c000000 ---p 00000000 00:00 0 
7fa78c000000-7fa78c04e000 rw-p 00000000 00:00 0 
7fa78c04e000-7fa790000000 ---p 00000000 00:00 0 
7fa790000000-7fa790021000 rw-p 00000000 00:00 0 
7fa790021000-7fa794000000 ---p 00000000 00:00 0 
7fa794000000-7fa794021000 rw-p 00000000 00:00 0 
7fa794021000-7fa798000000 ---p 00000000 00:00 0 
7fa798000000-7fa79804b000 rw-p 00000000 00:00 0 
7fa79804b000-7fa79c000000 ---p 00000000 00:00 0 
7fa79c000000-7fa79c021000 rw-p 00000000 00:00 0 
7fa79c021000-7fa7a0000000 ---p 00000000 00:00 0 
7fa7a0000000-7fa7a0021000 rw-p 00000000 00:00 0 
7fa7a0021000-7fa7a4000000 ---p 00000000 00:00 0 
7fa7a4000000-7fa7a429b000 rw-p 00000000 00:00 0 
7fa7a429b000-7fa7a8000000 ---p 00000000 00:00 0 
7fa7a8000000-7fa7a8021000 rw-p 00000000 00:00 0 
7fa7a8021000-7fa7ac000000 ---p 00000000 00:00 0 
7fa7ad02c000-7fa7ad12c000 rw-p 00000000 00:00 0 
7fa7ad12c000-7fa7ad22c000 ---p 00000000 00:00 0 
7fa7ad22c000-7fa7ad2c2000 r--s 0110e000 08:02 398684                     /usr/lib/jvm/java-8-oracle/jre/lib/ext/jfxrt.jar
7fa7ad2c2000-7fa7ad4c2000 rw-p 00000000 00:00 0 
7fa7ad4c2000-7fa7ad4c5000 ---p 00000000 00:00 0 
7fa7ad4c5000-7fa7ad5c3000 rw-p 00000000 00:00 0 
7fa7ad5c3000-7fa7ad5c6000 ---p 00000000 00:00 0 
7fa7ad5c6000-7fa7ad6c4000 rw-p 00000000 00:00 0 
7fa7ad6c4000-7fa7ad6c7000 ---p 00000000 00:00 0 
7fa7ad6c7000-7fa7ad9c5000 rw-p 00000000 00:00 0 
7fa7ad9c5000-7fa7ad9cf000 r--s 00116000 08:02 398690                     /usr/lib/jvm/java-8-oracle/jre/lib/ext/localedata.jar
7fa7ad9cf000-7fa7ad9eb000 r--s 00393000 08:02 398683                     /usr/lib/jvm/java-8-oracle/jre/lib/ext/cldrdata.jar
7fa7ad9eb000-7fa7ad9f2000 r--s 00000000 08:02 140816                     /usr/lib/x86_64-linux-gnu/gconv/gconv-modules.cache
7fa7ad9f2000-7fa7ada17000 r--p 00000000 08:02 789022                     /usr/share/locale-langpack/pl/LC_MESSAGES/libc.mo
7fa7ada17000-7fa7ada18000 ---p 00000000 00:00 0 
7fa7ada18000-7fa7adb18000 rw-p 00000000 00:00 0 
7fa7adb18000-7fa7adb1b000 ---p 00000000 00:00 0 
7fa7adb1b000-7fa7adc19000 rw-p 00000000 00:00 0 
7fa7adc19000-7fa7adc1d000 r--s 000a1000 08:02 398679                     /usr/lib/jvm/java-8-oracle/jre/lib/jsse.jar
7fa7adc1d000-7fa7adc2e000 r-xp 00000000 08:02 526091                     /usr/lib/jvm/java-8-oracle/jre/lib/amd64/libnio.so
7fa7adc2e000-7fa7ade2d000 ---p 00011000 08:02 526091                     /usr/lib/jvm/java-8-oracle/jre/lib/amd64/libnio.so
7fa7ade2d000-7fa7ade2e000 r--p 00010000 08:02 526091                     /usr/lib/jvm/java-8-oracle/jre/lib/amd64/libnio.so
7fa7ade2e000-7fa7ade2f000 rw-p 00011000 08:02 526091                     /usr/lib/jvm/java-8-oracle/jre/lib/amd64/libnio.so
7fa7ade2f000-7fa7ade38000 r-xp 00000000 08:02 526187                     /usr/lib/jvm/java-8-oracle/jre/lib/amd64/libmanagement.so
7fa7ade38000-7fa7ae037000 ---p 00009000 08:02 526187                     /usr/lib/jvm/java-8-oracle/jre/lib/amd64/libmanagement.so
7fa7ae037000-7fa7ae038000 r--p 00008000 08:02 526187                     /usr/lib/jvm/java-8-oracle/jre/lib/amd64/libmanagement.so
7fa7ae038000-7fa7ae039000 rw-p 00009000 08:02 526187                     /usr/lib/jvm/java-8-oracle/jre/lib/amd64/libmanagement.so
7fa7ae039000-7fa7ae03c000 ---p 00000000 00:00 0 
7fa7ae03c000-7fa7ae13a000 rw-p 00000000 00:00 0 
7fa7ae13a000-7fa7ae150000 r-xp 00000000 08:02 525933                     /usr/lib/jvm/java-8-oracle/jre/lib/amd64/libnet.so
7fa7ae150000-7fa7ae350000 ---p 00016000 08:02 525933                     /usr/lib/jvm/java-8-oracle/jre/lib/amd64/libnet.so
7fa7ae350000-7fa7ae351000 r--p 00016000 08:02 525933                     /usr/lib/jvm/java-8-oracle/jre/lib/amd64/libnet.so
7fa7ae351000-7fa7ae352000 rw-p 00017000 08:02 525933                     /usr/lib/jvm/java-8-oracle/jre/lib/amd64/libnet.so
7fa7ae352000-7fa7ae353000 ---p 00000000 00:00 0 
7fa7ae353000-7fa7ae356000 ---p 00000000 00:00 0 
7fa7ae356000-7fa7ae453000 rw-p 00000000 00:00 0 
7fa7ae453000-7fa7ae454000 ---p 00000000 00:00 0 
7fa7ae454000-7fa7ae457000 ---p 00000000 00:00 0 
7fa7ae457000-7fa7ae554000 rw-p 00000000 00:00 0 
7fa7ae554000-7fa7ae555000 ---p 00000000 00:00 0 
7fa7ae555000-7fa7ae558000 ---p 00000000 00:00 0 
7fa7ae558000-7fa7ae655000 rw-p 00000000 00:00 0 
7fa7ae655000-7fa7ae656000 ---p 00000000 00:00 0 
7fa7ae656000-7fa7ae659000 ---p 00000000 00:00 0 
7fa7ae659000-7fa7ae756000 rw-p 00000000 00:00 0 
7fa7ae756000-7fa7ae759000 ---p 00000000 00:00 0 
7fa7ae759000-7fa7ae857000 rw-p 00000000 00:00 0 
7fa7ae857000-7fa7ae859000 r--s 0001d000 07:2d 856                        /snap/intellij-idea-ultimate/242/lib/idea_rt.jar
7fa7ae859000-7fa7ae881000 r--s 0012c000 08:02 6818511                    /home/rafal/.m2/repository/org/springframework/boot/spring-boot-autoconfigure/2.2.3.RELEASE/spring-boot-autoconfigure-2.2.3.RELEASE.jar
7fa7ae881000-7fa7ae898000 r--s 000e8000 08:02 6818537                    /home/rafal/.m2/repository/org/springframework/boot/spring-boot/2.2.3.RELEASE/spring-boot-2.2.3.RELEASE.jar
7fa7ae898000-7fa7ae89e000 r--s 00030000 08:02 5900992                    /home/rafal/.m2/repository/org/springframework/boot/spring-boot-devtools/2.2.2.RELEASE/spring-boot-devtools-2.2.2.RELEASE.jar
7fa7ae89e000-7fa7ae8b8000 r--s 0022d000 08:02 10749887                   /home/rafal/.m2/repository/mysql/mysql-connector-java/8.0.20/mysql-connector-java-8.0.20.jar
7fa7ae8b8000-7fa7ae8ba000 r--s 0000a000 08:02 7345456                    /home/rafal/.m2/repository/org/springframework/spring-aspects/5.2.3.RELEASE/spring-aspects-5.2.3.RELEASE.jar
7fa7ae8ba000-7fa7ae8c3000 r--s 00044000 08:02 6951845                    /home/rafal/.m2/repository/org/springframework/spring-tx/5.2.3.RELEASE/spring-tx-5.2.3.RELEASE.jar
7fa7ae8c3000-7fa7ae8c8000 r--s 0002d000 08:02 7217514                    /home/rafal/.m2/repository/org/springframework/spring-orm/5.2.3.RELEASE/spring-orm-5.2.3.RELEASE.jar
7fa7ae8c8000-7fa7ae8e1000 r--s 00110000 08:02 7217510                    /home/rafal/.m2/repository/org/springframework/data/spring-data-commons/2.2.4.RELEASE/spring-data-commons-2.2.4.RELEASE.jar
7fa7ae8e1000-7fa7ae8ea000 r--s 00051000 08:02 7089019                    /home/rafal/.m2/repository/org/springframework/data/spring-data-jpa/2.2.4.RELEASE/spring-data-jpa-2.2.4.RELEASE.jar
7fa7ae8ea000-7fa7ae8ef000 r--s 00049000 08:02 8783842                    /home/rafal/.m2/repository/com/sun/xml/fastinfoset/FastInfoset/1.2.16/FastInfoset-1.2.16.jar
7fa7ae8ef000-7fa7ae8f1000 r--s 00008000 08:02 8783840                    /home/rafal/.m2/repository/org/jvnet/staxex/stax-ex/1.8.1/stax-ex-1.8.1.jar
7fa7ae8f1000-7fa7ae8f3000 r--s 00005000 08:02 8783838                    /home/rafal/.m2/repository/com/sun/istack/istack-commons-runtime/3.0.8/istack-commons-runtime-3.0.8.jar
7fa7ae8f3000-7fa7ae8f5000 r--s 00010000 08:02 8783836                    /home/rafal/.m2/repository/org/glassfish/jaxb/txw2/2.3.2/txw2-2.3.2.jar
7fa7ae8f5000-7fa7ae90a000 r--s 000e3000 08:02 8783834                    /home/rafal/.m2/repository/org/glassfish/jaxb/jaxb-runtime/2.3.2/jaxb-runtime-2.3.2.jar
7fa7ae90a000-7fa7ae90d000 r--s 00010000 08:02 6953306                    /home/rafal/.m2/repository/org/hibernate/common/hibernate-commons-annotations/5.1.0.Final/hibernate-commons-annotations-5.1.0.Final.jar
7fa7ae90d000-7fa7ae912000 r--s 0004b000 08:02 5374282                    /home/rafal/.m2/repository/org/dom4j/dom4j/2.1.1/dom4j-2.1.1.jar
7fa7ae912000-7fa7ae914000 r--s 0000f000 08:02 8783846                    /home/rafal/.m2/repository/com/fasterxml/classmate/1.5.1/classmate-1.5.1.jar
7fa7ae914000-7fa7ae917000 r--s 0002d000 08:02 6160835                    /home/rafal/.m2/repository/org/jboss/jandex/2.1.1.Final/jandex-2.1.1.Final.jar
7fa7ae917000-7fa7ae91c000 r--s 00068000 08:02 3932658                    /home/rafal/.m2/repository/antlr/antlr/2.7.7/antlr-2.7.7.jar
7fa7ae91c000-7fa7ae926000 r--s 000b4000 08:02 6953302                    /home/rafal/.m2/repository/org/javassist/javassist/3.24.0-GA/javassist-3.24.0-GA.jar
7fa7ae926000-7fa7ae928000 r--s 0000d000 08:02 6160881                    /home/rafal/.m2/repository/org/jboss/logging/jboss-logging/3.4.1.Final/jboss-logging-3.4.1.Final.jar
7fa7ae928000-7fa7ae9ad000 r--s 0064f000 08:02 6951843                    /home/rafal/.m2/repository/org/hibernate/hibernate-core/5.4.10.Final/hibernate-core-5.4.10.Final.jar
7fa7ae9ad000-7fa7ae9b3000 r--s 00023000 08:02 6160825                    /home/rafal/.m2/repository/jakarta/persistence/jakarta.persistence-api/2.2.3/jakarta.persistence-api-2.2.3.jar
7fa7ae9b3000-7fa7ae9cc000 r--s 001da000 08:02 6160847                    /home/rafal/.m2/repository/org/aspectj/aspectjweaver/1.9.5/aspectjweaver-1.9.5.jar
7fa7ae9cc000-7fa7ae9df000 r--s 00201000 08:02 9702334                    /home/rafal/.m2/repository/com/h2database/h2/1.4.199/h2-1.4.199.jar
7fa7ae9df000-7fa7ae9e2000 ---p 00000000 00:00 0 
7fa7ae9e2000-7fa7aeae0000 rw-p 00000000 00:00 0 
7fa7aeae0000-7fa7aeeef000 r--p 00000000 08:02 15337430                   /usr/lib/locale/locale-archive
7fa7aeeef000-7fa7aeef2000 ---p 00000000 00:00 0 
7fa7aeef2000-7fa7aeff0000 rw-p 00000000 00:00 0 
7fa7aeff0000-7fa7aeff3000 ---p 00000000 00:00 0 
7fa7aeff3000-7fa7af0f1000 rw-p 00000000 00:00 0 
7fa7af0f1000-7fa7af0f2000 ---p 00000000 00:00 0 
7fa7af0f2000-7fa7b0000000 rw-p 00000000 00:00 0 
7fa7b0000000-7fa7b0021000 rw-p 00000000 00:00 0 
7fa7b0021000-7fa7b4000000 ---p 00000000 00:00 0 
7fa7b4001000-7fa7b400b000 r--s 0005a000 08:02 6818560                    /home/rafal/.m2/repository/org/springframework/spring-jdbc/5.2.3.RELEASE/spring-jdbc-5.2.3.RELEASE.jar
7fa7b400b000-7fa7b401a000 r--s 0007c000 08:02 9702230                    /home/rafal/.m2/repository/org/springframework/security/spring-security-web/5.2.1.RELEASE/spring-security-web-5.2.1.RELEASE.jar
7fa7b401a000-7fa7b4026000 r--s 00061000 08:02 9702227                    /home/rafal/.m2/repository/org/springframework/security/spring-security-core/5.2.1.RELEASE/spring-security-core-5.2.1.RELEASE.jar
7fa7b4026000-7fa7b4034000 r--s 000c4000 08:02 9702231                    /home/rafal/.m2/repository/org/springframework/security/spring-security-config/5.2.1.RELEASE/spring-security-config-5.2.1.RELEASE.jar
7fa7b4034000-7fa7b407c000 r--s 002e9000 08:02 8652300                    /home/rafal/.m2/repository/net/bytebuddy/byte-buddy/1.10.6/byte-buddy-1.10.6.jar
7fa7b407c000-7fa7bc000000 rw-p 00000000 00:00 0 
7fa7bc000000-7fa7bc021000 rw-p 00000000 00:00 0 
7fa7bc021000-7fa7c0000000 ---p 00000000 00:00 0 
7fa7c0000000-7fa7c0021000 rw-p 00000000 00:00 0 
7fa7c0021000-7fa7c4000000 ---p 00000000 00:00 0 
7fa7c4000000-7fa7c4021000 rw-p 00000000 00:00 0 
7fa7c4021000-7fa7c8000000 ---p 00000000 00:00 0 
7fa7c8000000-7fa7c8021000 rw-p 00000000 00:00 0 
7fa7c8021000-7fa7cc000000 ---p 00000000 00:00 0 
7fa7cc000000-7fa7cc021000 rw-p 00000000 00:00 0 
7fa7cc021000-7fa7d0000000 ---p 00000000 00:00 0 
7fa7d0000000-7fa7d0021000 rw-p 00000000 00:00 0 
7fa7d0021000-7fa7d4000000 ---p 00000000 00:00 0 
7fa7d4000000-7fa7d4001000 r--s 00003000 08:02 6160827                    /home/rafal/.m2/repository/jakarta/transaction/jakarta.transaction-api/1.3.3/jakarta.transaction-api-1.3.3.jar
7fa7d4001000-7fa7d4003000 r--s 00009000 08:02 6160897                    /home/rafal/.m2/repository/jakarta/activation/jakarta.activation-api/1.2.1/jakarta.activation-api-1.2.1.jar
7fa7d4003000-7fa7d4006000 r--s 00023000 08:02 6818556                    /home/rafal/.m2/repository/com/zaxxer/HikariCP/3.4.2/HikariCP-3.4.2.jar
7fa7d4006000-7fa7d4007000 r--s 00000000 08:02 6689449                    /home/rafal/.m2/repository/org/springframework/boot/spring-boot-starter-jdbc/2.2.3.RELEASE/spring-boot-starter-jdbc-2.2.3.RELEASE.jar
7fa7d4007000-7fa7d4008000 r--s 00000000 08:02 6689448                    /home/rafal/.m2/repository/org/springframework/boot/spring-boot-starter-aop/2.2.3.RELEASE/spring-boot-starter-aop-2.2.3.RELEASE.jar
7fa7d4008000-7fa7d4009000 r--s 00000000 08:02 6160811                    /home/rafal/.m2/repository/org/springframework/boot/spring-boot-starter-data-jpa/2.2.2.RELEASE/spring-boot-starter-data-jpa-2.2.2.RELEASE.jar
7fa7d4009000-7fa7d4012000 r--s 00052000 08:02 6818505                    /home/rafal/.m2/repository/org/springframework/spring-aop/5.2.3.RELEASE/spring-aop-5.2.3.RELEASE.jar
7fa7d4012000-7fa7d4013000 r--s 00000000 08:02 9702225                    /home/rafal/.m2/repository/org/springframework/boot/spring-boot-starter-security/2.2.2.RELEASE/spring-boot-starter-security-2.2.2.RELEASE.jar
7fa7d4013000-7fa7d4014000 r--s 00005000 08:02 6818507                    /home/rafal/.m2/repository/org/springframework/spring-jcl/5.2.3.RELEASE/spring-jcl-5.2.3.RELEASE.jar
7fa7d4014000-7fa7d402f000 r--s 00144000 08:02 6818523                    /home/rafal/.m2/repository/org/springframework/spring-core/5.2.3.RELEASE/spring-core-5.2.3.RELEASE.jar
7fa7d402f000-7fa7d4033000 r--s 00019000 08:02 6160895                    /home/rafal/.m2/repository/jakarta/xml/bind/jakarta.xml.bind-api/2.3.2/jakarta.xml.bind-api-2.3.2.jar
7fa7d4033000-7fa7d404a000 r--s 00198000 08:02 4068001                    /home/rafal/.m2/repository/org/projectlombok/lombok/1.18.10/lombok-1.18.10.jar
7fa7d404a000-7fa7d404f000 r--s 00040000 08:02 6818532                    /home/rafal/.m2/repository/org/springframework/spring-expression/5.2.3.RELEASE/spring-expression-5.2.3.RELEASE.jar
7fa7d404f000-7fa7d406b000 r--s 0010f000 08:02 6818508                    /home/rafal/.m2/repository/org/springframework/spring-context/5.2.3.RELEASE/spring-context-5.2.3.RELEASE.jar
7fa7d406b000-7fa7d407e000 r--s 000d5000 08:02 8390895                    /home/rafal/.m2/repository/org/springframework/spring-webmvc/5.2.3.RELEASE/spring-webmvc-5.2.3.RELEASE.jar
7fa7d407e000-7fa7d408b000 r--s 0009b000 08:02 6818536                    /home/rafal/.m2/repository/org/springframework/spring-beans/5.2.3.RELEASE/spring-beans-5.2.3.RELEASE.jar
7fa7d408b000-7fa7d40a7000 r--s 00141000 08:02 6818522                    /home/rafal/.m2/repository/org/springframework/spring-web/5.2.3.RELEASE/spring-web-5.2.3.RELEASE.jar
7fa7d40a7000-7fa7d40c4000 r--s 000fe000 08:02 5515049                    /home/rafal/.m2/repository/org/hibernate/validator/hibernate-validator/6.0.18.Final/hibernate-validator-6.0.18.Final.jar
7fa7d40c4000-7fa7d40c9000 r--s 00012000 08:02 8271150                    /home/rafal/.m2/repository/jakarta/validation/jakarta.validation-api/2.0.2/jakarta.validation-api-2.0.2.jar
7fa7d40c9000-7fa7d40ca000 r--s 00000000 08:02 8134159                    /home/rafal/.m2/repository/org/springframework/boot/spring-boot-starter-validation/2.2.3.RELEASE/spring-boot-starter-validation-2.2.3.RELEASE.jar
7fa7d40ca000-7fa7d40cf000 r--s 0003c000 08:02 7867308                    /home/rafal/.m2/repository/org/apache/tomcat/embed/tomcat-embed-websocket/9.0.30/tomcat-embed-websocket-9.0.30.jar
7fa7d40cf000-7fa7d40f9000 r--s 00301000 08:02 7481358                    /home/rafal/.m2/repository/org/apache/tomcat/embed/tomcat-embed-core/9.0.30/tomcat-embed-core-9.0.30.jar
7fa7d40f9000-7fa7d5000000 rw-p 00000000 00:00 0 
7fa7d5000000-7fa7d52f0000 rwxp 00000000 00:00 0 
7fa7d52f0000-7fa7e4000000 ---p 00000000 00:00 0 
7fa7e4000000-7fa7e493d000 rw-p 00000000 00:00 0 
7fa7e493d000-7fa7e8000000 ---p 00000000 00:00 0 
7fa7e8000000-7fa7e8005000 r--s 0003a000 08:02 7607190                    /home/rafal/.m2/repository/org/apache/tomcat/embed/tomcat-embed-el/9.0.30/tomcat-embed-el-9.0.30.jar
7fa7e8005000-7fa7e8006000 r--s 00000000 08:02 7345450                    /home/rafal/.m2/repository/org/springframework/boot/spring-boot-starter-tomcat/2.2.3.RELEASE/spring-boot-starter-tomcat-2.2.3.RELEASE.jar
7fa7e8006000-7fa7e8008000 r--s 00001000 08:02 8785346                    /home/rafal/.m2/repository/com/fasterxml/jackson/module/jackson-module-parameter-names/2.10.2/jackson-module-parameter-names-2.10.2.jar
7fa7e8008000-7fa7e800b000 r--s 00017000 08:02 7217500                    /home/rafal/.m2/repository/com/fasterxml/jackson/datatype/jackson-datatype-jsr310/2.10.2/jackson-datatype-jsr310-2.10.2.jar
7fa7e800b000-7fa7e800d000 r--s 00007000 08:02 7089009                    /home/rafal/.m2/repository/com/fasterxml/jackson/datatype/jackson-datatype-jdk8/2.10.2/jackson-datatype-jdk8-2.10.2.jar
7fa7e800d000-7fa7e8012000 r--s 00051000 08:02 6818524                    /home/rafal/.m2/repository/com/fasterxml/jackson/core/jackson-core/2.10.2/jackson-core-2.10.2.jar
7fa7e8012000-7fa7e8015000 r--s 0000e000 08:02 6818527                    /home/rafal/.m2/repository/com/fasterxml/jackson/core/jackson-annotations/2.10.2/jackson-annotations-2.10.2.jar
7fa7e8015000-7fa7e802a000 r--s 00142000 08:02 6818529                    /home/rafal/.m2/repository/com/fasterxml/jackson/core/jackson-databind/2.10.2/jackson-databind-2.10.2.jar
7fa7e802a000-7fa7e802b000 r--s 00000000 08:02 6818516                    /home/rafal/.m2/repository/org/springframework/boot/spring-boot-starter-json/2.2.3.RELEASE/spring-boot-starter-json-2.2.3.RELEASE.jar
7fa7e802b000-7fa7e802c000 r--s 00000000 08:02 6818517                    /home/rafal/.m2/repository/org/springframework/boot/spring-boot-starter-web/2.2.3.RELEASE/spring-boot-starter-web-2.2.3.RELEASE.jar
7fa7e802c000-7fa7e802d000 r--s 00009000 08:02 6160859                    /home/rafal/.m2/repository/org/thymeleaf/extras/thymeleaf-extras-java8time/3.0.4.RELEASE/thymeleaf-extras-java8time-3.0.4.RELEASE.jar
7fa7e802d000-7fa7e802f000 r--s 00009000 08:02 6818539                    /home/rafal/.m2/repository/org/slf4j/slf4j-api/1.7.30/slf4j-api-1.7.30.jar
7fa7e802f000-7fa7e8032000 r--s 00028000 08:02 6160857                    /home/rafal/.m2/repository/org/unbescape/unbescape/1.1.6.RELEASE/unbescape-1.1.6.RELEASE.jar
7fa7e8032000-7fa7e8037000 r--s 00037000 08:02 6160855                    /home/rafal/.m2/repository/org/attoparser/attoparser/2.0.5.RELEASE/attoparser-2.0.5.RELEASE.jar
7fa7e8037000-7fa7e8047000 r--s 000c5000 08:02 6160853                    /home/rafal/.m2/repository/org/thymeleaf/thymeleaf/3.0.11.RELEASE/thymeleaf-3.0.11.RELEASE.jar
7fa7e8047000-7fa7e804c000 r--s 00027000 08:02 6160851                    /home/rafal/.m2/repository/org/thymeleaf/thymeleaf-spring5/3.0.11.RELEASE/thymeleaf-spring5-3.0.11.RELEASE.jar
7fa7e804c000-7fa7e8053000 r--s 00044000 08:02 6160789                    /home/rafal/.m2/repository/org/yaml/snakeyaml/1.25/snakeyaml-1.25.jar
7fa7e8053000-7fa7e8059000 r--s 0003e000 08:02 6035413                    /home/rafal/.m2/repository/org/apache/logging/log4j/log4j-api/2.12.1/log4j-api-2.12.1.jar
7fa7e8059000-7fa7e8064000 r--s 00069000 08:02 8783830                    /home/rafal/.m2/repository/ch/qos/logback/logback-core/1.2.3/logback-core-1.2.3.jar
7fa7e8064000-7fa7e8077000 r--s 00345000 08:02 398660                     /usr/lib/jvm/java-8-oracle/jre/lib/resources.jar
7fa7e8077000-7fa7e808a000 r--s 000d6000 08:02 398202                     /usr/lib/jvm/java-8-oracle/jre/lib/plugin.jar
7fa7e808a000-7fa7e82db000 rw-p 00000000 00:00 0 
7fa7e82db000-7fa7e84b5000 r--s 03d6f000 08:02 398622                     /usr/lib/jvm/java-8-oracle/jre/lib/rt.jar
7fa7e84b5000-7fa7e8ce3000 rw-p 00000000 00:00 0 
7fa7e8ce3000-7fa7e8ce4000 ---p 00000000 00:00 0 
7fa7e8ce4000-7fa7e8de4000 rw-p 00000000 00:00 0 
7fa7e8de4000-7fa7e8de5000 ---p 00000000 00:00 0 
7fa7e8de5000-7fa7e8ee5000 rw-p 00000000 00:00 0 
7fa7e8ee5000-7fa7e8ee6000 ---p 00000000 00:00 0 
7fa7e8ee6000-7fa7e8fe6000 rw-p 00000000 00:00 0 
7fa7e8fe6000-7fa7e8fe7000 ---p 00000000 00:00 0 
7fa7e8fe7000-7fa7e90e7000 rw-p 00000000 00:00 0 
7fa7e90e7000-7fa7e90e8000 ---p 00000000 00:00 0 
7fa7e90e8000-7fa7e91e8000 rw-p 00000000 00:00 0 
7fa7e91e8000-7fa7e91e9000 ---p 00000000 00:00 0 
7fa7e91e9000-7fa7e92e9000 rw-p 00000000 00:00 0 
7fa7e92e9000-7fa7e92ea000 ---p 00000000 00:00 0 
7fa7e92ea000-7fa7e93ea000 rw-p 00000000 00:00 0 
7fa7e93ea000-7fa7e93eb000 ---p 00000000 00:00 0 
7fa7e93eb000-7fa7e953e000 rw-p 00000000 00:00 0 
7fa7e953e000-7fa7e9a11000 ---p 00000000 00:00 0 
7fa7e9a11000-7fa7e9a64000 rw-p 00000000 00:00 0 
7fa7e9a64000-7fa7e9f36000 ---p 00000000 00:00 0 
7fa7e9f36000-7fa7e9f7f000 rw-p 00000000 00:00 0 
7fa7e9f7f000-7fa7ea1c9000 ---p 00000000 00:00 0 
7fa7ea1c9000-7fa7ea1d6000 rw-p 00000000 00:00 0 
7fa7ea1d6000-7fa7ea58a000 ---p 00000000 00:00 0 
7fa7ea58a000-7fa7ea5a5000 r-xp 00000000 08:02 525929                     /usr/lib/jvm/java-8-oracle/jre/lib/amd64/libzip.so
7fa7ea5a5000-7fa7ea7a4000 ---p 0001b000 08:02 525929                     /usr/lib/jvm/java-8-oracle/jre/lib/amd64/libzip.so
7fa7ea7a4000-7fa7ea7a5000 r--p 0001a000 08:02 525929                     /usr/lib/jvm/java-8-oracle/jre/lib/amd64/libzip.so
7fa7ea7a5000-7fa7ea7a6000 rw-p 0001b000 08:02 525929                     /usr/lib/jvm/java-8-oracle/jre/lib/amd64/libzip.so
7fa7ea7a6000-7fa7ea7b1000 r-xp 00000000 08:02 4984909                    /lib/x86_64-linux-gnu/libnss_files-2.27.so
7fa7ea7b1000-7fa7ea9b0000 ---p 0000b000 08:02 4984909                    /lib/x86_64-linux-gnu/libnss_files-2.27.so
7fa7ea9b0000-7fa7ea9b1000 r--p 0000a000 08:02 4984909                    /lib/x86_64-linux-gnu/libnss_files-2.27.so
7fa7ea9b1000-7fa7ea9b2000 rw-p 0000b000 08:02 4984909                    /lib/x86_64-linux-gnu/libnss_files-2.27.so
7fa7ea9b2000-7fa7ea9b8000 rw-p 00000000 00:00 0 
7fa7ea9b8000-7fa7ea9cf000 r-xp 00000000 08:02 4984896                    /lib/x86_64-linux-gnu/libnsl-2.27.so
7fa7ea9cf000-7fa7eabce000 ---p 00017000 08:02 4984896                    /lib/x86_64-linux-gnu/libnsl-2.27.so
7fa7eabce000-7fa7eabcf000 r--p 00016000 08:02 4984896                    /lib/x86_64-linux-gnu/libnsl-2.27.so
7fa7eabcf000-7fa7eabd0000 rw-p 00017000 08:02 4984896                    /lib/x86_64-linux-gnu/libnsl-2.27.so
7fa7eabd0000-7fa7eabd2000 rw-p 00000000 00:00 0 
7fa7eabd2000-7fa7eabdd000 r-xp 00000000 08:02 4984913                    /lib/x86_64-linux-gnu/libnss_nis-2.27.so
7fa7eabdd000-7fa7eaddc000 ---p 0000b000 08:02 4984913                    /lib/x86_64-linux-gnu/libnss_nis-2.27.so
7fa7eaddc000-7fa7eaddd000 r--p 0000a000 08:02 4984913                    /lib/x86_64-linux-gnu/libnss_nis-2.27.so
7fa7eaddd000-7fa7eadde000 rw-p 0000b000 08:02 4984913                    /lib/x86_64-linux-gnu/libnss_nis-2.27.so
7fa7eadde000-7fa7eade6000 r-xp 00000000 08:02 4984905                    /lib/x86_64-linux-gnu/libnss_compat-2.27.so
7fa7eade6000-7fa7eafe6000 ---p 00008000 08:02 4984905                    /lib/x86_64-linux-gnu/libnss_compat-2.27.so
7fa7eafe6000-7fa7eafe7000 r--p 00008000 08:02 4984905                    /lib/x86_64-linux-gnu/libnss_compat-2.27.so
7fa7eafe7000-7fa7eafe8000 rw-p 00009000 08:02 4984905                    /lib/x86_64-linux-gnu/libnss_compat-2.27.so
7fa7eafe8000-7fa7eaff2000 r-xp 00000000 08:02 526093                     /usr/lib/jvm/java-8-oracle/jre/lib/amd64/libinstrument.so
7fa7eaff2000-7fa7eb1f1000 ---p 0000a000 08:02 526093                     /usr/lib/jvm/java-8-oracle/jre/lib/amd64/libinstrument.so
7fa7eb1f1000-7fa7eb1f2000 r--p 00009000 08:02 526093                     /usr/lib/jvm/java-8-oracle/jre/lib/amd64/libinstrument.so
7fa7eb1f2000-7fa7eb1f3000 rw-p 0000a000 08:02 526093                     /usr/lib/jvm/java-8-oracle/jre/lib/amd64/libinstrument.so
7fa7eb1f3000-7fa7eb21f000 r-xp 00000000 08:02 525923                     /usr/lib/jvm/java-8-oracle/jre/lib/amd64/libjava.so
7fa7eb21f000-7fa7eb41f000 ---p 0002c000 08:02 525923                     /usr/lib/jvm/java-8-oracle/jre/lib/amd64/libjava.so
7fa7eb41f000-7fa7eb420000 r--p 0002c000 08:02 525923                     /usr/lib/jvm/java-8-oracle/jre/lib/amd64/libjava.so
7fa7eb420000-7fa7eb422000 rw-p 0002d000 08:02 525923                     /usr/lib/jvm/java-8-oracle/jre/lib/amd64/libjava.so
7fa7eb422000-7fa7eb42f000 r-xp 00000000 08:02 525928                     /usr/lib/jvm/java-8-oracle/jre/lib/amd64/libverify.so
7fa7eb42f000-7fa7eb62e000 ---p 0000d000 08:02 525928                     /usr/lib/jvm/java-8-oracle/jre/lib/amd64/libverify.so
7fa7eb62e000-7fa7eb630000 r--p 0000c000 08:02 525928                     /usr/lib/jvm/java-8-oracle/jre/lib/amd64/libverify.so
7fa7eb630000-7fa7eb631000 rw-p 0000e000 08:02 525928                     /usr/lib/jvm/java-8-oracle/jre/lib/amd64/libverify.so
7fa7eb631000-7fa7eb638000 r-xp 00000000 08:02 4985546                    /lib/x86_64-linux-gnu/librt-2.27.so
7fa7eb638000-7fa7eb837000 ---p 00007000 08:02 4985546                    /lib/x86_64-linux-gnu/librt-2.27.so
7fa7eb837000-7fa7eb838000 r--p 00006000 08:02 4985546                    /lib/x86_64-linux-gnu/librt-2.27.so
7fa7eb838000-7fa7eb839000 rw-p 00007000 08:02 4985546                    /lib/x86_64-linux-gnu/librt-2.27.so
7fa7eb839000-7fa7eb9d6000 r-xp 00000000 08:02 4984888                    /lib/x86_64-linux-gnu/libm-2.27.so
7fa7eb9d6000-7fa7ebbd5000 ---p 0019d000 08:02 4984888                    /lib/x86_64-linux-gnu/libm-2.27.so
7fa7ebbd5000-7fa7ebbd6000 r--p 0019c000 08:02 4984888                    /lib/x86_64-linux-gnu/libm-2.27.so
7fa7ebbd6000-7fa7ebbd7000 rw-p 0019d000 08:02 4984888                    /lib/x86_64-linux-gnu/libm-2.27.so
7fa7ebbd7000-7fa7ec8bf000 r-xp 00000000 08:02 525905                     /usr/lib/jvm/java-8-oracle/jre/lib/amd64/server/libjvm.so
7fa7ec8bf000-7fa7ecabe000 ---p 00ce8000 08:02 525905                     /usr/lib/jvm/java-8-oracle/jre/lib/amd64/server/libjvm.so
7fa7ecabe000-7fa7ecb54000 r--p 00ce7000 08:02 525905                     /usr/lib/jvm/java-8-oracle/jre/lib/amd64/server/libjvm.so
7fa7ecb54000-7fa7ecb85000 rw-p 00d7d000 08:02 525905                     /usr/lib/jvm/java-8-oracle/jre/lib/amd64/server/libjvm.so
7fa7ecb85000-7fa7ecbc0000 rw-p 00000000 00:00 0 
7fa7ecbc0000-7fa7ecda7000 r-xp 00000000 08:02 4981327                    /lib/x86_64-linux-gnu/libc-2.27.so
7fa7ecda7000-7fa7ecfa7000 ---p 001e7000 08:02 4981327                    /lib/x86_64-linux-gnu/libc-2.27.so
7fa7ecfa7000-7fa7ecfab000 r--p 001e7000 08:02 4981327                    /lib/x86_64-linux-gnu/libc-2.27.so
7fa7ecfab000-7fa7ecfad000 rw-p 001eb000 08:02 4981327                    /lib/x86_64-linux-gnu/libc-2.27.so
7fa7ecfad000-7fa7ecfb1000 rw-p 00000000 00:00 0 
7fa7ecfb1000-7fa7ecfb4000 r-xp 00000000 08:02 4981762                    /lib/x86_64-linux-gnu/libdl-2.27.so
7fa7ecfb4000-7fa7ed1b3000 ---p 00003000 08:02 4981762                    /lib/x86_64-linux-gnu/libdl-2.27.so
7fa7ed1b3000-7fa7ed1b4000 r--p 00002000 08:02 4981762                    /lib/x86_64-linux-gnu/libdl-2.27.so
7fa7ed1b4000-7fa7ed1b5000 rw-p 00003000 08:02 4981762                    /lib/x86_64-linux-gnu/libdl-2.27.so
7fa7ed1b5000-7fa7ed1cc000 r-xp 00000000 08:02 393646                     /usr/lib/jvm/java-8-oracle/lib/amd64/jli/libjli.so
7fa7ed1cc000-7fa7ed3cb000 ---p 00017000 08:02 393646                     /usr/lib/jvm/java-8-oracle/lib/amd64/jli/libjli.so
7fa7ed3cb000-7fa7ed3cc000 r--p 00016000 08:02 393646                     /usr/lib/jvm/java-8-oracle/lib/amd64/jli/libjli.so
7fa7ed3cc000-7fa7ed3cd000 rw-p 00017000 08:02 393646                     /usr/lib/jvm/java-8-oracle/lib/amd64/jli/libjli.so
7fa7ed3cd000-7fa7ed3e7000 r-xp 00000000 08:02 4985542                    /lib/x86_64-linux-gnu/libpthread-2.27.so
7fa7ed3e7000-7fa7ed5e6000 ---p 0001a000 08:02 4985542                    /lib/x86_64-linux-gnu/libpthread-2.27.so
7fa7ed5e6000-7fa7ed5e7000 r--p 00019000 08:02 4985542                    /lib/x86_64-linux-gnu/libpthread-2.27.so
7fa7ed5e7000-7fa7ed5e8000 rw-p 0001a000 08:02 4985542                    /lib/x86_64-linux-gnu/libpthread-2.27.so
7fa7ed5e8000-7fa7ed5ec000 rw-p 00000000 00:00 0 
7fa7ed5ec000-7fa7ed613000 r-xp 00000000 08:02 4981192                    /lib/x86_64-linux-gnu/ld-2.27.so
7fa7ed613000-7fa7ed615000 r--s 00005000 08:02 6160854                    /home/rafal/.m2/repository/jakarta/annotation/jakarta.annotation-api/1.3.5/jakarta.annotation-api-1.3.5.jar
7fa7ed615000-7fa7ed617000 r--s 00000000 08:02 6818513                    /home/rafal/.m2/repository/org/slf4j/jul-to-slf4j/1.7.30/jul-to-slf4j-1.7.30.jar
7fa7ed617000-7fa7ed619000 r--s 00003000 08:02 6034392                    /home/rafal/.m2/repository/org/apache/logging/log4j/log4j-to-slf4j/2.12.1/log4j-to-slf4j-2.12.1.jar
7fa7ed619000-7fa7ed61f000 r--s 00041000 08:02 8783828                    /home/rafal/.m2/repository/ch/qos/logback/logback-classic/1.2.3/logback-classic-1.2.3.jar
7fa7ed61f000-7fa7ed620000 r--s 00000000 08:02 6558930                    /home/rafal/.m2/repository/org/springframework/boot/spring-boot-starter-logging/2.2.3.RELEASE/spring-boot-starter-logging-2.2.3.RELEASE.jar
7fa7ed620000-7fa7ed621000 r--s 00000000 08:02 6818525                    /home/rafal/.m2/repository/org/springframework/boot/spring-boot-starter/2.2.3.RELEASE/spring-boot-starter-2.2.3.RELEASE.jar
7fa7ed621000-7fa7ed625000 r--s 000a1000 08:02 398679                     /usr/lib/jvm/java-8-oracle/jre/lib/jsse.jar
7fa7ed625000-7fa7ed640000 r--s 0020c000 08:02 397131                     /usr/lib/jvm/java-8-oracle/jre/lib/deploy.jar
7fa7ed640000-7fa7ed6e9000 rw-p 00000000 00:00 0 
7fa7ed6e9000-7fa7ed6ea000 ---p 00000000 00:00 0 
7fa7ed6ea000-7fa7ed6ed000 ---p 00000000 00:00 0 
7fa7ed6ed000-7fa7ed7ee000 rw-p 00000000 00:00 0 
7fa7ed7ee000-7fa7ed7ef000 r--s 00000000 08:02 6818497                    /home/rafal/.m2/repository/org/springframework/boot/spring-boot-starter-thymeleaf/2.2.3.RELEASE/spring-boot-starter-thymeleaf-2.2.3.RELEASE.jar
7fa7ed7ef000-7fa7ed7f0000 r--s 00000000 08:02 397140                     /usr/lib/jvm/java-8-oracle/jre/lib/management-agent.jar
7fa7ed7f0000-7fa7ed7f2000 r--s 00007000 08:02 398699                     /usr/lib/jvm/java-8-oracle/jre/lib/jfxswt.jar
7fa7ed7f2000-7fa7ed7f7000 r--s 00084000 08:02 397130                     /usr/lib/jvm/java-8-oracle/jre/lib/jfr.jar
7fa7ed7f7000-7fa7ed7fa000 r--s 0001a000 08:02 398697                     /usr/lib/jvm/java-8-oracle/jre/lib/jce.jar
7fa7ed7fa000-7fa7ed804000 r--s 0006e000 08:02 397240                     /usr/lib/jvm/java-8-oracle/jre/lib/javaws.jar
7fa7ed804000-7fa7ed809000 r--s 002f9000 08:02 398620                     /usr/lib/jvm/java-8-oracle/jre/lib/charsets.jar
7fa7ed809000-7fa7ed811000 rw-s 00000000 08:02 2228304                    /tmp/hsperfdata_rafal/17182
7fa7ed811000-7fa7ed812000 rw-p 00000000 00:00 0 
7fa7ed812000-7fa7ed813000 ---p 00000000 00:00 0 
7fa7ed813000-7fa7ed814000 r--p 00027000 08:02 4981192                    /lib/x86_64-linux-gnu/ld-2.27.so
7fa7ed814000-7fa7ed815000 rw-p 00028000 08:02 4981192                    /lib/x86_64-linux-gnu/ld-2.27.so
7fa7ed815000-7fa7ed816000 rw-p 00000000 00:00 0 
7fffc9a8e000-7fffc9ab2000 rw-p 00000000 00:00 0                          [stack]
7fffc9bd2000-7fffc9bd5000 r--p 00000000 00:00 0                          [vvar]
7fffc9bd5000-7fffc9bd6000 r-xp 00000000 00:00 0                          [vdso]
ffffffffff600000-ffffffffff601000 --xp 00000000 00:00 0                  [vsyscall]

VM Arguments:
jvm_args: -XX:TieredStopAtLevel=1 -Xverify:none -Dspring.output.ansi.enabled=always -Dcom.sun.management.jmxremote -Dspring.jmx.enabled=true -Dspring.liveBeansView.mbeanDomain -Dspring.application.admin.enabled=true -javaagent:/snap/intellij-idea-ultimate/242/lib/idea_rt.jar=42171:/snap/intellij-idea-ultimate/242/bin -Dfile.encoding=UTF-8 
java_command: com.shop.demo.DemoApplication
java_class_path (initial): /usr/lib/jvm/java-8-oracle/jre/lib/charsets.jar:/usr/lib/jvm/java-8-oracle/jre/lib/deploy.jar:/usr/lib/jvm/java-8-oracle/jre/lib/ext/cldrdata.jar:/usr/lib/jvm/java-8-oracle/jre/lib/ext/dnsns.jar:/usr/lib/jvm/java-8-oracle/jre/lib/ext/jaccess.jar:/usr/lib/jvm/java-8-oracle/jre/lib/ext/jfxrt.jar:/usr/lib/jvm/java-8-oracle/jre/lib/ext/localedata.jar:/usr/lib/jvm/java-8-oracle/jre/lib/ext/nashorn.jar:/usr/lib/jvm/java-8-oracle/jre/lib/ext/sunec.jar:/usr/lib/jvm/java-8-oracle/jre/lib/ext/sunjce_provider.jar:/usr/lib/jvm/java-8-oracle/jre/lib/ext/sunpkcs11.jar:/usr/lib/jvm/java-8-oracle/jre/lib/ext/zipfs.jar:/usr/lib/jvm/java-8-oracle/jre/lib/javaws.jar:/usr/lib/jvm/java-8-oracle/jre/lib/jce.jar:/usr/lib/jvm/java-8-oracle/jre/lib/jfr.jar:/usr/lib/jvm/java-8-oracle/jre/lib/jfxswt.jar:/usr/lib/jvm/java-8-oracle/jre/lib/jsse.jar:/usr/lib/jvm/java-8-oracle/jre/lib/management-agent.jar:/usr/lib/jvm/java-8-oracle/jre/lib/plugin.jar:/usr/lib/jvm/java-8-oracle/jre/lib/resources.jar:/usr/lib/jvm/java-8-oracle/jre/lib/rt.jar:/home/rafal/Dokumenty/PROJEKTY JAVA/thymeleaf/demo/target/classes:/home/rafal/.m2/repository/org/springframework/boot/spring-boot-starter-thymeleaf/2.2.3.RELEASE/spring-boot-starter-thymeleaf-2.2.3.RELEASE.jar:/home/rafal/.m2/repository/org/springframework/boot/spring-boot-starter/2.2.3.RELEASE/spring-boot-starter-2.2.3.RELEASE.jar:/home/rafal/.m2/repository/org/springframework/boot/spring-boot-starter-logging/2.2.3.RELEASE/spring-boot-starter-logging-2.2.3.RELEASE.jar:/home/rafal/.m2/repository/ch/qos/logback/logback-classic/1.2.3/logback-classic-1.2.3.jar:/home/rafal/.m2/repository/ch/qos/logback/logback-core/1.2.3/logback-core-1.2.3.jar:/home/rafal/.m2/repository/org/apache/logging/log4j/log4j-to-slf4j/2.12.1/log4j-to-slf4j-2.12.1.jar:/home/rafal/.m2/repository/org/apache/logging/log4j/log4j-api/2.12.1/log4j-api-2.12.1.jar:/home/rafal/.m2/repository/org/slf4j/jul-to-slf4j/1.7.30/jul-to-slf4j-1.7.30.jar:/home/rafal/.m2/repository/
Launcher Type: SUN_STANDARD

Environment Variables:
JAVA_HOME=/usr/lib/jvm/java-8-oracle
PATH=/home/rafal/.local/bin:/usr/local/sbin:/usr/local/bin:/usr/sbin:/usr/bin:/sbin:/bin:/usr/games:/usr/local/games:/snap/bin:/usr/lib/jvm/java-8-oracle/bin:/usr/lib/jvm/java-8-oracle/db/bin:/usr/lib/jvm/java-8-oracle/jre/bin
USERNAME=rafal
SHELL=/bin/bash
DISPLAY=:0

Signal Handlers:
SIGSEGV: [libjvm.so+0xad3e60], sa_mask[0]=11111111011111111101111111111110, sa_flags=SA_RESTART|SA_SIGINFO
SIGBUS: [libjvm.so+0xad3e60], sa_mask[0]=11111111011111111101111111111110, sa_flags=SA_RESTART|SA_SIGINFO
SIGFPE: [libjvm.so+0x90b880], sa_mask[0]=11111111011111111101111111111110, sa_flags=SA_RESTART|SA_SIGINFO
SIGPIPE: [libjvm.so+0x90b880], sa_mask[0]=11111111011111111101111111111110, sa_flags=SA_RESTART|SA_SIGINFO
SIGXFSZ: [libjvm.so+0x90b880], sa_mask[0]=11111111011111111101111111111110, sa_flags=SA_RESTART|SA_SIGINFO
SIGILL: [libjvm.so+0x90b880], sa_mask[0]=11111111011111111101111111111110, sa_flags=SA_RESTART|SA_SIGINFO
SIGUSR1: SIG_DFL, sa_mask[0]=00000000000000000000000000000000, sa_flags=none
SIGUSR2: [libjvm.so+0x90b750], sa_mask[0]=00100000000000000000000000000000, sa_flags=SA_RESTART|SA_SIGINFO
SIGHUP: [libjvm.so+0x90bd70], sa_mask[0]=11111111011111111101111111111110, sa_flags=SA_RESTART|SA_SIGINFO
SIGINT: [libjvm.so+0x90bd70], sa_mask[0]=11111111011111111101111111111110, sa_flags=SA_RESTART|SA_SIGINFO
SIGTERM: [libjvm.so+0x90bd70], sa_mask[0]=11111111011111111101111111111110, sa_flags=SA_RESTART|SA_SIGINFO
SIGQUIT: [libjvm.so+0x90bd70], sa_mask[0]=11111111011111111101111111111110, sa_flags=SA_RESTART|SA_SIGINFO


---------------  S Y S T E M  ---------------

OS:DISTRIB_ID=Ubuntu
DISTRIB_RELEASE=18.04
DISTRIB_CODENAME=bionic
DISTRIB_DESCRIPTION="Ubuntu 18.04.5 LTS"

uname:Linux 5.4.0-42-generic #46~18.04.1-Ubuntu SMP Fri Jul 10 07:21:24 UTC 2020 x86_64
libc:glibc 2.27 NPTL 2.27 
rlimit: STACK 8192k, CORE 0k, NPROC 63034, NOFILE 1048576, AS infinity
load average:4,07 3,32 3,16

/proc/meminfo:
MemTotal:       16184668 kB
MemFree:         7004524 kB
MemAvailable:   10714224 kB
Buffers:          593684 kB
Cached:          3709712 kB
SwapCached:            0 kB
Active:          5869584 kB
Inactive:        2225296 kB
Active(anon):    4229548 kB
Inactive(anon):   153500 kB
Active(file):    1640036 kB
Inactive(file):  2071796 kB
Unevictable:      436636 kB
Mlocked:              72 kB
SwapTotal:       2097148 kB
SwapFree:        2097148 kB
Dirty:              8228 kB
Writeback:             0 kB
AnonPages:       4228100 kB
Mapped:           730556 kB
Shmem:            591568 kB
KReclaimable:     339292 kB
Slab:             462796 kB
SReclaimable:     339292 kB
SUnreclaim:       123504 kB
KernelStack:       24992 kB
PageTables:        90232 kB
NFS_Unstable:          0 kB
Bounce:                0 kB
WritebackTmp:          0 kB
CommitLimit:    10189480 kB
Committed_AS:   16531904 kB
VmallocTotal:   34359738367 kB
VmallocUsed:       48060 kB
VmallocChunk:          0 kB
Percpu:             3456 kB
HardwareCorrupted:     0 kB
AnonHugePages:         0 kB
ShmemHugePages:        0 kB
ShmemPmdMapped:        0 kB
FileHugePages:         0 kB
FilePmdMapped:         0 kB
CmaTotal:              0 kB
CmaFree:               0 kB
HugePages_Total:       0
HugePages_Free:        0
HugePages_Rsvd:        0
HugePages_Surp:        0
Hugepagesize:       2048 kB
Hugetlb:               0 kB
DirectMap4k:      412276 kB
DirectMap2M:    13004800 kB
DirectMap1G:     3145728 kB

container (cgroup) information:
container_type: cgroupv1
cpu_cpuset_cpus: 0-7
cpu_memory_nodes: 0
active_processor_count: 8
cpu_quota: -1
cpu_period: 100000
cpu_shares: -1
memory_limit_in_bytes: -1
memory_and_swap_limit_in_bytes: -2
memory_soft_limit_in_bytes: -1
memory_usage_in_bytes: 8736505856
memory_max_usage_in_bytes: 0


CPU:total 8 (initial active 8) (4 cores per cpu, 2 threads per core) family 6 model 142 stepping 10, cmov, cx8, fxsr, mmx, sse, sse2, sse3, ssse3, sse4.1, sse4.2, popcnt, avx, avx2, aes, clmul, erms, 3dnowpref, lzcnt, ht, tsc, tscinvbit, bmi1, bmi2, adx

/proc/cpuinfo:
processor	: 0
vendor_id	: GenuineIntel
cpu family	: 6
model		: 142
model name	: Intel(R) Core(TM) i5-8250U CPU @ 1.60GHz
stepping	: 10
microcode	: 0xd6
cpu MHz		: 2504.134
cache size	: 6144 KB
physical id	: 0
siblings	: 8
core id		: 0
cpu cores	: 4
apicid		: 0
initial apicid	: 0
fpu		: yes
fpu_exception	: yes
cpuid level	: 22
wp		: yes
flags		: fpu vme de pse tsc msr pae mce cx8 apic sep mtrr pge mca cmov pat pse36 clflush dts acpi mmx fxsr sse sse2 ss ht tm pbe syscall nx pdpe1gb rdtscp lm constant_tsc art arch_perfmon pebs bts rep_good nopl xtopology nonstop_tsc cpuid aperfmperf pni pclmulqdq dtes64 monitor ds_cpl vmx est tm2 ssse3 sdbg fma cx16 xtpr pdcm pcid sse4_1 sse4_2 x2apic movbe popcnt tsc_deadline_timer aes xsave avx f16c rdrand lahf_lm abm 3dnowprefetch cpuid_fault epb invpcid_single pti ssbd ibrs ibpb stibp tpr_shadow vnmi flexpriority ept vpid ept_ad fsgsbase tsc_adjust bmi1 avx2 smep bmi2 erms invpcid mpx rdseed adx smap clflushopt intel_pt xsaveopt xsavec xgetbv1 xsaves dtherm ida arat pln pts hwp hwp_notify hwp_act_window hwp_epp md_clear flush_l1d
bugs		: cpu_meltdown spectre_v1 spectre_v2 spec_store_bypass l1tf mds swapgs itlb_multihit srbds
bogomips	: 3600.00
clflush size	: 64
cache_alignment	: 64
address sizes	: 39 bits physical, 48 bits virtual
power management:

processor	: 1
vendor_id	: GenuineIntel
cpu family	: 6
model		: 142
model name	: Intel(R) Core(TM) i5-8250U CPU @ 1.60GHz
stepping	: 10
microcode	: 0xd6
cpu MHz		: 2391.941
cache size	: 6144 KB
physical id	: 0
siblings	: 8
core id		: 1
cpu cores	: 4
apicid		: 2
initial apicid	: 2
fpu		: yes
fpu_exception	: yes
cpuid level	: 22
wp		: yes
flags		: fpu vme de pse tsc msr pae mce cx8 apic sep mtrr pge mca cmov pat pse36 clflush dts acpi mmx fxsr sse sse2 ss ht tm pbe syscall nx pdpe1gb rdtscp lm constant_tsc art arch_perfmon pebs bts rep_good nopl xtopology nonstop_tsc cpuid aperfmperf pni pclmulqdq dtes64 monitor ds_cpl vmx est tm2 ssse3 sdbg fma cx16 xtpr pdcm pcid sse4_1 sse4_2 x2apic movbe popcnt tsc_deadline_timer aes xsave avx f16c rdrand lahf_lm abm 3dnowprefetch cpuid_fault epb invpcid_single pti ssbd ibrs ibpb stibp tpr_shadow vnmi flexpriority ept vpid ept_ad fsgsbase tsc_adjust bmi1 avx2 smep bmi2 erms invpcid mpx rdseed adx smap clflushopt intel_pt xsaveopt xsavec xgetbv1 xsaves dtherm ida arat pln pts hwp hwp_notify hwp_act_window hwp_epp md_clear flush_l1d
bugs		: cpu_meltdown spectre_v1 spectre_v2 spec_store_bypass l1tf mds swapgs itlb_multihit srbds
bogomips	: 3600.00
clflush size	: 64
cache_alignment	: 64
address sizes	: 39 bits physical, 48 bits virtual
power management:

processor	: 2
vendor_id	: GenuineIntel
cpu family	: 6
model		: 142
model name	: Intel(R) Core(TM) i5-8250U CPU @ 1.60GHz
stepping	: 10
microcode	: 0xd6
cpu MHz		: 2410.018
cache size	: 6144 KB
physical id	: 0
siblings	: 8
core id		: 2
cpu cores	: 4
apicid		: 4
initial apicid	: 4
fpu		: yes
fpu_exception	: yes
cpuid level	: 22
wp		: yes
flags		: fpu vme de pse tsc msr pae mce cx8 apic sep mtrr pge mca cmov pat pse36 clflush dts acpi mmx fxsr sse sse2 ss ht tm pbe syscall nx pdpe1gb rdtscp lm constant_tsc art arch_perfmon pebs bts rep_good nopl xtopology nonstop_tsc cpuid aperfmperf pni pclmulqdq dtes64 monitor ds_cpl vmx est tm2 ssse3 sdbg fma cx16 xtpr pdcm pcid sse4_1 sse4_2 x2apic movbe popcnt tsc_deadline_timer aes xsave avx f16c rdrand lahf_lm abm 3dnowprefetch cpuid_fault epb invpcid_single pti ssbd ibrs ibpb stibp tpr_shadow vnmi flexpriority ept vpid ept_ad fsgsbase tsc_adjust bmi1 avx2 smep bmi2 erms invpcid mpx rdseed adx smap clflushopt intel_pt xsaveopt xsavec xgetbv1 xsaves dtherm ida arat pln pts hwp hwp_notify hwp_act_window hwp_epp md_clear flush_l1d
bugs		: cpu_meltdown spectre_v1 spectre_v2 spec_store_bypass l1tf mds swapgs itlb_multihit srbds
bogomips	: 3600.00
clflush size	: 64
cache_alignment	: 64
address sizes	: 39 bits physical, 48 bits virtual
power management:

processor	: 3
vendor_id	: GenuineIntel
cpu family	: 6
model		: 142
model name	: Intel(R) Core(TM) i5-8250U CPU @ 1.60GHz
stepping	: 10
microcode	: 0xd6
cpu MHz		: 2388.529
cache size	: 6144 KB
physical id	: 0
siblings	: 8
core id		: 3
cpu cores	: 4
apicid		: 6
initial apicid	: 6
fpu		: yes
fpu_exception	: yes
cpuid level	: 22
wp		: yes
flags		: fpu vme de pse tsc msr pae mce cx8 apic sep mtrr pge mca cmov pat pse36 clflush dts acpi mmx fxsr sse sse2 ss ht tm pbe syscall nx pdpe1gb rdtscp lm constant_tsc art arch_perfmon pebs bts rep_good nopl xtopology nonstop_tsc cpuid aperfmperf pni pclmulqdq dtes64 monitor ds_cpl vmx est tm2 ssse3 sdbg fma cx16 xtpr pdcm pcid sse4_1 sse4_2 x2apic movbe popcnt tsc_deadline_timer aes xsave avx f16c rdrand lahf_lm abm 3dnowprefetch cpuid_fault epb invpcid_single pti ssbd ibrs ibpb stibp tpr_shadow vnmi flexpriority ept vpid ept_ad fsgsbase tsc_adjust bmi1 avx2 smep bmi2 erms invpcid mpx rdseed adx smap clflushopt intel_pt xsaveopt xsavec xgetbv1 xsaves dtherm ida arat pln pts hwp hwp_notify hwp_act_window hwp_epp md_clear flush_l1d
bugs		: cpu_meltdown spectre_v1 spectre_v2 spec_store_bypass l1tf mds swapgs itlb_multihit srbds
bogomips	: 3600.00
clflush size	: 64
cache_alignment	: 64
address sizes	: 39 bits physical, 48 bits virtual
power management:

processor	: 4
vendor_id	: GenuineIntel
cpu family	: 6
model		: 142
model name	: Intel(R) Core(TM) i5-8250U CPU @ 1.60GHz
stepping	: 10
microcode	: 0xd6
cpu MHz		: 2591.986
cache size	: 6144 KB
physical id	: 0
siblings	: 8
core id		: 0
cpu cores	: 4
apicid		: 1
initial apicid	: 1
fpu		: yes
fpu_exception	: yes
cpuid level	: 22
wp		: yes
flags		: fpu vme de pse tsc msr pae mce cx8 apic sep mtrr pge mca cmov pat pse36 clflush dts acpi mmx fxsr sse sse2 ss ht tm pbe syscall nx pdpe1gb rdtscp lm constant_tsc art arch_perfmon pebs bts rep_good nopl xtopology nonstop_tsc cpuid aperfmperf pni pclmulqdq dtes64 monitor ds_cpl vmx est tm2 ssse3 sdbg fma cx16 xtpr pdcm pcid sse4_1 sse4_2 x2apic movbe popcnt tsc_deadline_timer aes xsave avx f16c rdrand lahf_lm abm 3dnowprefetch cpuid_fault epb invpcid_single pti ssbd ibrs ibpb stibp tpr_shadow vnmi flexpriority ept vpid ept_ad fsgsbase tsc_adjust bmi1 avx2 smep bmi2 erms invpcid mpx rdseed adx smap clflushopt intel_pt xsaveopt xsavec xgetbv1 xsaves dtherm ida arat pln pts hwp hwp_notify hwp_act_window hwp_epp md_clear flush_l1d
bugs		: cpu_meltdown spectre_v1 spectre_v2 spec_store_bypass l1tf mds swapgs itlb_multihit srbds
bogomips	: 3600.00
clflush size	: 64
cache_alignment	: 64
address sizes	: 39 bits physical, 48 bits virtual
power management:

processor	: 5
vendor_id	: GenuineIntel
cpu family	: 6
model		: 142
model name	: Intel(R) Core(TM) i5-8250U CPU @ 1.60GHz
stepping	: 10
microcode	: 0xd6
cpu MHz		: 2412.434
cache size	: 6144 KB
physical id	: 0
siblings	: 8
core id		: 1
cpu cores	: 4
apicid		: 3
initial apicid	: 3
fpu		: yes
fpu_exception	: yes
cpuid level	: 22
wp		: yes
flags		: fpu vme de pse tsc msr pae mce cx8 apic sep mtrr pge mca cmov pat pse36 clflush dts acpi mmx fxsr sse sse2 ss ht tm pbe syscall nx pdpe1gb rdtscp lm constant_tsc art arch_perfmon pebs bts rep_good nopl xtopology nonstop_tsc cpuid aperfmperf pni pclmulqdq dtes64 monitor ds_cpl vmx est tm2 ssse3 sdbg fma cx16 xtpr pdcm pcid sse4_1 sse4_2 x2apic movbe popcnt tsc_deadline_timer aes xsave avx f16c rdrand lahf_lm abm 3dnowprefetch cpuid_fault epb invpcid_single pti ssbd ibrs ibpb stibp tpr_shadow vnmi flexpriority ept vpid ept_ad fsgsbase tsc_adjust bmi1 avx2 smep bmi2 erms invpcid mpx rdseed adx smap clflushopt intel_pt xsaveopt xsavec xgetbv1 xsaves dtherm ida arat pln pts hwp hwp_notify hwp_act_window hwp_epp md_clear flush_l1d
bugs		: cpu_meltdown spectre_v1 spectre_v2 spec_store_bypass l1tf mds swapgs itlb_multihit srbds
bogomips	: 3600.00
clflush size	: 64
cache_alignment	: 64
address sizes	: 39 bits physical, 48 bits virtual
power management:

processor	: 6
vendor_id	: GenuineIntel
cpu family	: 6
model		: 142
model name	: Intel(R) Core(TM) i5-8250U CPU @ 1.60GHz
stepping	: 10
microcode	: 0xd6
cpu MHz		: 2503.116
cache size	: 6144 KB
physical id	: 0
siblings	: 8
core id		: 2
cpu cores	: 4
apicid		: 5
initial apicid	: 5
fpu		: yes
fpu_exception	: yes
cpuid level	: 22
wp		: yes
flags		: fpu vme de pse tsc msr pae mce cx8 apic sep mtrr pge mca cmov pat pse36 clflush dts acpi mmx fxsr sse sse2 ss ht tm pbe syscall nx pdpe1gb rdtscp lm constant_tsc art arch_perfmon pebs bts rep_good nopl xtopology nonstop_tsc cpuid aperfmperf pni pclmulqdq dtes64 monitor ds_cpl vmx est tm2 ssse3 sdbg fma cx16 xtpr pdcm pcid sse4_1 sse4_2 x2apic movbe popcnt tsc_deadline_timer aes xsave avx f16c rdrand lahf_lm abm 3dnowprefetch cpuid_fault epb invpcid_single pti ssbd ibrs ibpb stibp tpr_shadow vnmi flexpriority ept vpid ept_ad fsgsbase tsc_adjust bmi1 avx2 smep bmi2 erms invpcid mpx rdseed adx smap clflushopt intel_pt xsaveopt xsavec xgetbv1 xsaves dtherm ida arat pln pts hwp hwp_notify hwp_act_window hwp_epp md_clear flush_l1d
bugs		: cpu_meltdown spectre_v1 spectre_v2 spec_store_bypass l1tf mds swapgs itlb_multihit srbds
bogomips	: 3600.00
clflush size	: 64
cache_alignment	: 64
address sizes	: 39 bits physical, 48 bits virtual
power management:

processor	: 7
vendor_id	: GenuineIntel
cpu family	: 6
model		: 142
model name	: Intel(R) Core(TM) i5-8250U CPU @ 1.60GHz
stepping	: 10
microcode	: 0xd6
cpu MHz		: 2404.652
cache size	: 6144 KB
physical id	: 0
siblings	: 8
core id		: 3
cpu cores	: 4
apicid		: 7
initial apicid	: 7
fpu		: yes
fpu_exception	: yes
cpuid level	: 22
wp		: yes
flags		: fpu vme de pse tsc msr pae mce cx8 apic sep mtrr pge mca cmov pat pse36 clflush dts acpi mmx fxsr sse sse2 ss ht tm pbe syscall nx pdpe1gb rdtscp lm constant_tsc art arch_perfmon pebs bts rep_good nopl xtopology nonstop_tsc cpuid aperfmperf pni pclmulqdq dtes64 monitor ds_cpl vmx est tm2 ssse3 sdbg fma cx16 xtpr pdcm pcid sse4_1 sse4_2 x2apic movbe popcnt tsc_deadline_timer aes xsave avx f16c rdrand lahf_lm abm 3dnowprefetch cpuid_fault epb invpcid_single pti ssbd ibrs ibpb stibp tpr_shadow vnmi flexpriority ept vpid ept_ad fsgsbase tsc_adjust bmi1 avx2 smep bmi2 erms invpcid mpx rdseed adx smap clflushopt intel_pt xsaveopt xsavec xgetbv1 xsaves dtherm ida arat pln pts hwp hwp_notify hwp_act_window hwp_epp md_clear flush_l1d
bugs		: cpu_meltdown spectre_v1 spectre_v2 spec_store_bypass l1tf mds swapgs itlb_multihit srbds
bogomips	: 3600.00
clflush size	: 64
cache_alignment	: 64
address sizes	: 39 bits physical, 48 bits virtual
power management:



Memory: 4k page, physical 16184668k(7002436k free), swap 2097148k(2097148k free)

vm_info: Java HotSpot(TM) 64-Bit Server VM (25.201-b09) for linux-amd64 JRE (1.8.0_201-b09), built on Dec 15 2018 11:35:59 by "java_re" with gcc 7.3.0

time: Mon Aug 24 13:48:28 2020
timezone: CEST
elapsed time: 0 seconds (0d 0h 0m 0s)

