#
# A fatal error has been detected by the Java Runtime Environment:
#
#  SIGSEGV (0xb) at pc=0x0000000000000000, pid=22462, tid=0x00007f7720bfb700
#
# JRE version: Java(TM) SE Runtime Environment (8.0_201-b09) (build 1.8.0_201-b09)
# Java VM: Java HotSpot(TM) 64-Bit Server VM (25.201-b09 mixed mode linux-amd64 compressed oops)
# Problematic frame:
# C  0x0000000000000000
#
# Failed to write core dump. Core dumps have been disabled. To enable core dumping, try "ulimit -c unlimited" before starting Java again
#
# If you would like to submit a bug report, please visit:
#   http://bugreport.java.com/bugreport/crash.jsp
#

---------------  T H R E A D  ---------------

Current thread (0x00007f7730033000):  GCTaskThread [stack: 0x00007f7720afc000,0x00007f7720bfc000] [id=22480]

siginfo: si_signo: 11 (SIGSEGV), si_code: 1 (SEGV_MAPERR), si_addr: 0x0000000000000000

Registers:
RAX=0x00000007c001c520, RBX=0x0000000771f67e20, RCX=0x0000000000000000, RDX=0x00007f771b8eef18
RSP=0x00007f7720bfabc8, RBP=0x00007f7720bfac60, RSI=0x0000000771f67e20, RDI=0x00000007c001c520
R8 =0x0000000000000001, R9 =0x00007f7737a9d2b0, R10=0x00007f7737a69da0, R11=0x000000077d79dbb0
R12=0x00007f77301cbe80, R13=0x0000000000000000, R14=0x00007f77301cbee8, R15=0x00007f7737a69db0
RIP=0x0000000000000000, EFLAGS=0x0000000000010246, CSGSFS=0x002b000000000033, ERR=0x0000000000000014
  TRAPNO=0x000000000000000e

Top of Stack: (sp=0x00007f7720bfabc8)
0x00007f7720bfabc8:   00007f7737458603 00007f7730034364
0x00007f7720bfabd8:   00007f7720bfac00 0000008000000000
0x00007f7720bfabe8:   00000000000001d0 00007f770000003a
0x00007f7720bfabf8:   0000000000000001 000000077d798020
0x00007f7720bfac08:   0000000000001000 00007f77301cbe80
0x00007f7720bfac18:   0000000000000000 0000000000000033
0x00007f7720bfac28:   00007f7730034350 00007f7730034328
0x00007f7720bfac38:   00007f77301cbe80 000000077d79dbfc
0x00007f7720bfac48:   0000000000000000 00007f77301cbee8
0x00007f7720bfac58:   00007f7737a69db0 00007f7720bfacb0
0x00007f7720bfac68:   00007f7737458048 00007f7720bfacb0
0x00007f7720bfac78:   00007f773711be8e 00007f7730026660
0x00007f7720bfac88:   00000006c91f0a00 00007f7730016250
0x00007f7720bfac98:   0000000000000240 00007f773490c001
0x00007f7720bfaca8:   00007f773490bf85 00007f7720bfad70
0x00007f7720bfacb8:   00007f7736ea239e 00007f7700000000
0x00007f7720bfacc8:   00007f773490c000 00007f773490b380
0x00007f7720bfacd8:   0000000000000380 00007f773490b000
0x00007f7720bface8:   00007f77301cbe80 00000006c91f0a20
0x00007f7720bfacf8:   00000006c96ebeb0 00000006c9200000
0x00007f7720bfad08:   00007f773490bf80 0000000000000400
0x00007f7720bfad18:   00007f773490bf80 00007f773490e760
0x00007f7720bfad28:   00007f773490bc00 00007f773490bf85
0x00007f7720bfad38:   00007f7730016000 0000000000000007
0x00007f7720bfad48:   00007f773005cac0 00007f77301cbe80
0x00007f7720bfad58:   00007f7730033000 0000000000000000
0x00007f7720bfad68:   00007f7737a8e188 00007f7720bfada0
0x00007f7720bfad78:   00007f773745c139 0000000000000008
0x00007f7720bfad88:   00007f773745c101 0000000000000001
0x00007f7720bfad98:   00007f773005cac0 00007f7720bfaeb0
0x00007f7720bfada8:   00007f7737094666 00000000000003d8
0x00007f7720bfadb8:   00007f77300337c0 00007f7730033be8 

Instructions: (pc=0x0000000000000000)
0xffffffffffffffe0:   

Register to memory mapping:

RAX=0x00000007c001c520 is pointing into metadata
RBX=0x0000000771f67e20 is an oop

[error occurred during error reporting (printing register info), id 0xb]

Stack: [0x00007f7720afc000,0x00007f7720bfc000],  sp=0x00007f7720bfabc8,  free space=1018k

---------------  P R O C E S S  ---------------

Java Threads: ( => current thread )
  0x00007f76a800a000 JavaThread "RMI Scheduler(0)" daemon [_thread_blocked, id=22513, stack(0x00007f7710466000,0x00007f7710567000)]
  0x00007f76c4001800 JavaThread "RMI TCP Connection(1)-127.0.0.1" daemon [_thread_in_native, id=22512, stack(0x00007f7710567000,0x00007f7710668000)]
  0x00007f76d8001000 JavaThread "Attach Listener" daemon [_thread_blocked, id=22510, stack(0x00007f7710efe000,0x00007f7710fff000)]
  0x00007f76bc003800 JavaThread "restartedMain" [_thread_blocked, id=22505, stack(0x00007f771803e000,0x00007f771813f000)]
  0x00007f77308e0000 JavaThread "Thread-1" [_thread_blocked, id=22504, stack(0x00007f771813f000,0x00007f7718240000)]
  0x00007f7730703000 JavaThread "RMI TCP Accept-0" daemon [_thread_in_native, id=22501, stack(0x00007f7718593000,0x00007f7718694000)]
  0x00007f773061f800 JavaThread "Service Thread" daemon [_thread_blocked, id=22500, stack(0x00007f7718ab4000,0x00007f7718bb5000)]
  0x00007f7730612800 JavaThread "C1 CompilerThread3" daemon [_thread_blocked, id=22499, stack(0x00007f7718dce000,0x00007f7718ece000)]
  0x00007f7730610000 JavaThread "C2 CompilerThread2" daemon [_thread_blocked, id=22498, stack(0x00007f7718ecf000,0x00007f7718fcf000)]
  0x00007f773060e000 JavaThread "C2 CompilerThread1" daemon [_thread_blocked, id=22497, stack(0x00007f7718fd0000,0x00007f77190d0000)]
  0x00007f773060c000 JavaThread "C2 CompilerThread0" daemon [_thread_blocked, id=22496, stack(0x00007f77190d1000,0x00007f77191d1000)]
  0x00007f773060a000 JavaThread "Monitor Ctrl-Break" daemon [_thread_in_native, id=22495, stack(0x00007f77191d1000,0x00007f77192d2000)]
  0x00007f773020e000 JavaThread "Signal Dispatcher" daemon [_thread_blocked, id=22494, stack(0x00007f77195d3000,0x00007f77196d4000)]
  0x00007f77301da800 JavaThread "Finalizer" daemon [_thread_blocked, id=22486, stack(0x00007f7719ae3000,0x00007f7719be4000)]
  0x00007f77301d8000 JavaThread "Reference Handler" daemon [_thread_blocked, id=22485, stack(0x00007f7719be4000,0x00007f7719ce5000)]
  0x00007f7730011000 JavaThread "main" [_thread_blocked, id=22464, stack(0x00007f77385e4000,0x00007f77386e4000)]

Other Threads:
  0x00007f77301ce800 VMThread [stack: 0x00007f7719ce6000,0x00007f7719de6000] [id=22484]
  0x00007f7730719000 WatcherThread [stack: 0x00007f7718493000,0x00007f7718593000] [id=22502]

=>0x00007f7730033000 (exited) GCTaskThread [stack: 0x00007f7720afc000,0x00007f7720bfc000] [id=22480]

VM state:at safepoint (normal execution)

VM Mutex/Monitor currently owned by a thread:  ([mutex/lock_event])
[0x00007f7730006f60] Threads_lock - owner thread: 0x00007f77301ce800
[0x00007f7730007460] Heap_lock - owner thread: 0x00007f76bc003800

heap address: 0x00000006c9000000, size: 3952 MB, Compressed Oops mode: Zero based, Oop shift amount: 3
Narrow klass base: 0x0000000000000000, Narrow klass shift: 3
Compressed class space size: 1073741824 Address: 0x00000007c0000000

Heap:
 PSYoungGen      total 266240K, used 256000K [0x000000076db00000, 0x000000077e900000, 0x00000007c0000000)
  eden space 256000K, 100% used [0x000000076db00000,0x000000077d500000,0x000000077d500000)
  from space 10240K, 0% used [0x000000077df00000,0x000000077df00000,0x000000077e900000)
  to   space 10240K, 57% used [0x000000077d500000,0x000000077dac5028,0x000000077df00000)
 ParOldGen       total 86528K, used 7111K [0x00000006c9000000, 0x00000006ce480000, 0x000000076db00000)
  object space 86528K, 8% used [0x00000006c9000000,0x00000006c96f1eb0,0x00000006ce480000)
 Metaspace       used 29539K, capacity 31320K, committed 31616K, reserved 1077248K
  class space    used 4027K, capacity 4386K, committed 4480K, reserved 1048576K

Card table byte_map: [0x00007f773490b000,0x00007f77350c4000] byte_map_base: 0x00007f77312c3000

Marking Bits: (ParMarkBitMap*) 0x00007f7737a9cd80
 Begin Bits: [0x00007f7704480000, 0x00007f7708240000)
 End Bits:   [0x00007f7708240000, 0x00007f770c000000)

Polling page: 0x00007f773870c000

CodeCache: size=245760Kb used=5783Kb max_used=5783Kb free=239976Kb
 bounds [0x00007f7721000000, 0x00007f77215b0000, 0x00007f7730000000]
 total_blobs=3270 nmethods=2856 adapters=326
 compilation: enabled

Compilation events (10 events):
Event: 2,124 Thread 0x00007f7730612800 2852       1       java.io.BufferedInputStream::<init> (32 bytes)
Event: 2,124 Thread 0x00007f7730612800 nmethod 2852 0x00007f77215a45d0 code [0x00007f77215a4740, 0x00007f77215a49c8]
Event: 2,124 Thread 0x00007f7730612800 2853   !   1       java.util.zip.Inflater::getBytesWritten (23 bytes)
Event: 2,124 Thread 0x00007f7730612800 nmethod 2853 0x00007f77215a4a90 code [0x00007f77215a4c00, 0x00007f77215a4ee8]
Event: 2,125 Thread 0x00007f7730612800 2854  s    1       java.io.ByteArrayOutputStream::write (66 bytes)
Event: 2,125 Thread 0x00007f7730612800 nmethod 2854 0x00007f77215a4fd0 code [0x00007f77215a5160, 0x00007f77215a55c8]
Event: 2,125 Thread 0x00007f7730612800 2855       1       java.io.ByteArrayOutputStream::<init> (7 bytes)
Event: 2,125 Thread 0x00007f7730612800 nmethod 2855 0x00007f77215a5790 code [0x00007f77215a5900, 0x00007f77215a5a28]
Event: 2,125 Thread 0x00007f7730612800 2856       1       java.util.jar.Attributes::getValue (16 bytes)
Event: 2,125 Thread 0x00007f7730612800 nmethod 2856 0x00007f77215a5a90 code [0x00007f77215a5c00, 0x00007f77215a5df8]

GC Heap History (10 events):
Event: 0,522 GC heap after
Heap after GC invocations=1 (full 0):
 PSYoungGen      total 74240K, used 4903K [0x000000076db00000, 0x0000000776c00000, 0x00000007c0000000)
  eden space 64000K, 0% used [0x000000076db00000,0x000000076db00000,0x0000000771980000)
  from space 10240K, 47% used [0x0000000771980000,0x0000000771e49ee0,0x0000000772380000)
  to   space 10240K, 0% used [0x0000000776200000,0x0000000776200000,0x0000000776c00000)
 ParOldGen       total 169472K, used 16K [0x00000006c9000000, 0x00000006d3580000, 0x000000076db00000)
  object space 169472K, 0% used [0x00000006c9000000,0x00000006c9004000,0x00000006d3580000)
 Metaspace       used 9520K, capacity 9702K, committed 9984K, reserved 1058816K
  class space    used 1148K, capacity 1211K, committed 1280K, reserved 1048576K
}
Event: 0,799 GC heap before
{Heap before GC invocations=2 (full 0):
 PSYoungGen      total 74240K, used 68903K [0x000000076db00000, 0x0000000776c00000, 0x00000007c0000000)
  eden space 64000K, 100% used [0x000000076db00000,0x0000000771980000,0x0000000771980000)
  from space 10240K, 47% used [0x0000000771980000,0x0000000771e49ee0,0x0000000772380000)
  to   space 10240K, 0% used [0x0000000776200000,0x0000000776200000,0x0000000776c00000)
 ParOldGen       total 169472K, used 27K [0x00000006c9000000, 0x00000006d3580000, 0x000000076db00000)
  object space 169472K, 0% used [0x00000006c9000000,0x00000006c9006dd8,0x00000006d3580000)
 Metaspace       used 14911K, capacity 15396K, committed 15488K, reserved 1062912K
  class space    used 2033K, capacity 2175K, committed 2176K, reserved 1048576K
Event: 0,808 GC heap after
Heap after GC invocations=2 (full 0):
 PSYoungGen      total 138240K, used 7685K [0x000000076db00000, 0x0000000776c00000, 0x00000007c0000000)
  eden space 128000K, 0% used [0x000000076db00000,0x000000076db00000,0x0000000775800000)
  from space 10240K, 75% used [0x0000000776200000,0x00000007769814b0,0x0000000776c00000)
  to   space 10240K, 0% used [0x0000000775800000,0x0000000775800000,0x0000000776200000)
 ParOldGen       total 169472K, used 35K [0x00000006c9000000, 0x00000006d3580000, 0x000000076db00000)
  object space 169472K, 0% used [0x00000006c9000000,0x00000006c9008dd8,0x00000006d3580000)
 Metaspace       used 14911K, capacity 15396K, committed 15488K, reserved 1062912K
  class space    used 2033K, capacity 2175K, committed 2176K, reserved 1048576K
}
Event: 1,093 GC heap before
{Heap before GC invocations=3 (full 0):
 PSYoungGen      total 138240K, used 71423K [0x000000076db00000, 0x0000000776c00000, 0x00000007c0000000)
  eden space 128000K, 49% used [0x000000076db00000,0x000000077193e778,0x0000000775800000)
  from space 10240K, 75% used [0x0000000776200000,0x00000007769814b0,0x0000000776c00000)
  to   space 10240K, 0% used [0x0000000775800000,0x0000000775800000,0x0000000776200000)
 ParOldGen       total 169472K, used 35K [0x00000006c9000000, 0x00000006d3580000, 0x000000076db00000)
  object space 169472K, 0% used [0x00000006c9000000,0x00000006c9008dd8,0x00000006d3580000)
 Metaspace       used 20498K, capacity 21222K, committed 21424K, reserved 1067008K
  class space    used 2751K, capacity 2968K, committed 3072K, reserved 1048576K
Event: 1,103 GC heap after
Heap after GC invocations=3 (full 0):
 PSYoungGen      total 138240K, used 10215K [0x000000076db00000, 0x000000077e900000, 0x00000007c0000000)
  eden space 128000K, 0% used [0x000000076db00000,0x000000076db00000,0x0000000775800000)
  from space 10240K, 99% used [0x0000000775800000,0x00000007761f9ca0,0x0000000776200000)
  to   space 10240K, 0% used [0x000000077df00000,0x000000077df00000,0x000000077e900000)
 ParOldGen       total 169472K, used 206K [0x00000006c9000000, 0x00000006d3580000, 0x000000076db00000)
  object space 169472K, 0% used [0x00000006c9000000,0x00000006c9033a50,0x00000006d3580000)
 Metaspace       used 20498K, capacity 21222K, committed 21424K, reserved 1067008K
  class space    used 2751K, capacity 2968K, committed 3072K, reserved 1048576K
}
Event: 1,113 GC heap before
{Heap before GC invocations=4 (full 0):
 PSYoungGen      total 138240K, used 16255K [0x000000076db00000, 0x000000077e900000, 0x00000007c0000000)
  eden space 128000K, 4% used [0x000000076db00000,0x000000076e0e6238,0x0000000775800000)
  from space 10240K, 99% used [0x0000000775800000,0x00000007761f9ca0,0x0000000776200000)
  to   space 10240K, 0% used [0x000000077df00000,0x000000077df00000,0x000000077e900000)
 ParOldGen       total 169472K, used 206K [0x00000006c9000000, 0x00000006d3580000, 0x000000076db00000)
  object space 169472K, 0% used [0x00000006c9000000,0x00000006c9033a50,0x00000006d3580000)
 Metaspace       used 20757K, capacity 21450K, committed 21628K, reserved 1069056K
  class space    used 2791K, capacity 2974K, committed 3072K, reserved 1048576K
Event: 1,119 GC heap after
Heap after GC invocations=4 (full 0):
 PSYoungGen      total 266240K, used 5687K [0x000000076db00000, 0x000000077e900000, 0x00000007c0000000)
  eden space 256000K, 0% used [0x000000076db00000,0x000000076db00000,0x000000077d500000)
  from space 10240K, 55% used [0x000000077df00000,0x000000077e48dd28,0x000000077e900000)
  to   space 10240K, 0% used [0x000000077d500000,0x000000077d500000,0x000000077df00000)
 ParOldGen       total 169472K, used 214K [0x00000006c9000000, 0x00000006d3580000, 0x000000076db00000)
  object space 169472K, 0% used [0x00000006c9000000,0x00000006c9035a50,0x00000006d3580000)
 Metaspace       used 20757K, capacity 21450K, committed 21628K, reserved 1069056K
  class space    used 2791K, capacity 2974K, committed 3072K, reserved 1048576K
}
Event: 1,119 GC heap before
{Heap before GC invocations=5 (full 1):
 PSYoungGen      total 266240K, used 5687K [0x000000076db00000, 0x000000077e900000, 0x00000007c0000000)
  eden space 256000K, 0% used [0x000000076db00000,0x000000076db00000,0x000000077d500000)
  from space 10240K, 55% used [0x000000077df00000,0x000000077e48dd28,0x000000077e900000)
  to   space 10240K, 0% used [0x000000077d500000,0x000000077d500000,0x000000077df00000)
 ParOldGen       total 169472K, used 214K [0x00000006c9000000, 0x00000006d3580000, 0x000000076db00000)
  object space 169472K, 0% used [0x00000006c9000000,0x00000006c9035a50,0x00000006d3580000)
 Metaspace       used 20757K, capacity 21450K, committed 21628K, reserved 1069056K
  class space    used 2791K, capacity 2974K, committed 3072K, reserved 1048576K
Event: 1,162 GC heap after
Heap after GC invocations=5 (full 1):
 PSYoungGen      total 266240K, used 0K [0x000000076db00000, 0x000000077e900000, 0x00000007c0000000)
  eden space 256000K, 0% used [0x000000076db00000,0x000000076db00000,0x000000077d500000)
  from space 10240K, 0% used [0x000000077df00000,0x000000077df00000,0x000000077e900000)
  to   space 10240K, 0% used [0x000000077d500000,0x000000077d500000,0x000000077df00000)
 ParOldGen       total 86528K, used 5622K [0x00000006c9000000, 0x00000006ce480000, 0x000000076db00000)
  object space 86528K, 6% used [0x00000006c9000000,0x00000006c957db50,0x00000006ce480000)
 Metaspace       used 20755K, capacity 21444K, committed 21628K, reserved 1069056K
  class space    used 2790K, capacity 2973K, committed 3072K, reserved 1048576K
}
Event: 2,130 GC heap before
{Heap before GC invocations=6 (full 1):
 PSYoungGen      total 266240K, used 256000K [0x000000076db00000, 0x000000077e900000, 0x00000007c0000000)
  eden space 256000K, 100% used [0x000000076db00000,0x000000077d500000,0x000000077d500000)
  from space 10240K, 0% used [0x000000077df00000,0x000000077df00000,0x000000077e900000)
  to   space 10240K, 0% used [0x000000077d500000,0x000000077d500000,0x000000077df00000)
 ParOldGen       total 86528K, used 7087K [0x00000006c9000000, 0x00000006ce480000, 0x000000076db00000)
  object space 86528K, 8% used [0x00000006c9000000,0x00000006c96ebeb0,0x00000006ce480000)
 Metaspace       used 29539K, capacity 31320K, committed 31616K, reserved 1077248K
  class space    used 4027K, capacity 4386K, committed 4480K, reserved 1048576K

Deoptimization events (0 events):
No events

Classes redefined (0 events):
No events

Internal exceptions (10 events):
Event: 1,919 Thread 0x00007f76bc003800 Exception <a 'java/lang/ArrayIndexOutOfBoundsException'> (0x0000000778f24f00) thrown at [/HUDSON/workspace/8-2-build-linux-amd64/jdk8u201/12317/hotspot/src/share/vm/runtime/sharedRuntime.cpp, line 605]
Event: 1,930 Thread 0x00007f76bc003800 Exception <a 'java/lang/ArrayIndexOutOfBoundsException'> (0x0000000779005fa8) thrown at [/HUDSON/workspace/8-2-build-linux-amd64/jdk8u201/12317/hotspot/src/share/vm/runtime/sharedRuntime.cpp, line 605]
Event: 1,930 Thread 0x00007f76bc003800 Exception <a 'java/lang/ArrayIndexOutOfBoundsException'> (0x0000000779007318) thrown at [/HUDSON/workspace/8-2-build-linux-amd64/jdk8u201/12317/hotspot/src/share/vm/runtime/sharedRuntime.cpp, line 605]
Event: 1,930 Thread 0x00007f76bc003800 Exception <a 'java/lang/ArrayIndexOutOfBoundsException'> (0x000000077901a3d8) thrown at [/HUDSON/workspace/8-2-build-linux-amd64/jdk8u201/12317/hotspot/src/share/vm/runtime/sharedRuntime.cpp, line 605]
Event: 1,935 Thread 0x00007f76bc003800 Exception <a 'java/lang/ArrayIndexOutOfBoundsException'> (0x00000007790d63e8) thrown at [/HUDSON/workspace/8-2-build-linux-amd64/jdk8u201/12317/hotspot/src/share/vm/runtime/sharedRuntime.cpp, line 605]
Event: 1,936 Thread 0x00007f76bc003800 Exception <a 'java/lang/ArrayIndexOutOfBoundsException'> (0x00000007790df8c8) thrown at [/HUDSON/workspace/8-2-build-linux-amd64/jdk8u201/12317/hotspot/src/share/vm/runtime/sharedRuntime.cpp, line 605]
Event: 1,938 Thread 0x00007f76bc003800 Exception <a 'java/lang/NoSuchMethodError': java.lang.Object.lambda$and$0(Ljava/util/function/Predicate;Ljava/lang/Object;)Z> (0x0000000779112878) thrown at [/HUDSON/workspace/8-2-build-linux-amd64/jdk8u201/12317/hotspot/src/share/vm/interpreter/linkResol
Event: 1,946 Thread 0x00007f76bc003800 Exception <a 'java/lang/ArrayIndexOutOfBoundsException'> (0x00000007791de528) thrown at [/HUDSON/workspace/8-2-build-linux-amd64/jdk8u201/12317/hotspot/src/share/vm/runtime/sharedRuntime.cpp, line 605]
Event: 1,968 Thread 0x00007f76bc003800 Exception <a 'java/lang/ArrayIndexOutOfBoundsException'> (0x0000000779428870) thrown at [/HUDSON/workspace/8-2-build-linux-amd64/jdk8u201/12317/hotspot/src/share/vm/runtime/sharedRuntime.cpp, line 605]
Event: 1,968 Thread 0x00007f76bc003800 Exception <a 'java/lang/ArrayIndexOutOfBoundsException'> (0x0000000779429bb8) thrown at [/HUDSON/workspace/8-2-build-linux-amd64/jdk8u201/12317/hotspot/src/share/vm/runtime/sharedRuntime.cpp, line 605]

Events (10 events):
Event: 2,112 loading class org/apache/tomcat/util/http/LocalStrings_pl_PL done
Event: 2,112 loading class org/apache/tomcat/util/http/SameSiteCookies
Event: 2,112 loading class org/apache/tomcat/util/http/SameSiteCookies done
Event: 2,112 loading class org/apache/catalina/util/ExtensionValidator
Event: 2,112 loading class org/apache/catalina/util/ExtensionValidator done
Event: 2,113 loading class org/apache/catalina/util/ManifestResource
Event: 2,113 loading class org/apache/catalina/util/ManifestResource done
Event: 2,114 loading class org/apache/catalina/util/Extension
Event: 2,114 loading class org/apache/catalina/util/Extension done
Event: 2,130 Executing VM operation: ParallelGCFailedAllocation


Dynamic libraries:
00400000-00401000 r-xp 00000000 08:02 15466874                           /usr/lib/jvm/java-8-oracle/bin/java
00600000-00601000 r--p 00000000 08:02 15466874                           /usr/lib/jvm/java-8-oracle/bin/java
00601000-00602000 rw-p 00001000 08:02 15466874                           /usr/lib/jvm/java-8-oracle/bin/java
00b3f000-00b60000 rw-p 00000000 00:00 0                                  [heap]
6c9000000-6ce480000 rw-p 00000000 00:00 0 
6ce480000-76db00000 ---p 00000000 00:00 0 
76db00000-77e900000 rw-p 00000000 00:00 0 
77e900000-7c0000000 ---p 00000000 00:00 0 
7c0000000-7c0460000 rw-p 00000000 00:00 0 
7c0460000-800000000 ---p 00000000 00:00 0 
7f76a0000000-7f76a003f000 rw-p 00000000 00:00 0 
7f76a003f000-7f76a4000000 ---p 00000000 00:00 0 
7f76a4000000-7f76a4021000 rw-p 00000000 00:00 0 
7f76a4021000-7f76a8000000 ---p 00000000 00:00 0 
7f76a8000000-7f76a8035000 rw-p 00000000 00:00 0 
7f76a8035000-7f76ac000000 ---p 00000000 00:00 0 
7f76ac000000-7f76ac021000 rw-p 00000000 00:00 0 
7f76ac021000-7f76b0000000 ---p 00000000 00:00 0 
7f76b0000000-7f76b0910000 rw-p 00000000 00:00 0 
7f76b0910000-7f76b4000000 ---p 00000000 00:00 0 
7f76b4000000-7f76b42f8000 rw-p 00000000 00:00 0 
7f76b42f8000-7f76b8000000 ---p 00000000 00:00 0 
7f76b8000000-7f76b8021000 rw-p 00000000 00:00 0 
7f76b8021000-7f76bc000000 ---p 00000000 00:00 0 
7f76bc000000-7f76bc021000 rw-p 00000000 00:00 0 
7f76bc021000-7f76c0000000 ---p 00000000 00:00 0 
7f76c0000000-7f76c0021000 rw-p 00000000 00:00 0 
7f76c0021000-7f76c4000000 ---p 00000000 00:00 0 
7f76c4000000-7f76c4021000 rw-p 00000000 00:00 0 
7f76c4021000-7f76c8000000 ---p 00000000 00:00 0 
7f76c8000000-7f76c8021000 rw-p 00000000 00:00 0 
7f76c8021000-7f76cc000000 ---p 00000000 00:00 0 
7f76cc000000-7f76cc36f000 rw-p 00000000 00:00 0 
7f76cc36f000-7f76d0000000 ---p 00000000 00:00 0 
7f76d0000000-7f76d0046000 rw-p 00000000 00:00 0 
7f76d0046000-7f76d4000000 ---p 00000000 00:00 0 
7f76d4000000-7f76d4021000 rw-p 00000000 00:00 0 
7f76d4021000-7f76d8000000 ---p 00000000 00:00 0 
7f76d8000000-7f76d8021000 rw-p 00000000 00:00 0 
7f76d8021000-7f76dc000000 ---p 00000000 00:00 0 
7f76dc000000-7f76dc03b000 rw-p 00000000 00:00 0 
7f76dc03b000-7f76e0000000 ---p 00000000 00:00 0 
7f76e0000000-7f76e0021000 rw-p 00000000 00:00 0 
7f76e0021000-7f76e4000000 ---p 00000000 00:00 0 
7f76e4000000-7f76e4021000 rw-p 00000000 00:00 0 
7f76e4021000-7f76e8000000 ---p 00000000 00:00 0 
7f76e8000000-7f76e8021000 rw-p 00000000 00:00 0 
7f76e8021000-7f76ec000000 ---p 00000000 00:00 0 
7f76ec000000-7f76ec021000 rw-p 00000000 00:00 0 
7f76ec021000-7f76f0000000 ---p 00000000 00:00 0 
7f76f0000000-7f76f0021000 rw-p 00000000 00:00 0 
7f76f0021000-7f76f4000000 ---p 00000000 00:00 0 
7f76f4000000-7f76f4021000 rw-p 00000000 00:00 0 
7f76f4021000-7f76f8000000 ---p 00000000 00:00 0 
7f76f8000000-7f76f8021000 rw-p 00000000 00:00 0 
7f76f8021000-7f76fc000000 ---p 00000000 00:00 0 
7f76ffc00000-7f76ffc80000 rw-p 00000000 00:00 0 
7f76ffc80000-7f76ffe00000 ---p 00000000 00:00 0 
7f76ffe00000-7f7700000000 rw-p 00000000 00:00 0 
7f7700000000-7f7700021000 rw-p 00000000 00:00 0 
7f7700021000-7f7704000000 ---p 00000000 00:00 0 
7f7704080000-7f7704280000 rw-p 00000000 00:00 0 
7f7704280000-7f7704480000 rw-p 00000000 00:00 0 
7f7704480000-7f770c000000 rw-p 00000000 00:00 0 
7f770c000000-7f770c021000 rw-p 00000000 00:00 0 
7f770c021000-7f7710000000 ---p 00000000 00:00 0 
7f7710064000-7f7710067000 ---p 00000000 00:00 0 
7f7710067000-7f7710365000 rw-p 00000000 00:00 0 
7f7710365000-7f7710368000 ---p 00000000 00:00 0 
7f7710368000-7f7710466000 rw-p 00000000 00:00 0 
7f7710466000-7f7710469000 ---p 00000000 00:00 0 
7f7710469000-7f7710567000 rw-p 00000000 00:00 0 
7f7710567000-7f771056a000 ---p 00000000 00:00 0 
7f771056a000-7f7710868000 rw-p 00000000 00:00 0 
7f7710868000-7f7710a68000 rw-p 00000000 00:00 0 
7f7710a68000-7f7710c68000 rw-p 00000000 00:00 0 
7f7710c68000-7f7710cfe000 r--s 0110e000 08:02 398684                     /usr/lib/jvm/java-8-oracle/jre/lib/ext/jfxrt.jar
7f7710cfe000-7f7710efe000 rw-p 00000000 00:00 0 
7f7710efe000-7f7710f01000 ---p 00000000 00:00 0 
7f7710f01000-7f7714000000 rw-p 00000000 00:00 0 
7f7714000000-7f7714021000 rw-p 00000000 00:00 0 
7f7714021000-7f7718000000 ---p 00000000 00:00 0 
7f771803b000-7f771803e000 r--s 0001a000 08:02 398697                     /usr/lib/jvm/java-8-oracle/jre/lib/jce.jar
7f771803e000-7f7718041000 ---p 00000000 00:00 0 
7f7718041000-7f771813f000 rw-p 00000000 00:00 0 
7f771813f000-7f7718142000 ---p 00000000 00:00 0 
7f7718142000-7f7718440000 rw-p 00000000 00:00 0 
7f7718440000-7f771844a000 r--s 00116000 08:02 398690                     /usr/lib/jvm/java-8-oracle/jre/lib/ext/localedata.jar
7f771844a000-7f7718466000 r--s 00393000 08:02 398683                     /usr/lib/jvm/java-8-oracle/jre/lib/ext/cldrdata.jar
7f7718466000-7f771846d000 r--s 00000000 08:02 140816                     /usr/lib/x86_64-linux-gnu/gconv/gconv-modules.cache
7f771846d000-7f7718492000 r--p 00000000 08:02 789022                     /usr/share/locale-langpack/pl/LC_MESSAGES/libc.mo
7f7718492000-7f7718493000 ---p 00000000 00:00 0 
7f7718493000-7f7718593000 rw-p 00000000 00:00 0 
7f7718593000-7f7718596000 ---p 00000000 00:00 0 
7f7718596000-7f7718694000 rw-p 00000000 00:00 0 
7f7718694000-7f7718698000 r--s 000a1000 08:02 398679                     /usr/lib/jvm/java-8-oracle/jre/lib/jsse.jar
7f7718698000-7f77186a9000 r-xp 00000000 08:02 526091                     /usr/lib/jvm/java-8-oracle/jre/lib/amd64/libnio.so
7f77186a9000-7f77188a8000 ---p 00011000 08:02 526091                     /usr/lib/jvm/java-8-oracle/jre/lib/amd64/libnio.so
7f77188a8000-7f77188a9000 r--p 00010000 08:02 526091                     /usr/lib/jvm/java-8-oracle/jre/lib/amd64/libnio.so
7f77188a9000-7f77188aa000 rw-p 00011000 08:02 526091                     /usr/lib/jvm/java-8-oracle/jre/lib/amd64/libnio.so
7f77188aa000-7f77188b3000 r-xp 00000000 08:02 526187                     /usr/lib/jvm/java-8-oracle/jre/lib/amd64/libmanagement.so
7f77188b3000-7f7718ab2000 ---p 00009000 08:02 526187                     /usr/lib/jvm/java-8-oracle/jre/lib/amd64/libmanagement.so
7f7718ab2000-7f7718ab3000 r--p 00008000 08:02 526187                     /usr/lib/jvm/java-8-oracle/jre/lib/amd64/libmanagement.so
7f7718ab3000-7f7718ab4000 rw-p 00009000 08:02 526187                     /usr/lib/jvm/java-8-oracle/jre/lib/amd64/libmanagement.so
7f7718ab4000-7f7718ab7000 ---p 00000000 00:00 0 
7f7718ab7000-7f7718bb5000 rw-p 00000000 00:00 0 
7f7718bb5000-7f7718bcb000 r-xp 00000000 08:02 525933                     /usr/lib/jvm/java-8-oracle/jre/lib/amd64/libnet.so
7f7718bcb000-7f7718dcb000 ---p 00016000 08:02 525933                     /usr/lib/jvm/java-8-oracle/jre/lib/amd64/libnet.so
7f7718dcb000-7f7718dcc000 r--p 00016000 08:02 525933                     /usr/lib/jvm/java-8-oracle/jre/lib/amd64/libnet.so
7f7718dcc000-7f7718dcd000 rw-p 00017000 08:02 525933                     /usr/lib/jvm/java-8-oracle/jre/lib/amd64/libnet.so
7f7718dcd000-7f7718dce000 ---p 00000000 00:00 0 
7f7718dce000-7f7718dd1000 ---p 00000000 00:00 0 
7f7718dd1000-7f7718ece000 rw-p 00000000 00:00 0 
7f7718ece000-7f7718ecf000 ---p 00000000 00:00 0 
7f7718ecf000-7f7718ed2000 ---p 00000000 00:00 0 
7f7718ed2000-7f7718fcf000 rw-p 00000000 00:00 0 
7f7718fcf000-7f7718fd0000 ---p 00000000 00:00 0 
7f7718fd0000-7f7718fd3000 ---p 00000000 00:00 0 
7f7718fd3000-7f77190d0000 rw-p 00000000 00:00 0 
7f77190d0000-7f77190d1000 ---p 00000000 00:00 0 
7f77190d1000-7f77190d4000 ---p 00000000 00:00 0 
7f77190d4000-7f77191d1000 rw-p 00000000 00:00 0 
7f77191d1000-7f77191d4000 ---p 00000000 00:00 0 
7f77191d4000-7f77192d2000 rw-p 00000000 00:00 0 
7f77192d2000-7f77192d4000 r--s 0001d000 07:0d 856                        /snap/intellij-idea-ultimate/242/lib/idea_rt.jar
7f77192d4000-7f77192fc000 r--s 0012c000 08:02 6818511                    /home/rafal/.m2/repository/org/springframework/boot/spring-boot-autoconfigure/2.2.3.RELEASE/spring-boot-autoconfigure-2.2.3.RELEASE.jar
7f77192fc000-7f7719313000 r--s 000e8000 08:02 6818537                    /home/rafal/.m2/repository/org/springframework/boot/spring-boot/2.2.3.RELEASE/spring-boot-2.2.3.RELEASE.jar
7f7719313000-7f7719319000 r--s 00030000 08:02 5900992                    /home/rafal/.m2/repository/org/springframework/boot/spring-boot-devtools/2.2.2.RELEASE/spring-boot-devtools-2.2.2.RELEASE.jar
7f7719319000-7f7719333000 r--s 0022d000 08:02 10749887                   /home/rafal/.m2/repository/mysql/mysql-connector-java/8.0.20/mysql-connector-java-8.0.20.jar
7f7719333000-7f7719335000 r--s 0000a000 08:02 7345456                    /home/rafal/.m2/repository/org/springframework/spring-aspects/5.2.3.RELEASE/spring-aspects-5.2.3.RELEASE.jar
7f7719335000-7f771933e000 r--s 00044000 08:02 6951845                    /home/rafal/.m2/repository/org/springframework/spring-tx/5.2.3.RELEASE/spring-tx-5.2.3.RELEASE.jar
7f771933e000-7f7719343000 r--s 0002d000 08:02 7217514                    /home/rafal/.m2/repository/org/springframework/spring-orm/5.2.3.RELEASE/spring-orm-5.2.3.RELEASE.jar
7f7719343000-7f771935c000 r--s 00110000 08:02 7217510                    /home/rafal/.m2/repository/org/springframework/data/spring-data-commons/2.2.4.RELEASE/spring-data-commons-2.2.4.RELEASE.jar
7f771935c000-7f7719365000 r--s 00051000 08:02 7089019                    /home/rafal/.m2/repository/org/springframework/data/spring-data-jpa/2.2.4.RELEASE/spring-data-jpa-2.2.4.RELEASE.jar
7f7719365000-7f771936a000 r--s 00049000 08:02 8783842                    /home/rafal/.m2/repository/com/sun/xml/fastinfoset/FastInfoset/1.2.16/FastInfoset-1.2.16.jar
7f771936a000-7f771936c000 r--s 00008000 08:02 8783840                    /home/rafal/.m2/repository/org/jvnet/staxex/stax-ex/1.8.1/stax-ex-1.8.1.jar
7f771936c000-7f771936e000 r--s 00005000 08:02 8783838                    /home/rafal/.m2/repository/com/sun/istack/istack-commons-runtime/3.0.8/istack-commons-runtime-3.0.8.jar
7f771936e000-7f7719370000 r--s 00010000 08:02 8783836                    /home/rafal/.m2/repository/org/glassfish/jaxb/txw2/2.3.2/txw2-2.3.2.jar
7f7719370000-7f7719385000 r--s 000e3000 08:02 8783834                    /home/rafal/.m2/repository/org/glassfish/jaxb/jaxb-runtime/2.3.2/jaxb-runtime-2.3.2.jar
7f7719385000-7f7719388000 r--s 00010000 08:02 6953306                    /home/rafal/.m2/repository/org/hibernate/common/hibernate-commons-annotations/5.1.0.Final/hibernate-commons-annotations-5.1.0.Final.jar
7f7719388000-7f771938d000 r--s 0004b000 08:02 5374282                    /home/rafal/.m2/repository/org/dom4j/dom4j/2.1.1/dom4j-2.1.1.jar
7f771938d000-7f771938f000 r--s 0000f000 08:02 8783846                    /home/rafal/.m2/repository/com/fasterxml/classmate/1.5.1/classmate-1.5.1.jar
7f771938f000-7f7719392000 r--s 0002d000 08:02 6160835                    /home/rafal/.m2/repository/org/jboss/jandex/2.1.1.Final/jandex-2.1.1.Final.jar
7f7719392000-7f7719397000 r--s 00068000 08:02 3932658                    /home/rafal/.m2/repository/antlr/antlr/2.7.7/antlr-2.7.7.jar
7f7719397000-7f77193a1000 r--s 000b4000 08:02 6953302                    /home/rafal/.m2/repository/org/javassist/javassist/3.24.0-GA/javassist-3.24.0-GA.jar
7f77193a1000-7f77193a3000 r--s 0000d000 08:02 6160881                    /home/rafal/.m2/repository/org/jboss/logging/jboss-logging/3.4.1.Final/jboss-logging-3.4.1.Final.jar
7f77193a3000-7f7719428000 r--s 0064f000 08:02 6951843                    /home/rafal/.m2/repository/org/hibernate/hibernate-core/5.4.10.Final/hibernate-core-5.4.10.Final.jar
7f7719428000-7f7719429000 r--s 00003000 08:02 6160827                    /home/rafal/.m2/repository/jakarta/transaction/jakarta.transaction-api/1.3.3/jakarta.transaction-api-1.3.3.jar
7f7719429000-7f771942f000 r--s 00023000 08:02 6160825                    /home/rafal/.m2/repository/jakarta/persistence/jakarta.persistence-api/2.2.3/jakarta.persistence-api-2.2.3.jar
7f771942f000-7f7719431000 r--s 00009000 08:02 6160897                    /home/rafal/.m2/repository/jakarta/activation/jakarta.activation-api/1.2.1/jakarta.activation-api-1.2.1.jar
7f7719431000-7f771943b000 r--s 0005a000 08:02 6818560                    /home/rafal/.m2/repository/org/springframework/spring-jdbc/5.2.3.RELEASE/spring-jdbc-5.2.3.RELEASE.jar
7f771943b000-7f771943e000 r--s 00023000 08:02 6818556                    /home/rafal/.m2/repository/com/zaxxer/HikariCP/3.4.2/HikariCP-3.4.2.jar
7f771943e000-7f771943f000 r--s 00000000 08:02 6689449                    /home/rafal/.m2/repository/org/springframework/boot/spring-boot-starter-jdbc/2.2.3.RELEASE/spring-boot-starter-jdbc-2.2.3.RELEASE.jar
7f771943f000-7f7719458000 r--s 001da000 08:02 6160847                    /home/rafal/.m2/repository/org/aspectj/aspectjweaver/1.9.5/aspectjweaver-1.9.5.jar
7f7719458000-7f7719459000 r--s 00000000 08:02 6689448                    /home/rafal/.m2/repository/org/springframework/boot/spring-boot-starter-aop/2.2.3.RELEASE/spring-boot-starter-aop-2.2.3.RELEASE.jar
7f7719459000-7f771945a000 r--s 00000000 08:02 6160811                    /home/rafal/.m2/repository/org/springframework/boot/spring-boot-starter-data-jpa/2.2.2.RELEASE/spring-boot-starter-data-jpa-2.2.2.RELEASE.jar
7f771945a000-7f771946d000 r--s 00201000 08:02 9702334                    /home/rafal/.m2/repository/com/h2database/h2/1.4.199/h2-1.4.199.jar
7f771946d000-7f771947c000 r--s 0007c000 08:02 9702230                    /home/rafal/.m2/repository/org/springframework/security/spring-security-web/5.2.1.RELEASE/spring-security-web-5.2.1.RELEASE.jar
7f771947c000-7f7719488000 r--s 00061000 08:02 9702227                    /home/rafal/.m2/repository/org/springframework/security/spring-security-core/5.2.1.RELEASE/spring-security-core-5.2.1.RELEASE.jar
7f7719488000-7f7719496000 r--s 000c4000 08:02 9702231                    /home/rafal/.m2/repository/org/springframework/security/spring-security-config/5.2.1.RELEASE/spring-security-config-5.2.1.RELEASE.jar
7f7719496000-7f771949f000 r--s 00052000 08:02 6818505                    /home/rafal/.m2/repository/org/springframework/spring-aop/5.2.3.RELEASE/spring-aop-5.2.3.RELEASE.jar
7f771949f000-7f77194a0000 r--s 00000000 08:02 9702225                    /home/rafal/.m2/repository/org/springframework/boot/spring-boot-starter-security/2.2.2.RELEASE/spring-boot-starter-security-2.2.2.RELEASE.jar
7f77194a0000-7f77194a1000 r--s 00005000 08:02 6818507                    /home/rafal/.m2/repository/org/springframework/spring-jcl/5.2.3.RELEASE/spring-jcl-5.2.3.RELEASE.jar
7f77194a1000-7f77194bc000 r--s 00144000 08:02 6818523                    /home/rafal/.m2/repository/org/springframework/spring-core/5.2.3.RELEASE/spring-core-5.2.3.RELEASE.jar
7f77194bc000-7f7719504000 r--s 002e9000 08:02 8652300                    /home/rafal/.m2/repository/net/bytebuddy/byte-buddy/1.10.6/byte-buddy-1.10.6.jar
7f7719504000-7f7719508000 r--s 00019000 08:02 6160895                    /home/rafal/.m2/repository/jakarta/xml/bind/jakarta.xml.bind-api/2.3.2/jakarta.xml.bind-api-2.3.2.jar
7f7719508000-7f771951f000 r--s 00198000 08:02 4068001                    /home/rafal/.m2/repository/org/projectlombok/lombok/1.18.10/lombok-1.18.10.jar
7f771951f000-7f7719524000 r--s 00040000 08:02 6818532                    /home/rafal/.m2/repository/org/springframework/spring-expression/5.2.3.RELEASE/spring-expression-5.2.3.RELEASE.jar
7f7719524000-7f7719540000 r--s 0010f000 08:02 6818508                    /home/rafal/.m2/repository/org/springframework/spring-context/5.2.3.RELEASE/spring-context-5.2.3.RELEASE.jar
7f7719540000-7f7719553000 r--s 000d5000 08:02 8390895                    /home/rafal/.m2/repository/org/springframework/spring-webmvc/5.2.3.RELEASE/spring-webmvc-5.2.3.RELEASE.jar
7f7719553000-7f7719560000 r--s 0009b000 08:02 6818536                    /home/rafal/.m2/repository/org/springframework/spring-beans/5.2.3.RELEASE/spring-beans-5.2.3.RELEASE.jar
7f7719560000-7f771957c000 r--s 00141000 08:02 6818522                    /home/rafal/.m2/repository/org/springframework/spring-web/5.2.3.RELEASE/spring-web-5.2.3.RELEASE.jar
7f771957c000-7f7719599000 r--s 000fe000 08:02 5515049                    /home/rafal/.m2/repository/org/hibernate/validator/hibernate-validator/6.0.18.Final/hibernate-validator-6.0.18.Final.jar
7f7719599000-7f771959e000 r--s 00012000 08:02 8271150                    /home/rafal/.m2/repository/jakarta/validation/jakarta.validation-api/2.0.2/jakarta.validation-api-2.0.2.jar
7f771959e000-7f771959f000 r--s 00000000 08:02 8134159                    /home/rafal/.m2/repository/org/springframework/boot/spring-boot-starter-validation/2.2.3.RELEASE/spring-boot-starter-validation-2.2.3.RELEASE.jar
7f771959f000-7f77195a4000 r--s 0003c000 08:02 7867308                    /home/rafal/.m2/repository/org/apache/tomcat/embed/tomcat-embed-websocket/9.0.30/tomcat-embed-websocket-9.0.30.jar
7f77195a4000-7f77195a9000 r--s 0003a000 08:02 7607190                    /home/rafal/.m2/repository/org/apache/tomcat/embed/tomcat-embed-el/9.0.30/tomcat-embed-el-9.0.30.jar
7f77195a9000-7f77195d3000 r--s 00301000 08:02 7481358                    /home/rafal/.m2/repository/org/apache/tomcat/embed/tomcat-embed-core/9.0.30/tomcat-embed-core-9.0.30.jar
7f77195d3000-7f77195d6000 ---p 00000000 00:00 0 
7f77195d6000-7f77196d4000 rw-p 00000000 00:00 0 
7f77196d4000-7f7719ae3000 r--p 00000000 08:02 15337430                   /usr/lib/locale/locale-archive
7f7719ae3000-7f7719ae6000 ---p 00000000 00:00 0 
7f7719ae6000-7f7719be4000 rw-p 00000000 00:00 0 
7f7719be4000-7f7719be7000 ---p 00000000 00:00 0 
7f7719be7000-7f7719ce5000 rw-p 00000000 00:00 0 
7f7719ce5000-7f7719ce6000 ---p 00000000 00:00 0 
7f7719ce6000-7f771c000000 rw-p 00000000 00:00 0 
7f771c000000-7f771c021000 rw-p 00000000 00:00 0 
7f771c021000-7f7720000000 ---p 00000000 00:00 0 
7f7720000000-7f7720001000 r--s 00000000 08:02 7345450                    /home/rafal/.m2/repository/org/springframework/boot/spring-boot-starter-tomcat/2.2.3.RELEASE/spring-boot-starter-tomcat-2.2.3.RELEASE.jar
7f7720001000-7f7720003000 r--s 00001000 08:02 8785346                    /home/rafal/.m2/repository/com/fasterxml/jackson/module/jackson-module-parameter-names/2.10.2/jackson-module-parameter-names-2.10.2.jar
7f7720003000-7f7720006000 r--s 00017000 08:02 7217500                    /home/rafal/.m2/repository/com/fasterxml/jackson/datatype/jackson-datatype-jsr310/2.10.2/jackson-datatype-jsr310-2.10.2.jar
7f7720006000-7f7720008000 r--s 00007000 08:02 7089009                    /home/rafal/.m2/repository/com/fasterxml/jackson/datatype/jackson-datatype-jdk8/2.10.2/jackson-datatype-jdk8-2.10.2.jar
7f7720008000-7f772000d000 r--s 00051000 08:02 6818524                    /home/rafal/.m2/repository/com/fasterxml/jackson/core/jackson-core/2.10.2/jackson-core-2.10.2.jar
7f772000d000-7f7720010000 r--s 0000e000 08:02 6818527                    /home/rafal/.m2/repository/com/fasterxml/jackson/core/jackson-annotations/2.10.2/jackson-annotations-2.10.2.jar
7f7720010000-7f7720025000 r--s 00142000 08:02 6818529                    /home/rafal/.m2/repository/com/fasterxml/jackson/core/jackson-databind/2.10.2/jackson-databind-2.10.2.jar
7f7720025000-7f7720026000 r--s 00000000 08:02 6818516                    /home/rafal/.m2/repository/org/springframework/boot/spring-boot-starter-json/2.2.3.RELEASE/spring-boot-starter-json-2.2.3.RELEASE.jar
7f7720026000-7f7720027000 r--s 00000000 08:02 6818517                    /home/rafal/.m2/repository/org/springframework/boot/spring-boot-starter-web/2.2.3.RELEASE/spring-boot-starter-web-2.2.3.RELEASE.jar
7f7720027000-7f7720029000 r--s 00009000 08:02 6818539                    /home/rafal/.m2/repository/org/slf4j/slf4j-api/1.7.30/slf4j-api-1.7.30.jar
7f7720029000-7f772002e000 r--s 00037000 08:02 6160855                    /home/rafal/.m2/repository/org/attoparser/attoparser/2.0.5.RELEASE/attoparser-2.0.5.RELEASE.jar
7f772002e000-7f772003e000 r--s 000c5000 08:02 6160853                    /home/rafal/.m2/repository/org/thymeleaf/thymeleaf/3.0.11.RELEASE/thymeleaf-3.0.11.RELEASE.jar
7f772003e000-7f7720043000 r--s 00027000 08:02 6160851                    /home/rafal/.m2/repository/org/thymeleaf/thymeleaf-spring5/3.0.11.RELEASE/thymeleaf-spring5-3.0.11.RELEASE.jar
7f7720043000-7f772004a000 r--s 00044000 08:02 6160789                    /home/rafal/.m2/repository/org/yaml/snakeyaml/1.25/snakeyaml-1.25.jar
7f772004a000-7f7720055000 r--s 00069000 08:02 8783830                    /home/rafal/.m2/repository/ch/qos/logback/logback-core/1.2.3/logback-core-1.2.3.jar
7f7720055000-7f7720068000 r--s 00345000 08:02 398660                     /usr/lib/jvm/java-8-oracle/jre/lib/resources.jar
7f7720068000-7f7720169000 rw-p 00000000 00:00 0 
7f7720169000-7f7720343000 r--s 03d6f000 08:02 398622                     /usr/lib/jvm/java-8-oracle/jre/lib/rt.jar
7f7720343000-7f7720afb000 rw-p 00000000 00:00 0 
7f7720afb000-7f7720afc000 ---p 00000000 00:00 0 
7f7720afc000-7f7720bfc000 rw-p 00000000 00:00 0 
7f7720bfc000-7f7720bfd000 ---p 00000000 00:00 0 
7f7720bfd000-7f7720cfd000 rw-p 00000000 00:00 0 
7f7720cfd000-7f7720cfe000 ---p 00000000 00:00 0 
7f7720cfe000-7f7720dfe000 rw-p 00000000 00:00 0 
7f7720dfe000-7f7720dff000 ---p 00000000 00:00 0 
7f7720dff000-7f7720eff000 rw-p 00000000 00:00 0 
7f7720eff000-7f7720f00000 ---p 00000000 00:00 0 
7f7720f00000-7f7721000000 rw-p 00000000 00:00 0 
7f7721000000-7f77215b0000 rwxp 00000000 00:00 0 
7f77215b0000-7f7730000000 ---p 00000000 00:00 0 
7f7730000000-7f7730961000 rw-p 00000000 00:00 0 
7f7730961000-7f7734000000 ---p 00000000 00:00 0 
7f7734000000-7f7734001000 r--s 00009000 08:02 6160859                    /home/rafal/.m2/repository/org/thymeleaf/extras/thymeleaf-extras-java8time/3.0.4.RELEASE/thymeleaf-extras-java8time-3.0.4.RELEASE.jar
7f7734001000-7f7734004000 r--s 00028000 08:02 6160857                    /home/rafal/.m2/repository/org/unbescape/unbescape/1.1.6.RELEASE/unbescape-1.1.6.RELEASE.jar
7f7734004000-7f773400a000 r--s 0003e000 08:02 6035413                    /home/rafal/.m2/repository/org/apache/logging/log4j/log4j-api/2.12.1/log4j-api-2.12.1.jar
7f773400a000-7f773401d000 r--s 000d6000 08:02 398202                     /usr/lib/jvm/java-8-oracle/jre/lib/plugin.jar
7f773401d000-7f77340e2000 rw-p 00000000 00:00 0 
7f77340e2000-7f77340e3000 ---p 00000000 00:00 0 
7f77340e3000-7f77341e3000 rw-p 00000000 00:00 0 
7f77341e3000-7f77341e4000 ---p 00000000 00:00 0 
7f77341e4000-7f77342e4000 rw-p 00000000 00:00 0 
7f77342e4000-7f77342e5000 ---p 00000000 00:00 0 
7f77342e5000-7f7734410000 rw-p 00000000 00:00 0 
7f7734410000-7f773490b000 ---p 00000000 00:00 0 
7f773490b000-7f7734936000 rw-p 00000000 00:00 0 
7f7734936000-7f7734e30000 ---p 00000000 00:00 0 
7f7734e30000-7f7734eb8000 rw-p 00000000 00:00 0 
7f7734eb8000-7f77350c3000 ---p 00000000 00:00 0 
7f77350c3000-7f77350db000 rw-p 00000000 00:00 0 
7f77350db000-7f7735484000 ---p 00000000 00:00 0 
7f7735484000-7f773549f000 r-xp 00000000 08:02 525929                     /usr/lib/jvm/java-8-oracle/jre/lib/amd64/libzip.so
7f773549f000-7f773569e000 ---p 0001b000 08:02 525929                     /usr/lib/jvm/java-8-oracle/jre/lib/amd64/libzip.so
7f773569e000-7f773569f000 r--p 0001a000 08:02 525929                     /usr/lib/jvm/java-8-oracle/jre/lib/amd64/libzip.so
7f773569f000-7f77356a0000 rw-p 0001b000 08:02 525929                     /usr/lib/jvm/java-8-oracle/jre/lib/amd64/libzip.so
7f77356a0000-7f77356ab000 r-xp 00000000 08:02 4984909                    /lib/x86_64-linux-gnu/libnss_files-2.27.so
7f77356ab000-7f77358aa000 ---p 0000b000 08:02 4984909                    /lib/x86_64-linux-gnu/libnss_files-2.27.so
7f77358aa000-7f77358ab000 r--p 0000a000 08:02 4984909                    /lib/x86_64-linux-gnu/libnss_files-2.27.so
7f77358ab000-7f77358ac000 rw-p 0000b000 08:02 4984909                    /lib/x86_64-linux-gnu/libnss_files-2.27.so
7f77358ac000-7f77358b2000 rw-p 00000000 00:00 0 
7f77358b2000-7f77358c9000 r-xp 00000000 08:02 4984896                    /lib/x86_64-linux-gnu/libnsl-2.27.so
7f77358c9000-7f7735ac8000 ---p 00017000 08:02 4984896                    /lib/x86_64-linux-gnu/libnsl-2.27.so
7f7735ac8000-7f7735ac9000 r--p 00016000 08:02 4984896                    /lib/x86_64-linux-gnu/libnsl-2.27.so
7f7735ac9000-7f7735aca000 rw-p 00017000 08:02 4984896                    /lib/x86_64-linux-gnu/libnsl-2.27.so
7f7735aca000-7f7735acc000 rw-p 00000000 00:00 0 
7f7735acc000-7f7735ad7000 r-xp 00000000 08:02 4984913                    /lib/x86_64-linux-gnu/libnss_nis-2.27.so
7f7735ad7000-7f7735cd6000 ---p 0000b000 08:02 4984913                    /lib/x86_64-linux-gnu/libnss_nis-2.27.so
7f7735cd6000-7f7735cd7000 r--p 0000a000 08:02 4984913                    /lib/x86_64-linux-gnu/libnss_nis-2.27.so
7f7735cd7000-7f7735cd8000 rw-p 0000b000 08:02 4984913                    /lib/x86_64-linux-gnu/libnss_nis-2.27.so
7f7735cd8000-7f7735ce0000 r-xp 00000000 08:02 4984905                    /lib/x86_64-linux-gnu/libnss_compat-2.27.so
7f7735ce0000-7f7735ee0000 ---p 00008000 08:02 4984905                    /lib/x86_64-linux-gnu/libnss_compat-2.27.so
7f7735ee0000-7f7735ee1000 r--p 00008000 08:02 4984905                    /lib/x86_64-linux-gnu/libnss_compat-2.27.so
7f7735ee1000-7f7735ee2000 rw-p 00009000 08:02 4984905                    /lib/x86_64-linux-gnu/libnss_compat-2.27.so
7f7735ee2000-7f7735eec000 r-xp 00000000 08:02 526093                     /usr/lib/jvm/java-8-oracle/jre/lib/amd64/libinstrument.so
7f7735eec000-7f77360eb000 ---p 0000a000 08:02 526093                     /usr/lib/jvm/java-8-oracle/jre/lib/amd64/libinstrument.so
7f77360eb000-7f77360ec000 r--p 00009000 08:02 526093                     /usr/lib/jvm/java-8-oracle/jre/lib/amd64/libinstrument.so
7f77360ec000-7f77360ed000 rw-p 0000a000 08:02 526093                     /usr/lib/jvm/java-8-oracle/jre/lib/amd64/libinstrument.so
7f77360ed000-7f7736119000 r-xp 00000000 08:02 525923                     /usr/lib/jvm/java-8-oracle/jre/lib/amd64/libjava.so
7f7736119000-7f7736319000 ---p 0002c000 08:02 525923                     /usr/lib/jvm/java-8-oracle/jre/lib/amd64/libjava.so
7f7736319000-7f773631a000 r--p 0002c000 08:02 525923                     /usr/lib/jvm/java-8-oracle/jre/lib/amd64/libjava.so
7f773631a000-7f773631c000 rw-p 0002d000 08:02 525923                     /usr/lib/jvm/java-8-oracle/jre/lib/amd64/libjava.so
7f773631c000-7f7736329000 r-xp 00000000 08:02 525928                     /usr/lib/jvm/java-8-oracle/jre/lib/amd64/libverify.so
7f7736329000-7f7736528000 ---p 0000d000 08:02 525928                     /usr/lib/jvm/java-8-oracle/jre/lib/amd64/libverify.so
7f7736528000-7f773652a000 r--p 0000c000 08:02 525928                     /usr/lib/jvm/java-8-oracle/jre/lib/amd64/libverify.so
7f773652a000-7f773652b000 rw-p 0000e000 08:02 525928                     /usr/lib/jvm/java-8-oracle/jre/lib/amd64/libverify.so
7f773652b000-7f7736532000 r-xp 00000000 08:02 4985546                    /lib/x86_64-linux-gnu/librt-2.27.so
7f7736532000-7f7736731000 ---p 00007000 08:02 4985546                    /lib/x86_64-linux-gnu/librt-2.27.so
7f7736731000-7f7736732000 r--p 00006000 08:02 4985546                    /lib/x86_64-linux-gnu/librt-2.27.so
7f7736732000-7f7736733000 rw-p 00007000 08:02 4985546                    /lib/x86_64-linux-gnu/librt-2.27.so
7f7736733000-7f77368d0000 r-xp 00000000 08:02 4984888                    /lib/x86_64-linux-gnu/libm-2.27.so
7f77368d0000-7f7736acf000 ---p 0019d000 08:02 4984888                    /lib/x86_64-linux-gnu/libm-2.27.so
7f7736acf000-7f7736ad0000 r--p 0019c000 08:02 4984888                    /lib/x86_64-linux-gnu/libm-2.27.so
7f7736ad0000-7f7736ad1000 rw-p 0019d000 08:02 4984888                    /lib/x86_64-linux-gnu/libm-2.27.so
7f7736ad1000-7f77377b9000 r-xp 00000000 08:02 525905                     /usr/lib/jvm/java-8-oracle/jre/lib/amd64/server/libjvm.so
7f77377b9000-7f77379b8000 ---p 00ce8000 08:02 525905                     /usr/lib/jvm/java-8-oracle/jre/lib/amd64/server/libjvm.so
7f77379b8000-7f7737a4e000 r--p 00ce7000 08:02 525905                     /usr/lib/jvm/java-8-oracle/jre/lib/amd64/server/libjvm.so
7f7737a4e000-7f7737a7f000 rw-p 00d7d000 08:02 525905                     /usr/lib/jvm/java-8-oracle/jre/lib/amd64/server/libjvm.so
7f7737a7f000-7f7737aba000 rw-p 00000000 00:00 0 
7f7737aba000-7f7737ca1000 r-xp 00000000 08:02 4981327                    /lib/x86_64-linux-gnu/libc-2.27.so
7f7737ca1000-7f7737ea1000 ---p 001e7000 08:02 4981327                    /lib/x86_64-linux-gnu/libc-2.27.so
7f7737ea1000-7f7737ea5000 r--p 001e7000 08:02 4981327                    /lib/x86_64-linux-gnu/libc-2.27.so
7f7737ea5000-7f7737ea7000 rw-p 001eb000 08:02 4981327                    /lib/x86_64-linux-gnu/libc-2.27.so
7f7737ea7000-7f7737eab000 rw-p 00000000 00:00 0 
7f7737eab000-7f7737eae000 r-xp 00000000 08:02 4981762                    /lib/x86_64-linux-gnu/libdl-2.27.so
7f7737eae000-7f77380ad000 ---p 00003000 08:02 4981762                    /lib/x86_64-linux-gnu/libdl-2.27.so
7f77380ad000-7f77380ae000 r--p 00002000 08:02 4981762                    /lib/x86_64-linux-gnu/libdl-2.27.so
7f77380ae000-7f77380af000 rw-p 00003000 08:02 4981762                    /lib/x86_64-linux-gnu/libdl-2.27.so
7f77380af000-7f77380c6000 r-xp 00000000 08:02 393646                     /usr/lib/jvm/java-8-oracle/lib/amd64/jli/libjli.so
7f77380c6000-7f77382c5000 ---p 00017000 08:02 393646                     /usr/lib/jvm/java-8-oracle/lib/amd64/jli/libjli.so
7f77382c5000-7f77382c6000 r--p 00016000 08:02 393646                     /usr/lib/jvm/java-8-oracle/lib/amd64/jli/libjli.so
7f77382c6000-7f77382c7000 rw-p 00017000 08:02 393646                     /usr/lib/jvm/java-8-oracle/lib/amd64/jli/libjli.so
7f77382c7000-7f77382e1000 r-xp 00000000 08:02 4985542                    /lib/x86_64-linux-gnu/libpthread-2.27.so
7f77382e1000-7f77384e0000 ---p 0001a000 08:02 4985542                    /lib/x86_64-linux-gnu/libpthread-2.27.so
7f77384e0000-7f77384e1000 r--p 00019000 08:02 4985542                    /lib/x86_64-linux-gnu/libpthread-2.27.so
7f77384e1000-7f77384e2000 rw-p 0001a000 08:02 4985542                    /lib/x86_64-linux-gnu/libpthread-2.27.so
7f77384e2000-7f77384e6000 rw-p 00000000 00:00 0 
7f77384e6000-7f773850d000 r-xp 00000000 08:02 4981192                    /lib/x86_64-linux-gnu/ld-2.27.so
7f773850d000-7f773850f000 r--s 00005000 08:02 6160854                    /home/rafal/.m2/repository/jakarta/annotation/jakarta.annotation-api/1.3.5/jakarta.annotation-api-1.3.5.jar
7f773850f000-7f7738511000 r--s 00000000 08:02 6818513                    /home/rafal/.m2/repository/org/slf4j/jul-to-slf4j/1.7.30/jul-to-slf4j-1.7.30.jar
7f7738511000-7f7738513000 r--s 00003000 08:02 6034392                    /home/rafal/.m2/repository/org/apache/logging/log4j/log4j-to-slf4j/2.12.1/log4j-to-slf4j-2.12.1.jar
7f7738513000-7f7738519000 r--s 00041000 08:02 8783828                    /home/rafal/.m2/repository/ch/qos/logback/logback-classic/1.2.3/logback-classic-1.2.3.jar
7f7738519000-7f773851a000 r--s 00000000 08:02 6558930                    /home/rafal/.m2/repository/org/springframework/boot/spring-boot-starter-logging/2.2.3.RELEASE/spring-boot-starter-logging-2.2.3.RELEASE.jar
7f773851a000-7f773851b000 r--s 00000000 08:02 6818525                    /home/rafal/.m2/repository/org/springframework/boot/spring-boot-starter/2.2.3.RELEASE/spring-boot-starter-2.2.3.RELEASE.jar
7f773851b000-7f773851f000 r--s 000a1000 08:02 398679                     /usr/lib/jvm/java-8-oracle/jre/lib/jsse.jar
7f773851f000-7f773853a000 r--s 0020c000 08:02 397131                     /usr/lib/jvm/java-8-oracle/jre/lib/deploy.jar
7f773853a000-7f77385e3000 rw-p 00000000 00:00 0 
7f77385e3000-7f77385e4000 ---p 00000000 00:00 0 
7f77385e4000-7f77385e7000 ---p 00000000 00:00 0 
7f77385e7000-7f77386e8000 rw-p 00000000 00:00 0 
7f77386e8000-7f77386e9000 r--s 00000000 08:02 6818497                    /home/rafal/.m2/repository/org/springframework/boot/spring-boot-starter-thymeleaf/2.2.3.RELEASE/spring-boot-starter-thymeleaf-2.2.3.RELEASE.jar
7f77386e9000-7f77386ea000 r--s 00000000 08:02 397140                     /usr/lib/jvm/java-8-oracle/jre/lib/management-agent.jar
7f77386ea000-7f77386ec000 r--s 00007000 08:02 398699                     /usr/lib/jvm/java-8-oracle/jre/lib/jfxswt.jar
7f77386ec000-7f77386f1000 r--s 00084000 08:02 397130                     /usr/lib/jvm/java-8-oracle/jre/lib/jfr.jar
7f77386f1000-7f77386f4000 r--s 0001a000 08:02 398697                     /usr/lib/jvm/java-8-oracle/jre/lib/jce.jar
7f77386f4000-7f77386fe000 r--s 0006e000 08:02 397240                     /usr/lib/jvm/java-8-oracle/jre/lib/javaws.jar
7f77386fe000-7f7738703000 r--s 002f9000 08:02 398620                     /usr/lib/jvm/java-8-oracle/jre/lib/charsets.jar
7f7738703000-7f773870b000 rw-s 00000000 08:02 2235830                    /tmp/hsperfdata_rafal/22462
7f773870b000-7f773870c000 rw-p 00000000 00:00 0 
7f773870c000-7f773870d000 ---p 00000000 00:00 0 
7f773870d000-7f773870e000 r--p 00027000 08:02 4981192                    /lib/x86_64-linux-gnu/ld-2.27.so
7f773870e000-7f773870f000 rw-p 00028000 08:02 4981192                    /lib/x86_64-linux-gnu/ld-2.27.so
7f773870f000-7f7738710000 rw-p 00000000 00:00 0 
7ffdeacbc000-7ffdeace0000 rw-p 00000000 00:00 0                          [stack]
7ffdead90000-7ffdead93000 r--p 00000000 00:00 0                          [vvar]
7ffdead93000-7ffdead94000 r-xp 00000000 00:00 0                          [vdso]
ffffffffff600000-ffffffffff601000 --xp 00000000 00:00 0                  [vsyscall]

VM Arguments:
jvm_args: -XX:TieredStopAtLevel=1 -Xverify:none -Dspring.output.ansi.enabled=always -Dcom.sun.management.jmxremote -Dspring.jmx.enabled=true -Dspring.liveBeansView.mbeanDomain -Dspring.application.admin.enabled=true -javaagent:/snap/intellij-idea-ultimate/242/lib/idea_rt.jar=46069:/snap/intellij-idea-ultimate/242/bin -Dfile.encoding=UTF-8 
java_command: com.shop.demo.DemoApplication
java_class_path (initial): /usr/lib/jvm/java-8-oracle/jre/lib/charsets.jar:/usr/lib/jvm/java-8-oracle/jre/lib/deploy.jar:/usr/lib/jvm/java-8-oracle/jre/lib/ext/cldrdata.jar:/usr/lib/jvm/java-8-oracle/jre/lib/ext/dnsns.jar:/usr/lib/jvm/java-8-oracle/jre/lib/ext/jaccess.jar:/usr/lib/jvm/java-8-oracle/jre/lib/ext/jfxrt.jar:/usr/lib/jvm/java-8-oracle/jre/lib/ext/localedata.jar:/usr/lib/jvm/java-8-oracle/jre/lib/ext/nashorn.jar:/usr/lib/jvm/java-8-oracle/jre/lib/ext/sunec.jar:/usr/lib/jvm/java-8-oracle/jre/lib/ext/sunjce_provider.jar:/usr/lib/jvm/java-8-oracle/jre/lib/ext/sunpkcs11.jar:/usr/lib/jvm/java-8-oracle/jre/lib/ext/zipfs.jar:/usr/lib/jvm/java-8-oracle/jre/lib/javaws.jar:/usr/lib/jvm/java-8-oracle/jre/lib/jce.jar:/usr/lib/jvm/java-8-oracle/jre/lib/jfr.jar:/usr/lib/jvm/java-8-oracle/jre/lib/jfxswt.jar:/usr/lib/jvm/java-8-oracle/jre/lib/jsse.jar:/usr/lib/jvm/java-8-oracle/jre/lib/management-agent.jar:/usr/lib/jvm/java-8-oracle/jre/lib/plugin.jar:/usr/lib/jvm/java-8-oracle/jre/lib/resources.jar:/usr/lib/jvm/java-8-oracle/jre/lib/rt.jar:/home/rafal/Dokumenty/PROJEKTY JAVA/thymeleaf/demo/target/classes:/home/rafal/.m2/repository/org/springframework/boot/spring-boot-starter-thymeleaf/2.2.3.RELEASE/spring-boot-starter-thymeleaf-2.2.3.RELEASE.jar:/home/rafal/.m2/repository/org/springframework/boot/spring-boot-starter/2.2.3.RELEASE/spring-boot-starter-2.2.3.RELEASE.jar:/home/rafal/.m2/repository/org/springframework/boot/spring-boot-starter-logging/2.2.3.RELEASE/spring-boot-starter-logging-2.2.3.RELEASE.jar:/home/rafal/.m2/repository/ch/qos/logback/logback-classic/1.2.3/logback-classic-1.2.3.jar:/home/rafal/.m2/repository/ch/qos/logback/logback-core/1.2.3/logback-core-1.2.3.jar:/home/rafal/.m2/repository/org/apache/logging/log4j/log4j-to-slf4j/2.12.1/log4j-to-slf4j-2.12.1.jar:/home/rafal/.m2/repository/org/apache/logging/log4j/log4j-api/2.12.1/log4j-api-2.12.1.jar:/home/rafal/.m2/repository/org/slf4j/jul-to-slf4j/1.7.30/jul-to-slf4j-1.7.30.jar:/home/rafal/.m2/repository/
Launcher Type: SUN_STANDARD

Environment Variables:
JAVA_HOME=/usr/lib/jvm/java-8-oracle
PATH=/home/rafal/.local/bin:/usr/local/sbin:/usr/local/bin:/usr/sbin:/usr/bin:/sbin:/bin:/usr/games:/usr/local/games:/snap/bin:/usr/lib/jvm/java-8-oracle/bin:/usr/lib/jvm/java-8-oracle/db/bin:/usr/lib/jvm/java-8-oracle/jre/bin
USERNAME=rafal
SHELL=/bin/bash
DISPLAY=:0

Signal Handlers:
SIGSEGV: [libjvm.so+0xad3e60], sa_mask[0]=11111111011111111101111111111110, sa_flags=SA_RESTART|SA_SIGINFO
SIGBUS: [libjvm.so+0xad3e60], sa_mask[0]=11111111011111111101111111111110, sa_flags=SA_RESTART|SA_SIGINFO
SIGFPE: [libjvm.so+0x90b880], sa_mask[0]=11111111011111111101111111111110, sa_flags=SA_RESTART|SA_SIGINFO
SIGPIPE: [libjvm.so+0x90b880], sa_mask[0]=11111111011111111101111111111110, sa_flags=SA_RESTART|SA_SIGINFO
SIGXFSZ: [libjvm.so+0x90b880], sa_mask[0]=11111111011111111101111111111110, sa_flags=SA_RESTART|SA_SIGINFO
SIGILL: [libjvm.so+0x90b880], sa_mask[0]=11111111011111111101111111111110, sa_flags=SA_RESTART|SA_SIGINFO
SIGUSR1: SIG_DFL, sa_mask[0]=00000000000000000000000000000000, sa_flags=none
SIGUSR2: [libjvm.so+0x90b750], sa_mask[0]=00100000000000000000000000000000, sa_flags=SA_RESTART|SA_SIGINFO
SIGHUP: [libjvm.so+0x90bd70], sa_mask[0]=11111111011111111101111111111110, sa_flags=SA_RESTART|SA_SIGINFO
SIGINT: [libjvm.so+0x90bd70], sa_mask[0]=11111111011111111101111111111110, sa_flags=SA_RESTART|SA_SIGINFO
SIGTERM: [libjvm.so+0x90bd70], sa_mask[0]=11111111011111111101111111111110, sa_flags=SA_RESTART|SA_SIGINFO
SIGQUIT: [libjvm.so+0x90bd70], sa_mask[0]=11111111011111111101111111111110, sa_flags=SA_RESTART|SA_SIGINFO


---------------  S Y S T E M  ---------------

OS:DISTRIB_ID=Ubuntu
DISTRIB_RELEASE=18.04
DISTRIB_CODENAME=bionic
DISTRIB_DESCRIPTION="Ubuntu 18.04.4 LTS"

uname:Linux 5.4.0-42-generic #46~18.04.1-Ubuntu SMP Fri Jul 10 07:21:24 UTC 2020 x86_64
libc:glibc 2.27 NPTL 2.27 
rlimit: STACK 8192k, CORE 0k, NPROC 63034, NOFILE 1048576, AS infinity
load average:3,64 3,46 2,44

/proc/meminfo:
MemTotal:       16184664 kB
MemFree:         3572100 kB
MemAvailable:    8880680 kB
Buffers:          828552 kB
Cached:          5447164 kB
SwapCached:            0 kB
Active:          8679224 kB
Inactive:        2796524 kB
Active(anon):    5765788 kB
Inactive(anon):   310120 kB
Active(file):    2913436 kB
Inactive(file):  2486404 kB
Unevictable:      564440 kB
Mlocked:              72 kB
SwapTotal:       2097148 kB
SwapFree:        2097148 kB
Dirty:             20068 kB
Writeback:             0 kB
AnonPages:       5764280 kB
Mapped:          1092584 kB
Shmem:            875880 kB
KReclaimable:     250164 kB
Slab:             380732 kB
SReclaimable:     250164 kB
SUnreclaim:       130568 kB
KernelStack:       22768 kB
PageTables:        93744 kB
NFS_Unstable:          0 kB
Bounce:                0 kB
WritebackTmp:          0 kB
CommitLimit:    10189480 kB
Committed_AS:   18019372 kB
VmallocTotal:   34359738367 kB
VmallocUsed:       45684 kB
VmallocChunk:          0 kB
Percpu:             3552 kB
HardwareCorrupted:     0 kB
AnonHugePages:         0 kB
ShmemHugePages:        0 kB
ShmemPmdMapped:        0 kB
FileHugePages:         0 kB
FilePmdMapped:         0 kB
CmaTotal:              0 kB
CmaFree:               0 kB
HugePages_Total:       0
HugePages_Free:        0
HugePages_Rsvd:        0
HugePages_Surp:        0
Hugepagesize:       2048 kB
Hugetlb:               0 kB
DirectMap4k:      477812 kB
DirectMap2M:    11890688 kB
DirectMap1G:     4194304 kB

container (cgroup) information:
container_type: cgroupv1
cpu_cpuset_cpus: 0-7
cpu_memory_nodes: 0
active_processor_count: 8
cpu_quota: -1
cpu_period: 100000
cpu_shares: -1
memory_limit_in_bytes: -1
memory_and_swap_limit_in_bytes: -2
memory_soft_limit_in_bytes: -1
memory_usage_in_bytes: 12329132032
memory_max_usage_in_bytes: 0


CPU:total 8 (initial active 8) (4 cores per cpu, 2 threads per core) family 6 model 142 stepping 10, cmov, cx8, fxsr, mmx, sse, sse2, sse3, ssse3, sse4.1, sse4.2, popcnt, avx, avx2, aes, clmul, erms, 3dnowpref, lzcnt, ht, tsc, tscinvbit, bmi1, bmi2, adx

/proc/cpuinfo:
processor	: 0
vendor_id	: GenuineIntel
cpu family	: 6
model		: 142
model name	: Intel(R) Core(TM) i5-8250U CPU @ 1.60GHz
stepping	: 10
microcode	: 0xd6
cpu MHz		: 3085.205
cache size	: 6144 KB
physical id	: 0
siblings	: 8
core id		: 0
cpu cores	: 4
apicid		: 0
initial apicid	: 0
fpu		: yes
fpu_exception	: yes
cpuid level	: 22
wp		: yes
flags		: fpu vme de pse tsc msr pae mce cx8 apic sep mtrr pge mca cmov pat pse36 clflush dts acpi mmx fxsr sse sse2 ss ht tm pbe syscall nx pdpe1gb rdtscp lm constant_tsc art arch_perfmon pebs bts rep_good nopl xtopology nonstop_tsc cpuid aperfmperf pni pclmulqdq dtes64 monitor ds_cpl vmx est tm2 ssse3 sdbg fma cx16 xtpr pdcm pcid sse4_1 sse4_2 x2apic movbe popcnt tsc_deadline_timer aes xsave avx f16c rdrand lahf_lm abm 3dnowprefetch cpuid_fault epb invpcid_single pti ssbd ibrs ibpb stibp tpr_shadow vnmi flexpriority ept vpid ept_ad fsgsbase tsc_adjust bmi1 avx2 smep bmi2 erms invpcid mpx rdseed adx smap clflushopt intel_pt xsaveopt xsavec xgetbv1 xsaves dtherm ida arat pln pts hwp hwp_notify hwp_act_window hwp_epp md_clear flush_l1d
bugs		: cpu_meltdown spectre_v1 spectre_v2 spec_store_bypass l1tf mds swapgs itlb_multihit srbds
bogomips	: 3600.00
clflush size	: 64
cache_alignment	: 64
address sizes	: 39 bits physical, 48 bits virtual
power management:

processor	: 1
vendor_id	: GenuineIntel
cpu family	: 6
model		: 142
model name	: Intel(R) Core(TM) i5-8250U CPU @ 1.60GHz
stepping	: 10
microcode	: 0xd6
cpu MHz		: 3085.332
cache size	: 6144 KB
physical id	: 0
siblings	: 8
core id		: 1
cpu cores	: 4
apicid		: 2
initial apicid	: 2
fpu		: yes
fpu_exception	: yes
cpuid level	: 22
wp		: yes
flags		: fpu vme de pse tsc msr pae mce cx8 apic sep mtrr pge mca cmov pat pse36 clflush dts acpi mmx fxsr sse sse2 ss ht tm pbe syscall nx pdpe1gb rdtscp lm constant_tsc art arch_perfmon pebs bts rep_good nopl xtopology nonstop_tsc cpuid aperfmperf pni pclmulqdq dtes64 monitor ds_cpl vmx est tm2 ssse3 sdbg fma cx16 xtpr pdcm pcid sse4_1 sse4_2 x2apic movbe popcnt tsc_deadline_timer aes xsave avx f16c rdrand lahf_lm abm 3dnowprefetch cpuid_fault epb invpcid_single pti ssbd ibrs ibpb stibp tpr_shadow vnmi flexpriority ept vpid ept_ad fsgsbase tsc_adjust bmi1 avx2 smep bmi2 erms invpcid mpx rdseed adx smap clflushopt intel_pt xsaveopt xsavec xgetbv1 xsaves dtherm ida arat pln pts hwp hwp_notify hwp_act_window hwp_epp md_clear flush_l1d
bugs		: cpu_meltdown spectre_v1 spectre_v2 spec_store_bypass l1tf mds swapgs itlb_multihit srbds
bogomips	: 3600.00
clflush size	: 64
cache_alignment	: 64
address sizes	: 39 bits physical, 48 bits virtual
power management:

processor	: 2
vendor_id	: GenuineIntel
cpu family	: 6
model		: 142
model name	: Intel(R) Core(TM) i5-8250U CPU @ 1.60GHz
stepping	: 10
microcode	: 0xd6
cpu MHz		: 3085.446
cache size	: 6144 KB
physical id	: 0
siblings	: 8
core id		: 2
cpu cores	: 4
apicid		: 4
initial apicid	: 4
fpu		: yes
fpu_exception	: yes
cpuid level	: 22
wp		: yes
flags		: fpu vme de pse tsc msr pae mce cx8 apic sep mtrr pge mca cmov pat pse36 clflush dts acpi mmx fxsr sse sse2 ss ht tm pbe syscall nx pdpe1gb rdtscp lm constant_tsc art arch_perfmon pebs bts rep_good nopl xtopology nonstop_tsc cpuid aperfmperf pni pclmulqdq dtes64 monitor ds_cpl vmx est tm2 ssse3 sdbg fma cx16 xtpr pdcm pcid sse4_1 sse4_2 x2apic movbe popcnt tsc_deadline_timer aes xsave avx f16c rdrand lahf_lm abm 3dnowprefetch cpuid_fault epb invpcid_single pti ssbd ibrs ibpb stibp tpr_shadow vnmi flexpriority ept vpid ept_ad fsgsbase tsc_adjust bmi1 avx2 smep bmi2 erms invpcid mpx rdseed adx smap clflushopt intel_pt xsaveopt xsavec xgetbv1 xsaves dtherm ida arat pln pts hwp hwp_notify hwp_act_window hwp_epp md_clear flush_l1d
bugs		: cpu_meltdown spectre_v1 spectre_v2 spec_store_bypass l1tf mds swapgs itlb_multihit srbds
bogomips	: 3600.00
clflush size	: 64
cache_alignment	: 64
address sizes	: 39 bits physical, 48 bits virtual
power management:

processor	: 3
vendor_id	: GenuineIntel
cpu family	: 6
model		: 142
model name	: Intel(R) Core(TM) i5-8250U CPU @ 1.60GHz
stepping	: 10
microcode	: 0xd6
cpu MHz		: 3066.843
cache size	: 6144 KB
physical id	: 0
siblings	: 8
core id		: 3
cpu cores	: 4
apicid		: 6
initial apicid	: 6
fpu		: yes
fpu_exception	: yes
cpuid level	: 22
wp		: yes
flags		: fpu vme de pse tsc msr pae mce cx8 apic sep mtrr pge mca cmov pat pse36 clflush dts acpi mmx fxsr sse sse2 ss ht tm pbe syscall nx pdpe1gb rdtscp lm constant_tsc art arch_perfmon pebs bts rep_good nopl xtopology nonstop_tsc cpuid aperfmperf pni pclmulqdq dtes64 monitor ds_cpl vmx est tm2 ssse3 sdbg fma cx16 xtpr pdcm pcid sse4_1 sse4_2 x2apic movbe popcnt tsc_deadline_timer aes xsave avx f16c rdrand lahf_lm abm 3dnowprefetch cpuid_fault epb invpcid_single pti ssbd ibrs ibpb stibp tpr_shadow vnmi flexpriority ept vpid ept_ad fsgsbase tsc_adjust bmi1 avx2 smep bmi2 erms invpcid mpx rdseed adx smap clflushopt intel_pt xsaveopt xsavec xgetbv1 xsaves dtherm ida arat pln pts hwp hwp_notify hwp_act_window hwp_epp md_clear flush_l1d
bugs		: cpu_meltdown spectre_v1 spectre_v2 spec_store_bypass l1tf mds swapgs itlb_multihit srbds
bogomips	: 3600.00
clflush size	: 64
cache_alignment	: 64
address sizes	: 39 bits physical, 48 bits virtual
power management:

processor	: 4
vendor_id	: GenuineIntel
cpu family	: 6
model		: 142
model name	: Intel(R) Core(TM) i5-8250U CPU @ 1.60GHz
stepping	: 10
microcode	: 0xd6
cpu MHz		: 3085.663
cache size	: 6144 KB
physical id	: 0
siblings	: 8
core id		: 0
cpu cores	: 4
apicid		: 1
initial apicid	: 1
fpu		: yes
fpu_exception	: yes
cpuid level	: 22
wp		: yes
flags		: fpu vme de pse tsc msr pae mce cx8 apic sep mtrr pge mca cmov pat pse36 clflush dts acpi mmx fxsr sse sse2 ss ht tm pbe syscall nx pdpe1gb rdtscp lm constant_tsc art arch_perfmon pebs bts rep_good nopl xtopology nonstop_tsc cpuid aperfmperf pni pclmulqdq dtes64 monitor ds_cpl vmx est tm2 ssse3 sdbg fma cx16 xtpr pdcm pcid sse4_1 sse4_2 x2apic movbe popcnt tsc_deadline_timer aes xsave avx f16c rdrand lahf_lm abm 3dnowprefetch cpuid_fault epb invpcid_single pti ssbd ibrs ibpb stibp tpr_shadow vnmi flexpriority ept vpid ept_ad fsgsbase tsc_adjust bmi1 avx2 smep bmi2 erms invpcid mpx rdseed adx smap clflushopt intel_pt xsaveopt xsavec xgetbv1 xsaves dtherm ida arat pln pts hwp hwp_notify hwp_act_window hwp_epp md_clear flush_l1d
bugs		: cpu_meltdown spectre_v1 spectre_v2 spec_store_bypass l1tf mds swapgs itlb_multihit srbds
bogomips	: 3600.00
clflush size	: 64
cache_alignment	: 64
address sizes	: 39 bits physical, 48 bits virtual
power management:

processor	: 5
vendor_id	: GenuineIntel
cpu family	: 6
model		: 142
model name	: Intel(R) Core(TM) i5-8250U CPU @ 1.60GHz
stepping	: 10
microcode	: 0xd6
cpu MHz		: 3085.773
cache size	: 6144 KB
physical id	: 0
siblings	: 8
core id		: 1
cpu cores	: 4
apicid		: 3
initial apicid	: 3
fpu		: yes
fpu_exception	: yes
cpuid level	: 22
wp		: yes
flags		: fpu vme de pse tsc msr pae mce cx8 apic sep mtrr pge mca cmov pat pse36 clflush dts acpi mmx fxsr sse sse2 ss ht tm pbe syscall nx pdpe1gb rdtscp lm constant_tsc art arch_perfmon pebs bts rep_good nopl xtopology nonstop_tsc cpuid aperfmperf pni pclmulqdq dtes64 monitor ds_cpl vmx est tm2 ssse3 sdbg fma cx16 xtpr pdcm pcid sse4_1 sse4_2 x2apic movbe popcnt tsc_deadline_timer aes xsave avx f16c rdrand lahf_lm abm 3dnowprefetch cpuid_fault epb invpcid_single pti ssbd ibrs ibpb stibp tpr_shadow vnmi flexpriority ept vpid ept_ad fsgsbase tsc_adjust bmi1 avx2 smep bmi2 erms invpcid mpx rdseed adx smap clflushopt intel_pt xsaveopt xsavec xgetbv1 xsaves dtherm ida arat pln pts hwp hwp_notify hwp_act_window hwp_epp md_clear flush_l1d
bugs		: cpu_meltdown spectre_v1 spectre_v2 spec_store_bypass l1tf mds swapgs itlb_multihit srbds
bogomips	: 3600.00
clflush size	: 64
cache_alignment	: 64
address sizes	: 39 bits physical, 48 bits virtual
power management:

processor	: 6
vendor_id	: GenuineIntel
cpu family	: 6
model		: 142
model name	: Intel(R) Core(TM) i5-8250U CPU @ 1.60GHz
stepping	: 10
microcode	: 0xd6
cpu MHz		: 3085.879
cache size	: 6144 KB
physical id	: 0
siblings	: 8
core id		: 2
cpu cores	: 4
apicid		: 5
initial apicid	: 5
fpu		: yes
fpu_exception	: yes
cpuid level	: 22
wp		: yes
flags		: fpu vme de pse tsc msr pae mce cx8 apic sep mtrr pge mca cmov pat pse36 clflush dts acpi mmx fxsr sse sse2 ss ht tm pbe syscall nx pdpe1gb rdtscp lm constant_tsc art arch_perfmon pebs bts rep_good nopl xtopology nonstop_tsc cpuid aperfmperf pni pclmulqdq dtes64 monitor ds_cpl vmx est tm2 ssse3 sdbg fma cx16 xtpr pdcm pcid sse4_1 sse4_2 x2apic movbe popcnt tsc_deadline_timer aes xsave avx f16c rdrand lahf_lm abm 3dnowprefetch cpuid_fault epb invpcid_single pti ssbd ibrs ibpb stibp tpr_shadow vnmi flexpriority ept vpid ept_ad fsgsbase tsc_adjust bmi1 avx2 smep bmi2 erms invpcid mpx rdseed adx smap clflushopt intel_pt xsaveopt xsavec xgetbv1 xsaves dtherm ida arat pln pts hwp hwp_notify hwp_act_window hwp_epp md_clear flush_l1d
bugs		: cpu_meltdown spectre_v1 spectre_v2 spec_store_bypass l1tf mds swapgs itlb_multihit srbds
bogomips	: 3600.00
clflush size	: 64
cache_alignment	: 64
address sizes	: 39 bits physical, 48 bits virtual
power management:

processor	: 7
vendor_id	: GenuineIntel
cpu family	: 6
model		: 142
model name	: Intel(R) Core(TM) i5-8250U CPU @ 1.60GHz
stepping	: 10
microcode	: 0xd6
cpu MHz		: 3085.988
cache size	: 6144 KB
physical id	: 0
siblings	: 8
core id		: 3
cpu cores	: 4
apicid		: 7
initial apicid	: 7
fpu		: yes
fpu_exception	: yes
cpuid level	: 22
wp		: yes
flags		: fpu vme de pse tsc msr pae mce cx8 apic sep mtrr pge mca cmov pat pse36 clflush dts acpi mmx fxsr sse sse2 ss ht tm pbe syscall nx pdpe1gb rdtscp lm constant_tsc art arch_perfmon pebs bts rep_good nopl xtopology nonstop_tsc cpuid aperfmperf pni pclmulqdq dtes64 monitor ds_cpl vmx est tm2 ssse3 sdbg fma cx16 xtpr pdcm pcid sse4_1 sse4_2 x2apic movbe popcnt tsc_deadline_timer aes xsave avx f16c rdrand lahf_lm abm 3dnowprefetch cpuid_fault epb invpcid_single pti ssbd ibrs ibpb stibp tpr_shadow vnmi flexpriority ept vpid ept_ad fsgsbase tsc_adjust bmi1 avx2 smep bmi2 erms invpcid mpx rdseed adx smap clflushopt intel_pt xsaveopt xsavec xgetbv1 xsaves dtherm ida arat pln pts hwp hwp_notify hwp_act_window hwp_epp md_clear flush_l1d
bugs		: cpu_meltdown spectre_v1 spectre_v2 spec_store_bypass l1tf mds swapgs itlb_multihit srbds
bogomips	: 3600.00
clflush size	: 64
cache_alignment	: 64
address sizes	: 39 bits physical, 48 bits virtual
power management:



Memory: 4k page, physical 16184664k(3572100k free), swap 2097148k(2097148k free)

vm_info: Java HotSpot(TM) 64-Bit Server VM (25.201-b09) for linux-amd64 JRE (1.8.0_201-b09), built on Dec 15 2018 11:35:59 by "java_re" with gcc 7.3.0

time: Wed Aug 19 14:21:44 2020
timezone: CEST
elapsed time: 2 seconds (0d 0h 0m 2s)

