#
# A fatal error has been detected by the Java Runtime Environment:
#
#  SIGSEGV (0xb) at pc=0x00007f464c1087d2, pid=11664, tid=0x00007f4648e92700
#
# JRE version: Java(TM) SE Runtime Environment (8.0_201-b09) (build 1.8.0_201-b09)
# Java VM: Java HotSpot(TM) 64-Bit Server VM (25.201-b09 mixed mode linux-amd64 compressed oops)
# Problematic frame:
# V  [libjvm.so+0x9877d2]  oopDesc* PSPromotionManager::copy_to_survivor_space<false>(oopDesc*)+0x3b2
#
# Failed to write core dump. Core dumps have been disabled. To enable core dumping, try "ulimit -c unlimited" before starting Java again
#
# If you would like to submit a bug report, please visit:
#   http://bugreport.java.com/bugreport/crash.jsp
#

---------------  T H R E A D  ---------------

Current thread (0x00007f464402a800):  GCTaskThread [stack: 0x00007f4648d93000,0x00007f4648e93000] [id=11677]

siginfo: si_signo: 11 (SIGSEGV), si_code: 1 (SEGV_MAPERR), si_addr: 0x0000000000000010

Registers:
RAX=0x0000000000000008, RBX=0x00000007765a8410, RCX=0x0000000000000003, RDX=0x0000000000000001
RSP=0x00007f4648e91bd0, RBP=0x00007f4648e91c60, RSI=0x00000007765a8410, RDI=0x00007f46441cb5c0
R8 =0x0000000000000000, R9 =0x0000000000000000, R10=0x00007f464c719da0, R11=0x00000007779cbab8
R12=0x00007f46441cb5c0, R13=0x0000000000000000, R14=0x00007f46441cb628, R15=0x00007f464c719db0
RIP=0x00007f464c1087d2, EFLAGS=0x0000000000010202, CSGSFS=0x002b000000000033, ERR=0x0000000000000004
  TRAPNO=0x000000000000000e

Top of Stack: (sp=0x00007f4648e91bd0)
0x00007f4648e91bd0:   00007f4648e91c60 00007f464c107441
0x00007f4648e91be0:   0000008000000000 0000000000000068
0x00007f4648e91bf0:   00007f460000000d 0000000000000001
0x00007f4648e91c00:   00000007779c8000 0000000000001000
0x00007f4648e91c10:   00007f46441cb5c0 0000000000000000
0x00007f4648e91c20:   000000000000005f 00007f464402b750
0x00007f4648e91c30:   00007f464402b728 00007f46441cb5c0
0x00007f4648e91c40:   00000007779cba70 0000000000000000
0x00007f4648e91c50:   00007f46441cb628 00007f464c719db0
0x00007f4648e91c60:   00007f4648e91cb0 00007f464c108048
0x00007f4648e91c70:   00007f4648e91cb0 00007f464bdcbe8e
0x00007f4648e91c80:   00007f4644026660 00000006c9522000
0x00007f4648e91c90:   00007f4644016250 0000000000000240
0x00007f4648e91ca0:   00007f46495bd981 00007f46495bd910
0x00007f4648e91cb0:   00007f4648e91d70 00007f464bb5239e
0x00007f4648e91cc0:   00007f46441cb628 00007f46495bd980
0x00007f4648e91cd0:   00007f46495bb100 0000000000000100
0x00007f4648e91ce0:   00007f46495bb000 00007f46441cb5c0
0x00007f4648e91cf0:   00000006c9522018 00000006ca082778
0x00007f4648e91d00:   00000006c9530010 00007f46495bd900
0x00007f4648e91d10:   0000000000000400 00007f46495bd901
0x00007f4648e91d20:   00007f46495c3414 00007f46495bd800
0x00007f4648e91d30:   00007f46495bd910 00007f4644016000
0x00007f4648e91d40:   00007f4644026710 00007f464405c980
0x00007f4648e91d50:   00007f46441cb5c0 00007f464402a800
0x00007f4648e91d60:   0000000000000000 00007f464c73e188
0x00007f4648e91d70:   00007f4648e91da0 00007f464c10c139
0x00007f4648e91d80:   0000000000000008 00007f464c10c101
0x00007f4648e91d90:   0000000000000001 00007f464405c980
0x00007f4648e91da0:   00007f4648e91eb0 00007f464bd44666
0x00007f4648e91db0:   00000000000003d8 00007f464402abc0
0x00007f4648e91dc0:   00007f464402afe8 00007f464402ac10 

Instructions: (pc=0x00007f464c1087d2)
0x00007f464c1087b2:   ff ff 0f 1f 40 00 4c 8d 15 e1 15 61 00 8b 46 08
0x00007f464c1087c2:   48 89 f3 49 89 fc 41 8b 4a 08 48 d3 e0 49 03 02
0x00007f464c1087d2:   8b 48 08 83 f9 00 0f 8f 92 fd ff ff 0f 84 0c fe
0x00007f464c1087e2:   ff ff 80 fa 01 48 8d 15 fe 94 5f 00 48 19 c0 83 

Register to memory mapping:

RAX=0x0000000000000008 is an unknown value
RBX=0x00000007765a8410 is an unknown value
RCX=0x0000000000000003 is an unknown value
RDX=0x0000000000000001 is an unknown value
RSP=0x00007f4648e91bd0 is an unknown value
RBP=0x00007f4648e91c60 is an unknown value
RSI=0x00000007765a8410 is an unknown value
RDI=0x00007f46441cb5c0 is an unknown value
R8 =0x0000000000000000 is an unknown value
R9 =0x0000000000000000 is an unknown value
R10=0x00007f464c719da0: <offset 0xf98da0> in /usr/lib/jvm/java-8-oracle/jre/lib/amd64/server/libjvm.so at 0x00007f464b781000
R11=0x00000007779cbab8 is an unknown value
R12=0x00007f46441cb5c0 is an unknown value
R13=0x0000000000000000 is an unknown value
R14=0x00007f46441cb628 is an unknown value
R15=0x00007f464c719db0: <offset 0xf98db0> in /usr/lib/jvm/java-8-oracle/jre/lib/amd64/server/libjvm.so at 0x00007f464b781000


Stack: [0x00007f4648d93000,0x00007f4648e93000],  sp=0x00007f4648e91bd0,  free space=1018k
Native frames: (J=compiled Java code, j=interpreted, Vv=VM code, C=native code)
V  [libjvm.so+0x9877d2]  oopDesc* PSPromotionManager::copy_to_survivor_space<false>(oopDesc*)+0x3b2
V  [libjvm.so+0x987048]  PSPromotionManager::drain_stacks_depth(bool)+0x768
V  [libjvm.so+0x3d139e]  CardTableExtension::scavenge_contents_parallel(ObjectStartArray*, MutableSpace*, HeapWord*, PSPromotionManager*, unsigned int, unsigned int)+0x88e
V  [libjvm.so+0x98b139]  OldToYoungRootsTask::do_it(GCTaskManager*, unsigned int)+0x49
V  [libjvm.so+0x5c3666]  GCTaskThread::run()+0x1b6
V  [libjvm.so+0x90d922]  java_start(Thread*)+0x102


---------------  P R O C E S S  ---------------

Java Threads: ( => current thread )
  0x00007f45d0f40800 JavaThread "Live Reload Server" daemon [_thread_in_native, id=11737, stack(0x00007f45abcff000,0x00007f45abe00000)]
  0x00007f45b4001800 JavaThread "HikariPool-1 connection adder" daemon [_thread_blocked, id=11729, stack(0x00007f461027e000,0x00007f461037f000)]
  0x00007f45d0a46800 JavaThread "container-0" [_thread_blocked, id=11728, stack(0x00007f461037f000,0x00007f4610480000)]
  0x00007f45b8002800 JavaThread "Catalina-utility-2" [_thread_blocked, id=11727, stack(0x00007f46240fc000,0x00007f46241fd000)]
  0x00007f45d0a43800 JavaThread "Catalina-utility-1" [_thread_blocked, id=11726, stack(0x00007f46241fd000,0x00007f46242fe000)]
  0x00007f45d0a16800 JavaThread "HikariPool-1 housekeeper" daemon [_thread_blocked, id=11725, stack(0x00007f4624cfe000,0x00007f4624dff000)]
  0x00007f45d0982000 JavaThread "mysql-cj-abandoned-connection-cleanup" daemon [_thread_blocked, id=11722, stack(0x00007f462c256000,0x00007f462c357000)]
  0x00007f45c8008000 JavaThread "RMI Scheduler(0)" daemon [_thread_blocked, id=11717, stack(0x00007f462c054000,0x00007f462c155000)]
  0x00007f45d4001800 JavaThread "RMI TCP Connection(1)-127.0.0.1" daemon [_thread_in_native, id=11715, stack(0x00007f462c155000,0x00007f462c256000)]
  0x00007f45f8001000 JavaThread "Attach Listener" daemon [_thread_blocked, id=11712, stack(0x00007f462cbed000,0x00007f462ccee000)]
  0x00007f45cc003800 JavaThread "restartedMain" [_thread_blocked, id=11707, stack(0x00007f462ccee000,0x00007f462cdef000)]
  0x00007f46448e8000 JavaThread "Thread-1" [_thread_blocked, id=11706, stack(0x00007f462cdef000,0x00007f462cef0000)]
  0x00007f464471b000 JavaThread "RMI TCP Accept-0" daemon [_thread_in_native, id=11703, stack(0x00007f462d243000,0x00007f462d344000)]
  0x00007f464462d800 JavaThread "Service Thread" daemon [_thread_blocked, id=11702, stack(0x00007f462d764000,0x00007f462d865000)]
  0x00007f4644612800 JavaThread "C1 CompilerThread3" daemon [_thread_blocked, id=11701, stack(0x00007f462da7e000,0x00007f462db7e000)]
  0x00007f4644610000 JavaThread "C2 CompilerThread2" daemon [_thread_blocked, id=11700, stack(0x00007f462db7f000,0x00007f462dc7f000)]
  0x00007f464460e000 JavaThread "C2 CompilerThread1" daemon [_thread_blocked, id=11699, stack(0x00007f462dc80000,0x00007f462dd80000)]
  0x00007f464460c000 JavaThread "C2 CompilerThread0" daemon [_thread_blocked, id=11698, stack(0x00007f462dd81000,0x00007f462de81000)]
  0x00007f464460a000 JavaThread "Monitor Ctrl-Break" daemon [_thread_in_native, id=11697, stack(0x00007f462de81000,0x00007f462df82000)]
  0x00007f464420e000 JavaThread "Signal Dispatcher" daemon [_thread_blocked, id=11696, stack(0x00007f462e2d8000,0x00007f462e3d9000)]
  0x00007f46441da800 JavaThread "Finalizer" daemon [_thread_blocked, id=11688, stack(0x00007f462e7e8000,0x00007f462e8e9000)]
  0x00007f46441d8000 JavaThread "Reference Handler" daemon [_thread_blocked, id=11686, stack(0x00007f462e8e9000,0x00007f462e9ea000)]
  0x00007f4644011000 JavaThread "main" [_thread_blocked, id=11666, stack(0x00007f464d294000,0x00007f464d394000)]

Other Threads:
  0x00007f46441ce800 VMThread [stack: 0x00007f462e9eb000,0x00007f462eaeb000] [id=11684]
  0x00007f4644731000 WatcherThread [stack: 0x00007f462d143000,0x00007f462d243000] [id=11704]

=>0x00007f464402a800 (exited) GCTaskThread [stack: 0x00007f4648d93000,0x00007f4648e93000] [id=11677]

VM state:at safepoint (normal execution)

VM Mutex/Monitor currently owned by a thread:  ([mutex/lock_event])
[0x00007f4644006f60] Threads_lock - owner thread: 0x00007f46441ce800
[0x00007f4644007460] Heap_lock - owner thread: 0x00007f45cc003800

heap address: 0x00000006c9000000, size: 3952 MB, Compressed Oops mode: Zero based, Oop shift amount: 3
Narrow klass base: 0x0000000000000000, Narrow klass shift: 3
Compressed class space size: 1073741824 Address: 0x00000007c0000000

Heap:
 PSYoungGen      total 176128K, used 172208K [0x000000076db00000, 0x0000000779680000, 0x00000007c0000000)
  eden space 161792K, 100% used [0x000000076db00000,0x0000000777900000,0x0000000777900000)
  from space 14336K, 72% used [0x0000000778780000,0x00000007791ac128,0x0000000779580000)
  to   space 14848K, 50% used [0x0000000777900000,0x000000077804a070,0x0000000778780000)
 ParOldGen       total 1043456K, used 877076K [0x00000006c9000000, 0x0000000708b00000, 0x000000076db00000)
  object space 1043456K, 84% used [0x00000006c9000000,0x00000006fe885388,0x0000000708b00000)
 Metaspace       used 52811K, capacity 55786K, committed 55936K, reserved 1097728K
  class space    used 7475K, capacity 8010K, committed 8064K, reserved 1048576K

Card table byte_map: [0x00007f46495bb000,0x00007f4649d74000] byte_map_base: 0x00007f4645f73000

Marking Bits: (ParMarkBitMap*) 0x00007f464c74cd80
 Begin Bits: [0x00007f4610480000, 0x00007f4614240000)
 End Bits:   [0x00007f4614240000, 0x00007f4618000000)

Polling page: 0x00007f464d3bc000

CodeCache: size=245760Kb used=8254Kb max_used=8254Kb free=237505Kb
 bounds [0x00007f4635000000, 0x00007f4635810000, 0x00007f4644000000]
 total_blobs=4857 nmethods=4317 adapters=452
 compilation: enabled

Compilation events (10 events):
Event: 4,175 Thread 0x00007f4644612800 4313       1       org.apache.catalina.security.SecurityUtil::isPackageProtectionEnabled (16 bytes)
Event: 4,175 Thread 0x00007f4644612800 nmethod 4313 0x00007f463580ced0 code [0x00007f463580d020, 0x00007f463580d110]
Event: 4,175 Thread 0x00007f4644612800 4314       1       org.springframework.boot.context.properties.bind.Bindable::box (60 bytes)
Event: 4,176 Thread 0x00007f4644612800 nmethod 4314 0x00007f463580d190 code [0x00007f463580d380, 0x00007f463580d7d8]
Event: 4,176 Thread 0x00007f4644612800 4315       1       org.springframework.boot.context.properties.bind.Bindable::of (25 bytes)
Event: 4,176 Thread 0x00007f4644612800 nmethod 4315 0x00007f463580dc10 code [0x00007f463580dd80, 0x00007f463580dff8]
Event: 4,176 Thread 0x00007f4644612800 4316   !   1       org.springframework.boot.context.properties.bind.Binder::bind (79 bytes)
Event: 4,176 Thread 0x00007f4644612800 nmethod 4316 0x00007f463580e110 code [0x00007f463580e2a0, 0x00007f463580e5e8]
Event: 4,176 Thread 0x00007f4644612800 4317       1       org.springframework.boot.context.properties.bind.Binder::handleBindResult (121 bytes)
Event: 4,177 Thread 0x00007f4644612800 nmethod 4317 0x00007f463580e7d0 code [0x00007f463580ea40, 0x00007f463580f358]

GC Heap History (10 events):
Event: 1,732 GC heap after
Heap after GC invocations=6 (full 1):
 PSYoungGen      total 130560K, used 7535K [0x000000076db00000, 0x0000000776900000, 0x00000007c0000000)
  eden space 120320K, 0% used [0x000000076db00000,0x000000076db00000,0x0000000775080000)
  from space 10240K, 73% used [0x0000000775080000,0x00000007757dbec8,0x0000000775a80000)
  to   space 12288K, 0% used [0x0000000775d00000,0x0000000775d00000,0x0000000776900000)
 ParOldGen       total 111616K, used 10019K [0x00000006c9000000, 0x00000006cfd00000, 0x000000076db00000)
  object space 111616K, 8% used [0x00000006c9000000,0x00000006c99c8eb0,0x00000006cfd00000)
 Metaspace       used 25048K, capacity 26216K, committed 26368K, reserved 1071104K
  class space    used 3447K, capacity 3732K, committed 3840K, reserved 1048576K
}
Event: 2,101 GC heap before
{Heap before GC invocations=7 (full 1):
 PSYoungGen      total 130560K, used 127855K [0x000000076db00000, 0x0000000776900000, 0x00000007c0000000)
  eden space 120320K, 100% used [0x000000076db00000,0x0000000775080000,0x0000000775080000)
  from space 10240K, 73% used [0x0000000775080000,0x00000007757dbec8,0x0000000775a80000)
  to   space 12288K, 0% used [0x0000000775d00000,0x0000000775d00000,0x0000000776900000)
 ParOldGen       total 111616K, used 10019K [0x00000006c9000000, 0x00000006cfd00000, 0x000000076db00000)
  object space 111616K, 8% used [0x00000006c9000000,0x00000006c99c8eb0,0x00000006cfd00000)
 Metaspace       used 29544K, capacity 31306K, committed 31616K, reserved 1077248K
  class space    used 4028K, capacity 4385K, committed 4480K, reserved 1048576K
Event: 2,106 GC heap after
Heap after GC invocations=7 (full 1):
 PSYoungGen      total 132608K, used 9226K [0x000000076db00000, 0x0000000779080000, 0x00000007c0000000)
  eden space 120320K, 0% used [0x000000076db00000,0x000000076db00000,0x0000000775080000)
  from space 12288K, 75% used [0x0000000775d00000,0x0000000776602b98,0x0000000776900000)
  to   space 12800K, 0% used [0x0000000775080000,0x0000000775080000,0x0000000775d00000)
 ParOldGen       total 111616K, used 10027K [0x00000006c9000000, 0x00000006cfd00000, 0x000000076db00000)
  object space 111616K, 8% used [0x00000006c9000000,0x00000006c99caeb0,0x00000006cfd00000)
 Metaspace       used 29544K, capacity 31306K, committed 31616K, reserved 1077248K
  class space    used 4028K, capacity 4385K, committed 4480K, reserved 1048576K
}
Event: 2,382 GC heap before
{Heap before GC invocations=8 (full 1):
 PSYoungGen      total 132608K, used 61364K [0x000000076db00000, 0x0000000779080000, 0x00000007c0000000)
  eden space 120320K, 43% used [0x000000076db00000,0x0000000770dea748,0x0000000775080000)
  from space 12288K, 75% used [0x0000000775d00000,0x0000000776602b98,0x0000000776900000)
  to   space 12800K, 0% used [0x0000000775080000,0x0000000775080000,0x0000000775d00000)
 ParOldGen       total 111616K, used 10027K [0x00000006c9000000, 0x00000006cfd00000, 0x000000076db00000)
  object space 111616K, 8% used [0x00000006c9000000,0x00000006c99caeb0,0x00000006cfd00000)
 Metaspace       used 33554K, capacity 35428K, committed 35496K, reserved 1079296K
  class space    used 4452K, capacity 4820K, committed 4864K, reserved 1048576K
Event: 2,390 GC heap after
Heap after GC invocations=8 (full 1):
 PSYoungGen      total 133120K, used 11609K [0x000000076db00000, 0x0000000779580000, 0x00000007c0000000)
  eden space 120320K, 0% used [0x000000076db00000,0x000000076db00000,0x0000000775080000)
  from space 12800K, 90% used [0x0000000775080000,0x0000000775bd67b8,0x0000000775d00000)
  to   space 14336K, 0% used [0x0000000778780000,0x0000000778780000,0x0000000779580000)
 ParOldGen       total 111616K, used 10035K [0x00000006c9000000, 0x00000006cfd00000, 0x000000076db00000)
  object space 111616K, 8% used [0x00000006c9000000,0x00000006c99cceb0,0x00000006cfd00000)
 Metaspace       used 33554K, capacity 35428K, committed 35496K, reserved 1079296K
  class space    used 4452K, capacity 4820K, committed 4864K, reserved 1048576K
}
Event: 2,390 GC heap before
{Heap before GC invocations=9 (full 2):
 PSYoungGen      total 133120K, used 11609K [0x000000076db00000, 0x0000000779580000, 0x00000007c0000000)
  eden space 120320K, 0% used [0x000000076db00000,0x000000076db00000,0x0000000775080000)
  from space 12800K, 90% used [0x0000000775080000,0x0000000775bd67b8,0x0000000775d00000)
  to   space 14336K, 0% used [0x0000000778780000,0x0000000778780000,0x0000000779580000)
 ParOldGen       total 111616K, used 10035K [0x00000006c9000000, 0x00000006cfd00000, 0x000000076db00000)
  object space 111616K, 8% used [0x00000006c9000000,0x00000006c99cceb0,0x00000006cfd00000)
 Metaspace       used 33554K, capacity 35428K, committed 35496K, reserved 1079296K
  class space    used 4452K, capacity 4820K, committed 4864K, reserved 1048576K
Event: 2,432 GC heap after
Heap after GC invocations=9 (full 2):
 PSYoungGen      total 133120K, used 0K [0x000000076db00000, 0x0000000779580000, 0x00000007c0000000)
  eden space 120320K, 0% used [0x000000076db00000,0x000000076db00000,0x0000000775080000)
  from space 12800K, 0% used [0x0000000775080000,0x0000000775080000,0x0000000775d00000)
  to   space 14336K, 0% used [0x0000000778780000,0x0000000778780000,0x0000000779580000)
 ParOldGen       total 182784K, used 16897K [0x00000006c9000000, 0x00000006d4280000, 0x000000076db00000)
  object space 182784K, 9% used [0x00000006c9000000,0x00000006ca080778,0x00000006d4280000)
 Metaspace       used 33554K, capacity 35428K, committed 35496K, reserved 1079296K
  class space    used 4452K, capacity 4820K, committed 4864K, reserved 1048576K
}
Event: 2,998 GC heap before
{Heap before GC invocations=10 (full 2):
 PSYoungGen      total 133120K, used 120320K [0x000000076db00000, 0x0000000779580000, 0x00000007c0000000)
  eden space 120320K, 100% used [0x000000076db00000,0x0000000775080000,0x0000000775080000)
  from space 12800K, 0% used [0x0000000775080000,0x0000000775080000,0x0000000775d00000)
  to   space 14336K, 0% used [0x0000000778780000,0x0000000778780000,0x0000000779580000)
 ParOldGen       total 182784K, used 16897K [0x00000006c9000000, 0x00000006d4280000, 0x000000076db00000)
  object space 182784K, 9% used [0x00000006c9000000,0x00000006ca080778,0x00000006d4280000)
 Metaspace       used 43019K, capacity 45076K, committed 45440K, reserved 1087488K
  class space    used 6053K, capacity 6474K, committed 6528K, reserved 1048576K
Event: 3,006 GC heap after
Heap after GC invocations=10 (full 2):
 PSYoungGen      total 176128K, used 10416K [0x000000076db00000, 0x0000000779680000, 0x00000007c0000000)
  eden space 161792K, 0% used [0x000000076db00000,0x000000076db00000,0x0000000777900000)
  from space 14336K, 72% used [0x0000000778780000,0x00000007791ac128,0x0000000779580000)
  to   space 14848K, 0% used [0x0000000777900000,0x0000000777900000,0x0000000778780000)
 ParOldGen       total 182784K, used 16905K [0x00000006c9000000, 0x00000006d4280000, 0x000000076db00000)
  object space 182784K, 9% used [0x00000006c9000000,0x00000006ca082778,0x00000006d4280000)
 Metaspace       used 43019K, capacity 45076K, committed 45440K, reserved 1087488K
  class space    used 6053K, capacity 6474K, committed 6528K, reserved 1048576K
}
Event: 4,183 GC heap before
{Heap before GC invocations=11 (full 2):
 PSYoungGen      total 176128K, used 172208K [0x000000076db00000, 0x0000000779680000, 0x00000007c0000000)
  eden space 161792K, 100% used [0x000000076db00000,0x0000000777900000,0x0000000777900000)
  from space 14336K, 72% used [0x0000000778780000,0x00000007791ac128,0x0000000779580000)
  to   space 14848K, 0% used [0x0000000777900000,0x0000000777900000,0x0000000778780000)
 ParOldGen       total 182784K, used 16905K [0x00000006c9000000, 0x00000006d4280000, 0x000000076db00000)
  object space 182784K, 9% used [0x00000006c9000000,0x00000006ca082778,0x00000006d4280000)
 Metaspace       used 52811K, capacity 55786K, committed 55936K, reserved 1097728K
  class space    used 7475K, capacity 8010K, committed 8064K, reserved 1048576K

Deoptimization events (0 events):
No events

Classes redefined (0 events):
No events

Internal exceptions (10 events):
Event: 4,114 Thread 0x00007f45cc003800 Exception <a 'java/lang/ArrayIndexOutOfBoundsException'> (0x0000000777254508) thrown at [/HUDSON/workspace/8-2-build-linux-amd64/jdk8u201/12317/hotspot/src/share/vm/runtime/sharedRuntime.cpp, line 605]
Event: 4,114 Thread 0x00007f45cc003800 Exception <a 'java/lang/ArrayIndexOutOfBoundsException'> (0x0000000777255e90) thrown at [/HUDSON/workspace/8-2-build-linux-amd64/jdk8u201/12317/hotspot/src/share/vm/runtime/sharedRuntime.cpp, line 605]
Event: 4,115 Thread 0x00007f45cc003800 Exception <a 'java/lang/ArrayIndexOutOfBoundsException'> (0x000000077725b310) thrown at [/HUDSON/workspace/8-2-build-linux-amd64/jdk8u201/12317/hotspot/src/share/vm/runtime/sharedRuntime.cpp, line 605]
Event: 4,115 Thread 0x00007f45cc003800 Exception <a 'java/lang/ArrayIndexOutOfBoundsException'> (0x000000077725f1a8) thrown at [/HUDSON/workspace/8-2-build-linux-amd64/jdk8u201/12317/hotspot/src/share/vm/runtime/sharedRuntime.cpp, line 605]
Event: 4,115 Thread 0x00007f45cc003800 Exception <a 'java/lang/ArrayIndexOutOfBoundsException'> (0x0000000777262360) thrown at [/HUDSON/workspace/8-2-build-linux-amd64/jdk8u201/12317/hotspot/src/share/vm/runtime/sharedRuntime.cpp, line 605]
Event: 4,115 Thread 0x00007f45cc003800 Exception <a 'java/lang/ArrayIndexOutOfBoundsException'> (0x0000000777264818) thrown at [/HUDSON/workspace/8-2-build-linux-amd64/jdk8u201/12317/hotspot/src/share/vm/runtime/sharedRuntime.cpp, line 605]
Event: 4,115 Thread 0x00007f45cc003800 Exception <a 'java/lang/ArrayIndexOutOfBoundsException'> (0x0000000777266630) thrown at [/HUDSON/workspace/8-2-build-linux-amd64/jdk8u201/12317/hotspot/src/share/vm/runtime/sharedRuntime.cpp, line 605]
Event: 4,115 Thread 0x00007f45cc003800 Exception <a 'java/lang/ArrayIndexOutOfBoundsException'> (0x0000000777267588) thrown at [/HUDSON/workspace/8-2-build-linux-amd64/jdk8u201/12317/hotspot/src/share/vm/runtime/sharedRuntime.cpp, line 605]
Event: 4,115 Thread 0x00007f45cc003800 Exception <a 'java/lang/ArrayIndexOutOfBoundsException'> (0x00000007772686a8) thrown at [/HUDSON/workspace/8-2-build-linux-amd64/jdk8u201/12317/hotspot/src/share/vm/runtime/sharedRuntime.cpp, line 605]
Event: 4,146 Thread 0x00007f45cc003800 Exception <a 'java/lang/IncompatibleClassChangeError': Found class java.lang.Object, but interface was expected> (0x000000077754d708) thrown at [/HUDSON/workspace/8-2-build-linux-amd64/jdk8u201/12317/hotspot/src/share/vm/interpreter/linkResolver.cpp, line

Events (10 events):
Event: 4,182 loading class org/thymeleaf/messageresolver/StandardMessageResolver done
Event: 4,182 loading class org/thymeleaf/messageresolver/AbstractMessageResolver
Event: 4,182 loading class org/thymeleaf/messageresolver/AbstractMessageResolver done
Event: 4,182 loading class org/thymeleaf/messageresolver/IMessageResolver
Event: 4,182 loading class org/thymeleaf/messageresolver/IMessageResolver done
Event: 4,183 loading class org/thymeleaf/linkbuilder/StandardLinkBuilder
Event: 4,183 loading class org/thymeleaf/linkbuilder/StandardLinkBuilder done
Event: 4,183 loading class org/thymeleaf/linkbuilder/AbstractLinkBuilder
Event: 4,183 loading class org/thymeleaf/linkbuilder/AbstractLinkBuilder done
Event: 4,183 Executing VM operation: ParallelGCFailedAllocation


Dynamic libraries:
00400000-00401000 r-xp 00000000 08:02 15466874                           /usr/lib/jvm/java-8-oracle/bin/java
00600000-00601000 r--p 00000000 08:02 15466874                           /usr/lib/jvm/java-8-oracle/bin/java
00601000-00602000 rw-p 00001000 08:02 15466874                           /usr/lib/jvm/java-8-oracle/bin/java
00cf9000-00d1a000 rw-p 00000000 00:00 0                                  [heap]
6c9000000-708b00000 rw-p 00000000 00:00 0 
708b00000-76db00000 ---p 00000000 00:00 0 
76db00000-779680000 rw-p 00000000 00:00 0 
779680000-7c0000000 ---p 00000000 00:00 0 
7c0000000-7c07e0000 rw-p 00000000 00:00 0 
7c07e0000-800000000 ---p 00000000 00:00 0 
7f4598000000-7f4598021000 rw-p 00000000 00:00 0 
7f4598021000-7f459c000000 ---p 00000000 00:00 0 
7f45a0000000-7f45a0021000 rw-p 00000000 00:00 0 
7f45a0021000-7f45a4000000 ---p 00000000 00:00 0 
7f45a4000000-7f45a4021000 rw-p 00000000 00:00 0 
7f45a4021000-7f45a8000000 ---p 00000000 00:00 0 
7f45aadfe000-7f45aaebe000 rw-p 00000000 00:00 0 
7f45aaebe000-7f45aaffe000 ---p 00000000 00:00 0 
7f45aaffe000-7f45ab1fe000 rw-p 00000000 00:00 0 
7f45ab1fe000-7f45ab201000 ---p 00000000 00:00 0 
7f45ab201000-7f45ab4ff000 rw-p 00000000 00:00 0 
7f45ab4ff000-7f45ab6ff000 rw-p 00000000 00:00 0 
7f45ab6ff000-7f45ab8ff000 rw-p 00000000 00:00 0 
7f45ab8ff000-7f45abaff000 rw-p 00000000 00:00 0 
7f45abaff000-7f45abcff000 rw-p 00000000 00:00 0 
7f45abcff000-7f45abd02000 ---p 00000000 00:00 0 
7f45abd02000-7f45ac000000 rw-p 00000000 00:00 0 
7f45ac000000-7f45ac021000 rw-p 00000000 00:00 0 
7f45ac021000-7f45b0000000 ---p 00000000 00:00 0 
7f45b0000000-7f45b0021000 rw-p 00000000 00:00 0 
7f45b0021000-7f45b4000000 ---p 00000000 00:00 0 
7f45b4000000-7f45b4021000 rw-p 00000000 00:00 0 
7f45b4021000-7f45b8000000 ---p 00000000 00:00 0 
7f45b8000000-7f45b8021000 rw-p 00000000 00:00 0 
7f45b8021000-7f45bc000000 ---p 00000000 00:00 0 
7f45bc000000-7f45bc040000 rw-p 00000000 00:00 0 
7f45bc040000-7f45c0000000 ---p 00000000 00:00 0 
7f45c0000000-7f45c0021000 rw-p 00000000 00:00 0 
7f45c0021000-7f45c4000000 ---p 00000000 00:00 0 
7f45c4000000-7f45c42e2000 rw-p 00000000 00:00 0 
7f45c42e2000-7f45c8000000 ---p 00000000 00:00 0 
7f45c8000000-7f45c8026000 rw-p 00000000 00:00 0 
7f45c8026000-7f45cc000000 ---p 00000000 00:00 0 
7f45cc000000-7f45cc021000 rw-p 00000000 00:00 0 
7f45cc021000-7f45d0000000 ---p 00000000 00:00 0 
7f45d0000000-7f45d12a7000 rw-p 00000000 00:00 0 
7f45d12a7000-7f45d4000000 ---p 00000000 00:00 0 
7f45d4000000-7f45d4021000 rw-p 00000000 00:00 0 
7f45d4021000-7f45d8000000 ---p 00000000 00:00 0 
7f45d8000000-7f45d8021000 rw-p 00000000 00:00 0 
7f45d8021000-7f45dc000000 ---p 00000000 00:00 0 
7f45dc000000-7f45dc427000 rw-p 00000000 00:00 0 
7f45dc427000-7f45e0000000 ---p 00000000 00:00 0 
7f45e0000000-7f45e0021000 rw-p 00000000 00:00 0 
7f45e0021000-7f45e4000000 ---p 00000000 00:00 0 
7f45e4000000-7f45e4021000 rw-p 00000000 00:00 0 
7f45e4021000-7f45e8000000 ---p 00000000 00:00 0 
7f45e8000000-7f45e8021000 rw-p 00000000 00:00 0 
7f45e8021000-7f45ec000000 ---p 00000000 00:00 0 
7f45ec000000-7f45ec04f000 rw-p 00000000 00:00 0 
7f45ec04f000-7f45f0000000 ---p 00000000 00:00 0 
7f45f0000000-7f45f0046000 rw-p 00000000 00:00 0 
7f45f0046000-7f45f4000000 ---p 00000000 00:00 0 
7f45f4000000-7f45f4021000 rw-p 00000000 00:00 0 
7f45f4021000-7f45f8000000 ---p 00000000 00:00 0 
7f45f8000000-7f45f8021000 rw-p 00000000 00:00 0 
7f45f8021000-7f45fc000000 ---p 00000000 00:00 0 
7f45fc000000-7f45fc021000 rw-p 00000000 00:00 0 
7f45fc021000-7f4600000000 ---p 00000000 00:00 0 
7f4600000000-7f4600021000 rw-p 00000000 00:00 0 
7f4600021000-7f4604000000 ---p 00000000 00:00 0 
7f4604000000-7f4604021000 rw-p 00000000 00:00 0 
7f4604021000-7f4608000000 ---p 00000000 00:00 0 
7f4608000000-7f4608021000 rw-p 00000000 00:00 0 
7f4608021000-7f460c000000 ---p 00000000 00:00 0 
7f460c000000-7f460c021000 rw-p 00000000 00:00 0 
7f460c021000-7f4610000000 ---p 00000000 00:00 0 
7f461007e000-7f461027e000 rw-p 00000000 00:00 0 
7f461027e000-7f4610281000 ---p 00000000 00:00 0 
7f4610281000-7f461037f000 rw-p 00000000 00:00 0 
7f461037f000-7f4610382000 ---p 00000000 00:00 0 
7f4610382000-7f4618000000 rw-p 00000000 00:00 0 
7f4618000000-7f4618021000 rw-p 00000000 00:00 0 
7f4618021000-7f461c000000 ---p 00000000 00:00 0 
7f461c000000-7f461c021000 rw-p 00000000 00:00 0 
7f461c021000-7f4620000000 ---p 00000000 00:00 0 
7f4620000000-7f46202a5000 rw-p 00000000 00:00 0 
7f46202a5000-7f4624000000 ---p 00000000 00:00 0 
7f46240fc000-7f46240ff000 ---p 00000000 00:00 0 
7f46240ff000-7f46241fd000 rw-p 00000000 00:00 0 
7f46241fd000-7f4624200000 ---p 00000000 00:00 0 
7f4624200000-7f46244fe000 rw-p 00000000 00:00 0 
7f46244fe000-7f46246fe000 rw-p 00000000 00:00 0 
7f46246fe000-7f46248fe000 rw-p 00000000 00:00 0 
7f46248fe000-7f4624afe000 rw-p 00000000 00:00 0 
7f4624afe000-7f4624cfe000 rw-p 00000000 00:00 0 
7f4624cfe000-7f4624d01000 ---p 00000000 00:00 0 
7f4624d01000-7f4624fff000 rw-p 00000000 00:00 0 
7f4624fff000-7f4628000000 rw-p 00000000 00:00 0 
7f4628000000-7f4628021000 rw-p 00000000 00:00 0 
7f4628021000-7f462c000000 ---p 00000000 00:00 0 
7f462c04c000-7f462c051000 r--s 002f9000 08:02 398620                     /usr/lib/jvm/java-8-oracle/jre/lib/charsets.jar
7f462c051000-7f462c054000 r--s 0001a000 08:02 398697                     /usr/lib/jvm/java-8-oracle/jre/lib/jce.jar
7f462c054000-7f462c057000 ---p 00000000 00:00 0 
7f462c057000-7f462c155000 rw-p 00000000 00:00 0 
7f462c155000-7f462c158000 ---p 00000000 00:00 0 
7f462c158000-7f462c256000 rw-p 00000000 00:00 0 
7f462c256000-7f462c259000 ---p 00000000 00:00 0 
7f462c259000-7f462c557000 rw-p 00000000 00:00 0 
7f462c557000-7f462c757000 rw-p 00000000 00:00 0 
7f462c757000-7f462c957000 rw-p 00000000 00:00 0 
7f462c957000-7f462c9ed000 r--s 0110e000 08:02 398684                     /usr/lib/jvm/java-8-oracle/jre/lib/ext/jfxrt.jar
7f462c9ed000-7f462cbed000 rw-p 00000000 00:00 0 
7f462cbed000-7f462cbf0000 ---p 00000000 00:00 0 
7f462cbf0000-7f462ccee000 rw-p 00000000 00:00 0 
7f462ccee000-7f462ccf1000 ---p 00000000 00:00 0 
7f462ccf1000-7f462cdef000 rw-p 00000000 00:00 0 
7f462cdef000-7f462cdf2000 ---p 00000000 00:00 0 
7f462cdf2000-7f462d0f0000 rw-p 00000000 00:00 0 
7f462d0f0000-7f462d0fa000 r--s 00116000 08:02 398690                     /usr/lib/jvm/java-8-oracle/jre/lib/ext/localedata.jar
7f462d0fa000-7f462d116000 r--s 00393000 08:02 398683                     /usr/lib/jvm/java-8-oracle/jre/lib/ext/cldrdata.jar
7f462d116000-7f462d11d000 r--s 00000000 08:02 140816                     /usr/lib/x86_64-linux-gnu/gconv/gconv-modules.cache
7f462d11d000-7f462d142000 r--p 00000000 08:02 789022                     /usr/share/locale-langpack/pl/LC_MESSAGES/libc.mo
7f462d142000-7f462d143000 ---p 00000000 00:00 0 
7f462d143000-7f462d243000 rw-p 00000000 00:00 0 
7f462d243000-7f462d246000 ---p 00000000 00:00 0 
7f462d246000-7f462d344000 rw-p 00000000 00:00 0 
7f462d344000-7f462d348000 r--s 000a1000 08:02 398679                     /usr/lib/jvm/java-8-oracle/jre/lib/jsse.jar
7f462d348000-7f462d359000 r-xp 00000000 08:02 526091                     /usr/lib/jvm/java-8-oracle/jre/lib/amd64/libnio.so
7f462d359000-7f462d558000 ---p 00011000 08:02 526091                     /usr/lib/jvm/java-8-oracle/jre/lib/amd64/libnio.so
7f462d558000-7f462d559000 r--p 00010000 08:02 526091                     /usr/lib/jvm/java-8-oracle/jre/lib/amd64/libnio.so
7f462d559000-7f462d55a000 rw-p 00011000 08:02 526091                     /usr/lib/jvm/java-8-oracle/jre/lib/amd64/libnio.so
7f462d55a000-7f462d563000 r-xp 00000000 08:02 526187                     /usr/lib/jvm/java-8-oracle/jre/lib/amd64/libmanagement.so
7f462d563000-7f462d762000 ---p 00009000 08:02 526187                     /usr/lib/jvm/java-8-oracle/jre/lib/amd64/libmanagement.so
7f462d762000-7f462d763000 r--p 00008000 08:02 526187                     /usr/lib/jvm/java-8-oracle/jre/lib/amd64/libmanagement.so
7f462d763000-7f462d764000 rw-p 00009000 08:02 526187                     /usr/lib/jvm/java-8-oracle/jre/lib/amd64/libmanagement.so
7f462d764000-7f462d767000 ---p 00000000 00:00 0 
7f462d767000-7f462d865000 rw-p 00000000 00:00 0 
7f462d865000-7f462d87b000 r-xp 00000000 08:02 525933                     /usr/lib/jvm/java-8-oracle/jre/lib/amd64/libnet.so
7f462d87b000-7f462da7b000 ---p 00016000 08:02 525933                     /usr/lib/jvm/java-8-oracle/jre/lib/amd64/libnet.so
7f462da7b000-7f462da7c000 r--p 00016000 08:02 525933                     /usr/lib/jvm/java-8-oracle/jre/lib/amd64/libnet.so
7f462da7c000-7f462da7d000 rw-p 00017000 08:02 525933                     /usr/lib/jvm/java-8-oracle/jre/lib/amd64/libnet.so
7f462da7d000-7f462da7e000 ---p 00000000 00:00 0 
7f462da7e000-7f462da81000 ---p 00000000 00:00 0 
7f462da81000-7f462db7e000 rw-p 00000000 00:00 0 
7f462db7e000-7f462db7f000 ---p 00000000 00:00 0 
7f462db7f000-7f462db82000 ---p 00000000 00:00 0 
7f462db82000-7f462dc7f000 rw-p 00000000 00:00 0 
7f462dc7f000-7f462dc80000 ---p 00000000 00:00 0 
7f462dc80000-7f462dc83000 ---p 00000000 00:00 0 
7f462dc83000-7f462dd80000 rw-p 00000000 00:00 0 
7f462dd80000-7f462dd81000 ---p 00000000 00:00 0 
7f462dd81000-7f462dd84000 ---p 00000000 00:00 0 
7f462dd84000-7f462de81000 rw-p 00000000 00:00 0 
7f462de81000-7f462de84000 ---p 00000000 00:00 0 
7f462de84000-7f462df82000 rw-p 00000000 00:00 0 
7f462df82000-7f462df84000 r--s 0001d000 07:0f 856                        /snap/intellij-idea-ultimate/242/lib/idea_rt.jar
7f462df84000-7f462dfac000 r--s 0012c000 08:02 6818511                    /home/rafal/.m2/repository/org/springframework/boot/spring-boot-autoconfigure/2.2.3.RELEASE/spring-boot-autoconfigure-2.2.3.RELEASE.jar
7f462dfac000-7f462dfc3000 r--s 000e8000 08:02 6818537                    /home/rafal/.m2/repository/org/springframework/boot/spring-boot/2.2.3.RELEASE/spring-boot-2.2.3.RELEASE.jar
7f462dfc3000-7f462dfc9000 r--s 00030000 08:02 5900992                    /home/rafal/.m2/repository/org/springframework/boot/spring-boot-devtools/2.2.2.RELEASE/spring-boot-devtools-2.2.2.RELEASE.jar
7f462dfc9000-7f462dfe3000 r--s 0022d000 08:02 10749887                   /home/rafal/.m2/repository/mysql/mysql-connector-java/8.0.20/mysql-connector-java-8.0.20.jar
7f462dfe3000-7f462dfe5000 r--s 0000a000 08:02 7345456                    /home/rafal/.m2/repository/org/springframework/spring-aspects/5.2.3.RELEASE/spring-aspects-5.2.3.RELEASE.jar
7f462dfe5000-7f462dfee000 r--s 00044000 08:02 6951845                    /home/rafal/.m2/repository/org/springframework/spring-tx/5.2.3.RELEASE/spring-tx-5.2.3.RELEASE.jar
7f462dfee000-7f462dff3000 r--s 0002d000 08:02 7217514                    /home/rafal/.m2/repository/org/springframework/spring-orm/5.2.3.RELEASE/spring-orm-5.2.3.RELEASE.jar
7f462dff3000-7f462e00c000 r--s 00110000 08:02 7217510                    /home/rafal/.m2/repository/org/springframework/data/spring-data-commons/2.2.4.RELEASE/spring-data-commons-2.2.4.RELEASE.jar
7f462e00c000-7f462e015000 r--s 00051000 08:02 7089019                    /home/rafal/.m2/repository/org/springframework/data/spring-data-jpa/2.2.4.RELEASE/spring-data-jpa-2.2.4.RELEASE.jar
7f462e015000-7f462e01a000 r--s 00049000 08:02 8783842                    /home/rafal/.m2/repository/com/sun/xml/fastinfoset/FastInfoset/1.2.16/FastInfoset-1.2.16.jar
7f462e01a000-7f462e01c000 r--s 00008000 08:02 8783840                    /home/rafal/.m2/repository/org/jvnet/staxex/stax-ex/1.8.1/stax-ex-1.8.1.jar
7f462e01c000-7f462e01e000 r--s 00005000 08:02 8783838                    /home/rafal/.m2/repository/com/sun/istack/istack-commons-runtime/3.0.8/istack-commons-runtime-3.0.8.jar
7f462e01e000-7f462e020000 r--s 00010000 08:02 8783836                    /home/rafal/.m2/repository/org/glassfish/jaxb/txw2/2.3.2/txw2-2.3.2.jar
7f462e020000-7f462e035000 r--s 000e3000 08:02 8783834                    /home/rafal/.m2/repository/org/glassfish/jaxb/jaxb-runtime/2.3.2/jaxb-runtime-2.3.2.jar
7f462e035000-7f462e038000 r--s 00010000 08:02 6953306                    /home/rafal/.m2/repository/org/hibernate/common/hibernate-commons-annotations/5.1.0.Final/hibernate-commons-annotations-5.1.0.Final.jar
7f462e038000-7f462e03d000 r--s 0004b000 08:02 5374282                    /home/rafal/.m2/repository/org/dom4j/dom4j/2.1.1/dom4j-2.1.1.jar
7f462e03d000-7f462e03f000 r--s 0000f000 08:02 8783846                    /home/rafal/.m2/repository/com/fasterxml/classmate/1.5.1/classmate-1.5.1.jar
7f462e03f000-7f462e042000 r--s 0002d000 08:02 6160835                    /home/rafal/.m2/repository/org/jboss/jandex/2.1.1.Final/jandex-2.1.1.Final.jar
7f462e042000-7f462e047000 r--s 00068000 08:02 3932658                    /home/rafal/.m2/repository/antlr/antlr/2.7.7/antlr-2.7.7.jar
7f462e047000-7f462e051000 r--s 000b4000 08:02 6953302                    /home/rafal/.m2/repository/org/javassist/javassist/3.24.0-GA/javassist-3.24.0-GA.jar
7f462e051000-7f462e053000 r--s 0000d000 08:02 6160881                    /home/rafal/.m2/repository/org/jboss/logging/jboss-logging/3.4.1.Final/jboss-logging-3.4.1.Final.jar
7f462e053000-7f462e0d8000 r--s 0064f000 08:02 6951843                    /home/rafal/.m2/repository/org/hibernate/hibernate-core/5.4.10.Final/hibernate-core-5.4.10.Final.jar
7f462e0d8000-7f462e0d9000 r--s 00003000 08:02 6160827                    /home/rafal/.m2/repository/jakarta/transaction/jakarta.transaction-api/1.3.3/jakarta.transaction-api-1.3.3.jar
7f462e0d9000-7f462e0df000 r--s 00023000 08:02 6160825                    /home/rafal/.m2/repository/jakarta/persistence/jakarta.persistence-api/2.2.3/jakarta.persistence-api-2.2.3.jar
7f462e0df000-7f462e0e1000 r--s 00009000 08:02 6160897                    /home/rafal/.m2/repository/jakarta/activation/jakarta.activation-api/1.2.1/jakarta.activation-api-1.2.1.jar
7f462e0e1000-7f462e0eb000 r--s 0005a000 08:02 6818560                    /home/rafal/.m2/repository/org/springframework/spring-jdbc/5.2.3.RELEASE/spring-jdbc-5.2.3.RELEASE.jar
7f462e0eb000-7f462e0ee000 r--s 00023000 08:02 6818556                    /home/rafal/.m2/repository/com/zaxxer/HikariCP/3.4.2/HikariCP-3.4.2.jar
7f462e0ee000-7f462e0ef000 r--s 00000000 08:02 6689449                    /home/rafal/.m2/repository/org/springframework/boot/spring-boot-starter-jdbc/2.2.3.RELEASE/spring-boot-starter-jdbc-2.2.3.RELEASE.jar
7f462e0ef000-7f462e108000 r--s 001da000 08:02 6160847                    /home/rafal/.m2/repository/org/aspectj/aspectjweaver/1.9.5/aspectjweaver-1.9.5.jar
7f462e108000-7f462e109000 r--s 00000000 08:02 6689448                    /home/rafal/.m2/repository/org/springframework/boot/spring-boot-starter-aop/2.2.3.RELEASE/spring-boot-starter-aop-2.2.3.RELEASE.jar
7f462e109000-7f462e10a000 r--s 00000000 08:02 6160811                    /home/rafal/.m2/repository/org/springframework/boot/spring-boot-starter-data-jpa/2.2.2.RELEASE/spring-boot-starter-data-jpa-2.2.2.RELEASE.jar
7f462e10a000-7f462e11d000 r--s 00201000 08:02 9702334                    /home/rafal/.m2/repository/com/h2database/h2/1.4.199/h2-1.4.199.jar
7f462e11d000-7f462e12c000 r--s 0007c000 08:02 9702230                    /home/rafal/.m2/repository/org/springframework/security/spring-security-web/5.2.1.RELEASE/spring-security-web-5.2.1.RELEASE.jar
7f462e12c000-7f462e138000 r--s 00061000 08:02 9702227                    /home/rafal/.m2/repository/org/springframework/security/spring-security-core/5.2.1.RELEASE/spring-security-core-5.2.1.RELEASE.jar
7f462e138000-7f462e146000 r--s 000c4000 08:02 9702231                    /home/rafal/.m2/repository/org/springframework/security/spring-security-config/5.2.1.RELEASE/spring-security-config-5.2.1.RELEASE.jar
7f462e146000-7f462e14f000 r--s 00052000 08:02 6818505                    /home/rafal/.m2/repository/org/springframework/spring-aop/5.2.3.RELEASE/spring-aop-5.2.3.RELEASE.jar
7f462e14f000-7f462e150000 r--s 00000000 08:02 9702225                    /home/rafal/.m2/repository/org/springframework/boot/spring-boot-starter-security/2.2.2.RELEASE/spring-boot-starter-security-2.2.2.RELEASE.jar
7f462e150000-7f462e151000 r--s 00005000 08:02 6818507                    /home/rafal/.m2/repository/org/springframework/spring-jcl/5.2.3.RELEASE/spring-jcl-5.2.3.RELEASE.jar
7f462e151000-7f462e16c000 r--s 00144000 08:02 6818523                    /home/rafal/.m2/repository/org/springframework/spring-core/5.2.3.RELEASE/spring-core-5.2.3.RELEASE.jar
7f462e16c000-7f462e1b4000 r--s 002e9000 08:02 8652300                    /home/rafal/.m2/repository/net/bytebuddy/byte-buddy/1.10.6/byte-buddy-1.10.6.jar
7f462e1b4000-7f462e1b8000 r--s 00019000 08:02 6160895                    /home/rafal/.m2/repository/jakarta/xml/bind/jakarta.xml.bind-api/2.3.2/jakarta.xml.bind-api-2.3.2.jar
7f462e1b8000-7f462e1cf000 r--s 00198000 08:02 4068001                    /home/rafal/.m2/repository/org/projectlombok/lombok/1.18.10/lombok-1.18.10.jar
7f462e1cf000-7f462e1d4000 r--s 00040000 08:02 6818532                    /home/rafal/.m2/repository/org/springframework/spring-expression/5.2.3.RELEASE/spring-expression-5.2.3.RELEASE.jar
7f462e1d4000-7f462e1f0000 r--s 0010f000 08:02 6818508                    /home/rafal/.m2/repository/org/springframework/spring-context/5.2.3.RELEASE/spring-context-5.2.3.RELEASE.jar
7f462e1f0000-7f462e203000 r--s 000d5000 08:02 8390895                    /home/rafal/.m2/repository/org/springframework/spring-webmvc/5.2.3.RELEASE/spring-webmvc-5.2.3.RELEASE.jar
7f462e203000-7f462e210000 r--s 0009b000 08:02 6818536                    /home/rafal/.m2/repository/org/springframework/spring-beans/5.2.3.RELEASE/spring-beans-5.2.3.RELEASE.jar
7f462e210000-7f462e22c000 r--s 00141000 08:02 6818522                    /home/rafal/.m2/repository/org/springframework/spring-web/5.2.3.RELEASE/spring-web-5.2.3.RELEASE.jar
7f462e22c000-7f462e249000 r--s 000fe000 08:02 5515049                    /home/rafal/.m2/repository/org/hibernate/validator/hibernate-validator/6.0.18.Final/hibernate-validator-6.0.18.Final.jar
7f462e249000-7f462e24e000 r--s 00012000 08:02 8271150                    /home/rafal/.m2/repository/jakarta/validation/jakarta.validation-api/2.0.2/jakarta.validation-api-2.0.2.jar
7f462e24e000-7f462e24f000 r--s 00000000 08:02 8134159                    /home/rafal/.m2/repository/org/springframework/boot/spring-boot-starter-validation/2.2.3.RELEASE/spring-boot-starter-validation-2.2.3.RELEASE.jar
7f462e24f000-7f462e254000 r--s 0003c000 08:02 7867308                    /home/rafal/.m2/repository/org/apache/tomcat/embed/tomcat-embed-websocket/9.0.30/tomcat-embed-websocket-9.0.30.jar
7f462e254000-7f462e259000 r--s 0003a000 08:02 7607190                    /home/rafal/.m2/repository/org/apache/tomcat/embed/tomcat-embed-el/9.0.30/tomcat-embed-el-9.0.30.jar
7f462e259000-7f462e283000 r--s 00301000 08:02 7481358                    /home/rafal/.m2/repository/org/apache/tomcat/embed/tomcat-embed-core/9.0.30/tomcat-embed-core-9.0.30.jar
7f462e283000-7f462e284000 r--s 00000000 08:02 7345450                    /home/rafal/.m2/repository/org/springframework/boot/spring-boot-starter-tomcat/2.2.3.RELEASE/spring-boot-starter-tomcat-2.2.3.RELEASE.jar
7f462e284000-7f462e286000 r--s 00001000 08:02 8785346                    /home/rafal/.m2/repository/com/fasterxml/jackson/module/jackson-module-parameter-names/2.10.2/jackson-module-parameter-names-2.10.2.jar
7f462e286000-7f462e289000 r--s 00017000 08:02 7217500                    /home/rafal/.m2/repository/com/fasterxml/jackson/datatype/jackson-datatype-jsr310/2.10.2/jackson-datatype-jsr310-2.10.2.jar
7f462e289000-7f462e28b000 r--s 00007000 08:02 7089009                    /home/rafal/.m2/repository/com/fasterxml/jackson/datatype/jackson-datatype-jdk8/2.10.2/jackson-datatype-jdk8-2.10.2.jar
7f462e28b000-7f462e290000 r--s 00051000 08:02 6818524                    /home/rafal/.m2/repository/com/fasterxml/jackson/core/jackson-core/2.10.2/jackson-core-2.10.2.jar
7f462e290000-7f462e293000 r--s 0000e000 08:02 6818527                    /home/rafal/.m2/repository/com/fasterxml/jackson/core/jackson-annotations/2.10.2/jackson-annotations-2.10.2.jar
7f462e293000-7f462e2a8000 r--s 00142000 08:02 6818529                    /home/rafal/.m2/repository/com/fasterxml/jackson/core/jackson-databind/2.10.2/jackson-databind-2.10.2.jar
7f462e2a8000-7f462e2a9000 r--s 00000000 08:02 6818516                    /home/rafal/.m2/repository/org/springframework/boot/spring-boot-starter-json/2.2.3.RELEASE/spring-boot-starter-json-2.2.3.RELEASE.jar
7f462e2a9000-7f462e2aa000 r--s 00000000 08:02 6818517                    /home/rafal/.m2/repository/org/springframework/boot/spring-boot-starter-web/2.2.3.RELEASE/spring-boot-starter-web-2.2.3.RELEASE.jar
7f462e2aa000-7f462e2ab000 r--s 00009000 08:02 6160859                    /home/rafal/.m2/repository/org/thymeleaf/extras/thymeleaf-extras-java8time/3.0.4.RELEASE/thymeleaf-extras-java8time-3.0.4.RELEASE.jar
7f462e2ab000-7f462e2ad000 r--s 00009000 08:02 6818539                    /home/rafal/.m2/repository/org/slf4j/slf4j-api/1.7.30/slf4j-api-1.7.30.jar
7f462e2ad000-7f462e2b0000 r--s 00028000 08:02 6160857                    /home/rafal/.m2/repository/org/unbescape/unbescape/1.1.6.RELEASE/unbescape-1.1.6.RELEASE.jar
7f462e2b0000-7f462e2b5000 r--s 00037000 08:02 6160855                    /home/rafal/.m2/repository/org/attoparser/attoparser/2.0.5.RELEASE/attoparser-2.0.5.RELEASE.jar
7f462e2b5000-7f462e2c5000 r--s 000c5000 08:02 6160853                    /home/rafal/.m2/repository/org/thymeleaf/thymeleaf/3.0.11.RELEASE/thymeleaf-3.0.11.RELEASE.jar
7f462e2c5000-7f462e2d8000 r--s 00345000 08:02 398660                     /usr/lib/jvm/java-8-oracle/jre/lib/resources.jar
7f462e2d8000-7f462e2db000 ---p 00000000 00:00 0 
7f462e2db000-7f462e3d9000 rw-p 00000000 00:00 0 
7f462e3d9000-7f462e7e8000 r--p 00000000 08:02 15337430                   /usr/lib/locale/locale-archive
7f462e7e8000-7f462e7eb000 ---p 00000000 00:00 0 
7f462e7eb000-7f462e8e9000 rw-p 00000000 00:00 0 
7f462e8e9000-7f462e8ec000 ---p 00000000 00:00 0 
7f462e8ec000-7f462e9ea000 rw-p 00000000 00:00 0 
7f462e9ea000-7f462e9eb000 ---p 00000000 00:00 0 
7f462e9eb000-7f4630000000 rw-p 00000000 00:00 0 
7f4630000000-7f4630021000 rw-p 00000000 00:00 0 
7f4630021000-7f4634000000 ---p 00000000 00:00 0 
7f4634000000-7f4634007000 r--s 00044000 08:02 6160789                    /home/rafal/.m2/repository/org/yaml/snakeyaml/1.25/snakeyaml-1.25.jar
7f4634007000-7f463400d000 r--s 0003e000 08:02 6035413                    /home/rafal/.m2/repository/org/apache/logging/log4j/log4j-api/2.12.1/log4j-api-2.12.1.jar
7f463400d000-7f4634020000 r--s 000d6000 08:02 398202                     /usr/lib/jvm/java-8-oracle/jre/lib/plugin.jar
7f4634020000-7f4634626000 rw-p 00000000 00:00 0 
7f4634626000-7f4634800000 r--s 03d6f000 08:02 398622                     /usr/lib/jvm/java-8-oracle/jre/lib/rt.jar
7f4634800000-7f4635000000 rw-p 00000000 00:00 0 
7f4635000000-7f4635810000 rwxp 00000000 00:00 0 
7f4635810000-7f4644000000 ---p 00000000 00:00 0 
7f4644000000-7f4644969000 rw-p 00000000 00:00 0 
7f4644969000-7f4648000000 ---p 00000000 00:00 0 
7f4648000000-7f4648005000 r--s 00027000 08:02 6160851                    /home/rafal/.m2/repository/org/thymeleaf/thymeleaf-spring5/3.0.11.RELEASE/thymeleaf-spring5-3.0.11.RELEASE.jar
7f4648005000-7f4648010000 r--s 00069000 08:02 8783830                    /home/rafal/.m2/repository/ch/qos/logback/logback-core/1.2.3/logback-core-1.2.3.jar
7f4648010000-7f464888d000 rw-p 00000000 00:00 0 
7f464888d000-7f464888e000 ---p 00000000 00:00 0 
7f464888e000-7f464898e000 rw-p 00000000 00:00 0 
7f464898e000-7f464898f000 ---p 00000000 00:00 0 
7f464898f000-7f4648a8f000 rw-p 00000000 00:00 0 
7f4648a8f000-7f4648a90000 ---p 00000000 00:00 0 
7f4648a90000-7f4648b90000 rw-p 00000000 00:00 0 
7f4648b90000-7f4648b91000 ---p 00000000 00:00 0 
7f4648b91000-7f4648c91000 rw-p 00000000 00:00 0 
7f4648c91000-7f4648c92000 ---p 00000000 00:00 0 
7f4648c92000-7f4648d92000 rw-p 00000000 00:00 0 
7f4648d92000-7f4648d93000 ---p 00000000 00:00 0 
7f4648d93000-7f4648e93000 rw-p 00000000 00:00 0 
7f4648e93000-7f4648e94000 ---p 00000000 00:00 0 
7f4648e94000-7f4648f94000 rw-p 00000000 00:00 0 
7f4648f94000-7f4648f95000 ---p 00000000 00:00 0 
7f4648f95000-7f4649293000 rw-p 00000000 00:00 0 
7f4649293000-7f46495bb000 ---p 00000000 00:00 0 
7f46495bb000-7f46497b9000 rw-p 00000000 00:00 0 
7f46497b9000-7f4649ae0000 ---p 00000000 00:00 0 
7f4649ae0000-7f4649b3f000 rw-p 00000000 00:00 0 
7f4649b3f000-7f4649d73000 ---p 00000000 00:00 0 
7f4649d73000-7f4649d95000 rw-p 00000000 00:00 0 
7f4649d95000-7f464a134000 ---p 00000000 00:00 0 
7f464a134000-7f464a14f000 r-xp 00000000 08:02 525929                     /usr/lib/jvm/java-8-oracle/jre/lib/amd64/libzip.so
7f464a14f000-7f464a34e000 ---p 0001b000 08:02 525929                     /usr/lib/jvm/java-8-oracle/jre/lib/amd64/libzip.so
7f464a34e000-7f464a34f000 r--p 0001a000 08:02 525929                     /usr/lib/jvm/java-8-oracle/jre/lib/amd64/libzip.so
7f464a34f000-7f464a350000 rw-p 0001b000 08:02 525929                     /usr/lib/jvm/java-8-oracle/jre/lib/amd64/libzip.so
7f464a350000-7f464a35b000 r-xp 00000000 08:02 4984909                    /lib/x86_64-linux-gnu/libnss_files-2.27.so
7f464a35b000-7f464a55a000 ---p 0000b000 08:02 4984909                    /lib/x86_64-linux-gnu/libnss_files-2.27.so
7f464a55a000-7f464a55b000 r--p 0000a000 08:02 4984909                    /lib/x86_64-linux-gnu/libnss_files-2.27.so
7f464a55b000-7f464a55c000 rw-p 0000b000 08:02 4984909                    /lib/x86_64-linux-gnu/libnss_files-2.27.so
7f464a55c000-7f464a562000 rw-p 00000000 00:00 0 
7f464a562000-7f464a579000 r-xp 00000000 08:02 4984896                    /lib/x86_64-linux-gnu/libnsl-2.27.so
7f464a579000-7f464a778000 ---p 00017000 08:02 4984896                    /lib/x86_64-linux-gnu/libnsl-2.27.so
7f464a778000-7f464a779000 r--p 00016000 08:02 4984896                    /lib/x86_64-linux-gnu/libnsl-2.27.so
7f464a779000-7f464a77a000 rw-p 00017000 08:02 4984896                    /lib/x86_64-linux-gnu/libnsl-2.27.so
7f464a77a000-7f464a77c000 rw-p 00000000 00:00 0 
7f464a77c000-7f464a787000 r-xp 00000000 08:02 4984913                    /lib/x86_64-linux-gnu/libnss_nis-2.27.so
7f464a787000-7f464a986000 ---p 0000b000 08:02 4984913                    /lib/x86_64-linux-gnu/libnss_nis-2.27.so
7f464a986000-7f464a987000 r--p 0000a000 08:02 4984913                    /lib/x86_64-linux-gnu/libnss_nis-2.27.so
7f464a987000-7f464a988000 rw-p 0000b000 08:02 4984913                    /lib/x86_64-linux-gnu/libnss_nis-2.27.so
7f464a988000-7f464a990000 r-xp 00000000 08:02 4984905                    /lib/x86_64-linux-gnu/libnss_compat-2.27.so
7f464a990000-7f464ab90000 ---p 00008000 08:02 4984905                    /lib/x86_64-linux-gnu/libnss_compat-2.27.so
7f464ab90000-7f464ab91000 r--p 00008000 08:02 4984905                    /lib/x86_64-linux-gnu/libnss_compat-2.27.so
7f464ab91000-7f464ab92000 rw-p 00009000 08:02 4984905                    /lib/x86_64-linux-gnu/libnss_compat-2.27.so
7f464ab92000-7f464ab9c000 r-xp 00000000 08:02 526093                     /usr/lib/jvm/java-8-oracle/jre/lib/amd64/libinstrument.so
7f464ab9c000-7f464ad9b000 ---p 0000a000 08:02 526093                     /usr/lib/jvm/java-8-oracle/jre/lib/amd64/libinstrument.so
7f464ad9b000-7f464ad9c000 r--p 00009000 08:02 526093                     /usr/lib/jvm/java-8-oracle/jre/lib/amd64/libinstrument.so
7f464ad9c000-7f464ad9d000 rw-p 0000a000 08:02 526093                     /usr/lib/jvm/java-8-oracle/jre/lib/amd64/libinstrument.so
7f464ad9d000-7f464adc9000 r-xp 00000000 08:02 525923                     /usr/lib/jvm/java-8-oracle/jre/lib/amd64/libjava.so
7f464adc9000-7f464afc9000 ---p 0002c000 08:02 525923                     /usr/lib/jvm/java-8-oracle/jre/lib/amd64/libjava.so
7f464afc9000-7f464afca000 r--p 0002c000 08:02 525923                     /usr/lib/jvm/java-8-oracle/jre/lib/amd64/libjava.so
7f464afca000-7f464afcc000 rw-p 0002d000 08:02 525923                     /usr/lib/jvm/java-8-oracle/jre/lib/amd64/libjava.so
7f464afcc000-7f464afd9000 r-xp 00000000 08:02 525928                     /usr/lib/jvm/java-8-oracle/jre/lib/amd64/libverify.so
7f464afd9000-7f464b1d8000 ---p 0000d000 08:02 525928                     /usr/lib/jvm/java-8-oracle/jre/lib/amd64/libverify.so
7f464b1d8000-7f464b1da000 r--p 0000c000 08:02 525928                     /usr/lib/jvm/java-8-oracle/jre/lib/amd64/libverify.so
7f464b1da000-7f464b1db000 rw-p 0000e000 08:02 525928                     /usr/lib/jvm/java-8-oracle/jre/lib/amd64/libverify.so
7f464b1db000-7f464b1e2000 r-xp 00000000 08:02 4985546                    /lib/x86_64-linux-gnu/librt-2.27.so
7f464b1e2000-7f464b3e1000 ---p 00007000 08:02 4985546                    /lib/x86_64-linux-gnu/librt-2.27.so
7f464b3e1000-7f464b3e2000 r--p 00006000 08:02 4985546                    /lib/x86_64-linux-gnu/librt-2.27.so
7f464b3e2000-7f464b3e3000 rw-p 00007000 08:02 4985546                    /lib/x86_64-linux-gnu/librt-2.27.so
7f464b3e3000-7f464b580000 r-xp 00000000 08:02 4984888                    /lib/x86_64-linux-gnu/libm-2.27.so
7f464b580000-7f464b77f000 ---p 0019d000 08:02 4984888                    /lib/x86_64-linux-gnu/libm-2.27.so
7f464b77f000-7f464b780000 r--p 0019c000 08:02 4984888                    /lib/x86_64-linux-gnu/libm-2.27.so
7f464b780000-7f464b781000 rw-p 0019d000 08:02 4984888                    /lib/x86_64-linux-gnu/libm-2.27.so
7f464b781000-7f464c469000 r-xp 00000000 08:02 525905                     /usr/lib/jvm/java-8-oracle/jre/lib/amd64/server/libjvm.so
7f464c469000-7f464c668000 ---p 00ce8000 08:02 525905                     /usr/lib/jvm/java-8-oracle/jre/lib/amd64/server/libjvm.so
7f464c668000-7f464c6fe000 r--p 00ce7000 08:02 525905                     /usr/lib/jvm/java-8-oracle/jre/lib/amd64/server/libjvm.so
7f464c6fe000-7f464c72f000 rw-p 00d7d000 08:02 525905                     /usr/lib/jvm/java-8-oracle/jre/lib/amd64/server/libjvm.so
7f464c72f000-7f464c76a000 rw-p 00000000 00:00 0 
7f464c76a000-7f464c951000 r-xp 00000000 08:02 4981327                    /lib/x86_64-linux-gnu/libc-2.27.so
7f464c951000-7f464cb51000 ---p 001e7000 08:02 4981327                    /lib/x86_64-linux-gnu/libc-2.27.so
7f464cb51000-7f464cb55000 r--p 001e7000 08:02 4981327                    /lib/x86_64-linux-gnu/libc-2.27.so
7f464cb55000-7f464cb57000 rw-p 001eb000 08:02 4981327                    /lib/x86_64-linux-gnu/libc-2.27.so
7f464cb57000-7f464cb5b000 rw-p 00000000 00:00 0 
7f464cb5b000-7f464cb5e000 r-xp 00000000 08:02 4981762                    /lib/x86_64-linux-gnu/libdl-2.27.so
7f464cb5e000-7f464cd5d000 ---p 00003000 08:02 4981762                    /lib/x86_64-linux-gnu/libdl-2.27.so
7f464cd5d000-7f464cd5e000 r--p 00002000 08:02 4981762                    /lib/x86_64-linux-gnu/libdl-2.27.so
7f464cd5e000-7f464cd5f000 rw-p 00003000 08:02 4981762                    /lib/x86_64-linux-gnu/libdl-2.27.so
7f464cd5f000-7f464cd76000 r-xp 00000000 08:02 393646                     /usr/lib/jvm/java-8-oracle/lib/amd64/jli/libjli.so
7f464cd76000-7f464cf75000 ---p 00017000 08:02 393646                     /usr/lib/jvm/java-8-oracle/lib/amd64/jli/libjli.so
7f464cf75000-7f464cf76000 r--p 00016000 08:02 393646                     /usr/lib/jvm/java-8-oracle/lib/amd64/jli/libjli.so
7f464cf76000-7f464cf77000 rw-p 00017000 08:02 393646                     /usr/lib/jvm/java-8-oracle/lib/amd64/jli/libjli.so
7f464cf77000-7f464cf91000 r-xp 00000000 08:02 4985542                    /lib/x86_64-linux-gnu/libpthread-2.27.so
7f464cf91000-7f464d190000 ---p 0001a000 08:02 4985542                    /lib/x86_64-linux-gnu/libpthread-2.27.so
7f464d190000-7f464d191000 r--p 00019000 08:02 4985542                    /lib/x86_64-linux-gnu/libpthread-2.27.so
7f464d191000-7f464d192000 rw-p 0001a000 08:02 4985542                    /lib/x86_64-linux-gnu/libpthread-2.27.so
7f464d192000-7f464d196000 rw-p 00000000 00:00 0 
7f464d196000-7f464d1bd000 r-xp 00000000 08:02 4981192                    /lib/x86_64-linux-gnu/ld-2.27.so
7f464d1bd000-7f464d1bf000 r--s 00005000 08:02 6160854                    /home/rafal/.m2/repository/jakarta/annotation/jakarta.annotation-api/1.3.5/jakarta.annotation-api-1.3.5.jar
7f464d1bf000-7f464d1c1000 r--s 00000000 08:02 6818513                    /home/rafal/.m2/repository/org/slf4j/jul-to-slf4j/1.7.30/jul-to-slf4j-1.7.30.jar
7f464d1c1000-7f464d1c3000 r--s 00003000 08:02 6034392                    /home/rafal/.m2/repository/org/apache/logging/log4j/log4j-to-slf4j/2.12.1/log4j-to-slf4j-2.12.1.jar
7f464d1c3000-7f464d1c9000 r--s 00041000 08:02 8783828                    /home/rafal/.m2/repository/ch/qos/logback/logback-classic/1.2.3/logback-classic-1.2.3.jar
7f464d1c9000-7f464d1ca000 r--s 00000000 08:02 6558930                    /home/rafal/.m2/repository/org/springframework/boot/spring-boot-starter-logging/2.2.3.RELEASE/spring-boot-starter-logging-2.2.3.RELEASE.jar
7f464d1ca000-7f464d1cb000 r--s 00000000 08:02 6818525                    /home/rafal/.m2/repository/org/springframework/boot/spring-boot-starter/2.2.3.RELEASE/spring-boot-starter-2.2.3.RELEASE.jar
7f464d1cb000-7f464d1cf000 r--s 000a1000 08:02 398679                     /usr/lib/jvm/java-8-oracle/jre/lib/jsse.jar
7f464d1cf000-7f464d1ea000 r--s 0020c000 08:02 397131                     /usr/lib/jvm/java-8-oracle/jre/lib/deploy.jar
7f464d1ea000-7f464d293000 rw-p 00000000 00:00 0 
7f464d293000-7f464d294000 ---p 00000000 00:00 0 
7f464d294000-7f464d297000 ---p 00000000 00:00 0 
7f464d297000-7f464d398000 rw-p 00000000 00:00 0 
7f464d398000-7f464d399000 r--s 00000000 08:02 6818497                    /home/rafal/.m2/repository/org/springframework/boot/spring-boot-starter-thymeleaf/2.2.3.RELEASE/spring-boot-starter-thymeleaf-2.2.3.RELEASE.jar
7f464d399000-7f464d39a000 r--s 00000000 08:02 397140                     /usr/lib/jvm/java-8-oracle/jre/lib/management-agent.jar
7f464d39a000-7f464d39c000 r--s 00007000 08:02 398699                     /usr/lib/jvm/java-8-oracle/jre/lib/jfxswt.jar
7f464d39c000-7f464d3a1000 r--s 00084000 08:02 397130                     /usr/lib/jvm/java-8-oracle/jre/lib/jfr.jar
7f464d3a1000-7f464d3a4000 r--s 0001a000 08:02 398697                     /usr/lib/jvm/java-8-oracle/jre/lib/jce.jar
7f464d3a4000-7f464d3ae000 r--s 0006e000 08:02 397240                     /usr/lib/jvm/java-8-oracle/jre/lib/javaws.jar
7f464d3ae000-7f464d3b3000 r--s 002f9000 08:02 398620                     /usr/lib/jvm/java-8-oracle/jre/lib/charsets.jar
7f464d3b3000-7f464d3bb000 rw-s 00000000 08:02 2228321                    /tmp/hsperfdata_rafal/11664
7f464d3bb000-7f464d3bc000 rw-p 00000000 00:00 0 
7f464d3bc000-7f464d3bd000 ---p 00000000 00:00 0 
7f464d3bd000-7f464d3be000 r--p 00027000 08:02 4981192                    /lib/x86_64-linux-gnu/ld-2.27.so
7f464d3be000-7f464d3bf000 rw-p 00028000 08:02 4981192                    /lib/x86_64-linux-gnu/ld-2.27.so
7f464d3bf000-7f464d3c0000 rw-p 00000000 00:00 0 
7ffc8054f000-7ffc80573000 rw-p 00000000 00:00 0                          [stack]
7ffc805e1000-7ffc805e4000 r--p 00000000 00:00 0                          [vvar]
7ffc805e4000-7ffc805e5000 r-xp 00000000 00:00 0                          [vdso]
ffffffffff600000-ffffffffff601000 --xp 00000000 00:00 0                  [vsyscall]

VM Arguments:
jvm_args: -XX:TieredStopAtLevel=1 -Xverify:none -Dspring.output.ansi.enabled=always -Dcom.sun.management.jmxremote -Dspring.jmx.enabled=true -Dspring.liveBeansView.mbeanDomain -Dspring.application.admin.enabled=true -javaagent:/snap/intellij-idea-ultimate/242/lib/idea_rt.jar=38091:/snap/intellij-idea-ultimate/242/bin -Dfile.encoding=UTF-8 
java_command: com.shop.demo.DemoApplication
java_class_path (initial): /usr/lib/jvm/java-8-oracle/jre/lib/charsets.jar:/usr/lib/jvm/java-8-oracle/jre/lib/deploy.jar:/usr/lib/jvm/java-8-oracle/jre/lib/ext/cldrdata.jar:/usr/lib/jvm/java-8-oracle/jre/lib/ext/dnsns.jar:/usr/lib/jvm/java-8-oracle/jre/lib/ext/jaccess.jar:/usr/lib/jvm/java-8-oracle/jre/lib/ext/jfxrt.jar:/usr/lib/jvm/java-8-oracle/jre/lib/ext/localedata.jar:/usr/lib/jvm/java-8-oracle/jre/lib/ext/nashorn.jar:/usr/lib/jvm/java-8-oracle/jre/lib/ext/sunec.jar:/usr/lib/jvm/java-8-oracle/jre/lib/ext/sunjce_provider.jar:/usr/lib/jvm/java-8-oracle/jre/lib/ext/sunpkcs11.jar:/usr/lib/jvm/java-8-oracle/jre/lib/ext/zipfs.jar:/usr/lib/jvm/java-8-oracle/jre/lib/javaws.jar:/usr/lib/jvm/java-8-oracle/jre/lib/jce.jar:/usr/lib/jvm/java-8-oracle/jre/lib/jfr.jar:/usr/lib/jvm/java-8-oracle/jre/lib/jfxswt.jar:/usr/lib/jvm/java-8-oracle/jre/lib/jsse.jar:/usr/lib/jvm/java-8-oracle/jre/lib/management-agent.jar:/usr/lib/jvm/java-8-oracle/jre/lib/plugin.jar:/usr/lib/jvm/java-8-oracle/jre/lib/resources.jar:/usr/lib/jvm/java-8-oracle/jre/lib/rt.jar:/home/rafal/Dokumenty/PROJEKTY JAVA/thymeleaf/demo/target/classes:/home/rafal/.m2/repository/org/springframework/boot/spring-boot-starter-thymeleaf/2.2.3.RELEASE/spring-boot-starter-thymeleaf-2.2.3.RELEASE.jar:/home/rafal/.m2/repository/org/springframework/boot/spring-boot-starter/2.2.3.RELEASE/spring-boot-starter-2.2.3.RELEASE.jar:/home/rafal/.m2/repository/org/springframework/boot/spring-boot-starter-logging/2.2.3.RELEASE/spring-boot-starter-logging-2.2.3.RELEASE.jar:/home/rafal/.m2/repository/ch/qos/logback/logback-classic/1.2.3/logback-classic-1.2.3.jar:/home/rafal/.m2/repository/ch/qos/logback/logback-core/1.2.3/logback-core-1.2.3.jar:/home/rafal/.m2/repository/org/apache/logging/log4j/log4j-to-slf4j/2.12.1/log4j-to-slf4j-2.12.1.jar:/home/rafal/.m2/repository/org/apache/logging/log4j/log4j-api/2.12.1/log4j-api-2.12.1.jar:/home/rafal/.m2/repository/org/slf4j/jul-to-slf4j/1.7.30/jul-to-slf4j-1.7.30.jar:/home/rafal/.m2/repository/
Launcher Type: SUN_STANDARD

Environment Variables:
JAVA_HOME=/usr/lib/jvm/java-8-oracle
PATH=/home/rafal/.local/bin:/usr/local/sbin:/usr/local/bin:/usr/sbin:/usr/bin:/sbin:/bin:/usr/games:/usr/local/games:/snap/bin:/usr/lib/jvm/java-8-oracle/bin:/usr/lib/jvm/java-8-oracle/db/bin:/usr/lib/jvm/java-8-oracle/jre/bin
USERNAME=rafal
SHELL=/bin/bash
DISPLAY=:0

Signal Handlers:
SIGSEGV: [libjvm.so+0xad3e60], sa_mask[0]=11111111011111111101111111111110, sa_flags=SA_RESTART|SA_SIGINFO
SIGBUS: [libjvm.so+0xad3e60], sa_mask[0]=11111111011111111101111111111110, sa_flags=SA_RESTART|SA_SIGINFO
SIGFPE: [libjvm.so+0x90b880], sa_mask[0]=11111111011111111101111111111110, sa_flags=SA_RESTART|SA_SIGINFO
SIGPIPE: [libjvm.so+0x90b880], sa_mask[0]=11111111011111111101111111111110, sa_flags=SA_RESTART|SA_SIGINFO
SIGXFSZ: [libjvm.so+0x90b880], sa_mask[0]=11111111011111111101111111111110, sa_flags=SA_RESTART|SA_SIGINFO
SIGILL: [libjvm.so+0x90b880], sa_mask[0]=11111111011111111101111111111110, sa_flags=SA_RESTART|SA_SIGINFO
SIGUSR1: SIG_DFL, sa_mask[0]=00000000000000000000000000000000, sa_flags=none
SIGUSR2: [libjvm.so+0x90b750], sa_mask[0]=00100000000000000000000000000000, sa_flags=SA_RESTART|SA_SIGINFO
SIGHUP: [libjvm.so+0x90bd70], sa_mask[0]=11111111011111111101111111111110, sa_flags=SA_RESTART|SA_SIGINFO
SIGINT: [libjvm.so+0x90bd70], sa_mask[0]=11111111011111111101111111111110, sa_flags=SA_RESTART|SA_SIGINFO
SIGTERM: [libjvm.so+0x90bd70], sa_mask[0]=11111111011111111101111111111110, sa_flags=SA_RESTART|SA_SIGINFO
SIGQUIT: [libjvm.so+0x90bd70], sa_mask[0]=11111111011111111101111111111110, sa_flags=SA_RESTART|SA_SIGINFO


---------------  S Y S T E M  ---------------

OS:DISTRIB_ID=Ubuntu
DISTRIB_RELEASE=18.04
DISTRIB_CODENAME=bionic
DISTRIB_DESCRIPTION="Ubuntu 18.04.5 LTS"

uname:Linux 5.4.0-42-generic #46~18.04.1-Ubuntu SMP Fri Jul 10 07:21:24 UTC 2020 x86_64
libc:glibc 2.27 NPTL 2.27 
rlimit: STACK 8192k, CORE 0k, NPROC 63034, NOFILE 1048576, AS infinity
load average:2,44 2,34 2,36

/proc/meminfo:
MemTotal:       16184656 kB
MemFree:         5224384 kB
MemAvailable:    9472344 kB
Buffers:          821532 kB
Cached:          4165420 kB
SwapCached:            0 kB
Active:          7207344 kB
Inactive:        2457276 kB
Active(anon):    5242788 kB
Inactive(anon):   226976 kB
Active(file):    1964556 kB
Inactive(file):  2230300 kB
Unevictable:      563556 kB
Mlocked:              48 kB
SwapTotal:       2097148 kB
SwapFree:        2097148 kB
Dirty:             12100 kB
Writeback:             0 kB
AnonPages:       5241528 kB
Mapped:           705584 kB
Shmem:            792100 kB
KReclaimable:     394668 kB
Slab:             525952 kB
SReclaimable:     394668 kB
SUnreclaim:       131284 kB
KernelStack:       24960 kB
PageTables:        97804 kB
NFS_Unstable:          0 kB
Bounce:                0 kB
WritebackTmp:          0 kB
CommitLimit:    10189476 kB
Committed_AS:   20257332 kB
VmallocTotal:   34359738367 kB
VmallocUsed:       48240 kB
VmallocChunk:          0 kB
Percpu:             3552 kB
HardwareCorrupted:     0 kB
AnonHugePages:         0 kB
ShmemHugePages:        0 kB
ShmemPmdMapped:        0 kB
FileHugePages:         0 kB
FilePmdMapped:         0 kB
CmaTotal:              0 kB
CmaFree:               0 kB
HugePages_Total:       0
HugePages_Free:        0
HugePages_Rsvd:        0
HugePages_Surp:        0
Hugepagesize:       2048 kB
Hugetlb:               0 kB
DirectMap4k:      418420 kB
DirectMap2M:    10901504 kB
DirectMap1G:     5242880 kB

container (cgroup) information:
container_type: cgroupv1
cpu_cpuset_cpus: 0-7
cpu_memory_nodes: 0
active_processor_count: 8
cpu_quota: -1
cpu_period: 100000
cpu_shares: -1
memory_limit_in_bytes: -1
memory_and_swap_limit_in_bytes: -2
memory_soft_limit_in_bytes: -1
memory_usage_in_bytes: 10474074112
memory_max_usage_in_bytes: 0


CPU:total 8 (initial active 8) (4 cores per cpu, 2 threads per core) family 6 model 142 stepping 10, cmov, cx8, fxsr, mmx, sse, sse2, sse3, ssse3, sse4.1, sse4.2, popcnt, avx, avx2, aes, clmul, erms, 3dnowpref, lzcnt, ht, tsc, tscinvbit, bmi1, bmi2, adx

/proc/cpuinfo:
processor	: 0
vendor_id	: GenuineIntel
cpu family	: 6
model		: 142
model name	: Intel(R) Core(TM) i5-8250U CPU @ 1.60GHz
stepping	: 10
microcode	: 0xd6
cpu MHz		: 2743.193
cache size	: 6144 KB
physical id	: 0
siblings	: 8
core id		: 0
cpu cores	: 4
apicid		: 0
initial apicid	: 0
fpu		: yes
fpu_exception	: yes
cpuid level	: 22
wp		: yes
flags		: fpu vme de pse tsc msr pae mce cx8 apic sep mtrr pge mca cmov pat pse36 clflush dts acpi mmx fxsr sse sse2 ss ht tm pbe syscall nx pdpe1gb rdtscp lm constant_tsc art arch_perfmon pebs bts rep_good nopl xtopology nonstop_tsc cpuid aperfmperf pni pclmulqdq dtes64 monitor ds_cpl vmx est tm2 ssse3 sdbg fma cx16 xtpr pdcm pcid sse4_1 sse4_2 x2apic movbe popcnt tsc_deadline_timer aes xsave avx f16c rdrand lahf_lm abm 3dnowprefetch cpuid_fault epb invpcid_single pti ssbd ibrs ibpb stibp tpr_shadow vnmi flexpriority ept vpid ept_ad fsgsbase tsc_adjust bmi1 avx2 smep bmi2 erms invpcid mpx rdseed adx smap clflushopt intel_pt xsaveopt xsavec xgetbv1 xsaves dtherm ida arat pln pts hwp hwp_notify hwp_act_window hwp_epp md_clear flush_l1d
bugs		: cpu_meltdown spectre_v1 spectre_v2 spec_store_bypass l1tf mds swapgs itlb_multihit srbds
bogomips	: 3600.00
clflush size	: 64
cache_alignment	: 64
address sizes	: 39 bits physical, 48 bits virtual
power management:

processor	: 1
vendor_id	: GenuineIntel
cpu family	: 6
model		: 142
model name	: Intel(R) Core(TM) i5-8250U CPU @ 1.60GHz
stepping	: 10
microcode	: 0xd6
cpu MHz		: 2754.353
cache size	: 6144 KB
physical id	: 0
siblings	: 8
core id		: 1
cpu cores	: 4
apicid		: 2
initial apicid	: 2
fpu		: yes
fpu_exception	: yes
cpuid level	: 22
wp		: yes
flags		: fpu vme de pse tsc msr pae mce cx8 apic sep mtrr pge mca cmov pat pse36 clflush dts acpi mmx fxsr sse sse2 ss ht tm pbe syscall nx pdpe1gb rdtscp lm constant_tsc art arch_perfmon pebs bts rep_good nopl xtopology nonstop_tsc cpuid aperfmperf pni pclmulqdq dtes64 monitor ds_cpl vmx est tm2 ssse3 sdbg fma cx16 xtpr pdcm pcid sse4_1 sse4_2 x2apic movbe popcnt tsc_deadline_timer aes xsave avx f16c rdrand lahf_lm abm 3dnowprefetch cpuid_fault epb invpcid_single pti ssbd ibrs ibpb stibp tpr_shadow vnmi flexpriority ept vpid ept_ad fsgsbase tsc_adjust bmi1 avx2 smep bmi2 erms invpcid mpx rdseed adx smap clflushopt intel_pt xsaveopt xsavec xgetbv1 xsaves dtherm ida arat pln pts hwp hwp_notify hwp_act_window hwp_epp md_clear flush_l1d
bugs		: cpu_meltdown spectre_v1 spectre_v2 spec_store_bypass l1tf mds swapgs itlb_multihit srbds
bogomips	: 3600.00
clflush size	: 64
cache_alignment	: 64
address sizes	: 39 bits physical, 48 bits virtual
power management:

processor	: 2
vendor_id	: GenuineIntel
cpu family	: 6
model		: 142
model name	: Intel(R) Core(TM) i5-8250U CPU @ 1.60GHz
stepping	: 10
microcode	: 0xd6
cpu MHz		: 2747.168
cache size	: 6144 KB
physical id	: 0
siblings	: 8
core id		: 2
cpu cores	: 4
apicid		: 4
initial apicid	: 4
fpu		: yes
fpu_exception	: yes
cpuid level	: 22
wp		: yes
flags		: fpu vme de pse tsc msr pae mce cx8 apic sep mtrr pge mca cmov pat pse36 clflush dts acpi mmx fxsr sse sse2 ss ht tm pbe syscall nx pdpe1gb rdtscp lm constant_tsc art arch_perfmon pebs bts rep_good nopl xtopology nonstop_tsc cpuid aperfmperf pni pclmulqdq dtes64 monitor ds_cpl vmx est tm2 ssse3 sdbg fma cx16 xtpr pdcm pcid sse4_1 sse4_2 x2apic movbe popcnt tsc_deadline_timer aes xsave avx f16c rdrand lahf_lm abm 3dnowprefetch cpuid_fault epb invpcid_single pti ssbd ibrs ibpb stibp tpr_shadow vnmi flexpriority ept vpid ept_ad fsgsbase tsc_adjust bmi1 avx2 smep bmi2 erms invpcid mpx rdseed adx smap clflushopt intel_pt xsaveopt xsavec xgetbv1 xsaves dtherm ida arat pln pts hwp hwp_notify hwp_act_window hwp_epp md_clear flush_l1d
bugs		: cpu_meltdown spectre_v1 spectre_v2 spec_store_bypass l1tf mds swapgs itlb_multihit srbds
bogomips	: 3600.00
clflush size	: 64
cache_alignment	: 64
address sizes	: 39 bits physical, 48 bits virtual
power management:

processor	: 3
vendor_id	: GenuineIntel
cpu family	: 6
model		: 142
model name	: Intel(R) Core(TM) i5-8250U CPU @ 1.60GHz
stepping	: 10
microcode	: 0xd6
cpu MHz		: 2748.957
cache size	: 6144 KB
physical id	: 0
siblings	: 8
core id		: 3
cpu cores	: 4
apicid		: 6
initial apicid	: 6
fpu		: yes
fpu_exception	: yes
cpuid level	: 22
wp		: yes
flags		: fpu vme de pse tsc msr pae mce cx8 apic sep mtrr pge mca cmov pat pse36 clflush dts acpi mmx fxsr sse sse2 ss ht tm pbe syscall nx pdpe1gb rdtscp lm constant_tsc art arch_perfmon pebs bts rep_good nopl xtopology nonstop_tsc cpuid aperfmperf pni pclmulqdq dtes64 monitor ds_cpl vmx est tm2 ssse3 sdbg fma cx16 xtpr pdcm pcid sse4_1 sse4_2 x2apic movbe popcnt tsc_deadline_timer aes xsave avx f16c rdrand lahf_lm abm 3dnowprefetch cpuid_fault epb invpcid_single pti ssbd ibrs ibpb stibp tpr_shadow vnmi flexpriority ept vpid ept_ad fsgsbase tsc_adjust bmi1 avx2 smep bmi2 erms invpcid mpx rdseed adx smap clflushopt intel_pt xsaveopt xsavec xgetbv1 xsaves dtherm ida arat pln pts hwp hwp_notify hwp_act_window hwp_epp md_clear flush_l1d
bugs		: cpu_meltdown spectre_v1 spectre_v2 spec_store_bypass l1tf mds swapgs itlb_multihit srbds
bogomips	: 3600.00
clflush size	: 64
cache_alignment	: 64
address sizes	: 39 bits physical, 48 bits virtual
power management:

processor	: 4
vendor_id	: GenuineIntel
cpu family	: 6
model		: 142
model name	: Intel(R) Core(TM) i5-8250U CPU @ 1.60GHz
stepping	: 10
microcode	: 0xd6
cpu MHz		: 2764.514
cache size	: 6144 KB
physical id	: 0
siblings	: 8
core id		: 0
cpu cores	: 4
apicid		: 1
initial apicid	: 1
fpu		: yes
fpu_exception	: yes
cpuid level	: 22
wp		: yes
flags		: fpu vme de pse tsc msr pae mce cx8 apic sep mtrr pge mca cmov pat pse36 clflush dts acpi mmx fxsr sse sse2 ss ht tm pbe syscall nx pdpe1gb rdtscp lm constant_tsc art arch_perfmon pebs bts rep_good nopl xtopology nonstop_tsc cpuid aperfmperf pni pclmulqdq dtes64 monitor ds_cpl vmx est tm2 ssse3 sdbg fma cx16 xtpr pdcm pcid sse4_1 sse4_2 x2apic movbe popcnt tsc_deadline_timer aes xsave avx f16c rdrand lahf_lm abm 3dnowprefetch cpuid_fault epb invpcid_single pti ssbd ibrs ibpb stibp tpr_shadow vnmi flexpriority ept vpid ept_ad fsgsbase tsc_adjust bmi1 avx2 smep bmi2 erms invpcid mpx rdseed adx smap clflushopt intel_pt xsaveopt xsavec xgetbv1 xsaves dtherm ida arat pln pts hwp hwp_notify hwp_act_window hwp_epp md_clear flush_l1d
bugs		: cpu_meltdown spectre_v1 spectre_v2 spec_store_bypass l1tf mds swapgs itlb_multihit srbds
bogomips	: 3600.00
clflush size	: 64
cache_alignment	: 64
address sizes	: 39 bits physical, 48 bits virtual
power management:

processor	: 5
vendor_id	: GenuineIntel
cpu family	: 6
model		: 142
model name	: Intel(R) Core(TM) i5-8250U CPU @ 1.60GHz
stepping	: 10
microcode	: 0xd6
cpu MHz		: 2752.500
cache size	: 6144 KB
physical id	: 0
siblings	: 8
core id		: 1
cpu cores	: 4
apicid		: 3
initial apicid	: 3
fpu		: yes
fpu_exception	: yes
cpuid level	: 22
wp		: yes
flags		: fpu vme de pse tsc msr pae mce cx8 apic sep mtrr pge mca cmov pat pse36 clflush dts acpi mmx fxsr sse sse2 ss ht tm pbe syscall nx pdpe1gb rdtscp lm constant_tsc art arch_perfmon pebs bts rep_good nopl xtopology nonstop_tsc cpuid aperfmperf pni pclmulqdq dtes64 monitor ds_cpl vmx est tm2 ssse3 sdbg fma cx16 xtpr pdcm pcid sse4_1 sse4_2 x2apic movbe popcnt tsc_deadline_timer aes xsave avx f16c rdrand lahf_lm abm 3dnowprefetch cpuid_fault epb invpcid_single pti ssbd ibrs ibpb stibp tpr_shadow vnmi flexpriority ept vpid ept_ad fsgsbase tsc_adjust bmi1 avx2 smep bmi2 erms invpcid mpx rdseed adx smap clflushopt intel_pt xsaveopt xsavec xgetbv1 xsaves dtherm ida arat pln pts hwp hwp_notify hwp_act_window hwp_epp md_clear flush_l1d
bugs		: cpu_meltdown spectre_v1 spectre_v2 spec_store_bypass l1tf mds swapgs itlb_multihit srbds
bogomips	: 3600.00
clflush size	: 64
cache_alignment	: 64
address sizes	: 39 bits physical, 48 bits virtual
power management:

processor	: 6
vendor_id	: GenuineIntel
cpu family	: 6
model		: 142
model name	: Intel(R) Core(TM) i5-8250U CPU @ 1.60GHz
stepping	: 10
microcode	: 0xd6
cpu MHz		: 2754.168
cache size	: 6144 KB
physical id	: 0
siblings	: 8
core id		: 2
cpu cores	: 4
apicid		: 5
initial apicid	: 5
fpu		: yes
fpu_exception	: yes
cpuid level	: 22
wp		: yes
flags		: fpu vme de pse tsc msr pae mce cx8 apic sep mtrr pge mca cmov pat pse36 clflush dts acpi mmx fxsr sse sse2 ss ht tm pbe syscall nx pdpe1gb rdtscp lm constant_tsc art arch_perfmon pebs bts rep_good nopl xtopology nonstop_tsc cpuid aperfmperf pni pclmulqdq dtes64 monitor ds_cpl vmx est tm2 ssse3 sdbg fma cx16 xtpr pdcm pcid sse4_1 sse4_2 x2apic movbe popcnt tsc_deadline_timer aes xsave avx f16c rdrand lahf_lm abm 3dnowprefetch cpuid_fault epb invpcid_single pti ssbd ibrs ibpb stibp tpr_shadow vnmi flexpriority ept vpid ept_ad fsgsbase tsc_adjust bmi1 avx2 smep bmi2 erms invpcid mpx rdseed adx smap clflushopt intel_pt xsaveopt xsavec xgetbv1 xsaves dtherm ida arat pln pts hwp hwp_notify hwp_act_window hwp_epp md_clear flush_l1d
bugs		: cpu_meltdown spectre_v1 spectre_v2 spec_store_bypass l1tf mds swapgs itlb_multihit srbds
bogomips	: 3600.00
clflush size	: 64
cache_alignment	: 64
address sizes	: 39 bits physical, 48 bits virtual
power management:

processor	: 7
vendor_id	: GenuineIntel
cpu family	: 6
model		: 142
model name	: Intel(R) Core(TM) i5-8250U CPU @ 1.60GHz
stepping	: 10
microcode	: 0xd6
cpu MHz		: 2755.871
cache size	: 6144 KB
physical id	: 0
siblings	: 8
core id		: 3
cpu cores	: 4
apicid		: 7
initial apicid	: 7
fpu		: yes
fpu_exception	: yes
cpuid level	: 22
wp		: yes
flags		: fpu vme de pse tsc msr pae mce cx8 apic sep mtrr pge mca cmov pat pse36 clflush dts acpi mmx fxsr sse sse2 ss ht tm pbe syscall nx pdpe1gb rdtscp lm constant_tsc art arch_perfmon pebs bts rep_good nopl xtopology nonstop_tsc cpuid aperfmperf pni pclmulqdq dtes64 monitor ds_cpl vmx est tm2 ssse3 sdbg fma cx16 xtpr pdcm pcid sse4_1 sse4_2 x2apic movbe popcnt tsc_deadline_timer aes xsave avx f16c rdrand lahf_lm abm 3dnowprefetch cpuid_fault epb invpcid_single pti ssbd ibrs ibpb stibp tpr_shadow vnmi flexpriority ept vpid ept_ad fsgsbase tsc_adjust bmi1 avx2 smep bmi2 erms invpcid mpx rdseed adx smap clflushopt intel_pt xsaveopt xsavec xgetbv1 xsaves dtherm ida arat pln pts hwp hwp_notify hwp_act_window hwp_epp md_clear flush_l1d
bugs		: cpu_meltdown spectre_v1 spectre_v2 spec_store_bypass l1tf mds swapgs itlb_multihit srbds
bogomips	: 3600.00
clflush size	: 64
cache_alignment	: 64
address sizes	: 39 bits physical, 48 bits virtual
power management:



Memory: 4k page, physical 16184656k(5224384k free), swap 2097148k(2097148k free)

vm_info: Java HotSpot(TM) 64-Bit Server VM (25.201-b09) for linux-amd64 JRE (1.8.0_201-b09), built on Dec 15 2018 11:35:59 by "java_re" with gcc 7.3.0

time: Sun Aug 23 13:34:19 2020
timezone: CEST
elapsed time: 4 seconds (0d 0h 0m 4s)

