#
# A fatal error has been detected by the Java Runtime Environment:
#
#  SIGSEGV (0xb) at pc=0x00007f2470b125fd, pid=25445, tid=0x00007f246d397700
#
# JRE version: Java(TM) SE Runtime Environment (8.0_201-b09) (build 1.8.0_201-b09)
# Java VM: Java HotSpot(TM) 64-Bit Server VM (25.201-b09 mixed mode linux-amd64 compressed oops)
# Problematic frame:
# V  [libjvm.so+0x9875fd]  oopDesc* PSPromotionManager::copy_to_survivor_space<false>(oopDesc*)+0x1dd
#
# Failed to write core dump. Core dumps have been disabled. To enable core dumping, try "ulimit -c unlimited" before starting Java again
#
# If you would like to submit a bug report, please visit:
#   http://bugreport.java.com/bugreport/crash.jsp
#

---------------  T H R E A D  ---------------

Current thread (0x00007f2468033000):  GCTaskThread [stack: 0x00007f246d298000,0x00007f246d398000] [id=25462]

siginfo: si_signo: 11 (SIGSEGV), si_code: 1 (SEGV_MAPERR), si_addr: 0x00000000000000e8

Registers:
RAX=0x00000007c0012300, RBX=0x0000000779bfc0e8, RCX=0x0000000000000000, RDX=0x0000000000000000
RSP=0x00007f246d396bd0, RBP=0x00007f246d396c60, RSI=0x0000000779bfc0e8, RDI=0x00000007c0012300
R8 =0x0000000000000001, R9 =0x00007f24711572b0, R10=0x00007f2471123da0, R11=0x00000007823f1b48
R12=0x00007f24681cbcc0, R13=0x0000000000000000, R14=0x00007f24681cbd28, R15=0x00007f2471123db0
RIP=0x00007f2470b125fd, EFLAGS=0x0000000000010246, CSGSFS=0x002b000000000033, ERR=0x0000000000000004
  TRAPNO=0x000000000000000e

Top of Stack: (sp=0x00007f246d396bd0)
0x00007f246d396bd0:   00007f246d396c60 00007f2470b11441
0x00007f246d396be0:   0000008000000000 0000000000000048
0x00007f246d396bf0:   00007f2400000009 0000000000000001
0x00007f246d396c00:   00000007823ea020 0000000000001000
0x00007f246d396c10:   0000000000001696 0000000000000000
0x00007f246d396c20:   0000000000000053 00007f2468034250
0x00007f246d396c30:   00007f2468034228 00007f24681cbcc0
0x00007f246d396c40:   00000007823f1b8c 0000000000000000
0x00007f246d396c50:   00007f24681cbd28 00007f2471123db0
0x00007f246d396c60:   00007f246d396cb0 00007f2470b12048
0x00007f246d396c70:   00007f246d396cb0 00007f24707d5e8e
0x00007f246d396c80:   00007f24680264a0 00000006c9338200
0x00007f246d396c90:   00007f2468016090 0000000000000240
0x00007f246d396ca0:   00007f246dfc6a01 00007f246dfc69c1
0x00007f246d396cb0:   00007f246d396d70 00007f247055c39e
0x00007f246d396cc0:   00007f2468034228 00007f246dfc6a00
0x00007f246d396cd0:   00007f246dfc5180 0000000000000180
0x00007f246d396ce0:   00007f246dfc5000 00007f24681cbcc0
0x00007f246d396cf0:   00000006c9338298 00000006c9fc2bd8
0x00007f246d396d00:   00000006c9340040 00007f246dfc6980
0x00007f246d396d10:   0000000000000400 00007f246dfc6980
0x00007f246d396d20:   00007f246dfcce16 00007f246dfc6800
0x00007f246d396d30:   00007f246dfc69c1 00007f2468015e40
0x00007f246d396d40:   00007f2468026550 00007f246805c800
0x00007f246d396d50:   00007f24681cbcc0 00007f2468033000
0x00007f246d396d60:   0000000000000000 00007f2471148188
0x00007f246d396d70:   00007f246d396da0 00007f2470b16139
0x00007f246d396d80:   0000000000000008 00007f2470b16101
0x00007f246d396d90:   0000000000000001 00007f246805c800
0x00007f246d396da0:   00007f246d396eb0 00007f247074e666
0x00007f246d396db0:   00000000000003d8 00007f2468033600
0x00007f246d396dc0:   00007f2468033a28 00007f2468033650 

Instructions: (pc=0x00007f2470b125fd)
0x00007f2470b125dd:   87 fe 04 00 00 49 89 44 24 08 45 31 f6 e9 92 00
0x00007f2470b125ed:   00 00 90 48 8b 10 4c 89 45 98 48 89 de 48 89 c7
0x00007f2470b125fd:   ff 92 e8 00 00 00 4c 8b 45 98 89 c1 41 f6 c0 01
0x00007f2470b1260d:   4c 63 f9 4c 89 c0 0f 85 6f ff ff ff 48 83 e0 fd 

Register to memory mapping:

RAX=0x00000007c0012300 is pointing into metadata
RBX=0x0000000779bfc0e8 is an oop

[error occurred during error reporting (printing register info), id 0xb]

Stack: [0x00007f246d298000,0x00007f246d398000],  sp=0x00007f246d396bd0,  free space=1018k
Native frames: (J=compiled Java code, j=interpreted, Vv=VM code, C=native code)
V  [libjvm.so+0x9875fd]  oopDesc* PSPromotionManager::copy_to_survivor_space<false>(oopDesc*)+0x1dd
V  [libjvm.so+0x987048]  PSPromotionManager::drain_stacks_depth(bool)+0x768
V  [libjvm.so+0x3d139e]  CardTableExtension::scavenge_contents_parallel(ObjectStartArray*, MutableSpace*, HeapWord*, PSPromotionManager*, unsigned int, unsigned int)+0x88e
V  [libjvm.so+0x98b139]  OldToYoungRootsTask::do_it(GCTaskManager*, unsigned int)+0x49
V  [libjvm.so+0x5c3666]  GCTaskThread::run()+0x1b6
V  [libjvm.so+0x90d922]  java_start(Thread*)+0x102


---------------  P R O C E S S  ---------------

Java Threads: ( => current thread )
  0x00007f2394001000 JavaThread "JMX server connection timeout 49" daemon [_thread_blocked, id=25539, stack(0x00007f23ce7f2000,0x00007f23ce8f3000)]
  0x00007f23f8003800 JavaThread "RMI TCP Connection(4)-127.0.0.1" daemon [_thread_blocked, id=25538, stack(0x00007f23ce8f3000,0x00007f23ce9f4000)]
  0x00007f23f0328800 JavaThread "JMX server connection timeout 47" daemon [_thread_blocked, id=25537, stack(0x00007f23ce9f4000,0x00007f23ceaf5000)]
  0x00007f2468011000 JavaThread "DestroyJavaVM" [_thread_blocked, id=25446, stack(0x00007f2471c9e000,0x00007f2471d9e000)]
  0x00007f24695ef800 JavaThread "http-nio-8080-Acceptor" daemon [_thread_in_native, id=25534, stack(0x00007f23ceaf5000,0x00007f23cebf6000)]
  0x00007f24695ed800 JavaThread "http-nio-8080-ClientPoller" daemon [_thread_in_native, id=25533, stack(0x00007f23cebf6000,0x00007f23cecf7000)]
  0x00007f24695eb800 JavaThread "http-nio-8080-exec-10" daemon [_thread_blocked, id=25532, stack(0x00007f23cecf7000,0x00007f23cedf8000)]
  0x00007f24695e9800 JavaThread "http-nio-8080-exec-9" daemon [_thread_blocked, id=25531, stack(0x00007f23cedf8000,0x00007f23ceef9000)]
  0x00007f24695e7800 JavaThread "http-nio-8080-exec-8" daemon [_thread_blocked, id=25530, stack(0x00007f23ceef9000,0x00007f23ceffa000)]
  0x00007f24695e5800 JavaThread "http-nio-8080-exec-7" daemon [_thread_blocked, id=25529, stack(0x00007f23ceffa000,0x00007f23cf0fb000)]
  0x00007f24695e3800 JavaThread "http-nio-8080-exec-6" daemon [_thread_blocked, id=25528, stack(0x00007f23cf0fb000,0x00007f23cf1fc000)]
  0x00007f24695e1800 JavaThread "http-nio-8080-exec-5" daemon [_thread_blocked, id=25527, stack(0x00007f23cf1fc000,0x00007f23cf2fd000)]
  0x00007f24695df800 JavaThread "http-nio-8080-exec-4" daemon [_thread_blocked, id=25526, stack(0x00007f23cf2fd000,0x00007f23cf3fe000)]
  0x00007f24695dd800 JavaThread "http-nio-8080-exec-3" daemon [_thread_blocked, id=25525, stack(0x00007f23cf3fe000,0x00007f23cf4ff000)]
  0x00007f24695dc000 JavaThread "http-nio-8080-exec-2" daemon [_thread_blocked, id=25524, stack(0x00007f23c73fe000,0x00007f23c74ff000)]
  0x00007f24695da800 JavaThread "http-nio-8080-exec-1" daemon [_thread_blocked, id=25523, stack(0x00007f23cf4ff000,0x00007f23cf600000)]
  0x00007f24695da000 JavaThread "http-nio-8080-BlockPoller" daemon [_thread_in_native, id=25522, stack(0x00007f24380fa000,0x00007f24381fb000)]
  0x00007f23e0001800 JavaThread "HikariPool-1 connection adder" daemon [_thread_blocked, id=25513, stack(0x00007f24383fb000,0x00007f24384fc000)]
  0x00007f2468f03800 JavaThread "container-0" [_thread_blocked, id=25512, stack(0x00007f24384fc000,0x00007f24385fd000)]
  0x00007f23e4002800 JavaThread "Catalina-utility-2" [_thread_blocked, id=25511, stack(0x00007f24385fd000,0x00007f24386fe000)]
  0x00007f2468efc800 JavaThread "Catalina-utility-1" [_thread_blocked, id=25510, stack(0x00007f24386fe000,0x00007f24387ff000)]
  0x00007f2468ebd000 JavaThread "HikariPool-1 housekeeper" daemon [_thread_blocked, id=25509, stack(0x00007f244008d000,0x00007f244018e000)]
  0x00007f23f8002800 JavaThread "RMI TCP Connection(2)-127.0.0.1" daemon [_thread_in_native, id=25505, stack(0x00007f244038e000,0x00007f244048f000)]
  0x00007f23f0325800 JavaThread "RMI Scheduler(0)" daemon [_thread_blocked, id=25495, stack(0x00007f244048f000,0x00007f2440590000)]
  0x00007f23f8001800 JavaThread "RMI TCP Connection(3)-127.0.0.1" daemon [_thread_blocked, id=25493, stack(0x00007f2441127000,0x00007f2441228000)]
  0x00007f241c001000 JavaThread "Attach Listener" daemon [_thread_blocked, id=25491, stack(0x00007f2440790000,0x00007f2440891000)]
  0x00007f2468713000 JavaThread "RMI TCP Accept-0" daemon [_thread_in_native, id=25483, stack(0x00007f244157b000,0x00007f244167c000)]
  0x00007f24685fe000 JavaThread "Service Thread" daemon [_thread_blocked, id=25482, stack(0x00007f2441a9c000,0x00007f2441b9d000)]
  0x00007f24685f8800 JavaThread "C1 CompilerThread3" daemon [_thread_blocked, id=25481, stack(0x00007f2441db6000,0x00007f2441eb6000)]
  0x00007f24685f6800 JavaThread "C2 CompilerThread2" daemon [_thread_blocked, id=25480, stack(0x00007f2441eb7000,0x00007f2441fb7000)]
  0x00007f24685f4800 JavaThread "C2 CompilerThread1" daemon [_thread_blocked, id=25479, stack(0x00007f2441fb8000,0x00007f24420b8000)]
  0x00007f24685f2800 JavaThread "C2 CompilerThread0" daemon [_thread_blocked, id=25478, stack(0x00007f24420b9000,0x00007f24421b9000)]
  0x00007f24685f0000 JavaThread "Monitor Ctrl-Break" daemon [_thread_in_native, id=25477, stack(0x00007f24421b9000,0x00007f24422ba000)]
  0x00007f246820d800 JavaThread "Signal Dispatcher" daemon [_thread_blocked, id=25469, stack(0x00007f24424f0000,0x00007f24425f1000)]
  0x00007f24681da800 JavaThread "Finalizer" daemon [_thread_blocked, id=25466, stack(0x00007f24430f1000,0x00007f24431f2000)]
  0x00007f24681d8000 JavaThread "Reference Handler" daemon [_thread_blocked, id=25465, stack(0x00007f24431f2000,0x00007f24432f3000)]

Other Threads:
  0x00007f24681ce800 VMThread [stack: 0x00007f24432f4000,0x00007f24433f4000] [id=25463]
  0x00007f2468729000 WatcherThread [stack: 0x00007f244147b000,0x00007f244157b000] [id=25484]

=>0x00007f2468033000 (exited) GCTaskThread [stack: 0x00007f246d298000,0x00007f246d398000] [id=25462]

VM state:at safepoint (normal execution)

VM Mutex/Monitor currently owned by a thread:  ([mutex/lock_event])
[0x00007f2468006e80] Threads_lock - owner thread: 0x00007f24681ce800
[0x00007f2468007380] Heap_lock - owner thread: 0x00007f2394001000

heap address: 0x00000006c9000000, size: 3952 MB, Compressed Oops mode: Zero based, Oop shift amount: 3
Narrow klass base: 0x0000000000000000, Narrow klass shift: 3
Compressed class space size: 1073741824 Address: 0x00000007c0000000

Heap:
 PSYoungGen      total 266240K, used 256000K [0x000000076db00000, 0x0000000783100000, 0x00000007c0000000)
  eden space 256000K, 100% used [0x000000076db00000,0x000000077d500000,0x000000077d500000)
  from space 10240K, 0% used [0x000000077d500000,0x000000077d500000,0x000000077df00000)
  to   space 14848K, 45% used [0x0000000782280000,0x000000078290e070,0x0000000783100000)
 ParOldGen       total 140800K, used 16146K [0x00000006c9000000, 0x00000006d1980000, 0x000000076db00000)
  object space 140800K, 11% used [0x00000006c9000000,0x00000006c9fc4bd8,0x00000006d1980000)
 Metaspace       used 50584K, capacity 53302K, committed 53504K, reserved 1095680K
  class space    used 7161K, capacity 7652K, committed 7680K, reserved 1048576K

Card table byte_map: [0x00007f246dfc5000,0x00007f246e77e000] byte_map_base: 0x00007f246a97d000

Marking Bits: (ParMarkBitMap*) 0x00007f2471156d80
 Begin Bits: [0x00007f242c480000, 0x00007f2430240000)
 End Bits:   [0x00007f2430240000, 0x00007f2434000000)

Polling page: 0x00007f2471dc6000

CodeCache: size=245760Kb used=7207Kb max_used=7207Kb free=238552Kb
 bounds [0x00007f2459000000, 0x00007f2459710000, 0x00007f2468000000]
 total_blobs=4274 nmethods=3737 adapters=450
 compilation: enabled

Compilation events (10 events):
Event: 4,231 Thread 0x00007f24685f8800 nmethod 3733 0x00007f2459707150 code [0x00007f24597073e0, 0x00007f2459707dc8]
Event: 4,232 Thread 0x00007f24685f8800 3734       1       java.util.IdentityHashMap::put (137 bytes)
Event: 4,232 Thread 0x00007f24685f8800 nmethod 3734 0x00007f2459708750 code [0x00007f24597088e0, 0x00007f2459708d58]
Event: 4,234 Thread 0x00007f24685f8800 3735       1       org.springframework.core.annotation.AnnotationAwareOrderComparator::findOrder (18 bytes)
Event: 4,235 Thread 0x00007f24685f8800 nmethod 3735 0x00007f2459709090 code [0x00007f2459709220, 0x00007f2459709488]
Event: 4,337 Thread 0x00007f24685f8800 3736       1       java.io.ObjectStreamField::getTypeCode (9 bytes)
Event: 4,337 Thread 0x00007f24685f8800 nmethod 3736 0x00007f2459709590 code [0x00007f2459709700, 0x00007f24597098c8]
Event: 4,337 Thread 0x00007f24685f8800 3737       1       java.io.ObjectStreamField::getField (5 bytes)
Event: 4,337 Thread 0x00007f24685f8800 nmethod 3737 0x00007f2459709a10 code [0x00007f2459709b60, 0x00007f2459709c70]
Event: 4,344 Thread 0x00007f24685f8800 3739       1       java.io.ObjectInputStream$HandleTable::lookupException (29 bytes)

GC Heap History (10 events):
Event: 1,122 GC heap after
Heap after GC invocations=3 (full 0):
 PSYoungGen      total 138240K, used 6181K [0x000000076db00000, 0x000000077e900000, 0x00000007c0000000)
  eden space 128000K, 0% used [0x000000076db00000,0x000000076db00000,0x0000000775800000)
  from space 10240K, 60% used [0x0000000775800000,0x0000000775e09608,0x0000000776200000)
  to   space 10240K, 0% used [0x000000077df00000,0x000000077df00000,0x000000077e900000)
 ParOldGen       total 169472K, used 171K [0x00000006c9000000, 0x00000006d3580000, 0x000000076db00000)
  object space 169472K, 0% used [0x00000006c9000000,0x00000006c902ae78,0x00000006d3580000)
 Metaspace       used 20614K, capacity 21262K, committed 21296K, reserved 1067008K
  class space    used 2737K, capacity 2921K, committed 2944K, reserved 1048576K
}
Event: 1,122 GC heap before
{Heap before GC invocations=4 (full 1):
 PSYoungGen      total 138240K, used 6181K [0x000000076db00000, 0x000000077e900000, 0x00000007c0000000)
  eden space 128000K, 0% used [0x000000076db00000,0x000000076db00000,0x0000000775800000)
  from space 10240K, 60% used [0x0000000775800000,0x0000000775e09608,0x0000000776200000)
  to   space 10240K, 0% used [0x000000077df00000,0x000000077df00000,0x000000077e900000)
 ParOldGen       total 169472K, used 171K [0x00000006c9000000, 0x00000006d3580000, 0x000000076db00000)
  object space 169472K, 0% used [0x00000006c9000000,0x00000006c902ae78,0x00000006d3580000)
 Metaspace       used 20614K, capacity 21262K, committed 21296K, reserved 1067008K
  class space    used 2737K, capacity 2921K, committed 2944K, reserved 1048576K
Event: 1,164 GC heap after
Heap after GC invocations=4 (full 1):
 PSYoungGen      total 138240K, used 0K [0x000000076db00000, 0x000000077e900000, 0x00000007c0000000)
  eden space 128000K, 0% used [0x000000076db00000,0x000000076db00000,0x0000000775800000)
  from space 10240K, 0% used [0x0000000775800000,0x0000000775800000,0x0000000776200000)
  to   space 10240K, 0% used [0x000000077df00000,0x000000077df00000,0x000000077e900000)
 ParOldGen       total 93184K, used 6045K [0x00000006c9000000, 0x00000006ceb00000, 0x000000076db00000)
  object space 93184K, 6% used [0x00000006c9000000,0x00000006c95e7460,0x00000006ceb00000)
 Metaspace       used 20610K, capacity 21250K, committed 21296K, reserved 1067008K
  class space    used 2736K, capacity 2919K, committed 2944K, reserved 1048576K
}
Event: 2,226 GC heap before
{Heap before GC invocations=5 (full 1):
 PSYoungGen      total 138240K, used 128000K [0x000000076db00000, 0x000000077e900000, 0x00000007c0000000)
  eden space 128000K, 100% used [0x000000076db00000,0x0000000775800000,0x0000000775800000)
  from space 10240K, 0% used [0x0000000775800000,0x0000000775800000,0x0000000776200000)
  to   space 10240K, 0% used [0x000000077df00000,0x000000077df00000,0x000000077e900000)
 ParOldGen       total 93184K, used 6045K [0x00000006c9000000, 0x00000006ceb00000, 0x000000076db00000)
  object space 93184K, 6% used [0x00000006c9000000,0x00000006c95e7460,0x00000006ceb00000)
 Metaspace       used 28313K, capacity 29962K, committed 30080K, reserved 1075200K
  class space    used 3875K, capacity 4203K, committed 4224K, reserved 1048576K
Event: 2,236 GC heap after
Heap after GC invocations=5 (full 1):
 PSYoungGen      total 215040K, used 10208K [0x000000076db00000, 0x000000077e900000, 0x00000007c0000000)
  eden space 204800K, 0% used [0x000000076db00000,0x000000076db00000,0x000000077a300000)
  from space 10240K, 99% used [0x000000077df00000,0x000000077e8f83b8,0x000000077e900000)
  to   space 10240K, 0% used [0x000000077d500000,0x000000077d500000,0x000000077df00000)
 ParOldGen       total 93184K, used 8405K [0x00000006c9000000, 0x00000006ceb00000, 0x000000076db00000)
  object space 93184K, 9% used [0x00000006c9000000,0x00000006c9835420,0x00000006ceb00000)
 Metaspace       used 28313K, capacity 29962K, committed 30080K, reserved 1075200K
  class space    used 3875K, capacity 4203K, committed 4224K, reserved 1048576K
}
Event: 2,585 GC heap before
{Heap before GC invocations=6 (full 1):
 PSYoungGen      total 215040K, used 101111K [0x000000076db00000, 0x000000077e900000, 0x00000007c0000000)
  eden space 204800K, 44% used [0x000000076db00000,0x00000007733c5c18,0x000000077a300000)
  from space 10240K, 99% used [0x000000077df00000,0x000000077e8f83b8,0x000000077e900000)
  to   space 10240K, 0% used [0x000000077d500000,0x000000077d500000,0x000000077df00000)
 ParOldGen       total 93184K, used 8405K [0x00000006c9000000, 0x00000006ceb00000, 0x000000076db00000)
  object space 93184K, 9% used [0x00000006c9000000,0x00000006c9835420,0x00000006ceb00000)
 Metaspace       used 33643K, capacity 35404K, committed 35496K, reserved 1079296K
  class space    used 4491K, capacity 4850K, committed 4864K, reserved 1048576K
Event: 2,595 GC heap after
Heap after GC invocations=6 (full 1):
 PSYoungGen      total 266240K, used 10223K [0x000000076db00000, 0x0000000783100000, 0x00000007c0000000)
  eden space 256000K, 0% used [0x000000076db00000,0x000000076db00000,0x000000077d500000)
  from space 10240K, 99% used [0x000000077d500000,0x000000077defbf98,0x000000077df00000)
  to   space 14848K, 0% used [0x0000000782280000,0x0000000782280000,0x0000000783100000)
 ParOldGen       total 93184K, used 9393K [0x00000006c9000000, 0x00000006ceb00000, 0x000000076db00000)
  object space 93184K, 10% used [0x00000006c9000000,0x00000006c992c658,0x00000006ceb00000)
 Metaspace       used 33643K, capacity 35404K, committed 35496K, reserved 1079296K
  class space    used 4491K, capacity 4850K, committed 4864K, reserved 1048576K
}
Event: 2,595 GC heap before
{Heap before GC invocations=7 (full 2):
 PSYoungGen      total 266240K, used 10223K [0x000000076db00000, 0x0000000783100000, 0x00000007c0000000)
  eden space 256000K, 0% used [0x000000076db00000,0x000000076db00000,0x000000077d500000)
  from space 10240K, 99% used [0x000000077d500000,0x000000077defbf98,0x000000077df00000)
  to   space 14848K, 0% used [0x0000000782280000,0x0000000782280000,0x0000000783100000)
 ParOldGen       total 93184K, used 9393K [0x00000006c9000000, 0x00000006ceb00000, 0x000000076db00000)
  object space 93184K, 10% used [0x00000006c9000000,0x00000006c992c658,0x00000006ceb00000)
 Metaspace       used 33643K, capacity 35404K, committed 35496K, reserved 1079296K
  class space    used 4491K, capacity 4850K, committed 4864K, reserved 1048576K
Event: 2,638 GC heap after
Heap after GC invocations=7 (full 2):
 PSYoungGen      total 266240K, used 0K [0x000000076db00000, 0x0000000783100000, 0x00000007c0000000)
  eden space 256000K, 0% used [0x000000076db00000,0x000000076db00000,0x000000077d500000)
  from space 10240K, 0% used [0x000000077d500000,0x000000077d500000,0x000000077df00000)
  to   space 14848K, 0% used [0x0000000782280000,0x0000000782280000,0x0000000783100000)
 ParOldGen       total 140800K, used 16138K [0x00000006c9000000, 0x00000006d1980000, 0x000000076db00000)
  object space 140800K, 11% used [0x00000006c9000000,0x00000006c9fc2bd8,0x00000006d1980000)
 Metaspace       used 33643K, capacity 35404K, committed 35496K, reserved 1079296K
  class space    used 4491K, capacity 4850K, committed 4864K, reserved 1048576K
}
Event: 4,344 GC heap before
{Heap before GC invocations=8 (full 2):
 PSYoungGen      total 266240K, used 256000K [0x000000076db00000, 0x0000000783100000, 0x00000007c0000000)
  eden space 256000K, 100% used [0x000000076db00000,0x000000077d500000,0x000000077d500000)
  from space 10240K, 0% used [0x000000077d500000,0x000000077d500000,0x000000077df00000)
  to   space 14848K, 0% used [0x0000000782280000,0x0000000782280000,0x0000000783100000)
 ParOldGen       total 140800K, used 16138K [0x00000006c9000000, 0x00000006d1980000, 0x000000076db00000)
  object space 140800K, 11% used [0x00000006c9000000,0x00000006c9fc2bd8,0x00000006d1980000)
 Metaspace       used 50584K, capacity 53302K, committed 53504K, reserved 1095680K
  class space    used 7161K, capacity 7652K, committed 7680K, reserved 1048576K

Deoptimization events (0 events):
No events

Classes redefined (0 events):
No events

Internal exceptions (10 events):
Event: 4,055 Thread 0x00007f2468011000 Exception <a 'java/lang/ArrayIndexOutOfBoundsException'> (0x000000077bb434c8) thrown at [/HUDSON/workspace/8-2-build-linux-amd64/jdk8u201/12317/hotspot/src/share/vm/runtime/sharedRuntime.cpp, line 605]
Event: 4,055 Thread 0x00007f2468011000 Exception <a 'java/lang/ArrayIndexOutOfBoundsException'> (0x000000077bb45960) thrown at [/HUDSON/workspace/8-2-build-linux-amd64/jdk8u201/12317/hotspot/src/share/vm/runtime/sharedRuntime.cpp, line 605]
Event: 4,056 Thread 0x00007f2468011000 Exception <a 'java/lang/ArrayIndexOutOfBoundsException'> (0x000000077bb47778) thrown at [/HUDSON/workspace/8-2-build-linux-amd64/jdk8u201/12317/hotspot/src/share/vm/runtime/sharedRuntime.cpp, line 605]
Event: 4,056 Thread 0x00007f2468011000 Exception <a 'java/lang/ArrayIndexOutOfBoundsException'> (0x000000077bb486d0) thrown at [/HUDSON/workspace/8-2-build-linux-amd64/jdk8u201/12317/hotspot/src/share/vm/runtime/sharedRuntime.cpp, line 605]
Event: 4,056 Thread 0x00007f2468011000 Exception <a 'java/lang/ArrayIndexOutOfBoundsException'> (0x000000077bb497f0) thrown at [/HUDSON/workspace/8-2-build-linux-amd64/jdk8u201/12317/hotspot/src/share/vm/runtime/sharedRuntime.cpp, line 605]
Event: 4,087 Thread 0x00007f2468011000 Exception <a 'java/lang/IncompatibleClassChangeError': Found class java.lang.Object, but interface was expected> (0x000000077be071f8) thrown at [/HUDSON/workspace/8-2-build-linux-amd64/jdk8u201/12317/hotspot/src/share/vm/interpreter/linkResolver.cpp, line
Event: 4,143 Thread 0x00007f2468011000 Exception <a 'java/lang/ArrayIndexOutOfBoundsException'> (0x000000077c307d50) thrown at [/HUDSON/workspace/8-2-build-linux-amd64/jdk8u201/12317/hotspot/src/share/vm/runtime/sharedRuntime.cpp, line 605]
Event: 4,147 Thread 0x00007f2468011000 Exception <a 'java/lang/ArrayIndexOutOfBoundsException'> (0x000000077c323ff0) thrown at [/HUDSON/workspace/8-2-build-linux-amd64/jdk8u201/12317/hotspot/src/share/vm/runtime/sharedRuntime.cpp, line 605]
Event: 4,148 Thread 0x00007f2468011000 Exception <a 'java/lang/ArrayIndexOutOfBoundsException'> (0x000000077c327fd0) thrown at [/HUDSON/workspace/8-2-build-linux-amd64/jdk8u201/12317/hotspot/src/share/vm/runtime/sharedRuntime.cpp, line 605]
Event: 4,186 Thread 0x00007f2468011000 Exception <a 'java/lang/ArrayIndexOutOfBoundsException'> (0x000000077c799028) thrown at [/HUDSON/workspace/8-2-build-linux-amd64/jdk8u201/12317/hotspot/src/share/vm/runtime/sharedRuntime.cpp, line 605]

Events (10 events):
Event: 4,234 loading class org/springframework/boot/CommandLineRunner
Event: 4,234 loading class org/springframework/boot/CommandLineRunner done
Event: 4,234 Thread 0x00007f2468011000 Thread exited: 0x00007f2468011000
Event: 4,234 Thread 0x00007f2468011000 Thread added: 0x00007f2468011000
Event: 4,334 Thread 0x00007f23f0328800 Thread added: 0x00007f23f0328800
Event: 4,341 Thread 0x00007f23f0328800 Thread exited: 0x00007f23f0328800
Event: 4,342 Thread 0x00007f23f0328800 Thread added: 0x00007f23f0328800
Event: 4,342 Thread 0x00007f23f8003800 Thread added: 0x00007f23f8003800
Event: 4,344 Thread 0x00007f2394001000 Thread added: 0x00007f2394001000
Event: 4,344 Executing VM operation: ParallelGCFailedAllocation


Dynamic libraries:
00400000-00401000 r-xp 00000000 08:02 15466874                           /usr/lib/jvm/java-8-oracle/bin/java
00600000-00601000 r--p 00000000 08:02 15466874                           /usr/lib/jvm/java-8-oracle/bin/java
00601000-00602000 rw-p 00001000 08:02 15466874                           /usr/lib/jvm/java-8-oracle/bin/java
00b1b000-00b3c000 rw-p 00000000 00:00 0                                  [heap]
6c9000000-6d1980000 rw-p 00000000 00:00 0 
6d1980000-76db00000 ---p 00000000 00:00 0 
76db00000-783100000 rw-p 00000000 00:00 0 
783100000-7c0000000 ---p 00000000 00:00 0 
7c0000000-7c0780000 rw-p 00000000 00:00 0 
7c0780000-800000000 ---p 00000000 00:00 0 
7f2388000000-7f2388021000 rw-p 00000000 00:00 0 
7f2388021000-7f238c000000 ---p 00000000 00:00 0 
7f2390000000-7f2390021000 rw-p 00000000 00:00 0 
7f2390021000-7f2394000000 ---p 00000000 00:00 0 
7f2394000000-7f2394021000 rw-p 00000000 00:00 0 
7f2394021000-7f2398000000 ---p 00000000 00:00 0 
7f2398000000-7f2398021000 rw-p 00000000 00:00 0 
7f2398021000-7f239c000000 ---p 00000000 00:00 0 
7f239c000000-7f239c021000 rw-p 00000000 00:00 0 
7f239c021000-7f23a0000000 ---p 00000000 00:00 0 
7f23a0000000-7f23a0021000 rw-p 00000000 00:00 0 
7f23a0021000-7f23a4000000 ---p 00000000 00:00 0 
7f23a4000000-7f23a4021000 rw-p 00000000 00:00 0 
7f23a4021000-7f23a8000000 ---p 00000000 00:00 0 
7f23a8000000-7f23a8021000 rw-p 00000000 00:00 0 
7f23a8021000-7f23ac000000 ---p 00000000 00:00 0 
7f23ac000000-7f23ac021000 rw-p 00000000 00:00 0 
7f23ac021000-7f23b0000000 ---p 00000000 00:00 0 
7f23b0000000-7f23b0021000 rw-p 00000000 00:00 0 
7f23b0021000-7f23b4000000 ---p 00000000 00:00 0 
7f23b4000000-7f23b4021000 rw-p 00000000 00:00 0 
7f23b4021000-7f23b8000000 ---p 00000000 00:00 0 
7f23b8000000-7f23b8021000 rw-p 00000000 00:00 0 
7f23b8021000-7f23bc000000 ---p 00000000 00:00 0 
7f23bc000000-7f23bc021000 rw-p 00000000 00:00 0 
7f23bc021000-7f23c0000000 ---p 00000000 00:00 0 
7f23c0000000-7f23c0021000 rw-p 00000000 00:00 0 
7f23c0021000-7f23c4000000 ---p 00000000 00:00 0 
7f23c73fe000-7f23c7401000 ---p 00000000 00:00 0 
7f23c7401000-7f23c74ff000 rw-p 00000000 00:00 0 
7f23c8000000-7f23c8021000 rw-p 00000000 00:00 0 
7f23c8021000-7f23cc000000 ---p 00000000 00:00 0 
7f23ce7f2000-7f23ce7f5000 ---p 00000000 00:00 0 
7f23ce7f5000-7f23ce8f3000 rw-p 00000000 00:00 0 
7f23ce8f3000-7f23ce8f6000 ---p 00000000 00:00 0 
7f23ce8f6000-7f23ce9f4000 rw-p 00000000 00:00 0 
7f23ce9f4000-7f23ce9f7000 ---p 00000000 00:00 0 
7f23ce9f7000-7f23ceaf5000 rw-p 00000000 00:00 0 
7f23ceaf5000-7f23ceaf8000 ---p 00000000 00:00 0 
7f23ceaf8000-7f23cebf6000 rw-p 00000000 00:00 0 
7f23cebf6000-7f23cebf9000 ---p 00000000 00:00 0 
7f23cebf9000-7f23cecf7000 rw-p 00000000 00:00 0 
7f23cecf7000-7f23cecfa000 ---p 00000000 00:00 0 
7f23cecfa000-7f23cedf8000 rw-p 00000000 00:00 0 
7f23cedf8000-7f23cedfb000 ---p 00000000 00:00 0 
7f23cedfb000-7f23ceef9000 rw-p 00000000 00:00 0 
7f23ceef9000-7f23ceefc000 ---p 00000000 00:00 0 
7f23ceefc000-7f23ceffa000 rw-p 00000000 00:00 0 
7f23ceffa000-7f23ceffd000 ---p 00000000 00:00 0 
7f23ceffd000-7f23cf0fb000 rw-p 00000000 00:00 0 
7f23cf0fb000-7f23cf0fe000 ---p 00000000 00:00 0 
7f23cf0fe000-7f23cf1fc000 rw-p 00000000 00:00 0 
7f23cf1fc000-7f23cf1ff000 ---p 00000000 00:00 0 
7f23cf1ff000-7f23cf2fd000 rw-p 00000000 00:00 0 
7f23cf2fd000-7f23cf300000 ---p 00000000 00:00 0 
7f23cf300000-7f23cf3fe000 rw-p 00000000 00:00 0 
7f23cf3fe000-7f23cf401000 ---p 00000000 00:00 0 
7f23cf401000-7f23cf4ff000 rw-p 00000000 00:00 0 
7f23cf4ff000-7f23cf502000 ---p 00000000 00:00 0 
7f23cf502000-7f23cf6c0000 rw-p 00000000 00:00 0 
7f23cf6c0000-7f23cf800000 ---p 00000000 00:00 0 
7f23cf800000-7f23cfa00000 rw-p 00000000 00:00 0 
7f23cfa00000-7f23cfc00000 rw-p 00000000 00:00 0 
7f23cfc00000-7f23cfe00000 rw-p 00000000 00:00 0 
7f23cfe00000-7f23d0000000 rw-p 00000000 00:00 0 
7f23d0000000-7f23d0021000 rw-p 00000000 00:00 0 
7f23d0021000-7f23d4000000 ---p 00000000 00:00 0 
7f23d4000000-7f23d4021000 rw-p 00000000 00:00 0 
7f23d4021000-7f23d8000000 ---p 00000000 00:00 0 
7f23d8000000-7f23d8021000 rw-p 00000000 00:00 0 
7f23d8021000-7f23dc000000 ---p 00000000 00:00 0 
7f23dc000000-7f23dc021000 rw-p 00000000 00:00 0 
7f23dc021000-7f23e0000000 ---p 00000000 00:00 0 
7f23e0000000-7f23e0021000 rw-p 00000000 00:00 0 
7f23e0021000-7f23e4000000 ---p 00000000 00:00 0 
7f23e4000000-7f23e4021000 rw-p 00000000 00:00 0 
7f23e4021000-7f23e8000000 ---p 00000000 00:00 0 
7f23e8000000-7f23e8021000 rw-p 00000000 00:00 0 
7f23e8021000-7f23ec000000 ---p 00000000 00:00 0 
7f23ec000000-7f23ec021000 rw-p 00000000 00:00 0 
7f23ec021000-7f23f0000000 ---p 00000000 00:00 0 
7f23f0000000-7f23f0338000 rw-p 00000000 00:00 0 
7f23f0338000-7f23f4000000 ---p 00000000 00:00 0 
7f23f4000000-7f23f4021000 rw-p 00000000 00:00 0 
7f23f4021000-7f23f8000000 ---p 00000000 00:00 0 
7f23f8000000-7f23f8021000 rw-p 00000000 00:00 0 
7f23f8021000-7f23fc000000 ---p 00000000 00:00 0 
7f23fc000000-7f23fc021000 rw-p 00000000 00:00 0 
7f23fc021000-7f2400000000 ---p 00000000 00:00 0 
7f2400000000-7f24003b2000 rw-p 00000000 00:00 0 
7f24003b2000-7f2404000000 ---p 00000000 00:00 0 
7f2404000000-7f2404021000 rw-p 00000000 00:00 0 
7f2404021000-7f2408000000 ---p 00000000 00:00 0 
7f2408000000-7f2408021000 rw-p 00000000 00:00 0 
7f2408021000-7f240c000000 ---p 00000000 00:00 0 
7f240c000000-7f240c021000 rw-p 00000000 00:00 0 
7f240c021000-7f2410000000 ---p 00000000 00:00 0 
7f2410000000-7f2410021000 rw-p 00000000 00:00 0 
7f2410021000-7f2414000000 ---p 00000000 00:00 0 
7f2414000000-7f241406e000 rw-p 00000000 00:00 0 
7f241406e000-7f2418000000 ---p 00000000 00:00 0 
7f2418000000-7f2418021000 rw-p 00000000 00:00 0 
7f2418021000-7f241c000000 ---p 00000000 00:00 0 
7f241c000000-7f241c021000 rw-p 00000000 00:00 0 
7f241c021000-7f2420000000 ---p 00000000 00:00 0 
7f2420000000-7f2420021000 rw-p 00000000 00:00 0 
7f2420021000-7f2424000000 ---p 00000000 00:00 0 
7f2424000000-7f2424021000 rw-p 00000000 00:00 0 
7f2424021000-7f2428000000 ---p 00000000 00:00 0 
7f2428000000-7f2428021000 rw-p 00000000 00:00 0 
7f2428021000-7f242c000000 ---p 00000000 00:00 0 
7f242c080000-7f242c280000 rw-p 00000000 00:00 0 
7f242c280000-7f242c480000 rw-p 00000000 00:00 0 
7f242c480000-7f2434000000 rw-p 00000000 00:00 0 
7f2434000000-7f243429c000 rw-p 00000000 00:00 0 
7f243429c000-7f2438000000 ---p 00000000 00:00 0 
7f24380fa000-7f24380fd000 ---p 00000000 00:00 0 
7f24380fd000-7f24383fb000 rw-p 00000000 00:00 0 
7f24383fb000-7f24383fe000 ---p 00000000 00:00 0 
7f24383fe000-7f24384fc000 rw-p 00000000 00:00 0 
7f24384fc000-7f24384ff000 ---p 00000000 00:00 0 
7f24384ff000-7f24385fd000 rw-p 00000000 00:00 0 
7f24385fd000-7f2438600000 ---p 00000000 00:00 0 
7f2438600000-7f24386fe000 rw-p 00000000 00:00 0 
7f24386fe000-7f2438701000 ---p 00000000 00:00 0 
7f2438701000-7f24389ff000 rw-p 00000000 00:00 0 
7f24389ff000-7f2438bff000 rw-p 00000000 00:00 0 
7f2438bff000-7f2438dff000 rw-p 00000000 00:00 0 
7f2438dff000-7f2438fff000 rw-p 00000000 00:00 0 
7f2438fff000-7f243c000000 rw-p 00000000 00:00 0 
7f243c000000-7f243c021000 rw-p 00000000 00:00 0 
7f243c021000-7f2440000000 ---p 00000000 00:00 0 
7f244008d000-7f2440090000 ---p 00000000 00:00 0 
7f2440090000-7f244038e000 rw-p 00000000 00:00 0 
7f244038e000-7f2440391000 ---p 00000000 00:00 0 
7f2440391000-7f244048f000 rw-p 00000000 00:00 0 
7f244048f000-7f2440492000 ---p 00000000 00:00 0 
7f2440492000-7f2440790000 rw-p 00000000 00:00 0 
7f2440790000-7f2440793000 ---p 00000000 00:00 0 
7f2440793000-7f2440a91000 rw-p 00000000 00:00 0 
7f2440a91000-7f2440c91000 rw-p 00000000 00:00 0 
7f2440c91000-7f2440e91000 rw-p 00000000 00:00 0 
7f2440e91000-7f2440f27000 r--s 0110e000 08:02 398684                     /usr/lib/jvm/java-8-oracle/jre/lib/ext/jfxrt.jar
7f2440f27000-7f2441127000 rw-p 00000000 00:00 0 
7f2441127000-7f244112a000 ---p 00000000 00:00 0 
7f244112a000-7f2441428000 rw-p 00000000 00:00 0 
7f2441428000-7f2441432000 r--s 00116000 08:02 398690                     /usr/lib/jvm/java-8-oracle/jre/lib/ext/localedata.jar
7f2441432000-7f244144e000 r--s 00393000 08:02 398683                     /usr/lib/jvm/java-8-oracle/jre/lib/ext/cldrdata.jar
7f244144e000-7f2441455000 r--s 00000000 08:02 133324                     /usr/lib/x86_64-linux-gnu/gconv/gconv-modules.cache
7f2441455000-7f244147a000 r--p 00000000 08:02 789022                     /usr/share/locale-langpack/pl/LC_MESSAGES/libc.mo
7f244147a000-7f244147b000 ---p 00000000 00:00 0 
7f244147b000-7f244157b000 rw-p 00000000 00:00 0 
7f244157b000-7f244157e000 ---p 00000000 00:00 0 
7f244157e000-7f244167c000 rw-p 00000000 00:00 0 
7f244167c000-7f2441680000 r--s 000a1000 08:02 398679                     /usr/lib/jvm/java-8-oracle/jre/lib/jsse.jar
7f2441680000-7f2441691000 r-xp 00000000 08:02 526091                     /usr/lib/jvm/java-8-oracle/jre/lib/amd64/libnio.so
7f2441691000-7f2441890000 ---p 00011000 08:02 526091                     /usr/lib/jvm/java-8-oracle/jre/lib/amd64/libnio.so
7f2441890000-7f2441891000 r--p 00010000 08:02 526091                     /usr/lib/jvm/java-8-oracle/jre/lib/amd64/libnio.so
7f2441891000-7f2441892000 rw-p 00011000 08:02 526091                     /usr/lib/jvm/java-8-oracle/jre/lib/amd64/libnio.so
7f2441892000-7f244189b000 r-xp 00000000 08:02 526187                     /usr/lib/jvm/java-8-oracle/jre/lib/amd64/libmanagement.so
7f244189b000-7f2441a9a000 ---p 00009000 08:02 526187                     /usr/lib/jvm/java-8-oracle/jre/lib/amd64/libmanagement.so
7f2441a9a000-7f2441a9b000 r--p 00008000 08:02 526187                     /usr/lib/jvm/java-8-oracle/jre/lib/amd64/libmanagement.so
7f2441a9b000-7f2441a9c000 rw-p 00009000 08:02 526187                     /usr/lib/jvm/java-8-oracle/jre/lib/amd64/libmanagement.so
7f2441a9c000-7f2441a9f000 ---p 00000000 00:00 0 
7f2441a9f000-7f2441b9d000 rw-p 00000000 00:00 0 
7f2441b9d000-7f2441bb3000 r-xp 00000000 08:02 525933                     /usr/lib/jvm/java-8-oracle/jre/lib/amd64/libnet.so
7f2441bb3000-7f2441db3000 ---p 00016000 08:02 525933                     /usr/lib/jvm/java-8-oracle/jre/lib/amd64/libnet.so
7f2441db3000-7f2441db4000 r--p 00016000 08:02 525933                     /usr/lib/jvm/java-8-oracle/jre/lib/amd64/libnet.so
7f2441db4000-7f2441db5000 rw-p 00017000 08:02 525933                     /usr/lib/jvm/java-8-oracle/jre/lib/amd64/libnet.so
7f2441db5000-7f2441db6000 ---p 00000000 00:00 0 
7f2441db6000-7f2441db9000 ---p 00000000 00:00 0 
7f2441db9000-7f2441eb6000 rw-p 00000000 00:00 0 
7f2441eb6000-7f2441eb7000 ---p 00000000 00:00 0 
7f2441eb7000-7f2441eba000 ---p 00000000 00:00 0 
7f2441eba000-7f2441fb7000 rw-p 00000000 00:00 0 
7f2441fb7000-7f2441fb8000 ---p 00000000 00:00 0 
7f2441fb8000-7f2441fbb000 ---p 00000000 00:00 0 
7f2441fbb000-7f24420b8000 rw-p 00000000 00:00 0 
7f24420b8000-7f24420b9000 ---p 00000000 00:00 0 
7f24420b9000-7f24420bc000 ---p 00000000 00:00 0 
7f24420bc000-7f24421b9000 rw-p 00000000 00:00 0 
7f24421b9000-7f24421bc000 ---p 00000000 00:00 0 
7f24421bc000-7f24422ba000 rw-p 00000000 00:00 0 
7f24422ba000-7f24422bd000 r--s 0001c000 07:0d 610                        /snap/intellij-idea-ultimate/228/lib/idea_rt.jar
7f24422bd000-7f24422bf000 r--s 0000a000 08:02 7345456                    /home/rafal/.m2/repository/org/springframework/spring-aspects/5.2.3.RELEASE/spring-aspects-5.2.3.RELEASE.jar
7f24422bf000-7f24422c8000 r--s 00044000 08:02 6951845                    /home/rafal/.m2/repository/org/springframework/spring-tx/5.2.3.RELEASE/spring-tx-5.2.3.RELEASE.jar
7f24422c8000-7f24422cd000 r--s 0002d000 08:02 7217514                    /home/rafal/.m2/repository/org/springframework/spring-orm/5.2.3.RELEASE/spring-orm-5.2.3.RELEASE.jar
7f24422cd000-7f24422e6000 r--s 00110000 08:02 7217510                    /home/rafal/.m2/repository/org/springframework/data/spring-data-commons/2.2.4.RELEASE/spring-data-commons-2.2.4.RELEASE.jar
7f24422e6000-7f24422ef000 r--s 00051000 08:02 7089019                    /home/rafal/.m2/repository/org/springframework/data/spring-data-jpa/2.2.4.RELEASE/spring-data-jpa-2.2.4.RELEASE.jar
7f24422ef000-7f24422f4000 r--s 00049000 08:02 8783842                    /home/rafal/.m2/repository/com/sun/xml/fastinfoset/FastInfoset/1.2.16/FastInfoset-1.2.16.jar
7f24422f4000-7f24422f6000 r--s 00008000 08:02 8783840                    /home/rafal/.m2/repository/org/jvnet/staxex/stax-ex/1.8.1/stax-ex-1.8.1.jar
7f24422f6000-7f24422f8000 r--s 00005000 08:02 8783838                    /home/rafal/.m2/repository/com/sun/istack/istack-commons-runtime/3.0.8/istack-commons-runtime-3.0.8.jar
7f24422f8000-7f24422fa000 r--s 00010000 08:02 8783836                    /home/rafal/.m2/repository/org/glassfish/jaxb/txw2/2.3.2/txw2-2.3.2.jar
7f24422fa000-7f244230f000 r--s 000e3000 08:02 8783834                    /home/rafal/.m2/repository/org/glassfish/jaxb/jaxb-runtime/2.3.2/jaxb-runtime-2.3.2.jar
7f244230f000-7f2442312000 r--s 00010000 08:02 6953306                    /home/rafal/.m2/repository/org/hibernate/common/hibernate-commons-annotations/5.1.0.Final/hibernate-commons-annotations-5.1.0.Final.jar
7f2442312000-7f2442317000 r--s 0004b000 08:02 5374282                    /home/rafal/.m2/repository/org/dom4j/dom4j/2.1.1/dom4j-2.1.1.jar
7f2442317000-7f2442319000 r--s 0000f000 08:02 8783846                    /home/rafal/.m2/repository/com/fasterxml/classmate/1.5.1/classmate-1.5.1.jar
7f2442319000-7f244231c000 r--s 0002d000 08:02 6160835                    /home/rafal/.m2/repository/org/jboss/jandex/2.1.1.Final/jandex-2.1.1.Final.jar
7f244231c000-7f2442321000 r--s 00068000 08:02 3932658                    /home/rafal/.m2/repository/antlr/antlr/2.7.7/antlr-2.7.7.jar
7f2442321000-7f244232b000 r--s 000b4000 08:02 6953302                    /home/rafal/.m2/repository/org/javassist/javassist/3.24.0-GA/javassist-3.24.0-GA.jar
7f244232b000-7f244232d000 r--s 0000d000 08:02 6160881                    /home/rafal/.m2/repository/org/jboss/logging/jboss-logging/3.4.1.Final/jboss-logging-3.4.1.Final.jar
7f244232d000-7f24423b2000 r--s 0064f000 08:02 6951843                    /home/rafal/.m2/repository/org/hibernate/hibernate-core/5.4.10.Final/hibernate-core-5.4.10.Final.jar
7f24423b2000-7f24423b3000 r--s 00003000 08:02 6160827                    /home/rafal/.m2/repository/jakarta/transaction/jakarta.transaction-api/1.3.3/jakarta.transaction-api-1.3.3.jar
7f24423b3000-7f24423b9000 r--s 00023000 08:02 6160825                    /home/rafal/.m2/repository/jakarta/persistence/jakarta.persistence-api/2.2.3/jakarta.persistence-api-2.2.3.jar
7f24423b9000-7f24423bb000 r--s 00009000 08:02 6160897                    /home/rafal/.m2/repository/jakarta/activation/jakarta.activation-api/1.2.1/jakarta.activation-api-1.2.1.jar
7f24423bb000-7f24423c5000 r--s 0005a000 08:02 6818560                    /home/rafal/.m2/repository/org/springframework/spring-jdbc/5.2.3.RELEASE/spring-jdbc-5.2.3.RELEASE.jar
7f24423c5000-7f24423c8000 r--s 00023000 08:02 6818556                    /home/rafal/.m2/repository/com/zaxxer/HikariCP/3.4.2/HikariCP-3.4.2.jar
7f24423c8000-7f24423c9000 r--s 00000000 08:02 6689449                    /home/rafal/.m2/repository/org/springframework/boot/spring-boot-starter-jdbc/2.2.3.RELEASE/spring-boot-starter-jdbc-2.2.3.RELEASE.jar
7f24423c9000-7f24423e2000 r--s 001da000 08:02 6160847                    /home/rafal/.m2/repository/org/aspectj/aspectjweaver/1.9.5/aspectjweaver-1.9.5.jar
7f24423e2000-7f24423e3000 r--s 00000000 08:02 6689448                    /home/rafal/.m2/repository/org/springframework/boot/spring-boot-starter-aop/2.2.3.RELEASE/spring-boot-starter-aop-2.2.3.RELEASE.jar
7f24423e3000-7f24423e4000 r--s 00000000 08:02 6160811                    /home/rafal/.m2/repository/org/springframework/boot/spring-boot-starter-data-jpa/2.2.2.RELEASE/spring-boot-starter-data-jpa-2.2.2.RELEASE.jar
7f24423e4000-7f24423f7000 r--s 00201000 08:02 9702334                    /home/rafal/.m2/repository/com/h2database/h2/1.4.199/h2-1.4.199.jar
7f24423f7000-7f2442406000 r--s 0007c000 08:02 9702230                    /home/rafal/.m2/repository/org/springframework/security/spring-security-web/5.2.1.RELEASE/spring-security-web-5.2.1.RELEASE.jar
7f2442406000-7f2442412000 r--s 00061000 08:02 9702227                    /home/rafal/.m2/repository/org/springframework/security/spring-security-core/5.2.1.RELEASE/spring-security-core-5.2.1.RELEASE.jar
7f2442412000-7f2442420000 r--s 000c4000 08:02 9702231                    /home/rafal/.m2/repository/org/springframework/security/spring-security-config/5.2.1.RELEASE/spring-security-config-5.2.1.RELEASE.jar
7f2442420000-7f2442429000 r--s 00052000 08:02 6818505                    /home/rafal/.m2/repository/org/springframework/spring-aop/5.2.3.RELEASE/spring-aop-5.2.3.RELEASE.jar
7f2442429000-7f244242a000 r--s 00000000 08:02 9702225                    /home/rafal/.m2/repository/org/springframework/boot/spring-boot-starter-security/2.2.2.RELEASE/spring-boot-starter-security-2.2.2.RELEASE.jar
7f244242a000-7f244242b000 r--s 00005000 08:02 6818507                    /home/rafal/.m2/repository/org/springframework/spring-jcl/5.2.3.RELEASE/spring-jcl-5.2.3.RELEASE.jar
7f244242b000-7f2442446000 r--s 00144000 08:02 6818523                    /home/rafal/.m2/repository/org/springframework/spring-core/5.2.3.RELEASE/spring-core-5.2.3.RELEASE.jar
7f2442446000-7f244248e000 r--s 002e9000 08:02 8652300                    /home/rafal/.m2/repository/net/bytebuddy/byte-buddy/1.10.6/byte-buddy-1.10.6.jar
7f244248e000-7f24424a5000 r--s 00198000 08:02 4068001                    /home/rafal/.m2/repository/org/projectlombok/lombok/1.18.10/lombok-1.18.10.jar
7f24424a5000-7f24424c1000 r--s 0010f000 08:02 6818508                    /home/rafal/.m2/repository/org/springframework/spring-context/5.2.3.RELEASE/spring-context-5.2.3.RELEASE.jar
7f24424c1000-7f24424d4000 r--s 000d5000 08:02 8390895                    /home/rafal/.m2/repository/org/springframework/spring-webmvc/5.2.3.RELEASE/spring-webmvc-5.2.3.RELEASE.jar
7f24424d4000-7f24424f0000 r--s 00141000 08:02 6818522                    /home/rafal/.m2/repository/org/springframework/spring-web/5.2.3.RELEASE/spring-web-5.2.3.RELEASE.jar
7f24424f0000-7f24424f3000 ---p 00000000 00:00 0 
7f24424f3000-7f24425f1000 rw-p 00000000 00:00 0 
7f24425f1000-7f24430f1000 r--p 00000000 08:02 15342200                   /usr/lib/locale/locale-archive
7f24430f1000-7f24430f4000 ---p 00000000 00:00 0 
7f24430f4000-7f24431f2000 rw-p 00000000 00:00 0 
7f24431f2000-7f24431f5000 ---p 00000000 00:00 0 
7f24431f5000-7f24432f3000 rw-p 00000000 00:00 0 
7f24432f3000-7f24432f4000 ---p 00000000 00:00 0 
7f24432f4000-7f2444000000 rw-p 00000000 00:00 0 
7f2444000000-7f2444021000 rw-p 00000000 00:00 0 
7f2444021000-7f2448000000 ---p 00000000 00:00 0 
7f2448000000-7f2448021000 rw-p 00000000 00:00 0 
7f2448021000-7f244c000000 ---p 00000000 00:00 0 
7f244c000000-7f244c021000 rw-p 00000000 00:00 0 
7f244c021000-7f2450000000 ---p 00000000 00:00 0 
7f2450000000-7f2450021000 rw-p 00000000 00:00 0 
7f2450021000-7f2454000000 ---p 00000000 00:00 0 
7f2454000000-7f2454021000 rw-p 00000000 00:00 0 
7f2454021000-7f2458000000 ---p 00000000 00:00 0 
7f2458000000-7f2458004000 r--s 00019000 08:02 6160895                    /home/rafal/.m2/repository/jakarta/xml/bind/jakarta.xml.bind-api/2.3.2/jakarta.xml.bind-api-2.3.2.jar
7f2458004000-7f2458009000 r--s 00040000 08:02 6818532                    /home/rafal/.m2/repository/org/springframework/spring-expression/5.2.3.RELEASE/spring-expression-5.2.3.RELEASE.jar
7f2458009000-7f2458016000 r--s 0009b000 08:02 6818536                    /home/rafal/.m2/repository/org/springframework/spring-beans/5.2.3.RELEASE/spring-beans-5.2.3.RELEASE.jar
7f2458016000-7f2458033000 r--s 000fe000 08:02 5515049                    /home/rafal/.m2/repository/org/hibernate/validator/hibernate-validator/6.0.18.Final/hibernate-validator-6.0.18.Final.jar
7f2458033000-7f2458038000 r--s 00012000 08:02 8271150                    /home/rafal/.m2/repository/jakarta/validation/jakarta.validation-api/2.0.2/jakarta.validation-api-2.0.2.jar
7f2458038000-7f2458039000 r--s 00000000 08:02 8134159                    /home/rafal/.m2/repository/org/springframework/boot/spring-boot-starter-validation/2.2.3.RELEASE/spring-boot-starter-validation-2.2.3.RELEASE.jar
7f2458039000-7f245803e000 r--s 0003c000 08:02 7867308                    /home/rafal/.m2/repository/org/apache/tomcat/embed/tomcat-embed-websocket/9.0.30/tomcat-embed-websocket-9.0.30.jar
7f245803e000-7f2458043000 r--s 0003a000 08:02 7607190                    /home/rafal/.m2/repository/org/apache/tomcat/embed/tomcat-embed-el/9.0.30/tomcat-embed-el-9.0.30.jar
7f2458043000-7f245806d000 r--s 00301000 08:02 7481358                    /home/rafal/.m2/repository/org/apache/tomcat/embed/tomcat-embed-core/9.0.30/tomcat-embed-core-9.0.30.jar
7f245806d000-7f245806e000 r--s 00000000 08:02 7345450                    /home/rafal/.m2/repository/org/springframework/boot/spring-boot-starter-tomcat/2.2.3.RELEASE/spring-boot-starter-tomcat-2.2.3.RELEASE.jar
7f245806e000-7f2458070000 r--s 00001000 08:02 8785346                    /home/rafal/.m2/repository/com/fasterxml/jackson/module/jackson-module-parameter-names/2.10.2/jackson-module-parameter-names-2.10.2.jar
7f2458070000-7f2458073000 r--s 00017000 08:02 7217500                    /home/rafal/.m2/repository/com/fasterxml/jackson/datatype/jackson-datatype-jsr310/2.10.2/jackson-datatype-jsr310-2.10.2.jar
7f2458073000-7f2458075000 r--s 00007000 08:02 7089009                    /home/rafal/.m2/repository/com/fasterxml/jackson/datatype/jackson-datatype-jdk8/2.10.2/jackson-datatype-jdk8-2.10.2.jar
7f2458075000-7f245807a000 r--s 00051000 08:02 6818524                    /home/rafal/.m2/repository/com/fasterxml/jackson/core/jackson-core/2.10.2/jackson-core-2.10.2.jar
7f245807a000-7f245807d000 r--s 0000e000 08:02 6818527                    /home/rafal/.m2/repository/com/fasterxml/jackson/core/jackson-annotations/2.10.2/jackson-annotations-2.10.2.jar
7f245807d000-7f2458092000 r--s 00142000 08:02 6818529                    /home/rafal/.m2/repository/com/fasterxml/jackson/core/jackson-databind/2.10.2/jackson-databind-2.10.2.jar
7f2458092000-7f2458093000 r--s 00000000 08:02 6818516                    /home/rafal/.m2/repository/org/springframework/boot/spring-boot-starter-json/2.2.3.RELEASE/spring-boot-starter-json-2.2.3.RELEASE.jar
7f2458093000-7f2458094000 r--s 00000000 08:02 6818517                    /home/rafal/.m2/repository/org/springframework/boot/spring-boot-starter-web/2.2.3.RELEASE/spring-boot-starter-web-2.2.3.RELEASE.jar
7f2458094000-7f2458095000 r--s 00009000 08:02 6160859                    /home/rafal/.m2/repository/org/thymeleaf/extras/thymeleaf-extras-java8time/3.0.4.RELEASE/thymeleaf-extras-java8time-3.0.4.RELEASE.jar
7f2458095000-7f2458097000 r--s 00009000 08:02 6818539                    /home/rafal/.m2/repository/org/slf4j/slf4j-api/1.7.30/slf4j-api-1.7.30.jar
7f2458097000-7f245809c000 r--s 00037000 08:02 6160855                    /home/rafal/.m2/repository/org/attoparser/attoparser/2.0.5.RELEASE/attoparser-2.0.5.RELEASE.jar
7f245809c000-7f24580ac000 r--s 000c5000 08:02 6160853                    /home/rafal/.m2/repository/org/thymeleaf/thymeleaf/3.0.11.RELEASE/thymeleaf-3.0.11.RELEASE.jar
7f24580ac000-7f24580b1000 r--s 00027000 08:02 6160851                    /home/rafal/.m2/repository/org/thymeleaf/thymeleaf-spring5/3.0.11.RELEASE/thymeleaf-spring5-3.0.11.RELEASE.jar
7f24580b1000-7f24580b8000 r--s 00044000 08:02 6160789                    /home/rafal/.m2/repository/org/yaml/snakeyaml/1.25/snakeyaml-1.25.jar
7f24580b8000-7f24580be000 r--s 0003e000 08:02 6035413                    /home/rafal/.m2/repository/org/apache/logging/log4j/log4j-api/2.12.1/log4j-api-2.12.1.jar
7f24580be000-7f24580c9000 r--s 00069000 08:02 8783830                    /home/rafal/.m2/repository/ch/qos/logback/logback-core/1.2.3/logback-core-1.2.3.jar
7f24580c9000-7f24580f1000 r--s 0012c000 08:02 6818511                    /home/rafal/.m2/repository/org/springframework/boot/spring-boot-autoconfigure/2.2.3.RELEASE/spring-boot-autoconfigure-2.2.3.RELEASE.jar
7f24580f1000-7f2459000000 rw-p 00000000 00:00 0 
7f2459000000-7f2459710000 rwxp 00000000 00:00 0 
7f2459710000-7f2468000000 ---p 00000000 00:00 0 
7f2468000000-7f2469611000 rw-p 00000000 00:00 0 
7f2469611000-7f246c000000 ---p 00000000 00:00 0 
7f246c000000-7f246c003000 r--s 00028000 08:02 6160857                    /home/rafal/.m2/repository/org/unbescape/unbescape/1.1.6.RELEASE/unbescape-1.1.6.RELEASE.jar
7f246c003000-7f246c01a000 r--s 000e8000 08:02 6818537                    /home/rafal/.m2/repository/org/springframework/boot/spring-boot/2.2.3.RELEASE/spring-boot-2.2.3.RELEASE.jar
7f246c01a000-7f246c02d000 r--s 00345000 08:02 398660                     /usr/lib/jvm/java-8-oracle/jre/lib/resources.jar
7f246c02d000-7f246c040000 r--s 000d6000 08:02 398202                     /usr/lib/jvm/java-8-oracle/jre/lib/plugin.jar
7f246c040000-7f246c08f000 rw-p 00000000 00:00 0 
7f246c08f000-7f246c269000 r--s 03d6f000 08:02 398622                     /usr/lib/jvm/java-8-oracle/jre/lib/rt.jar
7f246c269000-7f246d297000 rw-p 00000000 00:00 0 
7f246d297000-7f246d298000 ---p 00000000 00:00 0 
7f246d298000-7f246d398000 rw-p 00000000 00:00 0 
7f246d398000-7f246d399000 ---p 00000000 00:00 0 
7f246d399000-7f246d499000 rw-p 00000000 00:00 0 
7f246d499000-7f246d49a000 ---p 00000000 00:00 0 
7f246d49a000-7f246d59a000 rw-p 00000000 00:00 0 
7f246d59a000-7f246d59b000 ---p 00000000 00:00 0 
7f246d59b000-7f246d69b000 rw-p 00000000 00:00 0 
7f246d69b000-7f246d69c000 ---p 00000000 00:00 0 
7f246d69c000-7f246d79c000 rw-p 00000000 00:00 0 
7f246d79c000-7f246d79d000 ---p 00000000 00:00 0 
7f246d79d000-7f246d89d000 rw-p 00000000 00:00 0 
7f246d89d000-7f246d89e000 ---p 00000000 00:00 0 
7f246d89e000-7f246d99e000 rw-p 00000000 00:00 0 
7f246d99e000-7f246d99f000 ---p 00000000 00:00 0 
7f246d99f000-7f246dae4000 rw-p 00000000 00:00 0 
7f246dae4000-7f246dfc5000 ---p 00000000 00:00 0 
7f246dfc5000-7f246e00a000 rw-p 00000000 00:00 0 
7f246e00a000-7f246e4ea000 ---p 00000000 00:00 0 
7f246e4ea000-7f246e596000 rw-p 00000000 00:00 0 
7f246e596000-7f246e77d000 ---p 00000000 00:00 0 
7f246e77d000-7f246e79b000 rw-p 00000000 00:00 0 
7f246e79b000-7f246eb3e000 ---p 00000000 00:00 0 
7f246eb3e000-7f246eb59000 r-xp 00000000 08:02 525929                     /usr/lib/jvm/java-8-oracle/jre/lib/amd64/libzip.so
7f246eb59000-7f246ed58000 ---p 0001b000 08:02 525929                     /usr/lib/jvm/java-8-oracle/jre/lib/amd64/libzip.so
7f246ed58000-7f246ed59000 r--p 0001a000 08:02 525929                     /usr/lib/jvm/java-8-oracle/jre/lib/amd64/libzip.so
7f246ed59000-7f246ed5a000 rw-p 0001b000 08:02 525929                     /usr/lib/jvm/java-8-oracle/jre/lib/amd64/libzip.so
7f246ed5a000-7f246ed65000 r-xp 00000000 08:02 4985640                    /lib/x86_64-linux-gnu/libnss_files-2.27.so
7f246ed65000-7f246ef64000 ---p 0000b000 08:02 4985640                    /lib/x86_64-linux-gnu/libnss_files-2.27.so
7f246ef64000-7f246ef65000 r--p 0000a000 08:02 4985640                    /lib/x86_64-linux-gnu/libnss_files-2.27.so
7f246ef65000-7f246ef66000 rw-p 0000b000 08:02 4985640                    /lib/x86_64-linux-gnu/libnss_files-2.27.so
7f246ef66000-7f246ef6c000 rw-p 00000000 00:00 0 
7f246ef6c000-7f246ef83000 r-xp 00000000 08:02 4985634                    /lib/x86_64-linux-gnu/libnsl-2.27.so
7f246ef83000-7f246f182000 ---p 00017000 08:02 4985634                    /lib/x86_64-linux-gnu/libnsl-2.27.so
7f246f182000-7f246f183000 r--p 00016000 08:02 4985634                    /lib/x86_64-linux-gnu/libnsl-2.27.so
7f246f183000-7f246f184000 rw-p 00017000 08:02 4985634                    /lib/x86_64-linux-gnu/libnsl-2.27.so
7f246f184000-7f246f186000 rw-p 00000000 00:00 0 
7f246f186000-7f246f191000 r-xp 00000000 08:02 4985651                    /lib/x86_64-linux-gnu/libnss_nis-2.27.so
7f246f191000-7f246f390000 ---p 0000b000 08:02 4985651                    /lib/x86_64-linux-gnu/libnss_nis-2.27.so
7f246f390000-7f246f391000 r--p 0000a000 08:02 4985651                    /lib/x86_64-linux-gnu/libnss_nis-2.27.so
7f246f391000-7f246f392000 rw-p 0000b000 08:02 4985651                    /lib/x86_64-linux-gnu/libnss_nis-2.27.so
7f246f392000-7f246f39a000 r-xp 00000000 08:02 4985636                    /lib/x86_64-linux-gnu/libnss_compat-2.27.so
7f246f39a000-7f246f59a000 ---p 00008000 08:02 4985636                    /lib/x86_64-linux-gnu/libnss_compat-2.27.so
7f246f59a000-7f246f59b000 r--p 00008000 08:02 4985636                    /lib/x86_64-linux-gnu/libnss_compat-2.27.so
7f246f59b000-7f246f59c000 rw-p 00009000 08:02 4985636                    /lib/x86_64-linux-gnu/libnss_compat-2.27.so
7f246f59c000-7f246f5a6000 r-xp 00000000 08:02 526093                     /usr/lib/jvm/java-8-oracle/jre/lib/amd64/libinstrument.so
7f246f5a6000-7f246f7a5000 ---p 0000a000 08:02 526093                     /usr/lib/jvm/java-8-oracle/jre/lib/amd64/libinstrument.so
7f246f7a5000-7f246f7a6000 r--p 00009000 08:02 526093                     /usr/lib/jvm/java-8-oracle/jre/lib/amd64/libinstrument.so
7f246f7a6000-7f246f7a7000 rw-p 0000a000 08:02 526093                     /usr/lib/jvm/java-8-oracle/jre/lib/amd64/libinstrument.so
7f246f7a7000-7f246f7d3000 r-xp 00000000 08:02 525923                     /usr/lib/jvm/java-8-oracle/jre/lib/amd64/libjava.so
7f246f7d3000-7f246f9d3000 ---p 0002c000 08:02 525923                     /usr/lib/jvm/java-8-oracle/jre/lib/amd64/libjava.so
7f246f9d3000-7f246f9d4000 r--p 0002c000 08:02 525923                     /usr/lib/jvm/java-8-oracle/jre/lib/amd64/libjava.so
7f246f9d4000-7f246f9d6000 rw-p 0002d000 08:02 525923                     /usr/lib/jvm/java-8-oracle/jre/lib/amd64/libjava.so
7f246f9d6000-7f246f9e3000 r-xp 00000000 08:02 525928                     /usr/lib/jvm/java-8-oracle/jre/lib/amd64/libverify.so
7f246f9e3000-7f246fbe2000 ---p 0000d000 08:02 525928                     /usr/lib/jvm/java-8-oracle/jre/lib/amd64/libverify.so
7f246fbe2000-7f246fbe4000 r--p 0000c000 08:02 525928                     /usr/lib/jvm/java-8-oracle/jre/lib/amd64/libverify.so
7f246fbe4000-7f246fbe5000 rw-p 0000e000 08:02 525928                     /usr/lib/jvm/java-8-oracle/jre/lib/amd64/libverify.so
7f246fbe5000-7f246fbec000 r-xp 00000000 08:02 4985691                    /lib/x86_64-linux-gnu/librt-2.27.so
7f246fbec000-7f246fdeb000 ---p 00007000 08:02 4985691                    /lib/x86_64-linux-gnu/librt-2.27.so
7f246fdeb000-7f246fdec000 r--p 00006000 08:02 4985691                    /lib/x86_64-linux-gnu/librt-2.27.so
7f246fdec000-7f246fded000 rw-p 00007000 08:02 4985691                    /lib/x86_64-linux-gnu/librt-2.27.so
7f246fded000-7f246ff8a000 r-xp 00000000 08:02 4985613                    /lib/x86_64-linux-gnu/libm-2.27.so
7f246ff8a000-7f2470189000 ---p 0019d000 08:02 4985613                    /lib/x86_64-linux-gnu/libm-2.27.so
7f2470189000-7f247018a000 r--p 0019c000 08:02 4985613                    /lib/x86_64-linux-gnu/libm-2.27.so
7f247018a000-7f247018b000 rw-p 0019d000 08:02 4985613                    /lib/x86_64-linux-gnu/libm-2.27.so
7f247018b000-7f2470e73000 r-xp 00000000 08:02 525905                     /usr/lib/jvm/java-8-oracle/jre/lib/amd64/server/libjvm.so
7f2470e73000-7f2471072000 ---p 00ce8000 08:02 525905                     /usr/lib/jvm/java-8-oracle/jre/lib/amd64/server/libjvm.so
7f2471072000-7f2471108000 r--p 00ce7000 08:02 525905                     /usr/lib/jvm/java-8-oracle/jre/lib/amd64/server/libjvm.so
7f2471108000-7f2471139000 rw-p 00d7d000 08:02 525905                     /usr/lib/jvm/java-8-oracle/jre/lib/amd64/server/libjvm.so
7f2471139000-7f2471174000 rw-p 00000000 00:00 0 
7f2471174000-7f247135b000 r-xp 00000000 08:02 4985550                    /lib/x86_64-linux-gnu/libc-2.27.so
7f247135b000-7f247155b000 ---p 001e7000 08:02 4985550                    /lib/x86_64-linux-gnu/libc-2.27.so
7f247155b000-7f247155f000 r--p 001e7000 08:02 4985550                    /lib/x86_64-linux-gnu/libc-2.27.so
7f247155f000-7f2471561000 rw-p 001eb000 08:02 4985550                    /lib/x86_64-linux-gnu/libc-2.27.so
7f2471561000-7f2471565000 rw-p 00000000 00:00 0 
7f2471565000-7f2471568000 r-xp 00000000 08:02 4985573                    /lib/x86_64-linux-gnu/libdl-2.27.so
7f2471568000-7f2471767000 ---p 00003000 08:02 4985573                    /lib/x86_64-linux-gnu/libdl-2.27.so
7f2471767000-7f2471768000 r--p 00002000 08:02 4985573                    /lib/x86_64-linux-gnu/libdl-2.27.so
7f2471768000-7f2471769000 rw-p 00003000 08:02 4985573                    /lib/x86_64-linux-gnu/libdl-2.27.so
7f2471769000-7f2471780000 r-xp 00000000 08:02 393646                     /usr/lib/jvm/java-8-oracle/lib/amd64/jli/libjli.so
7f2471780000-7f247197f000 ---p 00017000 08:02 393646                     /usr/lib/jvm/java-8-oracle/lib/amd64/jli/libjli.so
7f247197f000-7f2471980000 r--p 00016000 08:02 393646                     /usr/lib/jvm/java-8-oracle/lib/amd64/jli/libjli.so
7f2471980000-7f2471981000 rw-p 00017000 08:02 393646                     /usr/lib/jvm/java-8-oracle/lib/amd64/jli/libjli.so
7f2471981000-7f247199b000 r-xp 00000000 08:02 4985683                    /lib/x86_64-linux-gnu/libpthread-2.27.so
7f247199b000-7f2471b9a000 ---p 0001a000 08:02 4985683                    /lib/x86_64-linux-gnu/libpthread-2.27.so
7f2471b9a000-7f2471b9b000 r--p 00019000 08:02 4985683                    /lib/x86_64-linux-gnu/libpthread-2.27.so
7f2471b9b000-7f2471b9c000 rw-p 0001a000 08:02 4985683                    /lib/x86_64-linux-gnu/libpthread-2.27.so
7f2471b9c000-7f2471ba0000 rw-p 00000000 00:00 0 
7f2471ba0000-7f2471bc7000 r-xp 00000000 08:02 4985522                    /lib/x86_64-linux-gnu/ld-2.27.so
7f2471bc7000-7f2471bc9000 r--s 00005000 08:02 6160854                    /home/rafal/.m2/repository/jakarta/annotation/jakarta.annotation-api/1.3.5/jakarta.annotation-api-1.3.5.jar
7f2471bc9000-7f2471bcb000 r--s 00000000 08:02 6818513                    /home/rafal/.m2/repository/org/slf4j/jul-to-slf4j/1.7.30/jul-to-slf4j-1.7.30.jar
7f2471bcb000-7f2471bcd000 r--s 00003000 08:02 6034392                    /home/rafal/.m2/repository/org/apache/logging/log4j/log4j-to-slf4j/2.12.1/log4j-to-slf4j-2.12.1.jar
7f2471bcd000-7f2471bd3000 r--s 00041000 08:02 8783828                    /home/rafal/.m2/repository/ch/qos/logback/logback-classic/1.2.3/logback-classic-1.2.3.jar
7f2471bd3000-7f2471bd4000 r--s 00000000 08:02 6558930                    /home/rafal/.m2/repository/org/springframework/boot/spring-boot-starter-logging/2.2.3.RELEASE/spring-boot-starter-logging-2.2.3.RELEASE.jar
7f2471bd4000-7f2471bd5000 r--s 00000000 08:02 6818525                    /home/rafal/.m2/repository/org/springframework/boot/spring-boot-starter/2.2.3.RELEASE/spring-boot-starter-2.2.3.RELEASE.jar
7f2471bd5000-7f2471bd9000 r--s 000a1000 08:02 398679                     /usr/lib/jvm/java-8-oracle/jre/lib/jsse.jar
7f2471bd9000-7f2471bf4000 r--s 0020c000 08:02 397131                     /usr/lib/jvm/java-8-oracle/jre/lib/deploy.jar
7f2471bf4000-7f2471c9d000 rw-p 00000000 00:00 0 
7f2471c9d000-7f2471c9e000 ---p 00000000 00:00 0 
7f2471c9e000-7f2471ca1000 ---p 00000000 00:00 0 
7f2471ca1000-7f2471da2000 rw-p 00000000 00:00 0 
7f2471da2000-7f2471da3000 r--s 00000000 08:02 6818497                    /home/rafal/.m2/repository/org/springframework/boot/spring-boot-starter-thymeleaf/2.2.3.RELEASE/spring-boot-starter-thymeleaf-2.2.3.RELEASE.jar
7f2471da3000-7f2471da4000 r--s 00000000 08:02 397140                     /usr/lib/jvm/java-8-oracle/jre/lib/management-agent.jar
7f2471da4000-7f2471da6000 r--s 00007000 08:02 398699                     /usr/lib/jvm/java-8-oracle/jre/lib/jfxswt.jar
7f2471da6000-7f2471dab000 r--s 00084000 08:02 397130                     /usr/lib/jvm/java-8-oracle/jre/lib/jfr.jar
7f2471dab000-7f2471dae000 r--s 0001a000 08:02 398697                     /usr/lib/jvm/java-8-oracle/jre/lib/jce.jar
7f2471dae000-7f2471db8000 r--s 0006e000 08:02 397240                     /usr/lib/jvm/java-8-oracle/jre/lib/javaws.jar
7f2471db8000-7f2471dbd000 r--s 002f9000 08:02 398620                     /usr/lib/jvm/java-8-oracle/jre/lib/charsets.jar
7f2471dbd000-7f2471dc5000 rw-s 00000000 08:02 2229192                    /tmp/hsperfdata_rafal/25445
7f2471dc5000-7f2471dc6000 rw-p 00000000 00:00 0 
7f2471dc6000-7f2471dc7000 ---p 00000000 00:00 0 
7f2471dc7000-7f2471dc8000 r--p 00027000 08:02 4985522                    /lib/x86_64-linux-gnu/ld-2.27.so
7f2471dc8000-7f2471dc9000 rw-p 00028000 08:02 4985522                    /lib/x86_64-linux-gnu/ld-2.27.so
7f2471dc9000-7f2471dca000 rw-p 00000000 00:00 0 
7ffe6b378000-7ffe6b39b000 rw-p 00000000 00:00 0                          [stack]
7ffe6b3db000-7ffe6b3de000 r--p 00000000 00:00 0                          [vvar]
7ffe6b3de000-7ffe6b3df000 r-xp 00000000 00:00 0                          [vdso]
ffffffffff600000-ffffffffff601000 --xp 00000000 00:00 0                  [vsyscall]

VM Arguments:
jvm_args: -XX:TieredStopAtLevel=1 -Xverify:none -Dspring.output.ansi.enabled=always -Dcom.sun.management.jmxremote -Dspring.jmx.enabled=true -Dspring.liveBeansView.mbeanDomain -Dspring.application.admin.enabled=true -javaagent:/snap/intellij-idea-ultimate/228/lib/idea_rt.jar=42393:/snap/intellij-idea-ultimate/228/bin -Dfile.encoding=UTF-8 
java_command: com.shop.demo.DemoApplication
java_class_path (initial): /usr/lib/jvm/java-8-oracle/jre/lib/charsets.jar:/usr/lib/jvm/java-8-oracle/jre/lib/deploy.jar:/usr/lib/jvm/java-8-oracle/jre/lib/ext/cldrdata.jar:/usr/lib/jvm/java-8-oracle/jre/lib/ext/dnsns.jar:/usr/lib/jvm/java-8-oracle/jre/lib/ext/jaccess.jar:/usr/lib/jvm/java-8-oracle/jre/lib/ext/jfxrt.jar:/usr/lib/jvm/java-8-oracle/jre/lib/ext/localedata.jar:/usr/lib/jvm/java-8-oracle/jre/lib/ext/nashorn.jar:/usr/lib/jvm/java-8-oracle/jre/lib/ext/sunec.jar:/usr/lib/jvm/java-8-oracle/jre/lib/ext/sunjce_provider.jar:/usr/lib/jvm/java-8-oracle/jre/lib/ext/sunpkcs11.jar:/usr/lib/jvm/java-8-oracle/jre/lib/ext/zipfs.jar:/usr/lib/jvm/java-8-oracle/jre/lib/javaws.jar:/usr/lib/jvm/java-8-oracle/jre/lib/jce.jar:/usr/lib/jvm/java-8-oracle/jre/lib/jfr.jar:/usr/lib/jvm/java-8-oracle/jre/lib/jfxswt.jar:/usr/lib/jvm/java-8-oracle/jre/lib/jsse.jar:/usr/lib/jvm/java-8-oracle/jre/lib/management-agent.jar:/usr/lib/jvm/java-8-oracle/jre/lib/plugin.jar:/usr/lib/jvm/java-8-oracle/jre/lib/resources.jar:/usr/lib/jvm/java-8-oracle/jre/lib/rt.jar:/home/rafal/Dokumenty/PROJEKTY JAVA/thymeleaf/demo/target/classes:/home/rafal/.m2/repository/org/springframework/boot/spring-boot-starter-thymeleaf/2.2.3.RELEASE/spring-boot-starter-thymeleaf-2.2.3.RELEASE.jar:/home/rafal/.m2/repository/org/springframework/boot/spring-boot-starter/2.2.3.RELEASE/spring-boot-starter-2.2.3.RELEASE.jar:/home/rafal/.m2/repository/org/springframework/boot/spring-boot/2.2.3.RELEASE/spring-boot-2.2.3.RELEASE.jar:/home/rafal/.m2/repository/org/springframework/boot/spring-boot-autoconfigure/2.2.3.RELEASE/spring-boot-autoconfigure-2.2.3.RELEASE.jar:/home/rafal/.m2/repository/org/springframework/boot/spring-boot-starter-logging/2.2.3.RELEASE/spring-boot-starter-logging-2.2.3.RELEASE.jar:/home/rafal/.m2/repository/ch/qos/logback/logback-classic/1.2.3/logback-classic-1.2.3.jar:/home/rafal/.m2/repository/ch/qos/logback/logback-core/1.2.3/logback-core-1.2.3.jar:/home/rafal/.m2/repository/org/apache/logging/log4j/lo
Launcher Type: SUN_STANDARD

Environment Variables:
JAVA_HOME=/usr/lib/jvm/java-8-oracle
PATH=/home/rafal/.local/bin:/usr/local/sbin:/usr/local/bin:/usr/sbin:/usr/bin:/sbin:/bin:/usr/games:/usr/local/games:/snap/bin:/usr/lib/jvm/java-8-oracle/bin:/usr/lib/jvm/java-8-oracle/db/bin:/usr/lib/jvm/java-8-oracle/jre/bin
USERNAME=rafal
SHELL=/bin/bash
DISPLAY=:0

Signal Handlers:
SIGSEGV: [libjvm.so+0xad3e60], sa_mask[0]=11111111011111111101111111111110, sa_flags=SA_RESTART|SA_SIGINFO
SIGBUS: [libjvm.so+0xad3e60], sa_mask[0]=11111111011111111101111111111110, sa_flags=SA_RESTART|SA_SIGINFO
SIGFPE: [libjvm.so+0x90b880], sa_mask[0]=11111111011111111101111111111110, sa_flags=SA_RESTART|SA_SIGINFO
SIGPIPE: [libjvm.so+0x90b880], sa_mask[0]=11111111011111111101111111111110, sa_flags=SA_RESTART|SA_SIGINFO
SIGXFSZ: [libjvm.so+0x90b880], sa_mask[0]=11111111011111111101111111111110, sa_flags=SA_RESTART|SA_SIGINFO
SIGILL: [libjvm.so+0x90b880], sa_mask[0]=11111111011111111101111111111110, sa_flags=SA_RESTART|SA_SIGINFO
SIGUSR1: SIG_DFL, sa_mask[0]=00000000000000000000000000000000, sa_flags=none
SIGUSR2: [libjvm.so+0x90b750], sa_mask[0]=00100000000000000000000000000000, sa_flags=SA_RESTART|SA_SIGINFO
SIGHUP: SIG_IGN, sa_mask[0]=00000000000000000000000000000000, sa_flags=none
SIGINT: [libjvm.so+0x90bd70], sa_mask[0]=11111111011111111101111111111110, sa_flags=SA_RESTART|SA_SIGINFO
SIGTERM: [libjvm.so+0x90bd70], sa_mask[0]=11111111011111111101111111111110, sa_flags=SA_RESTART|SA_SIGINFO
SIGQUIT: [libjvm.so+0x90bd70], sa_mask[0]=11111111011111111101111111111110, sa_flags=SA_RESTART|SA_SIGINFO


---------------  S Y S T E M  ---------------

OS:DISTRIB_ID=Ubuntu
DISTRIB_RELEASE=18.04
DISTRIB_CODENAME=bionic
DISTRIB_DESCRIPTION="Ubuntu 18.04.4 LTS"

uname:Linux 5.3.0-61-generic #55~18.04.1-Ubuntu SMP Mon Jun 22 16:40:20 UTC 2020 x86_64
libc:glibc 2.27 NPTL 2.27 
rlimit: STACK 8192k, CORE 0k, NPROC 63030, NOFILE 1048576, AS infinity
load average:4,42 4,48 3,72

/proc/meminfo:
MemTotal:       16184676 kB
MemFree:          720816 kB
MemAvailable:    5375712 kB
Buffers:         1760292 kB
Cached:          4357136 kB
SwapCached:       275696 kB
Active:         11756868 kB
Inactive:        2628820 kB
Active(anon):    8374972 kB
Inactive(anon):  1389696 kB
Active(file):    3381896 kB
Inactive(file):  1239124 kB
Unevictable:      249808 kB
Mlocked:              48 kB
SwapTotal:       2097148 kB
SwapFree:        1817852 kB
Dirty:             14984 kB
Writeback:             0 kB
AnonPages:       8242252 kB
Mapped:          1380896 kB
Shmem:           1496408 kB
KReclaimable:     375300 kB
Slab:             524020 kB
SReclaimable:     375300 kB
SUnreclaim:       148720 kB
KernelStack:       33792 kB
PageTables:       152604 kB
NFS_Unstable:          0 kB
Bounce:                0 kB
WritebackTmp:          0 kB
CommitLimit:    10189484 kB
Committed_AS:   30787132 kB
VmallocTotal:   34359738367 kB
VmallocUsed:       56136 kB
VmallocChunk:          0 kB
Percpu:             3456 kB
HardwareCorrupted:     0 kB
AnonHugePages:      2048 kB
ShmemHugePages:        0 kB
ShmemPmdMapped:        0 kB
CmaTotal:              0 kB
CmaFree:               0 kB
HugePages_Total:       0
HugePages_Free:        0
HugePages_Rsvd:        0
HugePages_Surp:        0
Hugepagesize:       2048 kB
Hugetlb:               0 kB
DirectMap4k:      635508 kB
DirectMap2M:    15927296 kB
DirectMap1G:           0 kB

container (cgroup) information:
container_type: cgroupv1
cpu_cpuset_cpus: 0-7
cpu_memory_nodes: 0
active_processor_count: 8
cpu_quota: -1
cpu_period: 100000
cpu_shares: -1
memory_limit_in_bytes: -1
memory_and_swap_limit_in_bytes: -2
memory_soft_limit_in_bytes: -1
memory_usage_in_bytes: 14987776000
memory_max_usage_in_bytes: 66277376


CPU:total 8 (initial active 8) (4 cores per cpu, 2 threads per core) family 6 model 142 stepping 10, cmov, cx8, fxsr, mmx, sse, sse2, sse3, ssse3, sse4.1, sse4.2, popcnt, avx, avx2, aes, clmul, erms, 3dnowpref, lzcnt, ht, tsc, tscinvbit, bmi1, bmi2, adx

/proc/cpuinfo:
processor	: 0
vendor_id	: GenuineIntel
cpu family	: 6
model		: 142
model name	: Intel(R) Core(TM) i5-8250U CPU @ 1.60GHz
stepping	: 10
microcode	: 0xd6
cpu MHz		: 2417.177
cache size	: 6144 KB
physical id	: 0
siblings	: 8
core id		: 0
cpu cores	: 4
apicid		: 0
initial apicid	: 0
fpu		: yes
fpu_exception	: yes
cpuid level	: 22
wp		: yes
flags		: fpu vme de pse tsc msr pae mce cx8 apic sep mtrr pge mca cmov pat pse36 clflush dts acpi mmx fxsr sse sse2 ss ht tm pbe syscall nx pdpe1gb rdtscp lm constant_tsc art arch_perfmon pebs bts rep_good nopl xtopology nonstop_tsc cpuid aperfmperf pni pclmulqdq dtes64 monitor ds_cpl vmx est tm2 ssse3 sdbg fma cx16 xtpr pdcm pcid sse4_1 sse4_2 x2apic movbe popcnt tsc_deadline_timer aes xsave avx f16c rdrand lahf_lm abm 3dnowprefetch cpuid_fault epb invpcid_single pti ssbd ibrs ibpb stibp tpr_shadow vnmi flexpriority ept vpid ept_ad fsgsbase tsc_adjust bmi1 avx2 smep bmi2 erms invpcid mpx rdseed adx smap clflushopt intel_pt xsaveopt xsavec xgetbv1 xsaves dtherm ida arat pln pts hwp hwp_notify hwp_act_window hwp_epp md_clear flush_l1d
bugs		: cpu_meltdown spectre_v1 spectre_v2 spec_store_bypass l1tf mds swapgs itlb_multihit srbds
bogomips	: 3600.00
clflush size	: 64
cache_alignment	: 64
address sizes	: 39 bits physical, 48 bits virtual
power management:

processor	: 1
vendor_id	: GenuineIntel
cpu family	: 6
model		: 142
model name	: Intel(R) Core(TM) i5-8250U CPU @ 1.60GHz
stepping	: 10
microcode	: 0xd6
cpu MHz		: 2422.258
cache size	: 6144 KB
physical id	: 0
siblings	: 8
core id		: 1
cpu cores	: 4
apicid		: 2
initial apicid	: 2
fpu		: yes
fpu_exception	: yes
cpuid level	: 22
wp		: yes
flags		: fpu vme de pse tsc msr pae mce cx8 apic sep mtrr pge mca cmov pat pse36 clflush dts acpi mmx fxsr sse sse2 ss ht tm pbe syscall nx pdpe1gb rdtscp lm constant_tsc art arch_perfmon pebs bts rep_good nopl xtopology nonstop_tsc cpuid aperfmperf pni pclmulqdq dtes64 monitor ds_cpl vmx est tm2 ssse3 sdbg fma cx16 xtpr pdcm pcid sse4_1 sse4_2 x2apic movbe popcnt tsc_deadline_timer aes xsave avx f16c rdrand lahf_lm abm 3dnowprefetch cpuid_fault epb invpcid_single pti ssbd ibrs ibpb stibp tpr_shadow vnmi flexpriority ept vpid ept_ad fsgsbase tsc_adjust bmi1 avx2 smep bmi2 erms invpcid mpx rdseed adx smap clflushopt intel_pt xsaveopt xsavec xgetbv1 xsaves dtherm ida arat pln pts hwp hwp_notify hwp_act_window hwp_epp md_clear flush_l1d
bugs		: cpu_meltdown spectre_v1 spectre_v2 spec_store_bypass l1tf mds swapgs itlb_multihit srbds
bogomips	: 3600.00
clflush size	: 64
cache_alignment	: 64
address sizes	: 39 bits physical, 48 bits virtual
power management:

processor	: 2
vendor_id	: GenuineIntel
cpu family	: 6
model		: 142
model name	: Intel(R) Core(TM) i5-8250U CPU @ 1.60GHz
stepping	: 10
microcode	: 0xd6
cpu MHz		: 2427.166
cache size	: 6144 KB
physical id	: 0
siblings	: 8
core id		: 2
cpu cores	: 4
apicid		: 4
initial apicid	: 4
fpu		: yes
fpu_exception	: yes
cpuid level	: 22
wp		: yes
flags		: fpu vme de pse tsc msr pae mce cx8 apic sep mtrr pge mca cmov pat pse36 clflush dts acpi mmx fxsr sse sse2 ss ht tm pbe syscall nx pdpe1gb rdtscp lm constant_tsc art arch_perfmon pebs bts rep_good nopl xtopology nonstop_tsc cpuid aperfmperf pni pclmulqdq dtes64 monitor ds_cpl vmx est tm2 ssse3 sdbg fma cx16 xtpr pdcm pcid sse4_1 sse4_2 x2apic movbe popcnt tsc_deadline_timer aes xsave avx f16c rdrand lahf_lm abm 3dnowprefetch cpuid_fault epb invpcid_single pti ssbd ibrs ibpb stibp tpr_shadow vnmi flexpriority ept vpid ept_ad fsgsbase tsc_adjust bmi1 avx2 smep bmi2 erms invpcid mpx rdseed adx smap clflushopt intel_pt xsaveopt xsavec xgetbv1 xsaves dtherm ida arat pln pts hwp hwp_notify hwp_act_window hwp_epp md_clear flush_l1d
bugs		: cpu_meltdown spectre_v1 spectre_v2 spec_store_bypass l1tf mds swapgs itlb_multihit srbds
bogomips	: 3600.00
clflush size	: 64
cache_alignment	: 64
address sizes	: 39 bits physical, 48 bits virtual
power management:

processor	: 3
vendor_id	: GenuineIntel
cpu family	: 6
model		: 142
model name	: Intel(R) Core(TM) i5-8250U CPU @ 1.60GHz
stepping	: 10
microcode	: 0xd6
cpu MHz		: 2431.784
cache size	: 6144 KB
physical id	: 0
siblings	: 8
core id		: 3
cpu cores	: 4
apicid		: 6
initial apicid	: 6
fpu		: yes
fpu_exception	: yes
cpuid level	: 22
wp		: yes
flags		: fpu vme de pse tsc msr pae mce cx8 apic sep mtrr pge mca cmov pat pse36 clflush dts acpi mmx fxsr sse sse2 ss ht tm pbe syscall nx pdpe1gb rdtscp lm constant_tsc art arch_perfmon pebs bts rep_good nopl xtopology nonstop_tsc cpuid aperfmperf pni pclmulqdq dtes64 monitor ds_cpl vmx est tm2 ssse3 sdbg fma cx16 xtpr pdcm pcid sse4_1 sse4_2 x2apic movbe popcnt tsc_deadline_timer aes xsave avx f16c rdrand lahf_lm abm 3dnowprefetch cpuid_fault epb invpcid_single pti ssbd ibrs ibpb stibp tpr_shadow vnmi flexpriority ept vpid ept_ad fsgsbase tsc_adjust bmi1 avx2 smep bmi2 erms invpcid mpx rdseed adx smap clflushopt intel_pt xsaveopt xsavec xgetbv1 xsaves dtherm ida arat pln pts hwp hwp_notify hwp_act_window hwp_epp md_clear flush_l1d
bugs		: cpu_meltdown spectre_v1 spectre_v2 spec_store_bypass l1tf mds swapgs itlb_multihit srbds
bogomips	: 3600.00
clflush size	: 64
cache_alignment	: 64
address sizes	: 39 bits physical, 48 bits virtual
power management:

processor	: 4
vendor_id	: GenuineIntel
cpu family	: 6
model		: 142
model name	: Intel(R) Core(TM) i5-8250U CPU @ 1.60GHz
stepping	: 10
microcode	: 0xd6
cpu MHz		: 2177.351
cache size	: 6144 KB
physical id	: 0
siblings	: 8
core id		: 0
cpu cores	: 4
apicid		: 1
initial apicid	: 1
fpu		: yes
fpu_exception	: yes
cpuid level	: 22
wp		: yes
flags		: fpu vme de pse tsc msr pae mce cx8 apic sep mtrr pge mca cmov pat pse36 clflush dts acpi mmx fxsr sse sse2 ss ht tm pbe syscall nx pdpe1gb rdtscp lm constant_tsc art arch_perfmon pebs bts rep_good nopl xtopology nonstop_tsc cpuid aperfmperf pni pclmulqdq dtes64 monitor ds_cpl vmx est tm2 ssse3 sdbg fma cx16 xtpr pdcm pcid sse4_1 sse4_2 x2apic movbe popcnt tsc_deadline_timer aes xsave avx f16c rdrand lahf_lm abm 3dnowprefetch cpuid_fault epb invpcid_single pti ssbd ibrs ibpb stibp tpr_shadow vnmi flexpriority ept vpid ept_ad fsgsbase tsc_adjust bmi1 avx2 smep bmi2 erms invpcid mpx rdseed adx smap clflushopt intel_pt xsaveopt xsavec xgetbv1 xsaves dtherm ida arat pln pts hwp hwp_notify hwp_act_window hwp_epp md_clear flush_l1d
bugs		: cpu_meltdown spectre_v1 spectre_v2 spec_store_bypass l1tf mds swapgs itlb_multihit srbds
bogomips	: 3600.00
clflush size	: 64
cache_alignment	: 64
address sizes	: 39 bits physical, 48 bits virtual
power management:

processor	: 5
vendor_id	: GenuineIntel
cpu family	: 6
model		: 142
model name	: Intel(R) Core(TM) i5-8250U CPU @ 1.60GHz
stepping	: 10
microcode	: 0xd6
cpu MHz		: 2440.882
cache size	: 6144 KB
physical id	: 0
siblings	: 8
core id		: 1
cpu cores	: 4
apicid		: 3
initial apicid	: 3
fpu		: yes
fpu_exception	: yes
cpuid level	: 22
wp		: yes
flags		: fpu vme de pse tsc msr pae mce cx8 apic sep mtrr pge mca cmov pat pse36 clflush dts acpi mmx fxsr sse sse2 ss ht tm pbe syscall nx pdpe1gb rdtscp lm constant_tsc art arch_perfmon pebs bts rep_good nopl xtopology nonstop_tsc cpuid aperfmperf pni pclmulqdq dtes64 monitor ds_cpl vmx est tm2 ssse3 sdbg fma cx16 xtpr pdcm pcid sse4_1 sse4_2 x2apic movbe popcnt tsc_deadline_timer aes xsave avx f16c rdrand lahf_lm abm 3dnowprefetch cpuid_fault epb invpcid_single pti ssbd ibrs ibpb stibp tpr_shadow vnmi flexpriority ept vpid ept_ad fsgsbase tsc_adjust bmi1 avx2 smep bmi2 erms invpcid mpx rdseed adx smap clflushopt intel_pt xsaveopt xsavec xgetbv1 xsaves dtherm ida arat pln pts hwp hwp_notify hwp_act_window hwp_epp md_clear flush_l1d
bugs		: cpu_meltdown spectre_v1 spectre_v2 spec_store_bypass l1tf mds swapgs itlb_multihit srbds
bogomips	: 3600.00
clflush size	: 64
cache_alignment	: 64
address sizes	: 39 bits physical, 48 bits virtual
power management:

processor	: 6
vendor_id	: GenuineIntel
cpu family	: 6
model		: 142
model name	: Intel(R) Core(TM) i5-8250U CPU @ 1.60GHz
stepping	: 10
microcode	: 0xd6
cpu MHz		: 2445.162
cache size	: 6144 KB
physical id	: 0
siblings	: 8
core id		: 2
cpu cores	: 4
apicid		: 5
initial apicid	: 5
fpu		: yes
fpu_exception	: yes
cpuid level	: 22
wp		: yes
flags		: fpu vme de pse tsc msr pae mce cx8 apic sep mtrr pge mca cmov pat pse36 clflush dts acpi mmx fxsr sse sse2 ss ht tm pbe syscall nx pdpe1gb rdtscp lm constant_tsc art arch_perfmon pebs bts rep_good nopl xtopology nonstop_tsc cpuid aperfmperf pni pclmulqdq dtes64 monitor ds_cpl vmx est tm2 ssse3 sdbg fma cx16 xtpr pdcm pcid sse4_1 sse4_2 x2apic movbe popcnt tsc_deadline_timer aes xsave avx f16c rdrand lahf_lm abm 3dnowprefetch cpuid_fault epb invpcid_single pti ssbd ibrs ibpb stibp tpr_shadow vnmi flexpriority ept vpid ept_ad fsgsbase tsc_adjust bmi1 avx2 smep bmi2 erms invpcid mpx rdseed adx smap clflushopt intel_pt xsaveopt xsavec xgetbv1 xsaves dtherm ida arat pln pts hwp hwp_notify hwp_act_window hwp_epp md_clear flush_l1d
bugs		: cpu_meltdown spectre_v1 spectre_v2 spec_store_bypass l1tf mds swapgs itlb_multihit srbds
bogomips	: 3600.00
clflush size	: 64
cache_alignment	: 64
address sizes	: 39 bits physical, 48 bits virtual
power management:

processor	: 7
vendor_id	: GenuineIntel
cpu family	: 6
model		: 142
model name	: Intel(R) Core(TM) i5-8250U CPU @ 1.60GHz
stepping	: 10
microcode	: 0xd6
cpu MHz		: 2449.412
cache size	: 6144 KB
physical id	: 0
siblings	: 8
core id		: 3
cpu cores	: 4
apicid		: 7
initial apicid	: 7
fpu		: yes
fpu_exception	: yes
cpuid level	: 22
wp		: yes
flags		: fpu vme de pse tsc msr pae mce cx8 apic sep mtrr pge mca cmov pat pse36 clflush dts acpi mmx fxsr sse sse2 ss ht tm pbe syscall nx pdpe1gb rdtscp lm constant_tsc art arch_perfmon pebs bts rep_good nopl xtopology nonstop_tsc cpuid aperfmperf pni pclmulqdq dtes64 monitor ds_cpl vmx est tm2 ssse3 sdbg fma cx16 xtpr pdcm pcid sse4_1 sse4_2 x2apic movbe popcnt tsc_deadline_timer aes xsave avx f16c rdrand lahf_lm abm 3dnowprefetch cpuid_fault epb invpcid_single pti ssbd ibrs ibpb stibp tpr_shadow vnmi flexpriority ept vpid ept_ad fsgsbase tsc_adjust bmi1 avx2 smep bmi2 erms invpcid mpx rdseed adx smap clflushopt intel_pt xsaveopt xsavec xgetbv1 xsaves dtherm ida arat pln pts hwp hwp_notify hwp_act_window hwp_epp md_clear flush_l1d
bugs		: cpu_meltdown spectre_v1 spectre_v2 spec_store_bypass l1tf mds swapgs itlb_multihit srbds
bogomips	: 3600.00
clflush size	: 64
cache_alignment	: 64
address sizes	: 39 bits physical, 48 bits virtual
power management:



Memory: 4k page, physical 16184676k(720816k free), swap 2097148k(1817852k free)

vm_info: Java HotSpot(TM) 64-Bit Server VM (25.201-b09) for linux-amd64 JRE (1.8.0_201-b09), built on Dec 15 2018 11:35:59 by "java_re" with gcc 7.3.0

time: Mon Jun 29 15:00:13 2020
timezone: CEST
elapsed time: 4 seconds (0d 0h 0m 4s)

